[0.007s] Invoking command in '/home/anand289/ros2_ws/build/my_robot_bringup': CMAKE_PREFIX_PATH=${CMAKE_PREFIX_PATH}:/home/anand289/ros2_ws/install/my_py_pkg:/opt/ros/jazzy DEBUGINFOD_URLS=https://debuginfod.ubuntu.com /usr/bin/cmake /home/anand289/ros2_ws/src/my_robot_bringup -DAMENT_CMAKE_SYMLINK_INSTALL=1 -DCMAKE_INSTALL_PREFIX=/home/anand289/ros2_ws/install/my_robot_bringup
[0.097s] -- The C compiler identification is GNU 13.3.0
[0.185s] -- The CXX compiler identification is GNU 13.3.0
[0.195s] -- Detecting C compiler ABI info
[0.243s] -- Detecting C compiler ABI info - done
[0.248s] -- Check for working C compiler: /usr/bin/cc - skipped
[0.248s] -- Detecting C compile features
[0.249s] -- Detecting C compile features - done
[0.253s] -- Detecting CXX compiler ABI info
[0.296s] -- Detecting CXX compiler ABI info - done
[0.302s] -- Check for working CXX compiler: /usr/bin/c++ - skipped
[0.302s] -- Detecting CXX compile features
[0.302s] -- Detecting CXX compile features - done
[0.308s] -- Found ament_cmake: 2.5.3 (/opt/ros/jazzy/share/ament_cmake/cmake)
[0.378s] -- Found Python3: /usr/bin/python3 (found version "3.12.3") found components: Interpreter 
[0.420s] -- Override CMake install command with custom implementation using symlinks instead of copying resources
[0.486s] -- Configuring done (0.5s)
[0.489s] -- Generating done (0.0s)
[0.491s] -- Build files have been written to: /home/anand289/ros2_ws/build/my_robot_bringup
[0.494s] Invoked command in '/home/anand289/ros2_ws/build/my_robot_bringup' returned '0': CMAKE_PREFIX_PATH=${CMAKE_PREFIX_PATH}:/home/anand289/ros2_ws/install/my_py_pkg:/opt/ros/jazzy DEBUGINFOD_URLS=https://debuginfod.ubuntu.com /usr/bin/cmake /home/anand289/ros2_ws/src/my_robot_bringup -DAMENT_CMAKE_SYMLINK_INSTALL=1 -DCMAKE_INSTALL_PREFIX=/home/anand289/ros2_ws/install/my_robot_bringup
[0.494s] Invoking command in '/home/anand289/ros2_ws/build/my_robot_bringup': CMAKE_PREFIX_PATH=${CMAKE_PREFIX_PATH}:/home/anand289/ros2_ws/install/my_py_pkg:/opt/ros/jazzy DEBUGINFOD_URLS=https://debuginfod.ubuntu.com /usr/bin/cmake --build /home/anand289/ros2_ws/build/my_robot_bringup -- -j2 -l2
[0.512s] Invoked command in '/home/anand289/ros2_ws/build/my_robot_bringup' returned '0': CMAKE_PREFIX_PATH=${CMAKE_PREFIX_PATH}:/home/anand289/ros2_ws/install/my_py_pkg:/opt/ros/jazzy DEBUGINFOD_URLS=https://debuginfod.ubuntu.com /usr/bin/cmake --build /home/anand289/ros2_ws/build/my_robot_bringup -- -j2 -l2
[0.515s] Invoking command in '/home/anand289/ros2_ws/build/my_robot_bringup': CMAKE_PREFIX_PATH=${CMAKE_PREFIX_PATH}:/home/anand289/ros2_ws/install/my_py_pkg:/opt/ros/jazzy DEBUGINFOD_URLS=https://debuginfod.ubuntu.com /usr/bin/cmake --install /home/anand289/ros2_ws/build/my_robot_bringup
[0.518s] -- Install configuration: ""
[0.519s] -- Execute custom install script
[0.519s] -- Symlinking: /home/anand289/ros2_ws/install/my_robot_bringup/share/my_robot_bringup/launch/number_app.launch.py
[0.523s] -- Symlinking: /home/anand289/ros2_ws/install/my_robot_bringup/share/ament_index/resource_index/package_run_dependencies/my_robot_bringup
[0.526s] -- Symlinking: /home/anand289/ros2_ws/install/my_robot_bringup/share/ament_index/resource_index/parent_prefix_path/my_robot_bringup
[0.529s] -- Symlinking: /home/anand289/ros2_ws/install/my_robot_bringup/share/my_robot_bringup/environment/ament_prefix_path.sh
[0.533s] -- Symlinking: /home/anand289/ros2_ws/install/my_robot_bringup/share/my_robot_bringup/environment/ament_prefix_path.dsv
[0.536s] -- Symlinking: /home/anand289/ros2_ws/install/my_robot_bringup/share/my_robot_bringup/environment/path.sh
[0.539s] -- Symlinking: /home/anand289/ros2_ws/install/my_robot_bringup/share/my_robot_bringup/environment/path.dsv
[0.542s] -- Symlinking: /home/anand289/ros2_ws/install/my_robot_bringup/share/my_robot_bringup/local_setup.bash
[0.545s] -- Symlinking: /home/anand289/ros2_ws/install/my_robot_bringup/share/my_robot_bringup/local_setup.sh
[0.548s] -- Symlinking: /home/anand289/ros2_ws/install/my_robot_bringup/share/my_robot_bringup/local_setup.zsh
[0.551s] -- Symlinking: /home/anand289/ros2_ws/install/my_robot_bringup/share/my_robot_bringup/local_setup.dsv
[0.554s] -- Symlinking: /home/anand289/ros2_ws/install/my_robot_bringup/share/my_robot_bringup/package.dsv
[0.558s] -- Symlinking: /home/anand289/ros2_ws/install/my_robot_bringup/share/ament_index/resource_index/packages/my_robot_bringup
[0.561s] -- Symlinking: /home/anand289/ros2_ws/install/my_robot_bringup/share/my_robot_bringup/cmake/my_robot_bringupConfig.cmake
[0.564s] -- Symlinking: /home/anand289/ros2_ws/install/my_robot_bringup/share/my_robot_bringup/cmake/my_robot_bringupConfig-version.cmake
[0.567s] -- Symlinking: /home/anand289/ros2_ws/install/my_robot_bringup/share/my_robot_bringup/package.xml
[0.571s] Invoked command in '/home/anand289/ros2_ws/build/my_robot_bringup' returned '0': CMAKE_PREFIX_PATH=${CMAKE_PREFIX_PATH}:/home/anand289/ros2_ws/install/my_py_pkg:/opt/ros/jazzy DEBUGINFOD_URLS=https://debuginfod.ubuntu.com /usr/bin/cmake --install /home/anand289/ros2_ws/build/my_robot_bringup
