[0.372s] Invoking command in '/home/anand289/ros2_ws/src/my_py_pkg': DEBUGINFOD_URLS=https://debuginfod.ubuntu.com PYTHONPATH=/home/anand289/ros2_ws/build/my_py_pkg/prefix_override:/usr/lib/python3/dist-packages/colcon_core/task/python/colcon_distutils_commands:/home/anand289/ros2_ws/install/my_py_pkg/lib/python3.12/site-packages:${PYTHONPATH} /usr/bin/python3 -W ignore:setup.py install is deprecated -W ignore:easy_install command is deprecated setup.py egg_info --egg-base ../../build/my_py_pkg build --build-base /home/anand289/ros2_ws/build/my_py_pkg/build install --record /home/anand289/ros2_ws/build/my_py_pkg/install.log --single-version-externally-managed install_data
[0.495s] running egg_info
[0.502s] writing ../../build/my_py_pkg/my_py_pkg.egg-info/PKG-INFO
[0.502s] writing dependency_links to ../../build/my_py_pkg/my_py_pkg.egg-info/dependency_links.txt
[0.503s] writing entry points to ../../build/my_py_pkg/my_py_pkg.egg-info/entry_points.txt
[0.503s] writing requirements to ../../build/my_py_pkg/my_py_pkg.egg-info/requires.txt
[0.503s] writing top-level names to ../../build/my_py_pkg/my_py_pkg.egg-info/top_level.txt
[0.518s] reading manifest file '../../build/my_py_pkg/my_py_pkg.egg-info/SOURCES.txt'
[0.519s] writing manifest file '../../build/my_py_pkg/my_py_pkg.egg-info/SOURCES.txt'
[0.519s] running build
[0.519s] running build_py
[0.519s] copying my_py_pkg/add_two_ints_server.py -> /home/anand289/ros2_ws/build/my_py_pkg/build/lib/my_py_pkg
[0.519s] running install
[0.522s] running install_lib
[0.529s] copying /home/anand289/ros2_ws/build/my_py_pkg/build/lib/my_py_pkg/add_two_ints_server.py -> /home/anand289/ros2_ws/install/my_py_pkg/lib/python3.12/site-packages/my_py_pkg
[0.530s] byte-compiling /home/anand289/ros2_ws/install/my_py_pkg/lib/python3.12/site-packages/my_py_pkg/add_two_ints_server.py to add_two_ints_server.cpython-312.pyc
[0.530s] running install_data
[0.530s] running install_egg_info
[0.538s] removing '/home/anand289/ros2_ws/install/my_py_pkg/lib/python3.12/site-packages/my_py_pkg-0.0.0-py3.12.egg-info' (and everything under it)
[0.538s] Copying ../../build/my_py_pkg/my_py_pkg.egg-info to /home/anand289/ros2_ws/install/my_py_pkg/lib/python3.12/site-packages/my_py_pkg-0.0.0-py3.12.egg-info
[0.539s] running install_scripts
[0.592s] Installing add_two_ints_server script to /home/anand289/ros2_ws/install/my_py_pkg/lib/my_py_pkg
[0.592s] Installing py_node script to /home/anand289/ros2_ws/install/my_py_pkg/lib/my_py_pkg
[0.592s] Installing robot_news_station script to /home/anand289/ros2_ws/install/my_py_pkg/lib/my_py_pkg
[0.592s] Installing smartphone script to /home/anand289/ros2_ws/install/my_py_pkg/lib/my_py_pkg
[0.592s] writing list of installed files to '/home/anand289/ros2_ws/build/my_py_pkg/install.log'
[0.608s] Invoked command in '/home/anand289/ros2_ws/src/my_py_pkg' returned '0': DEBUGINFOD_URLS=https://debuginfod.ubuntu.com PYTHONPATH=/home/anand289/ros2_ws/build/my_py_pkg/prefix_override:/usr/lib/python3/dist-packages/colcon_core/task/python/colcon_distutils_commands:/home/anand289/ros2_ws/install/my_py_pkg/lib/python3.12/site-packages:${PYTHONPATH} /usr/bin/python3 -W ignore:setup.py install is deprecated -W ignore:easy_install command is deprecated setup.py egg_info --egg-base ../../build/my_py_pkg build --build-base /home/anand289/ros2_ws/build/my_py_pkg/build install --record /home/anand289/ros2_ws/build/my_py_pkg/install.log --single-version-externally-managed install_data
