[0.548s] Invoking command in '/home/anand289/ros2_ws/src/my_py_pkg': DEBUGINFOD_URLS=https://debuginfod.ubuntu.com PYTHONPATH=/home/anand289/ros2_ws/build/my_py_pkg/prefix_override:/usr/lib/python3/dist-packages/colcon_core/task/python/colcon_distutils_commands:/home/anand289/ros2_ws/install/my_py_pkg/lib/python3.12/site-packages:${PYTHONPATH} /usr/bin/python3 -W ignore:setup.py install is deprecated -W ignore:easy_install command is deprecated setup.py egg_info --egg-base ../../build/my_py_pkg build --build-base /home/anand289/ros2_ws/build/my_py_pkg/build install --record /home/anand289/ros2_ws/build/my_py_pkg/install.log --single-version-externally-managed install_data
[0.662s] running egg_info
[0.662s] creating ../../build/my_py_pkg/my_py_pkg.egg-info
[0.669s] writing ../../build/my_py_pkg/my_py_pkg.egg-info/PKG-INFO
[0.669s] writing dependency_links to ../../build/my_py_pkg/my_py_pkg.egg-info/dependency_links.txt
[0.670s] writing requirements to ../../build/my_py_pkg/my_py_pkg.egg-info/requires.txt
[0.670s] writing top-level names to ../../build/my_py_pkg/my_py_pkg.egg-info/top_level.txt
[0.670s] writing manifest file '../../build/my_py_pkg/my_py_pkg.egg-info/SOURCES.txt'
[0.684s] reading manifest file '../../build/my_py_pkg/my_py_pkg.egg-info/SOURCES.txt'
[0.684s] writing manifest file '../../build/my_py_pkg/my_py_pkg.egg-info/SOURCES.txt'
[0.684s] running build
[0.684s] running build_py
[0.684s] creating /home/anand289/ros2_ws/build/my_py_pkg/build
[0.684s] creating /home/anand289/ros2_ws/build/my_py_pkg/build/lib
[0.684s] creating /home/anand289/ros2_ws/build/my_py_pkg/build/lib/my_py_pkg
[0.684s] copying my_py_pkg/__init__.py -> /home/anand289/ros2_ws/build/my_py_pkg/build/lib/my_py_pkg
[0.685s] running install
[0.688s] running install_lib
[0.695s] creating /home/anand289/ros2_ws/install/my_py_pkg/lib/python3.12/site-packages/my_py_pkg
[0.695s] copying /home/anand289/ros2_ws/build/my_py_pkg/build/lib/my_py_pkg/__init__.py -> /home/anand289/ros2_ws/install/my_py_pkg/lib/python3.12/site-packages/my_py_pkg
[0.695s] byte-compiling /home/anand289/ros2_ws/install/my_py_pkg/lib/python3.12/site-packages/my_py_pkg/__init__.py to __init__.cpython-312.pyc
[0.695s] running install_data
[0.696s] creating /home/anand289/ros2_ws/install/my_py_pkg/share/ament_index
[0.696s] creating /home/anand289/ros2_ws/install/my_py_pkg/share/ament_index/resource_index
[0.696s] creating /home/anand289/ros2_ws/install/my_py_pkg/share/ament_index/resource_index/packages
[0.696s] copying resource/my_py_pkg -> /home/anand289/ros2_ws/install/my_py_pkg/share/ament_index/resource_index/packages
[0.696s] copying package.xml -> /home/anand289/ros2_ws/install/my_py_pkg/share/my_py_pkg
[0.696s] running install_egg_info
[0.705s] Copying ../../build/my_py_pkg/my_py_pkg.egg-info to /home/anand289/ros2_ws/install/my_py_pkg/lib/python3.12/site-packages/my_py_pkg-0.0.0-py3.12.egg-info
[0.706s] running install_scripts
[0.763s] writing list of installed files to '/home/anand289/ros2_ws/build/my_py_pkg/install.log'
[0.779s] Invoked command in '/home/anand289/ros2_ws/src/my_py_pkg' returned '0': DEBUGINFOD_URLS=https://debuginfod.ubuntu.com PYTHONPATH=/home/anand289/ros2_ws/build/my_py_pkg/prefix_override:/usr/lib/python3/dist-packages/colcon_core/task/python/colcon_distutils_commands:/home/anand289/ros2_ws/install/my_py_pkg/lib/python3.12/site-packages:${PYTHONPATH} /usr/bin/python3 -W ignore:setup.py install is deprecated -W ignore:easy_install command is deprecated setup.py egg_info --egg-base ../../build/my_py_pkg build --build-base /home/anand289/ros2_ws/build/my_py_pkg/build install --record /home/anand289/ros2_ws/build/my_py_pkg/install.log --single-version-externally-managed install_data
