[0.011s] Invoking command in '/home/anand289/ros2_ws/build/my_robot_description': CMAKE_PREFIX_PATH=${CMAKE_PREFIX_PATH}:/home/anand289/install/my_py_pkg:/home/anand289/install/catching_turtles_pkg:/home/anand289/ros2_ws/install/my_py_pkg:/home/anand289/ros2_ws/install/catching_turtles_pkg:/home/anand289/ros2_ws/install/catching_turtles:/opt/ros/jazzy DEBUGINFOD_URLS=https://debuginfod.ubuntu.com /usr/bin/cmake --build /home/anand289/ros2_ws/build/my_robot_description -- -j4 -l4
[0.053s] Invoked command in '/home/anand289/ros2_ws/build/my_robot_description' returned '0': CMAKE_PREFIX_PATH=${CMAKE_PREFIX_PATH}:/home/anand289/install/my_py_pkg:/home/anand289/install/catching_turtles_pkg:/home/anand289/ros2_ws/install/my_py_pkg:/home/anand289/ros2_ws/install/catching_turtles_pkg:/home/anand289/ros2_ws/install/catching_turtles:/opt/ros/jazzy DEBUGINFOD_URLS=https://debuginfod.ubuntu.com /usr/bin/cmake --build /home/anand289/ros2_ws/build/my_robot_description -- -j4 -l4
[0.059s] Invoking command in '/home/anand289/ros2_ws/build/my_robot_description': CMAKE_PREFIX_PATH=${CMAKE_PREFIX_PATH}:/home/anand289/install/my_py_pkg:/home/anand289/install/catching_turtles_pkg:/home/anand289/ros2_ws/install/my_py_pkg:/home/anand289/ros2_ws/install/catching_turtles_pkg:/home/anand289/ros2_ws/install/catching_turtles:/opt/ros/jazzy DEBUGINFOD_URLS=https://debuginfod.ubuntu.com /usr/bin/cmake --install /home/anand289/ros2_ws/build/my_robot_description
[0.064s] -- Install configuration: ""
[0.066s] -- Execute custom install script
[0.066s] [33mCMake Warning (dev) at ament_cmake_symlink_install/ament_cmake_symlink_install.cmake:62 (file):
[0.066s]   Policy CMP0009 is not set: FILE GLOB_RECURSE calls should not follow
[0.066s]   symlinks by default.  Run "cmake --help-policy CMP0009" for policy details.
[0.066s]   Use the cmake_policy command to set the policy and suppress this warning.
[0.066s] Call Stack (most recent call first):
[0.066s]   ament_cmake_symlink_install/ament_cmake_symlink_install.cmake:314 (ament_cmake_symlink_install_directory)
[0.066s]   cmake_install.cmake:46 (include)
[0.066s] This warning is for project developers.  Use -Wno-dev to suppress it.
[0.067s] [0m
[0.067s] -- Symlinking: /home/anand289/ros2_ws/install/my_robot_description/share/my_robot_description/urdf/build/.built_by
[0.071s] -- Symlinking: /home/anand289/ros2_ws/install/my_robot_description/share/my_robot_description/urdf/build/COLCON_IGNORE
[0.078s] -- Up-to-date symlink: /home/anand289/ros2_ws/install/my_robot_description/share/my_robot_description/urdf/common_properties.xacro
[0.078s] -- Symlinking: /home/anand289/ros2_ws/install/my_robot_description/share/my_robot_description/urdf/install/.colcon_install_layout
[0.082s] -- Symlinking: /home/anand289/ros2_ws/install/my_robot_description/share/my_robot_description/urdf/install/COLCON_IGNORE
[0.087s] -- Symlinking: /home/anand289/ros2_ws/install/my_robot_description/share/my_robot_description/urdf/install/_local_setup_util_ps1.py
[0.095s] -- Symlinking: /home/anand289/ros2_ws/install/my_robot_description/share/my_robot_description/urdf/install/_local_setup_util_sh.py
[0.105s] -- Symlinking: /home/anand289/ros2_ws/install/my_robot_description/share/my_robot_description/urdf/install/local_setup.bash
[0.111s] -- Symlinking: /home/anand289/ros2_ws/install/my_robot_description/share/my_robot_description/urdf/install/local_setup.ps1
[0.115s] -- Symlinking: /home/anand289/ros2_ws/install/my_robot_description/share/my_robot_description/urdf/install/local_setup.sh
[0.121s] -- Symlinking: /home/anand289/ros2_ws/install/my_robot_description/share/my_robot_description/urdf/install/local_setup.zsh
[0.127s] -- Symlinking: /home/anand289/ros2_ws/install/my_robot_description/share/my_robot_description/urdf/install/setup.bash
[0.132s] -- Symlinking: /home/anand289/ros2_ws/install/my_robot_description/share/my_robot_description/urdf/install/setup.ps1
[0.137s] -- Symlinking: /home/anand289/ros2_ws/install/my_robot_description/share/my_robot_description/urdf/install/setup.sh
[0.143s] -- Symlinking: /home/anand289/ros2_ws/install/my_robot_description/share/my_robot_description/urdf/install/setup.zsh
[0.148s] -- Symlinking: /home/anand289/ros2_ws/install/my_robot_description/share/my_robot_description/urdf/log/COLCON_IGNORE
[0.153s] -- Symlinking: /home/anand289/ros2_ws/install/my_robot_description/share/my_robot_description/urdf/log/build_2025-02-27_07-47-05/events.log
[0.157s] -- Symlinking: /home/anand289/ros2_ws/install/my_robot_description/share/my_robot_description/urdf/log/build_2025-02-27_07-47-05/logger_all.log
[0.162s] -- Symlinking: /home/anand289/ros2_ws/install/my_robot_description/share/my_robot_description/urdf/log/build_2025-02-27_08-49-52/events.log
[0.166s] -- Symlinking: /home/anand289/ros2_ws/install/my_robot_description/share/my_robot_description/urdf/log/build_2025-02-27_08-49-52/logger_all.log
[0.171s] -- Symlinking: /home/anand289/ros2_ws/install/my_robot_description/share/my_robot_description/urdf/log/build_2025-02-27_08-54-39/events.log
[0.175s] -- Symlinking: /home/anand289/ros2_ws/install/my_robot_description/share/my_robot_description/urdf/log/build_2025-02-27_08-54-39/logger_all.log
[0.179s] -- Symlinking: /home/anand289/ros2_ws/install/my_robot_description/share/my_robot_description/urdf/log/latest/events.log
[0.183s] -- Symlinking: /home/anand289/ros2_ws/install/my_robot_description/share/my_robot_description/urdf/log/latest/logger_all.log
[0.193s] -- Symlinking: /home/anand289/ros2_ws/install/my_robot_description/share/my_robot_description/urdf/log/latest_build/events.log
[0.198s] -- Symlinking: /home/anand289/ros2_ws/install/my_robot_description/share/my_robot_description/urdf/log/latest_build/logger_all.log
[0.204s] -- Up-to-date symlink: /home/anand289/ros2_ws/install/my_robot_description/share/my_robot_description/urdf/mobile_base.xacro
[0.204s] -- Up-to-date symlink: /home/anand289/ros2_ws/install/my_robot_description/share/my_robot_description/urdf/my_robot.urdf.xacro
[0.204s] -- Up-to-date symlink: /home/anand289/ros2_ws/install/my_robot_description/share/my_robot_description/launch/display.launch.py
[0.205s] -- Up-to-date symlink: /home/anand289/ros2_ws/install/my_robot_description/share/my_robot_description/launch/display.launch.xml
[0.206s] -- Up-to-date symlink: /home/anand289/ros2_ws/install/my_robot_description/share/my_robot_description/rviz/urdf_config.rviz
[0.206s] -- Up-to-date symlink: /home/anand289/ros2_ws/install/my_robot_description/share/ament_index/resource_index/package_run_dependencies/my_robot_description
[0.206s] -- Up-to-date symlink: /home/anand289/ros2_ws/install/my_robot_description/share/ament_index/resource_index/parent_prefix_path/my_robot_description
[0.206s] -- Up-to-date symlink: /home/anand289/ros2_ws/install/my_robot_description/share/my_robot_description/environment/ament_prefix_path.sh
[0.206s] -- Up-to-date symlink: /home/anand289/ros2_ws/install/my_robot_description/share/my_robot_description/environment/ament_prefix_path.dsv
[0.206s] -- Up-to-date symlink: /home/anand289/ros2_ws/install/my_robot_description/share/my_robot_description/environment/path.sh
[0.206s] -- Up-to-date symlink: /home/anand289/ros2_ws/install/my_robot_description/share/my_robot_description/environment/path.dsv
[0.206s] -- Up-to-date symlink: /home/anand289/ros2_ws/install/my_robot_description/share/my_robot_description/local_setup.bash
[0.206s] -- Up-to-date symlink: /home/anand289/ros2_ws/install/my_robot_description/share/my_robot_description/local_setup.sh
[0.206s] -- Up-to-date symlink: /home/anand289/ros2_ws/install/my_robot_description/share/my_robot_description/local_setup.zsh
[0.206s] -- Up-to-date symlink: /home/anand289/ros2_ws/install/my_robot_description/share/my_robot_description/local_setup.dsv
[0.206s] -- Symlinking: /home/anand289/ros2_ws/install/my_robot_description/share/my_robot_description/package.dsv
[0.210s] -- Up-to-date symlink: /home/anand289/ros2_ws/install/my_robot_description/share/ament_index/resource_index/packages/my_robot_description
[0.211s] -- Up-to-date symlink: /home/anand289/ros2_ws/install/my_robot_description/share/my_robot_description/cmake/my_robot_descriptionConfig.cmake
[0.211s] -- Up-to-date symlink: /home/anand289/ros2_ws/install/my_robot_description/share/my_robot_description/cmake/my_robot_descriptionConfig-version.cmake
[0.211s] -- Up-to-date symlink: /home/anand289/ros2_ws/install/my_robot_description/share/my_robot_description/package.xml
[0.212s] Invoked command in '/home/anand289/ros2_ws/build/my_robot_description' returned '0': CMAKE_PREFIX_PATH=${CMAKE_PREFIX_PATH}:/home/anand289/install/my_py_pkg:/home/anand289/install/catching_turtles_pkg:/home/anand289/ros2_ws/install/my_py_pkg:/home/anand289/ros2_ws/install/catching_turtles_pkg:/home/anand289/ros2_ws/install/catching_turtles:/opt/ros/jazzy DEBUGINFOD_URLS=https://debuginfod.ubuntu.com /usr/bin/cmake --install /home/anand289/ros2_ws/build/my_robot_description
