[0.296s] Invoking command in '/home/anandsingh/ros2_ws/build/my_py_pkg': PYTHONPATH=/home/anandsingh/ros2_ws/build/my_py_pkg/prefix_override:/home/anandsingh/ros2_ws/install/my_py_pkg/lib/python3.10/site-packages:${PYTHONPATH} /usr/bin/python3 setup.py develop --uninstall --editable --build-directory /home/anandsingh/ros2_ws/build/my_py_pkg/build
[0.417s] running develop
[0.499s] Invoked command in '/home/anandsingh/ros2_ws/build/my_py_pkg' returned '0': PYTHONPATH=/home/anandsingh/ros2_ws/build/my_py_pkg/prefix_override:/home/anandsingh/ros2_ws/install/my_py_pkg/lib/python3.10/site-packages:${PYTHONPATH} /usr/bin/python3 setup.py develop --uninstall --editable --build-directory /home/anandsingh/ros2_ws/build/my_py_pkg/build
[0.500s] Invoking command in '/home/anandsingh/ros2_ws/src/my_py_pkg': PYTHONPATH=/home/anandsingh/ros2_ws/build/my_py_pkg/prefix_override:/home/anandsingh/ros2_ws/install/my_py_pkg/lib/python3.10/site-packages:${PYTHONPATH} /usr/bin/python3 setup.py egg_info --egg-base ../../build/my_py_pkg build --build-base /home/anandsingh/ros2_ws/build/my_py_pkg/build install --record /home/anandsingh/ros2_ws/build/my_py_pkg/install.log --single-version-externally-managed
[0.619s] running egg_info
[0.619s] writing ../../build/my_py_pkg/my_py_pkg.egg-info/PKG-INFO
[0.619s] writing dependency_links to ../../build/my_py_pkg/my_py_pkg.egg-info/dependency_links.txt
[0.620s] writing entry points to ../../build/my_py_pkg/my_py_pkg.egg-info/entry_points.txt
[0.620s] writing requirements to ../../build/my_py_pkg/my_py_pkg.egg-info/requires.txt
[0.620s] writing top-level names to ../../build/my_py_pkg/my_py_pkg.egg-info/top_level.txt
[0.620s] reading manifest file '../../build/my_py_pkg/my_py_pkg.egg-info/SOURCES.txt'
[0.621s] writing manifest file '../../build/my_py_pkg/my_py_pkg.egg-info/SOURCES.txt'
[0.621s] running build
[0.621s] running build_py
[0.621s] copying my_py_pkg/add_two_ints_server.py -> /home/anandsingh/ros2_ws/build/my_py_pkg/build/lib/my_py_pkg
[0.621s] running install
[0.621s] running install_lib
[0.622s] copying /home/anandsingh/ros2_ws/build/my_py_pkg/build/lib/my_py_pkg/add_two_ints_server.py -> /home/anandsingh/ros2_ws/install/my_py_pkg/lib/python3.10/site-packages/my_py_pkg
[0.622s] byte-compiling /home/anandsingh/ros2_ws/install/my_py_pkg/lib/python3.10/site-packages/my_py_pkg/add_two_ints_server.py to add_two_ints_server.cpython-310.pyc
[0.622s] running install_data
[0.623s] running install_egg_info
[0.623s] removing '/home/anandsingh/ros2_ws/install/my_py_pkg/lib/python3.10/site-packages/my_py_pkg-0.0.0-py3.10.egg-info' (and everything under it)
[0.624s] Copying ../../build/my_py_pkg/my_py_pkg.egg-info to /home/anandsingh/ros2_ws/install/my_py_pkg/lib/python3.10/site-packages/my_py_pkg-0.0.0-py3.10.egg-info
[0.624s] running install_scripts
[0.635s] Installing add_two_ints_server script to /home/anandsingh/ros2_ws/install/my_py_pkg/lib/my_py_pkg
[0.636s] Installing py_node script to /home/anandsingh/ros2_ws/install/my_py_pkg/lib/my_py_pkg
[0.636s] Installing robot_news_station script to /home/anandsingh/ros2_ws/install/my_py_pkg/lib/my_py_pkg
[0.636s] Installing smartphone script to /home/anandsingh/ros2_ws/install/my_py_pkg/lib/my_py_pkg
[0.636s] writing list of installed files to '/home/anandsingh/ros2_ws/build/my_py_pkg/install.log'
[0.649s] Invoked command in '/home/anandsingh/ros2_ws/src/my_py_pkg' returned '0': PYTHONPATH=/home/anandsingh/ros2_ws/build/my_py_pkg/prefix_override:/home/anandsingh/ros2_ws/install/my_py_pkg/lib/python3.10/site-packages:${PYTHONPATH} /usr/bin/python3 setup.py egg_info --egg-base ../../build/my_py_pkg build --build-base /home/anandsingh/ros2_ws/build/my_py_pkg/build install --record /home/anandsingh/ros2_ws/build/my_py_pkg/install.log --single-version-externally-managed
