[0.007s] Invoking command in '/home/anand289/ros2_ws/build/my_robot_interfaces': CMAKE_PREFIX_PATH=${CMAKE_PREFIX_PATH}:/home/anand289/ros2_ws/install/my_py_pkg:/opt/ros/jazzy DEBUGINFOD_URLS=https://debuginfod.ubuntu.com /usr/bin/cmake --build /home/anand289/ros2_ws/build/my_robot_interfaces -- -j4 -l4
[0.043s] [  1%] Built target my_robot_interfaces__rosidl_generator_type_description
[0.047s] [  1%] Built target ament_cmake_python_symlink_my_robot_interfaces
[0.054s] [  3%] Built target my_robot_interfaces__cpp
[0.056s] [ 24%] Built target my_robot_interfaces__rosidl_generator_c
[0.068s] [ 51%] Built target my_robot_interfaces__rosidl_typesupport_introspection_c
[0.068s] [ 51%] Built target my_robot_interfaces__rosidl_typesupport_c
[0.069s] [ 51%] Built target my_robot_interfaces__rosidl_typesupport_fastrtps_c
[0.079s] [ 66%] Built target my_robot_interfaces__rosidl_typesupport_introspection_cpp
[0.079s] [ 70%] Built target my_robot_interfaces__rosidl_typesupport_fastrtps_cpp
[0.081s] [ 79%] Built target my_robot_interfaces__rosidl_typesupport_cpp
[0.090s] [ 79%] Built target my_robot_interfaces
[0.101s] [ 81%] Built target my_robot_interfaces__py
[0.120s] [ 88%] Built target my_robot_interfaces__rosidl_generator_py
[0.136s] [ 92%] Built target my_robot_interfaces_s__rosidl_typesupport_fastrtps_c
[0.136s] [ 96%] Built target my_robot_interfaces_s__rosidl_typesupport_c
[0.137s] [100%] Built target my_robot_interfaces_s__rosidl_typesupport_introspection_c
[0.169s] running egg_info
[0.176s] writing my_robot_interfaces.egg-info/PKG-INFO
[0.176s] writing dependency_links to my_robot_interfaces.egg-info/dependency_links.txt
[0.176s] writing top-level names to my_robot_interfaces.egg-info/top_level.txt
[0.197s] reading manifest file 'my_robot_interfaces.egg-info/SOURCES.txt'
[0.197s] writing manifest file 'my_robot_interfaces.egg-info/SOURCES.txt'
[0.213s] [100%] Built target ament_cmake_python_build_my_robot_interfaces_egg
[0.219s] Invoked command in '/home/anand289/ros2_ws/build/my_robot_interfaces' returned '0': CMAKE_PREFIX_PATH=${CMAKE_PREFIX_PATH}:/home/anand289/ros2_ws/install/my_py_pkg:/opt/ros/jazzy DEBUGINFOD_URLS=https://debuginfod.ubuntu.com /usr/bin/cmake --build /home/anand289/ros2_ws/build/my_robot_interfaces -- -j4 -l4
[0.223s] Invoking command in '/home/anand289/ros2_ws/build/my_robot_interfaces': CMAKE_PREFIX_PATH=${CMAKE_PREFIX_PATH}:/home/anand289/ros2_ws/install/my_py_pkg:/opt/ros/jazzy DEBUGINFOD_URLS=https://debuginfod.ubuntu.com /usr/bin/cmake --install /home/anand289/ros2_ws/build/my_robot_interfaces
[0.227s] -- Install configuration: ""
[0.227s] -- Execute custom install script
[0.227s] -- Up-to-date symlink: /home/anand289/ros2_ws/install/my_robot_interfaces/share/ament_index/resource_index/rosidl_interfaces/my_robot_interfaces
[0.227s] -- Up-to-date symlink: /home/anand289/ros2_ws/install/my_robot_interfaces/share/my_robot_interfaces/msg/HardwareStatus.json
[0.227s] -- Up-to-date symlink: /home/anand289/ros2_ws/install/my_robot_interfaces/share/my_robot_interfaces/msg/LEDBatteryState.json
[0.228s] -- Up-to-date symlink: /home/anand289/ros2_ws/install/my_robot_interfaces/share/my_robot_interfaces/srv/ComputeRectangleArea.json
[0.228s] -- Up-to-date symlink: /home/anand289/ros2_ws/install/my_robot_interfaces/include/my_robot_interfaces/my_robot_interfaces/msg/detail/hardware_status__functions.h
[0.228s] -- Up-to-date symlink: /home/anand289/ros2_ws/install/my_robot_interfaces/include/my_robot_interfaces/my_robot_interfaces/msg/detail/hardware_status__struct.h
[0.228s] -- Up-to-date symlink: /home/anand289/ros2_ws/install/my_robot_interfaces/include/my_robot_interfaces/my_robot_interfaces/msg/detail/hardware_status__type_support.h
[0.228s] -- Up-to-date symlink: /home/anand289/ros2_ws/install/my_robot_interfaces/include/my_robot_interfaces/my_robot_interfaces/msg/detail/led_battery_state__functions.h
[0.228s] -- Up-to-date symlink: /home/anand289/ros2_ws/install/my_robot_interfaces/include/my_robot_interfaces/my_robot_interfaces/msg/detail/led_battery_state__struct.h
[0.228s] -- Up-to-date symlink: /home/anand289/ros2_ws/install/my_robot_interfaces/include/my_robot_interfaces/my_robot_interfaces/msg/detail/led_battery_state__type_support.h
[0.228s] -- Up-to-date symlink: /home/anand289/ros2_ws/install/my_robot_interfaces/include/my_robot_interfaces/my_robot_interfaces/msg/hardware_status.h
[0.229s] -- Up-to-date symlink: /home/anand289/ros2_ws/install/my_robot_interfaces/include/my_robot_interfaces/my_robot_interfaces/msg/led_battery_state.h
[0.229s] -- Up-to-date symlink: /home/anand289/ros2_ws/install/my_robot_interfaces/include/my_robot_interfaces/my_robot_interfaces/msg/rosidl_generator_c__visibility_control.h
[0.229s] -- Up-to-date symlink: /home/anand289/ros2_ws/install/my_robot_interfaces/include/my_robot_interfaces/my_robot_interfaces/srv/compute_rectangle_area.h
[0.229s] -- Up-to-date symlink: /home/anand289/ros2_ws/install/my_robot_interfaces/include/my_robot_interfaces/my_robot_interfaces/srv/detail/compute_rectangle_area__functions.h
[0.229s] -- Up-to-date symlink: /home/anand289/ros2_ws/install/my_robot_interfaces/include/my_robot_interfaces/my_robot_interfaces/srv/detail/compute_rectangle_area__struct.h
[0.229s] -- Up-to-date symlink: /home/anand289/ros2_ws/install/my_robot_interfaces/include/my_robot_interfaces/my_robot_interfaces/srv/detail/compute_rectangle_area__type_support.h
[0.229s] -- Up-to-date symlink: /home/anand289/ros2_ws/install/my_robot_interfaces/share/my_robot_interfaces/environment/library_path.sh
[0.229s] -- Up-to-date symlink: /home/anand289/ros2_ws/install/my_robot_interfaces/share/my_robot_interfaces/environment/library_path.dsv
[0.229s] -- Up-to-date symlink: /home/anand289/ros2_ws/install/my_robot_interfaces/include/my_robot_interfaces/my_robot_interfaces/msg/detail/hardware_status__rosidl_typesupport_fastrtps_c.h
[0.229s] -- Up-to-date symlink: /home/anand289/ros2_ws/install/my_robot_interfaces/include/my_robot_interfaces/my_robot_interfaces/msg/detail/led_battery_state__rosidl_typesupport_fastrtps_c.h
[0.230s] -- Up-to-date symlink: /home/anand289/ros2_ws/install/my_robot_interfaces/include/my_robot_interfaces/my_robot_interfaces/msg/rosidl_typesupport_fastrtps_c__visibility_control.h
[0.230s] -- Up-to-date symlink: /home/anand289/ros2_ws/install/my_robot_interfaces/include/my_robot_interfaces/my_robot_interfaces/srv/detail/compute_rectangle_area__rosidl_typesupport_fastrtps_c.h
[0.230s] -- Up-to-date symlink: /home/anand289/ros2_ws/install/my_robot_interfaces/include/my_robot_interfaces/my_robot_interfaces/msg/detail/hardware_status__rosidl_typesupport_introspection_c.h
[0.230s] -- Up-to-date symlink: /home/anand289/ros2_ws/install/my_robot_interfaces/include/my_robot_interfaces/my_robot_interfaces/msg/detail/led_battery_state__rosidl_typesupport_introspection_c.h
[0.230s] -- Up-to-date symlink: /home/anand289/ros2_ws/install/my_robot_interfaces/include/my_robot_interfaces/my_robot_interfaces/msg/rosidl_typesupport_introspection_c__visibility_control.h
[0.230s] -- Up-to-date symlink: /home/anand289/ros2_ws/install/my_robot_interfaces/include/my_robot_interfaces/my_robot_interfaces/srv/detail/compute_rectangle_area__rosidl_typesupport_introspection_c.h
[0.230s] -- Up-to-date symlink: /home/anand289/ros2_ws/install/my_robot_interfaces/include/my_robot_interfaces/my_robot_interfaces/msg/detail/hardware_status__builder.hpp
[0.230s] -- Up-to-date symlink: /home/anand289/ros2_ws/install/my_robot_interfaces/include/my_robot_interfaces/my_robot_interfaces/msg/detail/hardware_status__struct.hpp
[0.230s] -- Up-to-date symlink: /home/anand289/ros2_ws/install/my_robot_interfaces/include/my_robot_interfaces/my_robot_interfaces/msg/detail/hardware_status__traits.hpp
[0.230s] -- Up-to-date symlink: /home/anand289/ros2_ws/install/my_robot_interfaces/include/my_robot_interfaces/my_robot_interfaces/msg/detail/hardware_status__type_support.hpp
[0.231s] -- Up-to-date symlink: /home/anand289/ros2_ws/install/my_robot_interfaces/include/my_robot_interfaces/my_robot_interfaces/msg/detail/led_battery_state__builder.hpp
[0.231s] -- Up-to-date symlink: /home/anand289/ros2_ws/install/my_robot_interfaces/include/my_robot_interfaces/my_robot_interfaces/msg/detail/led_battery_state__struct.hpp
[0.231s] -- Up-to-date symlink: /home/anand289/ros2_ws/install/my_robot_interfaces/include/my_robot_interfaces/my_robot_interfaces/msg/detail/led_battery_state__traits.hpp
[0.231s] -- Up-to-date symlink: /home/anand289/ros2_ws/install/my_robot_interfaces/include/my_robot_interfaces/my_robot_interfaces/msg/detail/led_battery_state__type_support.hpp
[0.231s] -- Up-to-date symlink: /home/anand289/ros2_ws/install/my_robot_interfaces/include/my_robot_interfaces/my_robot_interfaces/msg/hardware_status.hpp
[0.231s] -- Up-to-date symlink: /home/anand289/ros2_ws/install/my_robot_interfaces/include/my_robot_interfaces/my_robot_interfaces/msg/led_battery_state.hpp
[0.231s] -- Up-to-date symlink: /home/anand289/ros2_ws/install/my_robot_interfaces/include/my_robot_interfaces/my_robot_interfaces/msg/rosidl_generator_cpp__visibility_control.hpp
[0.231s] -- Up-to-date symlink: /home/anand289/ros2_ws/install/my_robot_interfaces/include/my_robot_interfaces/my_robot_interfaces/srv/compute_rectangle_area.hpp
[0.231s] -- Up-to-date symlink: /home/anand289/ros2_ws/install/my_robot_interfaces/include/my_robot_interfaces/my_robot_interfaces/srv/detail/compute_rectangle_area__builder.hpp
[0.231s] -- Up-to-date symlink: /home/anand289/ros2_ws/install/my_robot_interfaces/include/my_robot_interfaces/my_robot_interfaces/srv/detail/compute_rectangle_area__struct.hpp
[0.231s] -- Up-to-date symlink: /home/anand289/ros2_ws/install/my_robot_interfaces/include/my_robot_interfaces/my_robot_interfaces/srv/detail/compute_rectangle_area__traits.hpp
[0.231s] -- Up-to-date symlink: /home/anand289/ros2_ws/install/my_robot_interfaces/include/my_robot_interfaces/my_robot_interfaces/srv/detail/compute_rectangle_area__type_support.hpp
[0.232s] -- Up-to-date symlink: /home/anand289/ros2_ws/install/my_robot_interfaces/include/my_robot_interfaces/my_robot_interfaces/msg/detail/hardware_status__rosidl_typesupport_fastrtps_cpp.hpp
[0.232s] -- Up-to-date symlink: /home/anand289/ros2_ws/install/my_robot_interfaces/include/my_robot_interfaces/my_robot_interfaces/msg/detail/led_battery_state__rosidl_typesupport_fastrtps_cpp.hpp
[0.232s] -- Up-to-date symlink: /home/anand289/ros2_ws/install/my_robot_interfaces/include/my_robot_interfaces/my_robot_interfaces/msg/rosidl_typesupport_fastrtps_cpp__visibility_control.h
[0.232s] -- Up-to-date symlink: /home/anand289/ros2_ws/install/my_robot_interfaces/include/my_robot_interfaces/my_robot_interfaces/srv/detail/compute_rectangle_area__rosidl_typesupport_fastrtps_cpp.hpp
[0.232s] -- Up-to-date symlink: /home/anand289/ros2_ws/install/my_robot_interfaces/include/my_robot_interfaces/my_robot_interfaces/msg/detail/hardware_status__rosidl_typesupport_introspection_cpp.hpp
[0.232s] -- Up-to-date symlink: /home/anand289/ros2_ws/install/my_robot_interfaces/include/my_robot_interfaces/my_robot_interfaces/msg/detail/led_battery_state__rosidl_typesupport_introspection_cpp.hpp
[0.232s] -- Up-to-date symlink: /home/anand289/ros2_ws/install/my_robot_interfaces/include/my_robot_interfaces/my_robot_interfaces/srv/detail/compute_rectangle_area__rosidl_typesupport_introspection_cpp.hpp
[0.232s] -- Up-to-date symlink: /home/anand289/ros2_ws/install/my_robot_interfaces/share/my_robot_interfaces/environment/pythonpath.sh
[0.232s] -- Up-to-date symlink: /home/anand289/ros2_ws/install/my_robot_interfaces/share/my_robot_interfaces/environment/pythonpath.dsv
[0.233s] -- Up-to-date symlink: /home/anand289/ros2_ws/install/my_robot_interfaces/lib/python3.12/site-packages/my_robot_interfaces-0.0.0-py3.12.egg-info/PKG-INFO
[0.233s] -- Up-to-date symlink: /home/anand289/ros2_ws/install/my_robot_interfaces/lib/python3.12/site-packages/my_robot_interfaces-0.0.0-py3.12.egg-info/SOURCES.txt
[0.233s] -- Up-to-date symlink: /home/anand289/ros2_ws/install/my_robot_interfaces/lib/python3.12/site-packages/my_robot_interfaces-0.0.0-py3.12.egg-info/dependency_links.txt
[0.233s] -- Up-to-date symlink: /home/anand289/ros2_ws/install/my_robot_interfaces/lib/python3.12/site-packages/my_robot_interfaces-0.0.0-py3.12.egg-info/top_level.txt
[0.233s] -- Up-to-date symlink: /home/anand289/ros2_ws/install/my_robot_interfaces/lib/python3.12/site-packages/my_robot_interfaces/__init__.py
[0.233s] -- Up-to-date symlink: /home/anand289/ros2_ws/install/my_robot_interfaces/lib/python3.12/site-packages/my_robot_interfaces/_my_robot_interfaces_s.ep.rosidl_typesupport_c.c
[0.233s] -- Up-to-date symlink: /home/anand289/ros2_ws/install/my_robot_interfaces/lib/python3.12/site-packages/my_robot_interfaces/_my_robot_interfaces_s.ep.rosidl_typesupport_fastrtps_c.c
[0.233s] -- Up-to-date symlink: /home/anand289/ros2_ws/install/my_robot_interfaces/lib/python3.12/site-packages/my_robot_interfaces/_my_robot_interfaces_s.ep.rosidl_typesupport_introspection_c.c
[0.233s] -- Up-to-date symlink: /home/anand289/ros2_ws/install/my_robot_interfaces/lib/python3.12/site-packages/my_robot_interfaces/msg/__init__.py
[0.234s] -- Up-to-date symlink: /home/anand289/ros2_ws/install/my_robot_interfaces/lib/python3.12/site-packages/my_robot_interfaces/msg/_hardware_status.py
[0.234s] -- Up-to-date symlink: /home/anand289/ros2_ws/install/my_robot_interfaces/lib/python3.12/site-packages/my_robot_interfaces/msg/_hardware_status_s.c
[0.234s] -- Up-to-date symlink: /home/anand289/ros2_ws/install/my_robot_interfaces/lib/python3.12/site-packages/my_robot_interfaces/msg/_led_battery_state.py
[0.234s] -- Up-to-date symlink: /home/anand289/ros2_ws/install/my_robot_interfaces/lib/python3.12/site-packages/my_robot_interfaces/msg/_led_battery_state_s.c
[0.234s] -- Up-to-date symlink: /home/anand289/ros2_ws/install/my_robot_interfaces/lib/python3.12/site-packages/my_robot_interfaces/my_robot_interfaces_s__rosidl_typesupport_c.so
[0.234s] -- Up-to-date symlink: /home/anand289/ros2_ws/install/my_robot_interfaces/lib/python3.12/site-packages/my_robot_interfaces/my_robot_interfaces_s__rosidl_typesupport_fastrtps_c.so
[0.234s] -- Up-to-date symlink: /home/anand289/ros2_ws/install/my_robot_interfaces/lib/python3.12/site-packages/my_robot_interfaces/my_robot_interfaces_s__rosidl_typesupport_introspection_c.so
[0.234s] -- Up-to-date symlink: /home/anand289/ros2_ws/install/my_robot_interfaces/lib/python3.12/site-packages/my_robot_interfaces/srv/__init__.py
[0.234s] -- Up-to-date symlink: /home/anand289/ros2_ws/install/my_robot_interfaces/lib/python3.12/site-packages/my_robot_interfaces/srv/_compute_rectangle_area.py
[0.234s] -- Up-to-date symlink: /home/anand289/ros2_ws/install/my_robot_interfaces/lib/python3.12/site-packages/my_robot_interfaces/srv/_compute_rectangle_area_s.c
[0.234s] -- Up-to-date symlink: /home/anand289/ros2_ws/install/my_robot_interfaces/lib/python3.12/site-packages/my_robot_interfaces/my_robot_interfaces_s__rosidl_typesupport_fastrtps_c.so
[0.234s] -- Up-to-date symlink: /home/anand289/ros2_ws/install/my_robot_interfaces/lib/python3.12/site-packages/my_robot_interfaces/my_robot_interfaces_s__rosidl_typesupport_introspection_c.so
[0.235s] -- Up-to-date symlink: /home/anand289/ros2_ws/install/my_robot_interfaces/lib/python3.12/site-packages/my_robot_interfaces/my_robot_interfaces_s__rosidl_typesupport_c.so
[0.235s] -- Up-to-date symlink: /home/anand289/ros2_ws/install/my_robot_interfaces/share/my_robot_interfaces/msg/HardwareStatus.idl
[0.235s] -- Up-to-date symlink: /home/anand289/ros2_ws/install/my_robot_interfaces/share/my_robot_interfaces/msg/LEDBatteryState.idl
[0.235s] -- Up-to-date symlink: /home/anand289/ros2_ws/install/my_robot_interfaces/share/my_robot_interfaces/srv/ComputeRectangleArea.idl
[0.235s] -- Up-to-date symlink: /home/anand289/ros2_ws/install/my_robot_interfaces/share/my_robot_interfaces/msg/HardwareStatus.msg
[0.235s] -- Up-to-date symlink: /home/anand289/ros2_ws/install/my_robot_interfaces/share/my_robot_interfaces/msg/LEDBatteryState.msg
[0.235s] -- Up-to-date symlink: /home/anand289/ros2_ws/install/my_robot_interfaces/share/my_robot_interfaces/srv/ComputeRectangleArea.srv
[0.235s] -- Up-to-date symlink: /home/anand289/ros2_ws/install/my_robot_interfaces/share/ament_index/resource_index/package_run_dependencies/my_robot_interfaces
[0.235s] -- Up-to-date symlink: /home/anand289/ros2_ws/install/my_robot_interfaces/share/ament_index/resource_index/parent_prefix_path/my_robot_interfaces
[0.235s] -- Up-to-date symlink: /home/anand289/ros2_ws/install/my_robot_interfaces/share/my_robot_interfaces/environment/ament_prefix_path.sh
[0.236s] -- Up-to-date symlink: /home/anand289/ros2_ws/install/my_robot_interfaces/share/my_robot_interfaces/environment/ament_prefix_path.dsv
[0.236s] -- Up-to-date symlink: /home/anand289/ros2_ws/install/my_robot_interfaces/share/my_robot_interfaces/environment/path.sh
[0.236s] -- Up-to-date symlink: /home/anand289/ros2_ws/install/my_robot_interfaces/share/my_robot_interfaces/environment/path.dsv
[0.236s] -- Up-to-date symlink: /home/anand289/ros2_ws/install/my_robot_interfaces/share/my_robot_interfaces/local_setup.bash
[0.236s] -- Up-to-date symlink: /home/anand289/ros2_ws/install/my_robot_interfaces/share/my_robot_interfaces/local_setup.sh
[0.236s] -- Up-to-date symlink: /home/anand289/ros2_ws/install/my_robot_interfaces/share/my_robot_interfaces/local_setup.zsh
[0.236s] -- Up-to-date symlink: /home/anand289/ros2_ws/install/my_robot_interfaces/share/my_robot_interfaces/local_setup.dsv
[0.236s] -- Symlinking: /home/anand289/ros2_ws/install/my_robot_interfaces/share/my_robot_interfaces/package.dsv
[0.239s] -- Up-to-date symlink: /home/anand289/ros2_ws/install/my_robot_interfaces/share/ament_index/resource_index/packages/my_robot_interfaces
[0.240s] -- Up-to-date symlink: /home/anand289/ros2_ws/install/my_robot_interfaces/share/my_robot_interfaces/cmake/rosidl_cmake-extras.cmake
[0.240s] -- Up-to-date symlink: /home/anand289/ros2_ws/install/my_robot_interfaces/share/my_robot_interfaces/cmake/ament_cmake_export_dependencies-extras.cmake
[0.240s] -- Up-to-date symlink: /home/anand289/ros2_ws/install/my_robot_interfaces/share/my_robot_interfaces/cmake/ament_cmake_export_include_directories-extras.cmake
[0.240s] -- Up-to-date symlink: /home/anand289/ros2_ws/install/my_robot_interfaces/share/my_robot_interfaces/cmake/ament_cmake_export_libraries-extras.cmake
[0.240s] -- Up-to-date symlink: /home/anand289/ros2_ws/install/my_robot_interfaces/share/my_robot_interfaces/cmake/ament_cmake_export_targets-extras.cmake
[0.240s] -- Up-to-date symlink: /home/anand289/ros2_ws/install/my_robot_interfaces/share/my_robot_interfaces/cmake/rosidl_cmake_export_typesupport_targets-extras.cmake
[0.240s] -- Up-to-date symlink: /home/anand289/ros2_ws/install/my_robot_interfaces/share/my_robot_interfaces/cmake/rosidl_cmake_export_typesupport_libraries-extras.cmake
[0.240s] -- Up-to-date symlink: /home/anand289/ros2_ws/install/my_robot_interfaces/share/my_robot_interfaces/cmake/my_robot_interfacesConfig.cmake
[0.240s] -- Up-to-date symlink: /home/anand289/ros2_ws/install/my_robot_interfaces/share/my_robot_interfaces/cmake/my_robot_interfacesConfig-version.cmake
[0.240s] -- Up-to-date symlink: /home/anand289/ros2_ws/install/my_robot_interfaces/share/my_robot_interfaces/package.xml
[0.240s] -- Up-to-date: /home/anand289/ros2_ws/install/my_robot_interfaces/lib/libmy_robot_interfaces__rosidl_generator_c.so
[0.241s] -- Up-to-date: /home/anand289/ros2_ws/install/my_robot_interfaces/lib/libmy_robot_interfaces__rosidl_typesupport_fastrtps_c.so
[0.241s] -- Up-to-date: /home/anand289/ros2_ws/install/my_robot_interfaces/lib/libmy_robot_interfaces__rosidl_typesupport_introspection_c.so
[0.241s] -- Up-to-date: /home/anand289/ros2_ws/install/my_robot_interfaces/lib/libmy_robot_interfaces__rosidl_typesupport_c.so
[0.241s] -- Up-to-date: /home/anand289/ros2_ws/install/my_robot_interfaces/lib/libmy_robot_interfaces__rosidl_typesupport_fastrtps_cpp.so
[0.241s] -- Up-to-date: /home/anand289/ros2_ws/install/my_robot_interfaces/lib/libmy_robot_interfaces__rosidl_typesupport_introspection_cpp.so
[0.241s] -- Up-to-date: /home/anand289/ros2_ws/install/my_robot_interfaces/lib/libmy_robot_interfaces__rosidl_typesupport_cpp.so
[0.258s] Listing '/home/anand289/ros2_ws/install/my_robot_interfaces/lib/python3.12/site-packages/my_robot_interfaces'...
[0.258s] Listing '/home/anand289/ros2_ws/install/my_robot_interfaces/lib/python3.12/site-packages/my_robot_interfaces/msg'...
[0.259s] Listing '/home/anand289/ros2_ws/install/my_robot_interfaces/lib/python3.12/site-packages/my_robot_interfaces/srv'...
[0.261s] -- Up-to-date: /home/anand289/ros2_ws/install/my_robot_interfaces/lib/libmy_robot_interfaces__rosidl_generator_py.so
[0.262s] -- Up-to-date: /home/anand289/ros2_ws/install/my_robot_interfaces/share/my_robot_interfaces/cmake/export_my_robot_interfaces__rosidl_generator_cExport.cmake
[0.262s] -- Up-to-date: /home/anand289/ros2_ws/install/my_robot_interfaces/share/my_robot_interfaces/cmake/export_my_robot_interfaces__rosidl_generator_cExport-noconfig.cmake
[0.262s] -- Up-to-date: /home/anand289/ros2_ws/install/my_robot_interfaces/share/my_robot_interfaces/cmake/export_my_robot_interfaces__rosidl_typesupport_fastrtps_cExport.cmake
[0.262s] -- Up-to-date: /home/anand289/ros2_ws/install/my_robot_interfaces/share/my_robot_interfaces/cmake/export_my_robot_interfaces__rosidl_typesupport_fastrtps_cExport-noconfig.cmake
[0.262s] -- Up-to-date: /home/anand289/ros2_ws/install/my_robot_interfaces/share/my_robot_interfaces/cmake/my_robot_interfaces__rosidl_typesupport_introspection_cExport.cmake
[0.262s] -- Up-to-date: /home/anand289/ros2_ws/install/my_robot_interfaces/share/my_robot_interfaces/cmake/my_robot_interfaces__rosidl_typesupport_introspection_cExport-noconfig.cmake
[0.262s] -- Up-to-date: /home/anand289/ros2_ws/install/my_robot_interfaces/share/my_robot_interfaces/cmake/my_robot_interfaces__rosidl_typesupport_cExport.cmake
[0.262s] -- Up-to-date: /home/anand289/ros2_ws/install/my_robot_interfaces/share/my_robot_interfaces/cmake/my_robot_interfaces__rosidl_typesupport_cExport-noconfig.cmake
[0.262s] -- Up-to-date: /home/anand289/ros2_ws/install/my_robot_interfaces/share/my_robot_interfaces/cmake/export_my_robot_interfaces__rosidl_generator_cppExport.cmake
[0.262s] -- Up-to-date: /home/anand289/ros2_ws/install/my_robot_interfaces/share/my_robot_interfaces/cmake/export_my_robot_interfaces__rosidl_typesupport_fastrtps_cppExport.cmake
[0.262s] -- Up-to-date: /home/anand289/ros2_ws/install/my_robot_interfaces/share/my_robot_interfaces/cmake/export_my_robot_interfaces__rosidl_typesupport_fastrtps_cppExport-noconfig.cmake
[0.262s] -- Up-to-date: /home/anand289/ros2_ws/install/my_robot_interfaces/share/my_robot_interfaces/cmake/my_robot_interfaces__rosidl_typesupport_introspection_cppExport.cmake
[0.262s] -- Up-to-date: /home/anand289/ros2_ws/install/my_robot_interfaces/share/my_robot_interfaces/cmake/my_robot_interfaces__rosidl_typesupport_introspection_cppExport-noconfig.cmake
[0.262s] -- Up-to-date: /home/anand289/ros2_ws/install/my_robot_interfaces/share/my_robot_interfaces/cmake/my_robot_interfaces__rosidl_typesupport_cppExport.cmake
[0.262s] -- Up-to-date: /home/anand289/ros2_ws/install/my_robot_interfaces/share/my_robot_interfaces/cmake/my_robot_interfaces__rosidl_typesupport_cppExport-noconfig.cmake
[0.262s] -- Up-to-date: /home/anand289/ros2_ws/install/my_robot_interfaces/share/my_robot_interfaces/cmake/export_my_robot_interfaces__rosidl_generator_pyExport.cmake
[0.262s] -- Up-to-date: /home/anand289/ros2_ws/install/my_robot_interfaces/share/my_robot_interfaces/cmake/export_my_robot_interfaces__rosidl_generator_pyExport-noconfig.cmake
[0.263s] Invoked command in '/home/anand289/ros2_ws/build/my_robot_interfaces' returned '0': CMAKE_PREFIX_PATH=${CMAKE_PREFIX_PATH}:/home/anand289/ros2_ws/install/my_py_pkg:/opt/ros/jazzy DEBUGINFOD_URLS=https://debuginfod.ubuntu.com /usr/bin/cmake --install /home/anand289/ros2_ws/build/my_robot_interfaces
