[0.363s] Invoking command in '/home/anand289/ros2_ws/src/my_py_pkg': CMAKE_PREFIX_PATH=/home/anand289/ros2_ws/install/my_robot_interfaces:/home/anand289/ros2_ws/install/my_robot_bringup:/opt/ros/jazzy/opt/gz_math_vendor:/opt/ros/jazzy/opt/gz_utils_vendor:/opt/ros/jazzy/opt/gz_cmake_vendor DEBUGINFOD_URLS=https://debuginfod.ubuntu.com PYTHONPATH=/home/anand289/ros2_ws/build/my_py_pkg/prefix_override:/usr/lib/python3/dist-packages/colcon_core/task/python/colcon_distutils_commands:/home/anand289/ros2_ws/install/my_py_pkg/lib/python3.12/site-packages:/home/anand289/ros2_ws/install/my_robot_interfaces/lib/python3.12/site-packages:/home/anand289/ros2_ws/build/my_py_pkg:/home/anand289/ros2_ws/install/my_py_pkg/lib/python3.12/site-packages:/opt/ros/jazzy/lib/python3.12/site-packages /usr/bin/python3 -W ignore:setup.py install is deprecated -W ignore:easy_install command is deprecated setup.py egg_info --egg-base ../../build/my_py_pkg build --build-base /home/anand289/ros2_ws/build/my_py_pkg/build install --record /home/anand289/ros2_ws/build/my_py_pkg/install.log --single-version-externally-managed install_data
[0.468s] running egg_info
[0.475s] writing ../../build/my_py_pkg/my_py_pkg.egg-info/PKG-INFO
[0.476s] writing dependency_links to ../../build/my_py_pkg/my_py_pkg.egg-info/dependency_links.txt
[0.476s] writing entry points to ../../build/my_py_pkg/my_py_pkg.egg-info/entry_points.txt
[0.476s] writing requirements to ../../build/my_py_pkg/my_py_pkg.egg-info/requires.txt
[0.476s] writing top-level names to ../../build/my_py_pkg/my_py_pkg.egg-info/top_level.txt
[0.490s] reading manifest file '../../build/my_py_pkg/my_py_pkg.egg-info/SOURCES.txt'
[0.490s] writing manifest file '../../build/my_py_pkg/my_py_pkg.egg-info/SOURCES.txt'
[0.490s] running build
[0.490s] running build_py
[0.491s] running install
[0.494s] running install_lib
[0.503s] running install_data
[0.503s] running install_egg_info
[0.511s] removing '/home/anand289/ros2_ws/install/my_py_pkg/lib/python3.12/site-packages/my_py_pkg-0.0.0-py3.12.egg-info' (and everything under it)
[0.513s] Copying ../../build/my_py_pkg/my_py_pkg.egg-info to /home/anand289/ros2_ws/install/my_py_pkg/lib/python3.12/site-packages/my_py_pkg-0.0.0-py3.12.egg-info
[0.513s] running install_scripts
[0.564s] Installing add_two_ints_client script to /home/anand289/ros2_ws/install/my_py_pkg/lib/my_py_pkg
[0.564s] Installing add_two_ints_client_no_oop script to /home/anand289/ros2_ws/install/my_py_pkg/lib/my_py_pkg
[0.564s] Installing add_two_ints_server script to /home/anand289/ros2_ws/install/my_py_pkg/lib/my_py_pkg
[0.564s] Installing hw_status_publisher script to /home/anand289/ros2_ws/install/my_py_pkg/lib/my_py_pkg
[0.565s] Installing number_counter script to /home/anand289/ros2_ws/install/my_py_pkg/lib/my_py_pkg
[0.565s] Installing number_publisher script to /home/anand289/ros2_ws/install/my_py_pkg/lib/my_py_pkg
[0.565s] Installing py_node script to /home/anand289/ros2_ws/install/my_py_pkg/lib/my_py_pkg
[0.565s] Installing robot_news_station script to /home/anand289/ros2_ws/install/my_py_pkg/lib/my_py_pkg
[0.565s] Installing smartphone script to /home/anand289/ros2_ws/install/my_py_pkg/lib/my_py_pkg
[0.565s] writing list of installed files to '/home/anand289/ros2_ws/build/my_py_pkg/install.log'
[0.579s] Invoked command in '/home/anand289/ros2_ws/src/my_py_pkg' returned '0': CMAKE_PREFIX_PATH=/home/anand289/ros2_ws/install/my_robot_interfaces:/home/anand289/ros2_ws/install/my_robot_bringup:/opt/ros/jazzy/opt/gz_math_vendor:/opt/ros/jazzy/opt/gz_utils_vendor:/opt/ros/jazzy/opt/gz_cmake_vendor DEBUGINFOD_URLS=https://debuginfod.ubuntu.com PYTHONPATH=/home/anand289/ros2_ws/build/my_py_pkg/prefix_override:/usr/lib/python3/dist-packages/colcon_core/task/python/colcon_distutils_commands:/home/anand289/ros2_ws/install/my_py_pkg/lib/python3.12/site-packages:/home/anand289/ros2_ws/install/my_robot_interfaces/lib/python3.12/site-packages:/home/anand289/ros2_ws/build/my_py_pkg:/home/anand289/ros2_ws/install/my_py_pkg/lib/python3.12/site-packages:/opt/ros/jazzy/lib/python3.12/site-packages /usr/bin/python3 -W ignore:setup.py install is deprecated -W ignore:easy_install command is deprecated setup.py egg_info --egg-base ../../build/my_py_pkg build --build-base /home/anand289/ros2_ws/build/my_py_pkg/build install --record /home/anand289/ros2_ws/build/my_py_pkg/install.log --single-version-externally-managed install_data
