[0.300s] Invoking command in '/home/anandsingh/ros2_ws/build/my_py_pkg': PYTHONPATH=/home/anandsingh/ros2_ws/build/my_py_pkg/prefix_override:/home/anandsingh/ros2_ws/install/my_py_pkg/lib/python3.10/site-packages:${PYTHONPATH} /usr/bin/python3 setup.py develop --editable --build-directory /home/anandsingh/ros2_ws/build/my_py_pkg/build --no-deps install_data
[0.416s] running develop
[0.477s] running egg_info
[0.478s] writing my_py_pkg.egg-info/PKG-INFO
[0.478s] writing dependency_links to my_py_pkg.egg-info/dependency_links.txt
[0.478s] writing entry points to my_py_pkg.egg-info/entry_points.txt
[0.478s] writing requirements to my_py_pkg.egg-info/requires.txt
[0.478s] writing top-level names to my_py_pkg.egg-info/top_level.txt
[0.479s] reading manifest file 'my_py_pkg.egg-info/SOURCES.txt'
[0.479s] writing manifest file 'my_py_pkg.egg-info/SOURCES.txt'
[0.480s] running build_ext
[0.480s] Creating /home/anandsingh/ros2_ws/install/my_py_pkg/lib/python3.10/site-packages/my-py-pkg.egg-link (link to .)
[0.481s] Installing add_two_ints_client_no_oop script to /home/anandsingh/ros2_ws/install/my_py_pkg/lib/my_py_pkg
[0.481s] Installing add_two_ints_server script to /home/anandsingh/ros2_ws/install/my_py_pkg/lib/my_py_pkg
[0.481s] Installing py_node script to /home/anandsingh/ros2_ws/install/my_py_pkg/lib/my_py_pkg
[0.481s] Installing robot_news_station script to /home/anandsingh/ros2_ws/install/my_py_pkg/lib/my_py_pkg
[0.481s] Installing smartphone script to /home/anandsingh/ros2_ws/install/my_py_pkg/lib/my_py_pkg
[0.481s] 
[0.481s] Installed /home/anandsingh/ros2_ws/build/my_py_pkg
[0.481s] running install_data
[0.496s] Invoked command in '/home/anandsingh/ros2_ws/build/my_py_pkg' returned '0': PYTHONPATH=/home/anandsingh/ros2_ws/build/my_py_pkg/prefix_override:/home/anandsingh/ros2_ws/install/my_py_pkg/lib/python3.10/site-packages:${PYTHONPATH} /usr/bin/python3 setup.py develop --editable --build-directory /home/anandsingh/ros2_ws/build/my_py_pkg/build --no-deps install_data
