[0.007s] Invoking command in '/home/anand289/ros2_ws/build/my_robot_description': CMAKE_PREFIX_PATH=${CMAKE_PREFIX_PATH}:/home/anand289/ros2_ws/install/catching_turtles_pkg:/home/anand289/ros2_ws/install/catching_turtles:/home/anand289/ros2_ws/install/my_py_pkg:/opt/ros/jazzy DEBUGINFOD_URLS=https://debuginfod.ubuntu.com /usr/bin/cmake --build /home/anand289/ros2_ws/build/my_robot_description -- -j4 -l4
[0.075s] Invoked command in '/home/anand289/ros2_ws/build/my_robot_description' returned '0': CMAKE_PREFIX_PATH=${CMAKE_PREFIX_PATH}:/home/anand289/ros2_ws/install/catching_turtles_pkg:/home/anand289/ros2_ws/install/catching_turtles:/home/anand289/ros2_ws/install/my_py_pkg:/opt/ros/jazzy DEBUGINFOD_URLS=https://debuginfod.ubuntu.com /usr/bin/cmake --build /home/anand289/ros2_ws/build/my_robot_description -- -j4 -l4
[0.087s] Invoking command in '/home/anand289/ros2_ws/build/my_robot_description': CMAKE_PREFIX_PATH=${CMAKE_PREFIX_PATH}:/home/anand289/ros2_ws/install/catching_turtles_pkg:/home/anand289/ros2_ws/install/catching_turtles:/home/anand289/ros2_ws/install/my_py_pkg:/opt/ros/jazzy DEBUGINFOD_URLS=https://debuginfod.ubuntu.com /usr/bin/cmake --install /home/anand289/ros2_ws/build/my_robot_description
[0.094s] -- Install configuration: ""
[0.094s] -- Execute custom install script
[0.096s] -- Up-to-date symlink: /home/anand289/ros2_ws/install/my_robot_description/share/my_robot_description/urdf/my_robot.urdf
[0.096s] -- Up-to-date symlink: /home/anand289/ros2_ws/install/my_robot_description/share/my_robot_description/launch/display.launch.py
[0.096s] -- Up-to-date symlink: /home/anand289/ros2_ws/install/my_robot_description/share/my_robot_description/launch/display.launch.xml
[0.096s] -- Up-to-date symlink: /home/anand289/ros2_ws/install/my_robot_description/share/ament_index/resource_index/package_run_dependencies/my_robot_description
[0.096s] -- Up-to-date symlink: /home/anand289/ros2_ws/install/my_robot_description/share/ament_index/resource_index/parent_prefix_path/my_robot_description
[0.097s] -- Up-to-date symlink: /home/anand289/ros2_ws/install/my_robot_description/share/my_robot_description/environment/ament_prefix_path.sh
[0.097s] -- Up-to-date symlink: /home/anand289/ros2_ws/install/my_robot_description/share/my_robot_description/environment/ament_prefix_path.dsv
[0.098s] -- Up-to-date symlink: /home/anand289/ros2_ws/install/my_robot_description/share/my_robot_description/environment/path.sh
[0.098s] -- Up-to-date symlink: /home/anand289/ros2_ws/install/my_robot_description/share/my_robot_description/environment/path.dsv
[0.098s] -- Up-to-date symlink: /home/anand289/ros2_ws/install/my_robot_description/share/my_robot_description/local_setup.bash
[0.098s] -- Up-to-date symlink: /home/anand289/ros2_ws/install/my_robot_description/share/my_robot_description/local_setup.sh
[0.098s] -- Up-to-date symlink: /home/anand289/ros2_ws/install/my_robot_description/share/my_robot_description/local_setup.zsh
[0.098s] -- Up-to-date symlink: /home/anand289/ros2_ws/install/my_robot_description/share/my_robot_description/local_setup.dsv
[0.098s] -- Symlinking: /home/anand289/ros2_ws/install/my_robot_description/share/my_robot_description/package.dsv
[0.104s] -- Up-to-date symlink: /home/anand289/ros2_ws/install/my_robot_description/share/ament_index/resource_index/packages/my_robot_description
[0.104s] -- Up-to-date symlink: /home/anand289/ros2_ws/install/my_robot_description/share/my_robot_description/cmake/my_robot_descriptionConfig.cmake
[0.104s] -- Up-to-date symlink: /home/anand289/ros2_ws/install/my_robot_description/share/my_robot_description/cmake/my_robot_descriptionConfig-version.cmake
[0.104s] -- Up-to-date symlink: /home/anand289/ros2_ws/install/my_robot_description/share/my_robot_description/package.xml
[0.105s] Invoked command in '/home/anand289/ros2_ws/build/my_robot_description' returned '0': CMAKE_PREFIX_PATH=${CMAKE_PREFIX_PATH}:/home/anand289/ros2_ws/install/catching_turtles_pkg:/home/anand289/ros2_ws/install/catching_turtles:/home/anand289/ros2_ws/install/my_py_pkg:/opt/ros/jazzy DEBUGINFOD_URLS=https://debuginfod.ubuntu.com /usr/bin/cmake --install /home/anand289/ros2_ws/build/my_robot_description
