[0.060s] DEBUG:colcon:Command line arguments: ['/usr/bin/colcon', 'build', '--symlink-install']
[0.060s] DEBUG:colcon:Parsed command line arguments: Namespace(log_base=None, log_level=None, verb_name='build', build_base='build', install_base='install', merge_install=False, symlink_install=True, test_result_base=None, continue_on_error=False, executor='parallel', parallel_workers=4, event_handlers=None, ignore_user_meta=False, metas=['./colcon.meta'], base_paths=['.'], packages_ignore=None, packages_ignore_regex=None, paths=None, packages_up_to=None, packages_up_to_regex=None, packages_above=None, packages_above_and_dependencies=None, packages_above_depth=None, packages_select_by_dep=None, packages_skip_by_dep=None, packages_skip_up_to=None, packages_select_build_failed=False, packages_skip_build_finished=False, packages_select_test_failures=False, packages_skip_test_passed=False, packages_select=None, packages_skip=None, packages_select_regex=None, packages_skip_regex=None, packages_start=None, packages_end=None, allow_overriding=[], cmake_args=None, cmake_target=None, cmake_target_skip_unavailable=False, cmake_clean_cache=False, cmake_clean_first=False, cmake_force_configure=False, ament_cmake_args=None, catkin_cmake_args=None, catkin_skip_building_tests=False, mixin_files=None, mixin=None, verb_parser=<colcon_mixin.mixin.mixin_argument.MixinArgumentDecorator object at 0xf59f66b11280>, verb_extension=<colcon_core.verb.build.BuildVerb object at 0xf59f66b10b60>, main=<bound method BuildVerb.main of <colcon_core.verb.build.BuildVerb object at 0xf59f66b10b60>>, mixin_verb=('build',))
[0.079s] Level 1:colcon.colcon_core.package_discovery:discover_packages(colcon_meta) check parameters
[0.079s] Level 1:colcon.colcon_core.package_discovery:discover_packages(recursive) check parameters
[0.079s] Level 1:colcon.colcon_core.package_discovery:discover_packages(ignore) check parameters
[0.079s] Level 1:colcon.colcon_core.package_discovery:discover_packages(path) check parameters
[0.079s] Level 1:colcon.colcon_core.package_discovery:discover_packages(colcon_meta) discover
[0.079s] Level 1:colcon.colcon_core.package_discovery:discover_packages(recursive) discover
[0.079s] INFO:colcon.colcon_core.package_discovery:Crawling recursively for packages in '/home/anand289/ros2_ws'
[0.079s] Level 1:colcon.colcon_core.package_identification:_identify(.) by extensions ['ignore', 'ignore_ament_install']
[0.079s] Level 1:colcon.colcon_core.package_identification:_identify(.) by extension 'ignore'
[0.079s] Level 1:colcon.colcon_core.package_identification:_identify(.) by extension 'ignore_ament_install'
[0.079s] Level 1:colcon.colcon_core.package_identification:_identify(.) by extensions ['colcon_pkg']
[0.079s] Level 1:colcon.colcon_core.package_identification:_identify(.) by extension 'colcon_pkg'
[0.079s] Level 1:colcon.colcon_core.package_identification:_identify(.) by extensions ['colcon_meta']
[0.079s] Level 1:colcon.colcon_core.package_identification:_identify(.) by extension 'colcon_meta'
[0.079s] Level 1:colcon.colcon_core.package_identification:_identify(.) by extensions ['ros']
[0.079s] Level 1:colcon.colcon_core.package_identification:_identify(.) by extension 'ros'
[0.093s] Level 1:colcon.colcon_core.package_identification:_identify(.) by extensions ['cmake', 'python']
[0.093s] Level 1:colcon.colcon_core.package_identification:_identify(.) by extension 'cmake'
[0.093s] Level 1:colcon.colcon_core.package_identification:_identify(.) by extension 'python'
[0.093s] Level 1:colcon.colcon_core.package_identification:_identify(.) by extensions ['python_setup_py']
[0.093s] Level 1:colcon.colcon_core.package_identification:_identify(.) by extension 'python_setup_py'
[0.093s] Level 1:colcon.colcon_core.package_identification:_identify(build) by extensions ['ignore', 'ignore_ament_install']
[0.093s] Level 1:colcon.colcon_core.package_identification:_identify(build) by extension 'ignore'
[0.093s] Level 1:colcon.colcon_core.package_identification:_identify(build) ignored
[0.093s] Level 1:colcon.colcon_core.package_identification:_identify(install) by extensions ['ignore', 'ignore_ament_install']
[0.093s] Level 1:colcon.colcon_core.package_identification:_identify(install) by extension 'ignore'
[0.093s] Level 1:colcon.colcon_core.package_identification:_identify(install) ignored
[0.093s] Level 1:colcon.colcon_core.package_identification:_identify(log) by extensions ['ignore', 'ignore_ament_install']
[0.093s] Level 1:colcon.colcon_core.package_identification:_identify(log) by extension 'ignore'
[0.093s] Level 1:colcon.colcon_core.package_identification:_identify(log) ignored
[0.093s] Level 1:colcon.colcon_core.package_identification:_identify(src) by extensions ['ignore', 'ignore_ament_install']
[0.093s] Level 1:colcon.colcon_core.package_identification:_identify(src) by extension 'ignore'
[0.093s] Level 1:colcon.colcon_core.package_identification:_identify(src) by extension 'ignore_ament_install'
[0.093s] Level 1:colcon.colcon_core.package_identification:_identify(src) by extensions ['colcon_pkg']
[0.093s] Level 1:colcon.colcon_core.package_identification:_identify(src) by extension 'colcon_pkg'
[0.093s] Level 1:colcon.colcon_core.package_identification:_identify(src) by extensions ['colcon_meta']
[0.093s] Level 1:colcon.colcon_core.package_identification:_identify(src) by extension 'colcon_meta'
[0.093s] Level 1:colcon.colcon_core.package_identification:_identify(src) by extensions ['ros']
[0.093s] Level 1:colcon.colcon_core.package_identification:_identify(src) by extension 'ros'
[0.093s] Level 1:colcon.colcon_core.package_identification:_identify(src) by extensions ['cmake', 'python']
[0.093s] Level 1:colcon.colcon_core.package_identification:_identify(src) by extension 'cmake'
[0.093s] Level 1:colcon.colcon_core.package_identification:_identify(src) by extension 'python'
[0.093s] Level 1:colcon.colcon_core.package_identification:_identify(src) by extensions ['python_setup_py']
[0.093s] Level 1:colcon.colcon_core.package_identification:_identify(src) by extension 'python_setup_py'
[0.093s] Level 1:colcon.colcon_core.package_identification:_identify(src/my_py_pkg) by extensions ['ignore', 'ignore_ament_install']
[0.093s] Level 1:colcon.colcon_core.package_identification:_identify(src/my_py_pkg) by extension 'ignore'
[0.094s] Level 1:colcon.colcon_core.package_identification:_identify(src/my_py_pkg) by extension 'ignore_ament_install'
[0.094s] Level 1:colcon.colcon_core.package_identification:_identify(src/my_py_pkg) by extensions ['colcon_pkg']
[0.094s] Level 1:colcon.colcon_core.package_identification:_identify(src/my_py_pkg) by extension 'colcon_pkg'
[0.094s] Level 1:colcon.colcon_core.package_identification:_identify(src/my_py_pkg) by extensions ['colcon_meta']
[0.094s] Level 1:colcon.colcon_core.package_identification:_identify(src/my_py_pkg) by extension 'colcon_meta'
[0.094s] Level 1:colcon.colcon_core.package_identification:_identify(src/my_py_pkg) by extensions ['ros']
[0.094s] Level 1:colcon.colcon_core.package_identification:_identify(src/my_py_pkg) by extension 'ros'
[0.095s] DEBUG:colcon.colcon_core.package_identification:Package 'src/my_py_pkg' with type 'ros.ament_python' and name 'my_py_pkg'
[0.095s] Level 1:colcon.colcon_core.package_identification:_identify(src/my_robot_bringup) by extensions ['ignore', 'ignore_ament_install']
[0.095s] Level 1:colcon.colcon_core.package_identification:_identify(src/my_robot_bringup) by extension 'ignore'
[0.095s] Level 1:colcon.colcon_core.package_identification:_identify(src/my_robot_bringup) by extension 'ignore_ament_install'
[0.095s] Level 1:colcon.colcon_core.package_identification:_identify(src/my_robot_bringup) by extensions ['colcon_pkg']
[0.095s] Level 1:colcon.colcon_core.package_identification:_identify(src/my_robot_bringup) by extension 'colcon_pkg'
[0.095s] Level 1:colcon.colcon_core.package_identification:_identify(src/my_robot_bringup) by extensions ['colcon_meta']
[0.095s] Level 1:colcon.colcon_core.package_identification:_identify(src/my_robot_bringup) by extension 'colcon_meta'
[0.095s] Level 1:colcon.colcon_core.package_identification:_identify(src/my_robot_bringup) by extensions ['ros']
[0.095s] Level 1:colcon.colcon_core.package_identification:_identify(src/my_robot_bringup) by extension 'ros'
[0.095s] DEBUG:colcon.colcon_core.package_identification:Package 'src/my_robot_bringup' with type 'ros.ament_cmake' and name 'my_robot_bringup'
[0.095s] Level 1:colcon.colcon_core.package_identification:_identify(src/my_robot_interfaces) by extensions ['ignore', 'ignore_ament_install']
[0.095s] Level 1:colcon.colcon_core.package_identification:_identify(src/my_robot_interfaces) by extension 'ignore'
[0.095s] Level 1:colcon.colcon_core.package_identification:_identify(src/my_robot_interfaces) by extension 'ignore_ament_install'
[0.095s] Level 1:colcon.colcon_core.package_identification:_identify(src/my_robot_interfaces) by extensions ['colcon_pkg']
[0.095s] Level 1:colcon.colcon_core.package_identification:_identify(src/my_robot_interfaces) by extension 'colcon_pkg'
[0.095s] Level 1:colcon.colcon_core.package_identification:_identify(src/my_robot_interfaces) by extensions ['colcon_meta']
[0.096s] Level 1:colcon.colcon_core.package_identification:_identify(src/my_robot_interfaces) by extension 'colcon_meta'
[0.096s] Level 1:colcon.colcon_core.package_identification:_identify(src/my_robot_interfaces) by extensions ['ros']
[0.096s] Level 1:colcon.colcon_core.package_identification:_identify(src/my_robot_interfaces) by extension 'ros'
[0.096s] DEBUG:colcon.colcon_core.package_identification:Package 'src/my_robot_interfaces' with type 'ros.ament_cmake' and name 'my_robot_interfaces'
[0.096s] Level 1:colcon.colcon_core.package_discovery:discover_packages(recursive) using defaults
[0.096s] Level 1:colcon.colcon_core.package_discovery:discover_packages(ignore) discover
[0.096s] Level 1:colcon.colcon_core.package_discovery:discover_packages(ignore) using defaults
[0.096s] Level 1:colcon.colcon_core.package_discovery:discover_packages(path) discover
[0.096s] Level 1:colcon.colcon_core.package_discovery:discover_packages(path) using defaults
[0.105s] Level 1:colcon.colcon_core.package_discovery:discover_packages(prefix_path) check parameters
[0.105s] Level 1:colcon.colcon_core.package_discovery:discover_packages(prefix_path) discover
[0.106s] DEBUG:colcon.colcon_installed_package_information.package_discovery:Found 3 installed packages in /home/anand289/ros2_ws/install
[0.107s] DEBUG:colcon.colcon_installed_package_information.package_discovery:Found 286 installed packages in /opt/ros/jazzy
[0.108s] Level 1:colcon.colcon_core.package_discovery:discover_packages(prefix_path) using defaults
[0.127s] Level 5:colcon.colcon_core.verb:set package 'my_robot_interfaces' build argument 'cmake_args' from command line to 'None'
[0.127s] Level 5:colcon.colcon_core.verb:set package 'my_robot_interfaces' build argument 'cmake_target' from command line to 'None'
[0.127s] Level 5:colcon.colcon_core.verb:set package 'my_robot_interfaces' build argument 'cmake_target_skip_unavailable' from command line to 'False'
[0.127s] Level 5:colcon.colcon_core.verb:set package 'my_robot_interfaces' build argument 'cmake_clean_cache' from command line to 'False'
[0.127s] Level 5:colcon.colcon_core.verb:set package 'my_robot_interfaces' build argument 'cmake_clean_first' from command line to 'False'
[0.127s] Level 5:colcon.colcon_core.verb:set package 'my_robot_interfaces' build argument 'cmake_force_configure' from command line to 'False'
[0.127s] Level 5:colcon.colcon_core.verb:set package 'my_robot_interfaces' build argument 'ament_cmake_args' from command line to 'None'
[0.128s] Level 5:colcon.colcon_core.verb:set package 'my_robot_interfaces' build argument 'catkin_cmake_args' from command line to 'None'
[0.128s] Level 5:colcon.colcon_core.verb:set package 'my_robot_interfaces' build argument 'catkin_skip_building_tests' from command line to 'False'
[0.128s] DEBUG:colcon.colcon_core.verb:Building package 'my_robot_interfaces' with the following arguments: {'ament_cmake_args': None, 'build_base': '/home/anand289/ros2_ws/build/my_robot_interfaces', 'catkin_cmake_args': None, 'catkin_skip_building_tests': False, 'cmake_args': None, 'cmake_clean_cache': False, 'cmake_clean_first': False, 'cmake_force_configure': False, 'cmake_target': None, 'cmake_target_skip_unavailable': False, 'install_base': '/home/anand289/ros2_ws/install/my_robot_interfaces', 'merge_install': False, 'path': '/home/anand289/ros2_ws/src/my_robot_interfaces', 'symlink_install': True, 'test_result_base': None}
[0.128s] Level 5:colcon.colcon_core.verb:set package 'my_py_pkg' build argument 'cmake_args' from command line to 'None'
[0.128s] Level 5:colcon.colcon_core.verb:set package 'my_py_pkg' build argument 'cmake_target' from command line to 'None'
[0.128s] Level 5:colcon.colcon_core.verb:set package 'my_py_pkg' build argument 'cmake_target_skip_unavailable' from command line to 'False'
[0.128s] Level 5:colcon.colcon_core.verb:set package 'my_py_pkg' build argument 'cmake_clean_cache' from command line to 'False'
[0.128s] Level 5:colcon.colcon_core.verb:set package 'my_py_pkg' build argument 'cmake_clean_first' from command line to 'False'
[0.128s] Level 5:colcon.colcon_core.verb:set package 'my_py_pkg' build argument 'cmake_force_configure' from command line to 'False'
[0.128s] Level 5:colcon.colcon_core.verb:set package 'my_py_pkg' build argument 'ament_cmake_args' from command line to 'None'
[0.128s] Level 5:colcon.colcon_core.verb:set package 'my_py_pkg' build argument 'catkin_cmake_args' from command line to 'None'
[0.128s] Level 5:colcon.colcon_core.verb:set package 'my_py_pkg' build argument 'catkin_skip_building_tests' from command line to 'False'
[0.128s] DEBUG:colcon.colcon_core.verb:Building package 'my_py_pkg' with the following arguments: {'ament_cmake_args': None, 'build_base': '/home/anand289/ros2_ws/build/my_py_pkg', 'catkin_cmake_args': None, 'catkin_skip_building_tests': False, 'cmake_args': None, 'cmake_clean_cache': False, 'cmake_clean_first': False, 'cmake_force_configure': False, 'cmake_target': None, 'cmake_target_skip_unavailable': False, 'install_base': '/home/anand289/ros2_ws/install/my_py_pkg', 'merge_install': False, 'path': '/home/anand289/ros2_ws/src/my_py_pkg', 'symlink_install': True, 'test_result_base': None}
[0.128s] Level 5:colcon.colcon_core.verb:set package 'my_robot_bringup' build argument 'cmake_args' from command line to 'None'
[0.128s] Level 5:colcon.colcon_core.verb:set package 'my_robot_bringup' build argument 'cmake_target' from command line to 'None'
[0.128s] Level 5:colcon.colcon_core.verb:set package 'my_robot_bringup' build argument 'cmake_target_skip_unavailable' from command line to 'False'
[0.128s] Level 5:colcon.colcon_core.verb:set package 'my_robot_bringup' build argument 'cmake_clean_cache' from command line to 'False'
[0.128s] Level 5:colcon.colcon_core.verb:set package 'my_robot_bringup' build argument 'cmake_clean_first' from command line to 'False'
[0.128s] Level 5:colcon.colcon_core.verb:set package 'my_robot_bringup' build argument 'cmake_force_configure' from command line to 'False'
[0.128s] Level 5:colcon.colcon_core.verb:set package 'my_robot_bringup' build argument 'ament_cmake_args' from command line to 'None'
[0.128s] Level 5:colcon.colcon_core.verb:set package 'my_robot_bringup' build argument 'catkin_cmake_args' from command line to 'None'
[0.128s] Level 5:colcon.colcon_core.verb:set package 'my_robot_bringup' build argument 'catkin_skip_building_tests' from command line to 'False'
[0.128s] DEBUG:colcon.colcon_core.verb:Building package 'my_robot_bringup' with the following arguments: {'ament_cmake_args': None, 'build_base': '/home/anand289/ros2_ws/build/my_robot_bringup', 'catkin_cmake_args': None, 'catkin_skip_building_tests': False, 'cmake_args': None, 'cmake_clean_cache': False, 'cmake_clean_first': False, 'cmake_force_configure': False, 'cmake_target': None, 'cmake_target_skip_unavailable': False, 'install_base': '/home/anand289/ros2_ws/install/my_robot_bringup', 'merge_install': False, 'path': '/home/anand289/ros2_ws/src/my_robot_bringup', 'symlink_install': True, 'test_result_base': None}
[0.128s] INFO:colcon.colcon_core.executor:Executing jobs using 'parallel' executor
[0.128s] DEBUG:colcon.colcon_parallel_executor.executor.parallel:run_until_complete
[0.129s] INFO:colcon.colcon_ros.task.ament_cmake.build:Building ROS package in '/home/anand289/ros2_ws/src/my_robot_interfaces' with build type 'ament_cmake'
[0.129s] INFO:colcon.colcon_cmake.task.cmake.build:Building CMake package in '/home/anand289/ros2_ws/src/my_robot_interfaces'
[0.130s] INFO:colcon.colcon_core.plugin_system:Skipping extension 'colcon_core.shell.bat': Not used on non-Windows systems
[0.130s] INFO:colcon.colcon_core.shell:Skip shell extension 'powershell' for command environment: Not usable outside of PowerShell
[0.130s] DEBUG:colcon.colcon_core.shell:Skip shell extension 'dsv' for command environment
[0.136s] DEBUG:colcon.colcon_core.event_handler.log_command:Invoking command in '/home/anand289/ros2_ws/build/my_robot_interfaces': CMAKE_PREFIX_PATH=${CMAKE_PREFIX_PATH}:/home/anand289/ros2_ws/install/my_py_pkg:/opt/ros/jazzy DEBUGINFOD_URLS=https://debuginfod.ubuntu.com /usr/bin/cmake --build /home/anand289/ros2_ws/build/my_robot_interfaces -- -j4 -l4
[0.330s] DEBUG:colcon.colcon_core.event_handler.log_command:Invoked command in '/home/anand289/ros2_ws/build/my_robot_interfaces' returned '0': CMAKE_PREFIX_PATH=${CMAKE_PREFIX_PATH}:/home/anand289/ros2_ws/install/my_py_pkg:/opt/ros/jazzy DEBUGINFOD_URLS=https://debuginfod.ubuntu.com /usr/bin/cmake --build /home/anand289/ros2_ws/build/my_robot_interfaces -- -j4 -l4
[0.335s] DEBUG:colcon.colcon_core.event_handler.log_command:Invoking command in '/home/anand289/ros2_ws/build/my_robot_interfaces': CMAKE_PREFIX_PATH=${CMAKE_PREFIX_PATH}:/home/anand289/ros2_ws/install/my_py_pkg:/opt/ros/jazzy DEBUGINFOD_URLS=https://debuginfod.ubuntu.com /usr/bin/cmake --install /home/anand289/ros2_ws/build/my_robot_interfaces
[0.378s] Level 1:colcon.colcon_core.environment:create_environment_scripts_only(my_robot_interfaces)
[0.378s] DEBUG:colcon.colcon_core.event_handler.log_command:Invoked command in '/home/anand289/ros2_ws/build/my_robot_interfaces' returned '0': CMAKE_PREFIX_PATH=${CMAKE_PREFIX_PATH}:/home/anand289/ros2_ws/install/my_py_pkg:/opt/ros/jazzy DEBUGINFOD_URLS=https://debuginfod.ubuntu.com /usr/bin/cmake --install /home/anand289/ros2_ws/build/my_robot_interfaces
[0.379s] Level 1:colcon.colcon_core.environment:checking '/home/anand289/ros2_ws/install/my_robot_interfaces' for CMake module files
[0.379s] Level 1:colcon.colcon_core.environment:checking '/home/anand289/ros2_ws/install/my_robot_interfaces' for CMake config files
[0.380s] Level 1:colcon.colcon_core.shell:create_environment_hook('my_robot_interfaces', 'cmake_prefix_path')
[0.380s] INFO:colcon.colcon_core.shell:Creating environment hook '/home/anand289/ros2_ws/install/my_robot_interfaces/share/my_robot_interfaces/hook/cmake_prefix_path.ps1'
[0.380s] INFO:colcon.colcon_core.shell:Creating environment descriptor '/home/anand289/ros2_ws/install/my_robot_interfaces/share/my_robot_interfaces/hook/cmake_prefix_path.dsv'
[0.380s] INFO:colcon.colcon_core.shell:Creating environment hook '/home/anand289/ros2_ws/install/my_robot_interfaces/share/my_robot_interfaces/hook/cmake_prefix_path.sh'
[0.381s] Level 1:colcon.colcon_core.environment:checking '/home/anand289/ros2_ws/install/my_robot_interfaces/lib'
[0.381s] Level 1:colcon.colcon_core.shell:create_environment_hook('my_robot_interfaces', 'ld_library_path_lib')
[0.381s] INFO:colcon.colcon_core.shell:Creating environment hook '/home/anand289/ros2_ws/install/my_robot_interfaces/share/my_robot_interfaces/hook/ld_library_path_lib.ps1'
[0.381s] INFO:colcon.colcon_core.shell:Creating environment descriptor '/home/anand289/ros2_ws/install/my_robot_interfaces/share/my_robot_interfaces/hook/ld_library_path_lib.dsv'
[0.381s] INFO:colcon.colcon_core.shell:Creating environment hook '/home/anand289/ros2_ws/install/my_robot_interfaces/share/my_robot_interfaces/hook/ld_library_path_lib.sh'
[0.381s] Level 1:colcon.colcon_core.environment:checking '/home/anand289/ros2_ws/install/my_robot_interfaces/bin'
[0.381s] Level 1:colcon.colcon_core.environment:checking '/home/anand289/ros2_ws/install/my_robot_interfaces/lib/pkgconfig/my_robot_interfaces.pc'
[0.382s] Level 1:colcon.colcon_core.environment:checking '/home/anand289/ros2_ws/install/my_robot_interfaces/lib/python3.12/site-packages'
[0.382s] Level 1:colcon.colcon_core.shell:create_environment_hook('my_robot_interfaces', 'pythonpath')
[0.382s] INFO:colcon.colcon_core.shell:Creating environment hook '/home/anand289/ros2_ws/install/my_robot_interfaces/share/my_robot_interfaces/hook/pythonpath.ps1'
[0.382s] INFO:colcon.colcon_core.shell:Creating environment descriptor '/home/anand289/ros2_ws/install/my_robot_interfaces/share/my_robot_interfaces/hook/pythonpath.dsv'
[0.382s] INFO:colcon.colcon_core.shell:Creating environment hook '/home/anand289/ros2_ws/install/my_robot_interfaces/share/my_robot_interfaces/hook/pythonpath.sh'
[0.382s] Level 1:colcon.colcon_core.environment:checking '/home/anand289/ros2_ws/install/my_robot_interfaces/bin'
[0.383s] INFO:colcon.colcon_core.shell:Creating package script '/home/anand289/ros2_ws/install/my_robot_interfaces/share/my_robot_interfaces/package.ps1'
[0.383s] INFO:colcon.colcon_core.shell:Creating package descriptor '/home/anand289/ros2_ws/install/my_robot_interfaces/share/my_robot_interfaces/package.dsv'
[0.383s] INFO:colcon.colcon_core.shell:Creating package script '/home/anand289/ros2_ws/install/my_robot_interfaces/share/my_robot_interfaces/package.sh'
[0.383s] INFO:colcon.colcon_core.shell:Creating package script '/home/anand289/ros2_ws/install/my_robot_interfaces/share/my_robot_interfaces/package.bash'
[0.384s] INFO:colcon.colcon_core.shell:Creating package script '/home/anand289/ros2_ws/install/my_robot_interfaces/share/my_robot_interfaces/package.zsh'
[0.384s] Level 1:colcon.colcon_core.environment:create_file_with_runtime_dependencies(/home/anand289/ros2_ws/install/my_robot_interfaces/share/colcon-core/packages/my_robot_interfaces)
[0.384s] Level 1:colcon.colcon_core.environment:create_environment_scripts_only(my_robot_interfaces)
[0.384s] Level 1:colcon.colcon_core.environment:checking '/home/anand289/ros2_ws/install/my_robot_interfaces' for CMake module files
[0.385s] Level 1:colcon.colcon_core.environment:checking '/home/anand289/ros2_ws/install/my_robot_interfaces' for CMake config files
[0.385s] Level 1:colcon.colcon_core.shell:create_environment_hook('my_robot_interfaces', 'cmake_prefix_path')
[0.385s] INFO:colcon.colcon_core.shell:Creating environment hook '/home/anand289/ros2_ws/install/my_robot_interfaces/share/my_robot_interfaces/hook/cmake_prefix_path.ps1'
[0.385s] INFO:colcon.colcon_core.shell:Creating environment descriptor '/home/anand289/ros2_ws/install/my_robot_interfaces/share/my_robot_interfaces/hook/cmake_prefix_path.dsv'
[0.385s] INFO:colcon.colcon_core.shell:Creating environment hook '/home/anand289/ros2_ws/install/my_robot_interfaces/share/my_robot_interfaces/hook/cmake_prefix_path.sh'
[0.385s] Level 1:colcon.colcon_core.environment:checking '/home/anand289/ros2_ws/install/my_robot_interfaces/lib'
[0.385s] Level 1:colcon.colcon_core.shell:create_environment_hook('my_robot_interfaces', 'ld_library_path_lib')
[0.386s] INFO:colcon.colcon_core.shell:Creating environment hook '/home/anand289/ros2_ws/install/my_robot_interfaces/share/my_robot_interfaces/hook/ld_library_path_lib.ps1'
[0.386s] INFO:colcon.colcon_core.shell:Creating environment descriptor '/home/anand289/ros2_ws/install/my_robot_interfaces/share/my_robot_interfaces/hook/ld_library_path_lib.dsv'
[0.386s] INFO:colcon.colcon_core.shell:Creating environment hook '/home/anand289/ros2_ws/install/my_robot_interfaces/share/my_robot_interfaces/hook/ld_library_path_lib.sh'
[0.386s] Level 1:colcon.colcon_core.environment:checking '/home/anand289/ros2_ws/install/my_robot_interfaces/bin'
[0.386s] Level 1:colcon.colcon_core.environment:checking '/home/anand289/ros2_ws/install/my_robot_interfaces/lib/pkgconfig/my_robot_interfaces.pc'
[0.386s] Level 1:colcon.colcon_core.environment:checking '/home/anand289/ros2_ws/install/my_robot_interfaces/lib/python3.12/site-packages'
[0.386s] Level 1:colcon.colcon_core.shell:create_environment_hook('my_robot_interfaces', 'pythonpath')
[0.386s] INFO:colcon.colcon_core.shell:Creating environment hook '/home/anand289/ros2_ws/install/my_robot_interfaces/share/my_robot_interfaces/hook/pythonpath.ps1'
[0.386s] INFO:colcon.colcon_core.shell:Creating environment descriptor '/home/anand289/ros2_ws/install/my_robot_interfaces/share/my_robot_interfaces/hook/pythonpath.dsv'
[0.386s] INFO:colcon.colcon_core.shell:Creating environment hook '/home/anand289/ros2_ws/install/my_robot_interfaces/share/my_robot_interfaces/hook/pythonpath.sh'
[0.387s] Level 1:colcon.colcon_core.environment:checking '/home/anand289/ros2_ws/install/my_robot_interfaces/bin'
[0.387s] INFO:colcon.colcon_core.shell:Creating package script '/home/anand289/ros2_ws/install/my_robot_interfaces/share/my_robot_interfaces/package.ps1'
[0.387s] INFO:colcon.colcon_core.shell:Creating package descriptor '/home/anand289/ros2_ws/install/my_robot_interfaces/share/my_robot_interfaces/package.dsv'
[0.387s] INFO:colcon.colcon_core.shell:Creating package script '/home/anand289/ros2_ws/install/my_robot_interfaces/share/my_robot_interfaces/package.sh'
[0.387s] INFO:colcon.colcon_core.shell:Creating package script '/home/anand289/ros2_ws/install/my_robot_interfaces/share/my_robot_interfaces/package.bash'
[0.388s] INFO:colcon.colcon_core.shell:Creating package script '/home/anand289/ros2_ws/install/my_robot_interfaces/share/my_robot_interfaces/package.zsh'
[0.388s] Level 1:colcon.colcon_core.environment:create_file_with_runtime_dependencies(/home/anand289/ros2_ws/install/my_robot_interfaces/share/colcon-core/packages/my_robot_interfaces)
[0.388s] INFO:colcon.colcon_ros.task.ament_python.build:Building ROS package in '/home/anand289/ros2_ws/src/my_py_pkg' with build type 'ament_python'
[0.388s] Level 1:colcon.colcon_core.shell:create_environment_hook('my_py_pkg', 'ament_prefix_path')
[0.388s] INFO:colcon.colcon_core.shell:Creating environment hook '/home/anand289/ros2_ws/install/my_py_pkg/share/my_py_pkg/hook/ament_prefix_path.ps1'
[0.389s] INFO:colcon.colcon_core.shell:Creating environment descriptor '/home/anand289/ros2_ws/install/my_py_pkg/share/my_py_pkg/hook/ament_prefix_path.dsv'
[0.389s] INFO:colcon.colcon_core.shell:Creating environment hook '/home/anand289/ros2_ws/install/my_py_pkg/share/my_py_pkg/hook/ament_prefix_path.sh'
[0.389s] INFO:colcon.colcon_core.shell:Skip shell extension 'powershell' for command environment: Not usable outside of PowerShell
[0.389s] DEBUG:colcon.colcon_core.shell:Skip shell extension 'dsv' for command environment
[0.500s] INFO:colcon.colcon_core.task.python.build:Building Python package in '/home/anand289/ros2_ws/src/my_py_pkg'
[0.500s] INFO:colcon.colcon_core.shell:Skip shell extension 'powershell' for command environment: Not usable outside of PowerShell
[0.500s] DEBUG:colcon.colcon_core.shell:Skip shell extension 'dsv' for command environment
[0.785s] DEBUG:colcon.colcon_core.event_handler.log_command:Invoking command in '/home/anand289/ros2_ws/build/my_py_pkg': CMAKE_PREFIX_PATH=/home/anand289/ros2_ws/install/my_robot_interfaces:/home/anand289/ros2_ws/install/my_robot_bringup:/opt/ros/jazzy/opt/gz_math_vendor:/opt/ros/jazzy/opt/gz_utils_vendor:/opt/ros/jazzy/opt/gz_cmake_vendor DEBUGINFOD_URLS=https://debuginfod.ubuntu.com PYTHONPATH=/home/anand289/ros2_ws/build/my_py_pkg/prefix_override:/usr/lib/python3/dist-packages/colcon_core/task/python/colcon_distutils_commands:/home/anand289/ros2_ws/install/my_py_pkg/lib/python3.12/site-packages:/home/anand289/ros2_ws/install/my_robot_interfaces/lib/python3.12/site-packages:/home/anand289/ros2_ws/build/my_py_pkg:/home/anand289/ros2_ws/install/my_py_pkg/lib/python3.12/site-packages:/opt/ros/jazzy/lib/python3.12/site-packages /usr/bin/python3 -W ignore:setup.py install is deprecated -W ignore:easy_install command is deprecated setup.py develop --editable --build-directory /home/anand289/ros2_ws/build/my_py_pkg/build --no-deps symlink_data
[1.056s] Level 1:colcon.colcon_core.shell:create_environment_hook('my_py_pkg', 'pythonpath_develop')
[1.057s] DEBUG:colcon.colcon_core.event_handler.log_command:Invoked command in '/home/anand289/ros2_ws/build/my_py_pkg' returned '0': CMAKE_PREFIX_PATH=/home/anand289/ros2_ws/install/my_robot_interfaces:/home/anand289/ros2_ws/install/my_robot_bringup:/opt/ros/jazzy/opt/gz_math_vendor:/opt/ros/jazzy/opt/gz_utils_vendor:/opt/ros/jazzy/opt/gz_cmake_vendor DEBUGINFOD_URLS=https://debuginfod.ubuntu.com PYTHONPATH=/home/anand289/ros2_ws/build/my_py_pkg/prefix_override:/usr/lib/python3/dist-packages/colcon_core/task/python/colcon_distutils_commands:/home/anand289/ros2_ws/install/my_py_pkg/lib/python3.12/site-packages:/home/anand289/ros2_ws/install/my_robot_interfaces/lib/python3.12/site-packages:/home/anand289/ros2_ws/build/my_py_pkg:/home/anand289/ros2_ws/install/my_py_pkg/lib/python3.12/site-packages:/opt/ros/jazzy/lib/python3.12/site-packages /usr/bin/python3 -W ignore:setup.py install is deprecated -W ignore:easy_install command is deprecated setup.py develop --editable --build-directory /home/anand289/ros2_ws/build/my_py_pkg/build --no-deps symlink_data
[1.057s] INFO:colcon.colcon_core.shell:Creating environment hook '/home/anand289/ros2_ws/build/my_py_pkg/share/my_py_pkg/hook/pythonpath_develop.ps1'
[1.058s] INFO:colcon.colcon_core.shell:Creating environment descriptor '/home/anand289/ros2_ws/build/my_py_pkg/share/my_py_pkg/hook/pythonpath_develop.dsv'
[1.058s] INFO:colcon.colcon_core.shell:Creating environment hook '/home/anand289/ros2_ws/build/my_py_pkg/share/my_py_pkg/hook/pythonpath_develop.sh'
[1.058s] Level 1:colcon.colcon_core.environment:checking '/home/anand289/ros2_ws/install/my_py_pkg' for CMake module files
[1.058s] Level 1:colcon.colcon_core.environment:checking '/home/anand289/ros2_ws/install/my_py_pkg' for CMake config files
[1.059s] Level 1:colcon.colcon_core.environment:checking '/home/anand289/ros2_ws/install/my_py_pkg/lib'
[1.059s] Level 1:colcon.colcon_core.environment:checking '/home/anand289/ros2_ws/install/my_py_pkg/bin'
[1.059s] Level 1:colcon.colcon_core.environment:checking '/home/anand289/ros2_ws/install/my_py_pkg/lib/pkgconfig/my_py_pkg.pc'
[1.059s] Level 1:colcon.colcon_core.environment:checking '/home/anand289/ros2_ws/install/my_py_pkg/lib/python3.12/site-packages'
[1.059s] Level 1:colcon.colcon_core.shell:create_environment_hook('my_py_pkg', 'pythonpath')
[1.059s] INFO:colcon.colcon_core.shell:Creating environment hook '/home/anand289/ros2_ws/install/my_py_pkg/share/my_py_pkg/hook/pythonpath.ps1'
[1.059s] INFO:colcon.colcon_core.shell:Creating environment descriptor '/home/anand289/ros2_ws/install/my_py_pkg/share/my_py_pkg/hook/pythonpath.dsv'
[1.059s] INFO:colcon.colcon_core.shell:Creating environment hook '/home/anand289/ros2_ws/install/my_py_pkg/share/my_py_pkg/hook/pythonpath.sh'
[1.060s] Level 1:colcon.colcon_core.environment:checking '/home/anand289/ros2_ws/install/my_py_pkg/bin'
[1.060s] Level 1:colcon.colcon_core.environment:create_environment_scripts_only(my_py_pkg)
[1.060s] INFO:colcon.colcon_core.shell:Creating package script '/home/anand289/ros2_ws/install/my_py_pkg/share/my_py_pkg/package.ps1'
[1.060s] INFO:colcon.colcon_core.shell:Creating package descriptor '/home/anand289/ros2_ws/install/my_py_pkg/share/my_py_pkg/package.dsv'
[1.060s] INFO:colcon.colcon_core.shell:Creating package script '/home/anand289/ros2_ws/install/my_py_pkg/share/my_py_pkg/package.sh'
[1.060s] INFO:colcon.colcon_core.shell:Creating package script '/home/anand289/ros2_ws/install/my_py_pkg/share/my_py_pkg/package.bash'
[1.060s] INFO:colcon.colcon_core.shell:Creating package script '/home/anand289/ros2_ws/install/my_py_pkg/share/my_py_pkg/package.zsh'
[1.061s] Level 1:colcon.colcon_core.environment:create_file_with_runtime_dependencies(/home/anand289/ros2_ws/install/my_py_pkg/share/colcon-core/packages/my_py_pkg)
[1.061s] INFO:colcon.colcon_ros.task.ament_cmake.build:Building ROS package in '/home/anand289/ros2_ws/src/my_robot_bringup' with build type 'ament_cmake'
[1.061s] INFO:colcon.colcon_cmake.task.cmake.build:Building CMake package in '/home/anand289/ros2_ws/src/my_robot_bringup'
[1.061s] INFO:colcon.colcon_core.shell:Skip shell extension 'powershell' for command environment: Not usable outside of PowerShell
[1.061s] DEBUG:colcon.colcon_core.shell:Skip shell extension 'dsv' for command environment
[1.068s] DEBUG:colcon.colcon_core.event_handler.log_command:Invoking command in '/home/anand289/ros2_ws/build/my_robot_bringup': AMENT_PREFIX_PATH=/home/anand289/ros2_ws/install/my_py_pkg:/home/anand289/ros2_ws/install/my_robot_bringup:/home/anand289/ros2_ws/install/my_robot_interfaces:/opt/ros/jazzy CMAKE_PREFIX_PATH=/home/anand289/ros2_ws/install/my_robot_interfaces:/home/anand289/ros2_ws/install/my_robot_bringup:/opt/ros/jazzy/opt/gz_math_vendor:/opt/ros/jazzy/opt/gz_utils_vendor:/opt/ros/jazzy/opt/gz_cmake_vendor:/home/anand289/ros2_ws/install/my_py_pkg:/opt/ros/jazzy DEBUGINFOD_URLS=https://debuginfod.ubuntu.com /usr/bin/cmake --build /home/anand289/ros2_ws/build/my_robot_bringup -- -j4 -l4
[1.087s] DEBUG:colcon.colcon_core.event_handler.log_command:Invoked command in '/home/anand289/ros2_ws/build/my_robot_bringup' returned '0': AMENT_PREFIX_PATH=/home/anand289/ros2_ws/install/my_py_pkg:/home/anand289/ros2_ws/install/my_robot_bringup:/home/anand289/ros2_ws/install/my_robot_interfaces:/opt/ros/jazzy CMAKE_PREFIX_PATH=/home/anand289/ros2_ws/install/my_robot_interfaces:/home/anand289/ros2_ws/install/my_robot_bringup:/opt/ros/jazzy/opt/gz_math_vendor:/opt/ros/jazzy/opt/gz_utils_vendor:/opt/ros/jazzy/opt/gz_cmake_vendor:/home/anand289/ros2_ws/install/my_py_pkg:/opt/ros/jazzy DEBUGINFOD_URLS=https://debuginfod.ubuntu.com /usr/bin/cmake --build /home/anand289/ros2_ws/build/my_robot_bringup -- -j4 -l4
[1.087s] DEBUG:colcon.colcon_core.event_handler.log_command:Invoking command in '/home/anand289/ros2_ws/build/my_robot_bringup': AMENT_PREFIX_PATH=/home/anand289/ros2_ws/install/my_py_pkg:/home/anand289/ros2_ws/install/my_robot_bringup:/home/anand289/ros2_ws/install/my_robot_interfaces:/opt/ros/jazzy CMAKE_PREFIX_PATH=/home/anand289/ros2_ws/install/my_robot_interfaces:/home/anand289/ros2_ws/install/my_robot_bringup:/opt/ros/jazzy/opt/gz_math_vendor:/opt/ros/jazzy/opt/gz_utils_vendor:/opt/ros/jazzy/opt/gz_cmake_vendor:/home/anand289/ros2_ws/install/my_py_pkg:/opt/ros/jazzy DEBUGINFOD_URLS=https://debuginfod.ubuntu.com /usr/bin/cmake --install /home/anand289/ros2_ws/build/my_robot_bringup
[1.098s] Level 1:colcon.colcon_core.environment:create_environment_scripts_only(my_robot_bringup)
[1.099s] Level 1:colcon.colcon_core.environment:checking '/home/anand289/ros2_ws/install/my_robot_bringup' for CMake module files
[1.099s] DEBUG:colcon.colcon_core.event_handler.log_command:Invoked command in '/home/anand289/ros2_ws/build/my_robot_bringup' returned '0': AMENT_PREFIX_PATH=/home/anand289/ros2_ws/install/my_py_pkg:/home/anand289/ros2_ws/install/my_robot_bringup:/home/anand289/ros2_ws/install/my_robot_interfaces:/opt/ros/jazzy CMAKE_PREFIX_PATH=/home/anand289/ros2_ws/install/my_robot_interfaces:/home/anand289/ros2_ws/install/my_robot_bringup:/opt/ros/jazzy/opt/gz_math_vendor:/opt/ros/jazzy/opt/gz_utils_vendor:/opt/ros/jazzy/opt/gz_cmake_vendor:/home/anand289/ros2_ws/install/my_py_pkg:/opt/ros/jazzy DEBUGINFOD_URLS=https://debuginfod.ubuntu.com /usr/bin/cmake --install /home/anand289/ros2_ws/build/my_robot_bringup
[1.099s] Level 1:colcon.colcon_core.environment:checking '/home/anand289/ros2_ws/install/my_robot_bringup' for CMake config files
[1.099s] Level 1:colcon.colcon_core.shell:create_environment_hook('my_robot_bringup', 'cmake_prefix_path')
[1.100s] INFO:colcon.colcon_core.shell:Creating environment hook '/home/anand289/ros2_ws/install/my_robot_bringup/share/my_robot_bringup/hook/cmake_prefix_path.ps1'
[1.100s] INFO:colcon.colcon_core.shell:Creating environment descriptor '/home/anand289/ros2_ws/install/my_robot_bringup/share/my_robot_bringup/hook/cmake_prefix_path.dsv'
[1.100s] INFO:colcon.colcon_core.shell:Creating environment hook '/home/anand289/ros2_ws/install/my_robot_bringup/share/my_robot_bringup/hook/cmake_prefix_path.sh'
[1.100s] Level 1:colcon.colcon_core.environment:checking '/home/anand289/ros2_ws/install/my_robot_bringup/bin'
[1.100s] Level 1:colcon.colcon_core.environment:checking '/home/anand289/ros2_ws/install/my_robot_bringup/lib/pkgconfig/my_robot_bringup.pc'
[1.101s] Level 1:colcon.colcon_core.environment:checking '/home/anand289/ros2_ws/install/my_robot_bringup/lib/python3.12/site-packages'
[1.101s] Level 1:colcon.colcon_core.environment:checking '/home/anand289/ros2_ws/install/my_robot_bringup/bin'
[1.101s] INFO:colcon.colcon_core.shell:Creating package script '/home/anand289/ros2_ws/install/my_robot_bringup/share/my_robot_bringup/package.ps1'
[1.101s] INFO:colcon.colcon_core.shell:Creating package descriptor '/home/anand289/ros2_ws/install/my_robot_bringup/share/my_robot_bringup/package.dsv'
[1.101s] INFO:colcon.colcon_core.shell:Creating package script '/home/anand289/ros2_ws/install/my_robot_bringup/share/my_robot_bringup/package.sh'
[1.101s] INFO:colcon.colcon_core.shell:Creating package script '/home/anand289/ros2_ws/install/my_robot_bringup/share/my_robot_bringup/package.bash'
[1.102s] INFO:colcon.colcon_core.shell:Creating package script '/home/anand289/ros2_ws/install/my_robot_bringup/share/my_robot_bringup/package.zsh'
[1.102s] Level 1:colcon.colcon_core.environment:create_file_with_runtime_dependencies(/home/anand289/ros2_ws/install/my_robot_bringup/share/colcon-core/packages/my_robot_bringup)
[1.102s] Level 1:colcon.colcon_core.environment:create_environment_scripts_only(my_robot_bringup)
[1.102s] Level 1:colcon.colcon_core.environment:checking '/home/anand289/ros2_ws/install/my_robot_bringup' for CMake module files
[1.102s] Level 1:colcon.colcon_core.environment:checking '/home/anand289/ros2_ws/install/my_robot_bringup' for CMake config files
[1.102s] Level 1:colcon.colcon_core.shell:create_environment_hook('my_robot_bringup', 'cmake_prefix_path')
[1.103s] INFO:colcon.colcon_core.shell:Creating environment hook '/home/anand289/ros2_ws/install/my_robot_bringup/share/my_robot_bringup/hook/cmake_prefix_path.ps1'
[1.103s] INFO:colcon.colcon_core.shell:Creating environment descriptor '/home/anand289/ros2_ws/install/my_robot_bringup/share/my_robot_bringup/hook/cmake_prefix_path.dsv'
[1.103s] INFO:colcon.colcon_core.shell:Creating environment hook '/home/anand289/ros2_ws/install/my_robot_bringup/share/my_robot_bringup/hook/cmake_prefix_path.sh'
[1.103s] Level 1:colcon.colcon_core.environment:checking '/home/anand289/ros2_ws/install/my_robot_bringup/bin'
[1.103s] Level 1:colcon.colcon_core.environment:checking '/home/anand289/ros2_ws/install/my_robot_bringup/lib/pkgconfig/my_robot_bringup.pc'
[1.103s] Level 1:colcon.colcon_core.environment:checking '/home/anand289/ros2_ws/install/my_robot_bringup/lib/python3.12/site-packages'
[1.103s] Level 1:colcon.colcon_core.environment:checking '/home/anand289/ros2_ws/install/my_robot_bringup/bin'
[1.103s] INFO:colcon.colcon_core.shell:Creating package script '/home/anand289/ros2_ws/install/my_robot_bringup/share/my_robot_bringup/package.ps1'
[1.103s] INFO:colcon.colcon_core.shell:Creating package descriptor '/home/anand289/ros2_ws/install/my_robot_bringup/share/my_robot_bringup/package.dsv'
[1.104s] INFO:colcon.colcon_core.shell:Creating package script '/home/anand289/ros2_ws/install/my_robot_bringup/share/my_robot_bringup/package.sh'
[1.104s] INFO:colcon.colcon_core.shell:Creating package script '/home/anand289/ros2_ws/install/my_robot_bringup/share/my_robot_bringup/package.bash'
[1.104s] INFO:colcon.colcon_core.shell:Creating package script '/home/anand289/ros2_ws/install/my_robot_bringup/share/my_robot_bringup/package.zsh'
[1.104s] Level 1:colcon.colcon_core.environment:create_file_with_runtime_dependencies(/home/anand289/ros2_ws/install/my_robot_bringup/share/colcon-core/packages/my_robot_bringup)
[1.104s] DEBUG:colcon.colcon_parallel_executor.executor.parallel:closing loop
[1.104s] DEBUG:colcon.colcon_parallel_executor.executor.parallel:loop closed
[1.104s] DEBUG:colcon.colcon_parallel_executor.executor.parallel:run_until_complete finished with '0'
[1.104s] DEBUG:colcon.colcon_core.event_reactor:joining thread
[1.108s] INFO:colcon.colcon_core.plugin_system:Skipping extension 'colcon_notification.desktop_notification.terminal_notifier': Not used on non-Darwin systems
[1.108s] INFO:colcon.colcon_core.plugin_system:Skipping extension 'colcon_notification.desktop_notification.win32': Not used on non-Windows systems
[1.108s] INFO:colcon.colcon_notification.desktop_notification:Sending desktop notification using 'notify2'
[1.121s] DEBUG:colcon.colcon_core.event_reactor:joined thread
[1.121s] INFO:colcon.colcon_core.shell:Creating prefix script '/home/anand289/ros2_ws/install/local_setup.ps1'
[1.122s] INFO:colcon.colcon_core.shell:Creating prefix util module '/home/anand289/ros2_ws/install/_local_setup_util_ps1.py'
[1.122s] INFO:colcon.colcon_core.shell:Creating prefix chain script '/home/anand289/ros2_ws/install/setup.ps1'
[1.123s] INFO:colcon.colcon_core.shell:Creating prefix script '/home/anand289/ros2_ws/install/local_setup.sh'
[1.123s] INFO:colcon.colcon_core.shell:Creating prefix util module '/home/anand289/ros2_ws/install/_local_setup_util_sh.py'
[1.123s] INFO:colcon.colcon_core.shell:Creating prefix chain script '/home/anand289/ros2_ws/install/setup.sh'
[1.124s] INFO:colcon.colcon_core.shell:Creating prefix script '/home/anand289/ros2_ws/install/local_setup.bash'
[1.124s] INFO:colcon.colcon_core.shell:Creating prefix chain script '/home/anand289/ros2_ws/install/setup.bash'
[1.124s] INFO:colcon.colcon_core.shell:Creating prefix script '/home/anand289/ros2_ws/install/local_setup.zsh'
[1.124s] INFO:colcon.colcon_core.shell:Creating prefix chain script '/home/anand289/ros2_ws/install/setup.zsh'
