[0.008s] Invoking command in '/home/anand289/ros2_ws/build/my_robot_description': CMAKE_PREFIX_PATH=${CMAKE_PREFIX_PATH}:/home/anand289/ros2_ws/install/my_py_pkg:/opt/ros/jazzy DEBUGINFOD_URLS=https://debuginfod.ubuntu.com /usr/bin/cmake /home/anand289/ros2_ws/src/my_robot_description -DAMENT_CMAKE_SYMLINK_INSTALL=1 -DCMAKE_INSTALL_PREFIX=/home/anand289/ros2_ws/install/my_robot_description
[0.167s] -- The C compiler identification is GNU 13.3.0
[0.267s] -- The CXX compiler identification is GNU 13.3.0
[0.279s] -- Detecting C compiler ABI info
[0.328s] -- Detecting C compiler ABI info - done
[0.334s] -- Check for working C compiler: /usr/bin/cc - skipped
[0.334s] -- Detecting C compile features
[0.335s] -- Detecting C compile features - done
[0.340s] -- Detecting CXX compiler ABI info
[0.396s] -- Detecting CXX compiler ABI info - done
[0.401s] -- Check for working CXX compiler: /usr/bin/c++ - skipped
[0.401s] -- Detecting CXX compile features
[0.401s] -- Detecting CXX compile features - done
[0.408s] -- Found ament_cmake: 2.5.3 (/opt/ros/jazzy/share/ament_cmake/cmake)
[0.487s] -- Found Python3: /usr/bin/python3 (found version "3.12.3") found components: Interpreter 
[0.531s] -- Override CMake install command with custom implementation using symlinks instead of copying resources
[0.610s] -- Configuring done (0.6s)
[0.612s] -- Generating done (0.0s)
[0.614s] -- Build files have been written to: /home/anand289/ros2_ws/build/my_robot_description
[0.617s] Invoked command in '/home/anand289/ros2_ws/build/my_robot_description' returned '0': CMAKE_PREFIX_PATH=${CMAKE_PREFIX_PATH}:/home/anand289/ros2_ws/install/my_py_pkg:/opt/ros/jazzy DEBUGINFOD_URLS=https://debuginfod.ubuntu.com /usr/bin/cmake /home/anand289/ros2_ws/src/my_robot_description -DAMENT_CMAKE_SYMLINK_INSTALL=1 -DCMAKE_INSTALL_PREFIX=/home/anand289/ros2_ws/install/my_robot_description
[0.617s] Invoking command in '/home/anand289/ros2_ws/build/my_robot_description': CMAKE_PREFIX_PATH=${CMAKE_PREFIX_PATH}:/home/anand289/ros2_ws/install/my_py_pkg:/opt/ros/jazzy DEBUGINFOD_URLS=https://debuginfod.ubuntu.com /usr/bin/cmake --build /home/anand289/ros2_ws/build/my_robot_description -- -j4 -l4
[0.636s] Invoked command in '/home/anand289/ros2_ws/build/my_robot_description' returned '0': CMAKE_PREFIX_PATH=${CMAKE_PREFIX_PATH}:/home/anand289/ros2_ws/install/my_py_pkg:/opt/ros/jazzy DEBUGINFOD_URLS=https://debuginfod.ubuntu.com /usr/bin/cmake --build /home/anand289/ros2_ws/build/my_robot_description -- -j4 -l4
[0.637s] Invoking command in '/home/anand289/ros2_ws/build/my_robot_description': CMAKE_PREFIX_PATH=${CMAKE_PREFIX_PATH}:/home/anand289/ros2_ws/install/my_py_pkg:/opt/ros/jazzy DEBUGINFOD_URLS=https://debuginfod.ubuntu.com /usr/bin/cmake --install /home/anand289/ros2_ws/build/my_robot_description
[0.640s] -- Install configuration: ""
[0.640s] -- Execute custom install script
[0.640s] -- Symlinking: /home/anand289/ros2_ws/install/my_robot_description/share/my_robot_description/urdf/my_robot.urdf
[0.644s] -- Symlinking: /home/anand289/ros2_ws/install/my_robot_description/share/ament_index/resource_index/package_run_dependencies/my_robot_description
[0.648s] -- Symlinking: /home/anand289/ros2_ws/install/my_robot_description/share/ament_index/resource_index/parent_prefix_path/my_robot_description
[0.652s] -- Symlinking: /home/anand289/ros2_ws/install/my_robot_description/share/my_robot_description/environment/ament_prefix_path.sh
[0.656s] -- Symlinking: /home/anand289/ros2_ws/install/my_robot_description/share/my_robot_description/environment/ament_prefix_path.dsv
[0.660s] -- Symlinking: /home/anand289/ros2_ws/install/my_robot_description/share/my_robot_description/environment/path.sh
[0.663s] -- Symlinking: /home/anand289/ros2_ws/install/my_robot_description/share/my_robot_description/environment/path.dsv
[0.667s] -- Symlinking: /home/anand289/ros2_ws/install/my_robot_description/share/my_robot_description/local_setup.bash
[0.671s] -- Symlinking: /home/anand289/ros2_ws/install/my_robot_description/share/my_robot_description/local_setup.sh
[0.674s] -- Symlinking: /home/anand289/ros2_ws/install/my_robot_description/share/my_robot_description/local_setup.zsh
[0.678s] -- Symlinking: /home/anand289/ros2_ws/install/my_robot_description/share/my_robot_description/local_setup.dsv
[0.683s] -- Symlinking: /home/anand289/ros2_ws/install/my_robot_description/share/my_robot_description/package.dsv
[0.687s] -- Symlinking: /home/anand289/ros2_ws/install/my_robot_description/share/ament_index/resource_index/packages/my_robot_description
[0.691s] -- Symlinking: /home/anand289/ros2_ws/install/my_robot_description/share/my_robot_description/cmake/my_robot_descriptionConfig.cmake
[0.696s] -- Symlinking: /home/anand289/ros2_ws/install/my_robot_description/share/my_robot_description/cmake/my_robot_descriptionConfig-version.cmake
[0.701s] -- Symlinking: /home/anand289/ros2_ws/install/my_robot_description/share/my_robot_description/package.xml
[0.707s] Invoked command in '/home/anand289/ros2_ws/build/my_robot_description' returned '0': CMAKE_PREFIX_PATH=${CMAKE_PREFIX_PATH}:/home/anand289/ros2_ws/install/my_py_pkg:/opt/ros/jazzy DEBUGINFOD_URLS=https://debuginfod.ubuntu.com /usr/bin/cmake --install /home/anand289/ros2_ws/build/my_robot_description
