[0.010s] Invoking command in '/home/anandsingh/ros2_ws/src/build/my_cpp_pkg': CMAKE_PREFIX_PATH=/opt/ros/humble /usr/bin/cmake /home/anandsingh/ros2_ws/src/my_cpp_pkg -DCMAKE_INSTALL_PREFIX=/home/anandsingh/ros2_ws/src/install/my_cpp_pkg
[0.133s] -- The C compiler identification is GNU 11.3.0
[0.207s] -- The CXX compiler identification is GNU 11.3.0
[0.215s] -- Detecting C compiler ABI info
[0.263s] -- Detecting C compiler ABI info - done
[0.267s] -- Check for working C compiler: /usr/bin/cc - skipped
[0.267s] -- Detecting C compile features
[0.268s] -- Detecting C compile features - done
[0.270s] -- Detecting CXX compiler ABI info
[0.320s] -- Detecting CXX compiler ABI info - done
[0.323s] -- Check for working CXX compiler: /usr/bin/c++ - skipped
[0.324s] -- Detecting CXX compile features
[0.324s] -- Detecting CXX compile features - done
[0.328s] -- Found ament_cmake: 1.3.3 (/opt/ros/humble/share/ament_cmake/cmake)
[0.420s] -- Found Python3: /usr/bin/python3.10 (found version "3.10.6") found components: Interpreter 
[0.486s] -- Found rclcpp: 16.0.2 (/opt/ros/humble/share/rclcpp/cmake)
[0.532s] -- Found rosidl_generator_c: 3.1.4 (/opt/ros/humble/share/rosidl_generator_c/cmake)
[0.536s] -- Found rosidl_adapter: 3.1.4 (/opt/ros/humble/share/rosidl_adapter/cmake)
[0.543s] -- Found rosidl_generator_cpp: 3.1.4 (/opt/ros/humble/share/rosidl_generator_cpp/cmake)
[0.554s] -- Using all available rosidl_typesupport_c: rosidl_typesupport_fastrtps_c;rosidl_typesupport_introspection_c
[0.568s] -- Using all available rosidl_typesupport_cpp: rosidl_typesupport_fastrtps_cpp;rosidl_typesupport_introspection_cpp
[0.612s] -- Found rmw_implementation_cmake: 6.1.1 (/opt/ros/humble/share/rmw_implementation_cmake/cmake)
[0.615s] -- Found rmw_fastrtps_cpp: 6.2.2 (/opt/ros/humble/share/rmw_fastrtps_cpp/cmake)
[0.678s] -- Found OpenSSL: /usr/lib/aarch64-linux-gnu/libcrypto.so (found version "3.0.2")  
[0.693s] -- Found FastRTPS: /opt/ros/humble/include  
[0.718s] -- Using RMW implementation 'rmw_fastrtps_cpp' as default
[0.726s] -- Looking for pthread.h
[0.776s] -- Looking for pthread.h - found
[0.776s] -- Performing Test CMAKE_HAVE_LIBC_PTHREAD
[0.819s] -- Performing Test CMAKE_HAVE_LIBC_PTHREAD - Success
[0.819s] -- Found Threads: TRUE  
[0.918s] -- Found ament_lint_auto: 0.12.4 (/opt/ros/humble/share/ament_lint_auto/cmake)
[0.964s] -- Added test 'lint_cmake' to check CMake code style
[0.965s] -- Added test 'xmllint' to check XML markup files
[0.966s] -- Configuring done
[0.968s] -- Generating done
[0.969s] -- Build files have been written to: /home/anandsingh/ros2_ws/src/build/my_cpp_pkg
[0.973s] Invoked command in '/home/anandsingh/ros2_ws/src/build/my_cpp_pkg' returned '0': CMAKE_PREFIX_PATH=/opt/ros/humble /usr/bin/cmake /home/anandsingh/ros2_ws/src/my_cpp_pkg -DCMAKE_INSTALL_PREFIX=/home/anandsingh/ros2_ws/src/install/my_cpp_pkg
[0.974s] Invoking command in '/home/anandsingh/ros2_ws/src/build/my_cpp_pkg': CMAKE_PREFIX_PATH=/opt/ros/humble /usr/bin/cmake --build /home/anandsingh/ros2_ws/src/build/my_cpp_pkg -- -j4 -l4
[0.998s] Invoked command in '/home/anandsingh/ros2_ws/src/build/my_cpp_pkg' returned '0': CMAKE_PREFIX_PATH=/opt/ros/humble /usr/bin/cmake --build /home/anandsingh/ros2_ws/src/build/my_cpp_pkg -- -j4 -l4
[1.016s] Invoking command in '/home/anandsingh/ros2_ws/src/build/my_cpp_pkg': CMAKE_PREFIX_PATH=/opt/ros/humble /usr/bin/cmake --install /home/anandsingh/ros2_ws/src/build/my_cpp_pkg
[1.021s] -- Install configuration: ""
[1.021s] -- Installing: /home/anandsingh/ros2_ws/src/install/my_cpp_pkg/share/ament_index/resource_index/package_run_dependencies/my_cpp_pkg
[1.021s] -- Installing: /home/anandsingh/ros2_ws/src/install/my_cpp_pkg/share/ament_index/resource_index/parent_prefix_path/my_cpp_pkg
[1.021s] -- Installing: /home/anandsingh/ros2_ws/src/install/my_cpp_pkg/share/my_cpp_pkg/environment/ament_prefix_path.sh
[1.021s] -- Installing: /home/anandsingh/ros2_ws/src/install/my_cpp_pkg/share/my_cpp_pkg/environment/ament_prefix_path.dsv
[1.021s] -- Installing: /home/anandsingh/ros2_ws/src/install/my_cpp_pkg/share/my_cpp_pkg/environment/path.sh
[1.021s] -- Installing: /home/anandsingh/ros2_ws/src/install/my_cpp_pkg/share/my_cpp_pkg/environment/path.dsv
[1.021s] -- Installing: /home/anandsingh/ros2_ws/src/install/my_cpp_pkg/share/my_cpp_pkg/local_setup.bash
[1.021s] -- Installing: /home/anandsingh/ros2_ws/src/install/my_cpp_pkg/share/my_cpp_pkg/local_setup.sh
[1.022s] -- Installing: /home/anandsingh/ros2_ws/src/install/my_cpp_pkg/share/my_cpp_pkg/local_setup.zsh
[1.022s] -- Installing: /home/anandsingh/ros2_ws/src/install/my_cpp_pkg/share/my_cpp_pkg/local_setup.dsv
[1.022s] -- Installing: /home/anandsingh/ros2_ws/src/install/my_cpp_pkg/share/my_cpp_pkg/package.dsv
[1.022s] -- Installing: /home/anandsingh/ros2_ws/src/install/my_cpp_pkg/share/ament_index/resource_index/packages/my_cpp_pkg
[1.022s] -- Installing: /home/anandsingh/ros2_ws/src/install/my_cpp_pkg/share/my_cpp_pkg/cmake/my_cpp_pkgConfig.cmake
[1.022s] -- Installing: /home/anandsingh/ros2_ws/src/install/my_cpp_pkg/share/my_cpp_pkg/cmake/my_cpp_pkgConfig-version.cmake
[1.022s] -- Installing: /home/anandsingh/ros2_ws/src/install/my_cpp_pkg/share/my_cpp_pkg/package.xml
[1.024s] Invoked command in '/home/anandsingh/ros2_ws/src/build/my_cpp_pkg' returned '0': CMAKE_PREFIX_PATH=/opt/ros/humble /usr/bin/cmake --install /home/anandsingh/ros2_ws/src/build/my_cpp_pkg
