[0.407s] Invoking command in '/home/anand289/ros2_ws/src/my_py_pkg': DEBUGINFOD_URLS=https://debuginfod.ubuntu.com PYTHONPATH=/home/anand289/ros2_ws/build/my_py_pkg/prefix_override:/usr/lib/python3/dist-packages/colcon_core/task/python/colcon_distutils_commands:/home/anand289/ros2_ws/install/my_py_pkg/lib/python3.12/site-packages:${PYTHONPATH} /usr/bin/python3 -W ignore:setup.py install is deprecated -W ignore:easy_install command is deprecated setup.py egg_info --egg-base ../../build/my_py_pkg build --build-base /home/anand289/ros2_ws/build/my_py_pkg/build install --record /home/anand289/ros2_ws/build/my_py_pkg/install.log --single-version-externally-managed install_data
[0.542s] running egg_info
[0.552s] writing ../../build/my_py_pkg/my_py_pkg.egg-info/PKG-INFO
[0.552s] writing dependency_links to ../../build/my_py_pkg/my_py_pkg.egg-info/dependency_links.txt
[0.552s] writing entry points to ../../build/my_py_pkg/my_py_pkg.egg-info/entry_points.txt
[0.552s] writing requirements to ../../build/my_py_pkg/my_py_pkg.egg-info/requires.txt
[0.552s] writing top-level names to ../../build/my_py_pkg/my_py_pkg.egg-info/top_level.txt
[0.573s] reading manifest file '../../build/my_py_pkg/my_py_pkg.egg-info/SOURCES.txt'
[0.574s] writing manifest file '../../build/my_py_pkg/my_py_pkg.egg-info/SOURCES.txt'
[0.574s] running build
[0.575s] running build_py
[0.575s] copying my_py_pkg/my_first_node.py -> /home/anand289/ros2_ws/build/my_py_pkg/build/lib/my_py_pkg
[0.575s] running install
[0.578s] running install_lib
[0.590s] copying /home/anand289/ros2_ws/build/my_py_pkg/build/lib/my_py_pkg/my_first_node.py -> /home/anand289/ros2_ws/install/my_py_pkg/lib/python3.12/site-packages/my_py_pkg
[0.591s] byte-compiling /home/anand289/ros2_ws/install/my_py_pkg/lib/python3.12/site-packages/my_py_pkg/my_first_node.py to my_first_node.cpython-312.pyc
[0.591s]   File "/home/anand289/ros2_ws/install/my_py_pkg/lib/python3.12/site-packages/my_py_pkg/my_first_node.py", line 16
[0.591s]     self.get_logger().info("Hello" str(self.counter))
[0.591s]                            ^^^^^^^^^^^^^^^^^^^^^^^^^
[0.591s] SyntaxError: invalid syntax. Perhaps you forgot a comma?
[0.591s] 
[0.591s] running install_data
[0.592s] running install_egg_info
[0.603s] removing '/home/anand289/ros2_ws/install/my_py_pkg/lib/python3.12/site-packages/my_py_pkg-0.0.0-py3.12.egg-info' (and everything under it)
[0.603s] Copying ../../build/my_py_pkg/my_py_pkg.egg-info to /home/anand289/ros2_ws/install/my_py_pkg/lib/python3.12/site-packages/my_py_pkg-0.0.0-py3.12.egg-info
[0.603s] running install_scripts
[0.677s] Installing py_node script to /home/anand289/ros2_ws/install/my_py_pkg/lib/my_py_pkg
[0.677s] writing list of installed files to '/home/anand289/ros2_ws/build/my_py_pkg/install.log'
[0.693s] Invoked command in '/home/anand289/ros2_ws/src/my_py_pkg' returned '0': DEBUGINFOD_URLS=https://debuginfod.ubuntu.com PYTHONPATH=/home/anand289/ros2_ws/build/my_py_pkg/prefix_override:/usr/lib/python3/dist-packages/colcon_core/task/python/colcon_distutils_commands:/home/anand289/ros2_ws/install/my_py_pkg/lib/python3.12/site-packages:${PYTHONPATH} /usr/bin/python3 -W ignore:setup.py install is deprecated -W ignore:easy_install command is deprecated setup.py egg_info --egg-base ../../build/my_py_pkg build --build-base /home/anand289/ros2_ws/build/my_py_pkg/build install --record /home/anand289/ros2_ws/build/my_py_pkg/install.log --single-version-externally-managed install_data
