[0.005s] Invoking command in '/home/anand289/ros2_ws/build/my_robot_bringup': CMAKE_PREFIX_PATH=${CMAKE_PREFIX_PATH}:/home/anand289/ros2_ws/install/my_py_pkg:/opt/ros/jazzy DEBUGINFOD_URLS=https://debuginfod.ubuntu.com PYTHONPATH=/home/anand289/ros2_ws/install/my_py_pkg/lib/python3.12/site-packages:/home/anand289/ros2_ws/install/my_robot_interfaces/lib/python3.12/site-packages:/home/anand289/ros2_ws/build/my_py_pkg:/opt/ros/jazzy/lib/python3.12/site-packages /usr/bin/cmake /home/anand289/ros2_ws/src/my_robot_bringup -DCMAKE_INSTALL_PREFIX=/home/anand289/ros2_ws/install/my_robot_bringup
[0.013s] -- Found ament_cmake: 2.5.3 (/opt/ros/jazzy/share/ament_cmake/cmake)
[0.130s] -- Override CMake install command with custom implementation using symlinks instead of copying resources
[0.185s] -- Configuring done (0.2s)
[0.187s] -- Generating done (0.0s)
[0.188s] -- Build files have been written to: /home/anand289/ros2_ws/build/my_robot_bringup
[0.190s] Invoked command in '/home/anand289/ros2_ws/build/my_robot_bringup' returned '0': CMAKE_PREFIX_PATH=${CMAKE_PREFIX_PATH}:/home/anand289/ros2_ws/install/my_py_pkg:/opt/ros/jazzy DEBUGINFOD_URLS=https://debuginfod.ubuntu.com PYTHONPATH=/home/anand289/ros2_ws/install/my_py_pkg/lib/python3.12/site-packages:/home/anand289/ros2_ws/install/my_robot_interfaces/lib/python3.12/site-packages:/home/anand289/ros2_ws/build/my_py_pkg:/opt/ros/jazzy/lib/python3.12/site-packages /usr/bin/cmake /home/anand289/ros2_ws/src/my_robot_bringup -DCMAKE_INSTALL_PREFIX=/home/anand289/ros2_ws/install/my_robot_bringup
[0.190s] Invoking command in '/home/anand289/ros2_ws/build/my_robot_bringup': CMAKE_PREFIX_PATH=${CMAKE_PREFIX_PATH}:/home/anand289/ros2_ws/install/my_py_pkg:/opt/ros/jazzy DEBUGINFOD_URLS=https://debuginfod.ubuntu.com PYTHONPATH=/home/anand289/ros2_ws/install/my_py_pkg/lib/python3.12/site-packages:/home/anand289/ros2_ws/install/my_robot_interfaces/lib/python3.12/site-packages:/home/anand289/ros2_ws/build/my_py_pkg:/opt/ros/jazzy/lib/python3.12/site-packages /usr/bin/cmake --build /home/anand289/ros2_ws/build/my_robot_bringup -- -j2 -l2
[0.210s] Invoked command in '/home/anand289/ros2_ws/build/my_robot_bringup' returned '0': CMAKE_PREFIX_PATH=${CMAKE_PREFIX_PATH}:/home/anand289/ros2_ws/install/my_py_pkg:/opt/ros/jazzy DEBUGINFOD_URLS=https://debuginfod.ubuntu.com PYTHONPATH=/home/anand289/ros2_ws/install/my_py_pkg/lib/python3.12/site-packages:/home/anand289/ros2_ws/install/my_robot_interfaces/lib/python3.12/site-packages:/home/anand289/ros2_ws/build/my_py_pkg:/opt/ros/jazzy/lib/python3.12/site-packages /usr/bin/cmake --build /home/anand289/ros2_ws/build/my_robot_bringup -- -j2 -l2
[0.210s] Invoking command in '/home/anand289/ros2_ws/build/my_robot_bringup': CMAKE_PREFIX_PATH=${CMAKE_PREFIX_PATH}:/home/anand289/ros2_ws/install/my_py_pkg:/opt/ros/jazzy DEBUGINFOD_URLS=https://debuginfod.ubuntu.com PYTHONPATH=/home/anand289/ros2_ws/install/my_py_pkg/lib/python3.12/site-packages:/home/anand289/ros2_ws/install/my_robot_interfaces/lib/python3.12/site-packages:/home/anand289/ros2_ws/build/my_py_pkg:/opt/ros/jazzy/lib/python3.12/site-packages /usr/bin/cmake --install /home/anand289/ros2_ws/build/my_robot_bringup
[0.213s] -- Install configuration: ""
[0.214s] -- Execute custom install script
[0.214s] -- Up-to-date symlink: /home/anand289/ros2_ws/install/my_robot_bringup/share/my_robot_bringup/launch/number_app.launch.py
[0.214s] -- Up-to-date symlink: /home/anand289/ros2_ws/install/my_robot_bringup/share/ament_index/resource_index/package_run_dependencies/my_robot_bringup
[0.214s] -- Up-to-date symlink: /home/anand289/ros2_ws/install/my_robot_bringup/share/ament_index/resource_index/parent_prefix_path/my_robot_bringup
[0.214s] -- Up-to-date symlink: /home/anand289/ros2_ws/install/my_robot_bringup/share/my_robot_bringup/environment/ament_prefix_path.sh
[0.214s] -- Up-to-date symlink: /home/anand289/ros2_ws/install/my_robot_bringup/share/my_robot_bringup/environment/ament_prefix_path.dsv
[0.214s] -- Up-to-date symlink: /home/anand289/ros2_ws/install/my_robot_bringup/share/my_robot_bringup/environment/path.sh
[0.214s] -- Up-to-date symlink: /home/anand289/ros2_ws/install/my_robot_bringup/share/my_robot_bringup/environment/path.dsv
[0.215s] -- Up-to-date symlink: /home/anand289/ros2_ws/install/my_robot_bringup/share/my_robot_bringup/local_setup.bash
[0.215s] -- Up-to-date symlink: /home/anand289/ros2_ws/install/my_robot_bringup/share/my_robot_bringup/local_setup.sh
[0.215s] -- Up-to-date symlink: /home/anand289/ros2_ws/install/my_robot_bringup/share/my_robot_bringup/local_setup.zsh
[0.215s] -- Up-to-date symlink: /home/anand289/ros2_ws/install/my_robot_bringup/share/my_robot_bringup/local_setup.dsv
[0.215s] -- Symlinking: /home/anand289/ros2_ws/install/my_robot_bringup/share/my_robot_bringup/package.dsv
[0.219s] -- Up-to-date symlink: /home/anand289/ros2_ws/install/my_robot_bringup/share/ament_index/resource_index/packages/my_robot_bringup
[0.219s] -- Up-to-date symlink: /home/anand289/ros2_ws/install/my_robot_bringup/share/my_robot_bringup/cmake/my_robot_bringupConfig.cmake
[0.219s] -- Up-to-date symlink: /home/anand289/ros2_ws/install/my_robot_bringup/share/my_robot_bringup/cmake/my_robot_bringupConfig-version.cmake
[0.219s] -- Up-to-date symlink: /home/anand289/ros2_ws/install/my_robot_bringup/share/my_robot_bringup/package.xml
[0.221s] Invoked command in '/home/anand289/ros2_ws/build/my_robot_bringup' returned '0': CMAKE_PREFIX_PATH=${CMAKE_PREFIX_PATH}:/home/anand289/ros2_ws/install/my_py_pkg:/opt/ros/jazzy DEBUGINFOD_URLS=https://debuginfod.ubuntu.com PYTHONPATH=/home/anand289/ros2_ws/install/my_py_pkg/lib/python3.12/site-packages:/home/anand289/ros2_ws/install/my_robot_interfaces/lib/python3.12/site-packages:/home/anand289/ros2_ws/build/my_py_pkg:/opt/ros/jazzy/lib/python3.12/site-packages /usr/bin/cmake --install /home/anand289/ros2_ws/build/my_robot_bringup
