[0.008s] Invoking command in '/home/anandsingh/ros2_ws/build/my_cpp_pkg': CMAKE_PREFIX_PATH=/home/anandsingh/ros2_ws/install/my_py_pkg:/opt/ros/humble /usr/bin/cmake /home/anandsingh/ros2_ws/src/my_cpp_pkg -DCMAKE_INSTALL_PREFIX=/home/anandsingh/ros2_ws/install/my_cpp_pkg
[0.139s] -- The C compiler identification is GNU 11.3.0
[0.216s] -- The CXX compiler identification is GNU 11.3.0
[0.224s] -- Detecting C compiler ABI info
[0.271s] -- Detecting C compiler ABI info - done
[0.275s] -- Check for working C compiler: /usr/bin/cc - skipped
[0.275s] -- Detecting C compile features
[0.276s] -- Detecting C compile features - done
[0.278s] -- Detecting CXX compiler ABI info
[0.325s] -- Detecting CXX compiler ABI info - done
[0.330s] -- Check for working CXX compiler: /usr/bin/c++ - skipped
[0.330s] -- Detecting CXX compile features
[0.330s] -- Detecting CXX compile features - done
[0.333s] -- Found ament_cmake: 1.3.3 (/opt/ros/humble/share/ament_cmake/cmake)
[0.423s] -- Found Python3: /usr/bin/python3.10 (found version "3.10.6") found components: Interpreter 
[0.491s] -- Found rclcpp: 16.0.2 (/opt/ros/humble/share/rclcpp/cmake)
[0.534s] -- Found rosidl_generator_c: 3.1.4 (/opt/ros/humble/share/rosidl_generator_c/cmake)
[0.538s] -- Found rosidl_adapter: 3.1.4 (/opt/ros/humble/share/rosidl_adapter/cmake)
[0.545s] -- Found rosidl_generator_cpp: 3.1.4 (/opt/ros/humble/share/rosidl_generator_cpp/cmake)
[0.557s] -- Using all available rosidl_typesupport_c: rosidl_typesupport_fastrtps_c;rosidl_typesupport_introspection_c
[0.570s] -- Using all available rosidl_typesupport_cpp: rosidl_typesupport_fastrtps_cpp;rosidl_typesupport_introspection_cpp
[0.617s] -- Found rmw_implementation_cmake: 6.1.1 (/opt/ros/humble/share/rmw_implementation_cmake/cmake)
[0.620s] -- Found rmw_fastrtps_cpp: 6.2.2 (/opt/ros/humble/share/rmw_fastrtps_cpp/cmake)
[0.685s] -- Found OpenSSL: /usr/lib/aarch64-linux-gnu/libcrypto.so (found version "3.0.2")  
[0.700s] -- Found FastRTPS: /opt/ros/humble/include  
[0.726s] -- Using RMW implementation 'rmw_fastrtps_cpp' as default
[0.735s] -- Looking for pthread.h
[0.788s] -- Looking for pthread.h - found
[0.788s] -- Performing Test CMAKE_HAVE_LIBC_PTHREAD
[0.833s] -- Performing Test CMAKE_HAVE_LIBC_PTHREAD - Success
[0.834s] -- Found Threads: TRUE  
[0.969s] -- Configuring done
[0.974s] -- Generating done
[0.975s] -- Build files have been written to: /home/anandsingh/ros2_ws/build/my_cpp_pkg
[0.979s] Invoked command in '/home/anandsingh/ros2_ws/build/my_cpp_pkg' returned '0': CMAKE_PREFIX_PATH=/home/anandsingh/ros2_ws/install/my_py_pkg:/opt/ros/humble /usr/bin/cmake /home/anandsingh/ros2_ws/src/my_cpp_pkg -DCMAKE_INSTALL_PREFIX=/home/anandsingh/ros2_ws/install/my_cpp_pkg
[0.980s] Invoking command in '/home/anandsingh/ros2_ws/build/my_cpp_pkg': CMAKE_PREFIX_PATH=/home/anandsingh/ros2_ws/install/my_py_pkg:/opt/ros/humble /usr/bin/cmake --build /home/anandsingh/ros2_ws/build/my_cpp_pkg -- -j4 -l4
[1.009s] [ 50%] [32mBuilding CXX object CMakeFiles/cpp_node.dir/src/my_first_node.cpp.o[0m
[1.271s] [01m[K/home/anandsingh/ros2_ws/src/my_cpp_pkg/src/my_first_node.cpp:6:65:[m[K [01;31m[Kerror: [m[Kstray ‘[01m[K#[m[K’ in program
[1.271s]     6 |     auto node = std::make_shared<rclcpp::Node>("cpp_test"); [01;31m[K#[m[Kshared pointer is used
[1.271s]       |                                                             [01;31m[K^[m[K
[1.271s] 
[2.303s] [01m[K/home/anandsingh/ros2_ws/src/my_cpp_pkg/src/my_first_node.cpp:[m[K In function ‘[01m[Kint main(int, char**)[m[K’:
[2.303s] [01m[K/home/anandsingh/ros2_ws/src/my_cpp_pkg/src/my_first_node.cpp:6:66:[m[K [01;31m[Kerror: [m[K‘[01m[Kshared[m[K’ was not declared in this scope
[2.304s]     6 |    auto node = std::make_shared<rclcpp::Node>("cpp_test"); #[01;31m[Kshared[m[K pointer is used
[2.304s]       |                                                             [01;31m[K^~~~~~[m[K
[2.304s] 
[2.495s] gmake[2]: *** [CMakeFiles/cpp_node.dir/build.make:76: CMakeFiles/cpp_node.dir/src/my_first_node.cpp.o] Error 1
[2.496s] gmake[1]: *** [CMakeFiles/Makefile2:137: CMakeFiles/cpp_node.dir/all] Error 2
[2.496s] gmake: *** [Makefile:146: all] Error 2
[2.499s] Invoked command in '/home/anandsingh/ros2_ws/build/my_cpp_pkg' returned '2': CMAKE_PREFIX_PATH=/home/anandsingh/ros2_ws/install/my_py_pkg:/opt/ros/humble /usr/bin/cmake --build /home/anandsingh/ros2_ws/build/my_cpp_pkg -- -j4 -l4
