[0.011s] Invoking command in '/home/anand289/ros2_ws/build/my_robot_interfaces': CMAKE_PREFIX_PATH=${CMAKE_PREFIX_PATH}:/home/anand289/ros2_ws/install/my_py_pkg:/opt/ros/jazzy DEBUGINFOD_URLS=https://debuginfod.ubuntu.com /usr/bin/cmake --build /home/anand289/ros2_ws/build/my_robot_interfaces -- -j4 -l4
[0.036s] -- Found ament_cmake: 2.5.3 (/opt/ros/jazzy/share/ament_cmake/cmake)
[0.057s] -- Found Python3: /usr/bin/python3 (found version "3.12.3") found components: Interpreter 
[0.114s] -- Override CMake install command with custom implementation using symlinks instead of copying resources
[0.118s] -- Found rosidl_default_generators: 1.6.0 (/opt/ros/jazzy/share/rosidl_default_generators/cmake)
[0.120s] -- Using all available rosidl_typesupport_c: rosidl_typesupport_fastrtps_c;rosidl_typesupport_introspection_c
[0.142s] -- Using all available rosidl_typesupport_cpp: rosidl_typesupport_fastrtps_cpp;rosidl_typesupport_introspection_cpp
[0.159s] -- Found rosidl_adapter: 4.6.5 (/opt/ros/jazzy/share/rosidl_adapter/cmake)
[0.319s] -- Found ament_cmake_ros: 0.12.0 (/opt/ros/jazzy/share/ament_cmake_ros/cmake)
[0.376s] -- Using all available rosidl_typesupport_c: rosidl_typesupport_fastrtps_c;rosidl_typesupport_introspection_c
[0.451s] -- Using all available rosidl_typesupport_cpp: rosidl_typesupport_fastrtps_cpp;rosidl_typesupport_introspection_cpp
[0.452s] -- Found python_cmake_module: 0.11.1 (/opt/ros/jazzy/share/python_cmake_module/cmake)
[0.634s] -- Found Python3: /usr/bin/python3 (found version "3.12.3") found components: Interpreter Development NumPy Development.Module Development.Embed 
[0.646s] -- Configuring done (0.6s)
[0.676s] -- Generating done (0.0s)
[0.689s] -- Build files have been written to: /home/anand289/ros2_ws/build/my_robot_interfaces
[0.713s] [  1%] [34m[1mGenerating type hashes for ROS interfaces[0m
[0.714s] [  1%] Built target ament_cmake_python_symlink_my_robot_interfaces
[0.821s] running egg_info
[0.829s] writing my_robot_interfaces.egg-info/PKG-INFO
[0.829s] writing dependency_links to my_robot_interfaces.egg-info/dependency_links.txt
[0.829s] writing top-level names to my_robot_interfaces.egg-info/top_level.txt
[0.853s] reading manifest file 'my_robot_interfaces.egg-info/SOURCES.txt'
[0.854s] writing manifest file 'my_robot_interfaces.egg-info/SOURCES.txt'
[0.869s] [  1%] Built target ament_cmake_python_build_my_robot_interfaces_egg
[1.522s] Traceback (most recent call last):
[1.523s]   File "/opt/ros/jazzy/lib/rosidl_generator_type_description/rosidl_generator_type_description", line 50, in <module>
[1.523s]     sys.exit(main())
[1.523s]              ^^^^^^
[1.523s]   File "/opt/ros/jazzy/lib/rosidl_generator_type_description/rosidl_generator_type_description", line 46, in main
[1.523s]     generate_type_hash(args.generator_arguments_file)
[1.523s]   File "/opt/ros/jazzy/lib/python3.12/site-packages/rosidl_generator_type_description/__init__.py", line 162, in generate_type_hash
[1.523s]     with include_path.open('r') as include_file:
[1.523s]          ^^^^^^^^^^^^^^^^^^^^^^
[1.523s]   File "/usr/lib/python3.12/pathlib.py", line 1015, in open
[1.523s]     return io.open(self, mode, buffering, encoding, errors, newline)
[1.523s]            ^^^^^^^^^^^^^^^^^^^^^^^^^^^^^^^^^^^^^^^^^^^^^^^^^^^^^^^^^
[1.523s] FileNotFoundError: [Errno 2] No such file or directory: '/home/anand289/ros2_ws/build/my_robot_interfaces/rosidl_generator_type_description/my_robot_interfaces/msg/String.json'
[1.545s] gmake[2]: *** [CMakeFiles/my_robot_interfaces__rosidl_generator_type_description.dir/build.make:85: rosidl_generator_type_description/my_robot_interfaces/msg/HardwareStatus.json] Error 1
[1.546s] gmake[1]: *** [CMakeFiles/Makefile2:215: CMakeFiles/my_robot_interfaces__rosidl_generator_type_description.dir/all] Error 2
[1.546s] gmake: *** [Makefile:146: all] Error 2
[1.548s] Invoked command in '/home/anand289/ros2_ws/build/my_robot_interfaces' returned '2': CMAKE_PREFIX_PATH=${CMAKE_PREFIX_PATH}:/home/anand289/ros2_ws/install/my_py_pkg:/opt/ros/jazzy DEBUGINFOD_URLS=https://debuginfod.ubuntu.com /usr/bin/cmake --build /home/anand289/ros2_ws/build/my_robot_interfaces -- -j4 -l4
