[0.287s] Invoking command in '/home/anandsingh/ros2_ws/build/my_py_pkg': PYTHONPATH=/home/anandsingh/ros2_ws/build/my_py_pkg/prefix_override:/home/anandsingh/ros2_ws/install/my_py_pkg/lib/python3.10/site-packages:${PYTHONPATH} /usr/bin/python3 setup.py develop --uninstall --editable --build-directory /home/anandsingh/ros2_ws/build/my_py_pkg/build
[0.414s] running develop
[0.494s] Invoked command in '/home/anandsingh/ros2_ws/build/my_py_pkg' returned '0': PYTHONPATH=/home/anandsingh/ros2_ws/build/my_py_pkg/prefix_override:/home/anandsingh/ros2_ws/install/my_py_pkg/lib/python3.10/site-packages:${PYTHONPATH} /usr/bin/python3 setup.py develop --uninstall --editable --build-directory /home/anandsingh/ros2_ws/build/my_py_pkg/build
[0.495s] Invoking command in '/home/anandsingh/ros2_ws/src/my_py_pkg': PYTHONPATH=/home/anandsingh/ros2_ws/build/my_py_pkg/prefix_override:/home/anandsingh/ros2_ws/install/my_py_pkg/lib/python3.10/site-packages:${PYTHONPATH} /usr/bin/python3 setup.py egg_info --egg-base ../../build/my_py_pkg build --build-base /home/anandsingh/ros2_ws/build/my_py_pkg/build install --record /home/anandsingh/ros2_ws/build/my_py_pkg/install.log --single-version-externally-managed
[0.607s] running egg_info
[0.607s] writing ../../build/my_py_pkg/my_py_pkg.egg-info/PKG-INFO
[0.607s] writing dependency_links to ../../build/my_py_pkg/my_py_pkg.egg-info/dependency_links.txt
[0.608s] writing entry points to ../../build/my_py_pkg/my_py_pkg.egg-info/entry_points.txt
[0.608s] writing requirements to ../../build/my_py_pkg/my_py_pkg.egg-info/requires.txt
[0.608s] writing top-level names to ../../build/my_py_pkg/my_py_pkg.egg-info/top_level.txt
[0.609s] reading manifest file '../../build/my_py_pkg/my_py_pkg.egg-info/SOURCES.txt'
[0.609s] writing manifest file '../../build/my_py_pkg/my_py_pkg.egg-info/SOURCES.txt'
[0.609s] running build
[0.609s] running build_py
[0.609s] copying my_py_pkg/add_two_ints_server.py -> /home/anandsingh/ros2_ws/build/my_py_pkg/build/lib/my_py_pkg
[0.610s] running install
[0.610s] running install_lib
[0.610s] copying /home/anandsingh/ros2_ws/build/my_py_pkg/build/lib/my_py_pkg/add_two_ints_server.py -> /home/anandsingh/ros2_ws/install/my_py_pkg/lib/python3.10/site-packages/my_py_pkg
[0.610s] byte-compiling /home/anandsingh/ros2_ws/install/my_py_pkg/lib/python3.10/site-packages/my_py_pkg/add_two_ints_server.py to add_two_ints_server.cpython-310.pyc
[0.611s] running install_data
[0.611s] running install_egg_info
[0.612s] removing '/home/anandsingh/ros2_ws/install/my_py_pkg/lib/python3.10/site-packages/my_py_pkg-0.0.0-py3.10.egg-info' (and everything under it)
[0.612s] Copying ../../build/my_py_pkg/my_py_pkg.egg-info to /home/anandsingh/ros2_ws/install/my_py_pkg/lib/python3.10/site-packages/my_py_pkg-0.0.0-py3.10.egg-info
[0.612s] running install_scripts
[0.622s] Installing add_two_ints_server script to /home/anandsingh/ros2_ws/install/my_py_pkg/lib/my_py_pkg
[0.622s] Installing py_node script to /home/anandsingh/ros2_ws/install/my_py_pkg/lib/my_py_pkg
[0.622s] Installing robot_news_station script to /home/anandsingh/ros2_ws/install/my_py_pkg/lib/my_py_pkg
[0.622s] Installing smartphone script to /home/anandsingh/ros2_ws/install/my_py_pkg/lib/my_py_pkg
[0.622s] writing list of installed files to '/home/anandsingh/ros2_ws/build/my_py_pkg/install.log'
[0.636s] Invoked command in '/home/anandsingh/ros2_ws/src/my_py_pkg' returned '0': PYTHONPATH=/home/anandsingh/ros2_ws/build/my_py_pkg/prefix_override:/home/anandsingh/ros2_ws/install/my_py_pkg/lib/python3.10/site-packages:${PYTHONPATH} /usr/bin/python3 setup.py egg_info --egg-base ../../build/my_py_pkg build --build-base /home/anandsingh/ros2_ws/build/my_py_pkg/build install --record /home/anandsingh/ros2_ws/build/my_py_pkg/install.log --single-version-externally-managed
