[0.011s] Invoking command in '/home/anand289/ros2_ws/build/my_robot_interfaces': CMAKE_PREFIX_PATH=${CMAKE_PREFIX_PATH}:/home/anand289/ros2_ws/install/my_py_pkg:/opt/ros/jazzy DEBUGINFOD_URLS=https://debuginfod.ubuntu.com /usr/bin/cmake --build /home/anand289/ros2_ws/build/my_robot_interfaces -- -j4 -l4
[0.039s] -- Found ament_cmake: 2.5.3 (/opt/ros/jazzy/share/ament_cmake/cmake)
[0.068s] -- Found Python3: /usr/bin/python3 (found version "3.12.3") found components: Interpreter 
[0.122s] -- Override CMake install command with custom implementation using symlinks instead of copying resources
[0.124s] -- Found rosidl_default_generators: 1.6.0 (/opt/ros/jazzy/share/rosidl_default_generators/cmake)
[0.126s] -- Using all available rosidl_typesupport_c: rosidl_typesupport_fastrtps_c;rosidl_typesupport_introspection_c
[0.148s] -- Using all available rosidl_typesupport_cpp: rosidl_typesupport_fastrtps_cpp;rosidl_typesupport_introspection_cpp
[0.164s] -- Found rosidl_adapter: 4.6.5 (/opt/ros/jazzy/share/rosidl_adapter/cmake)
[0.338s] -- Found ament_cmake_ros: 0.12.0 (/opt/ros/jazzy/share/ament_cmake_ros/cmake)
[0.389s] -- Using all available rosidl_typesupport_c: rosidl_typesupport_fastrtps_c;rosidl_typesupport_introspection_c
[0.465s] -- Using all available rosidl_typesupport_cpp: rosidl_typesupport_fastrtps_cpp;rosidl_typesupport_introspection_cpp
[0.465s] -- Found python_cmake_module: 0.11.1 (/opt/ros/jazzy/share/python_cmake_module/cmake)
[0.644s] -- Found Python3: /usr/bin/python3 (found version "3.12.3") found components: Interpreter Development NumPy Development.Module Development.Embed 
[0.657s] -- Configuring done (0.6s)
[0.685s] -- Generating done (0.0s)
[0.693s] -- Build files have been written to: /home/anand289/ros2_ws/build/my_robot_interfaces
[0.715s] [  1%] [34m[1mGenerating type hashes for ROS interfaces[0m
[0.716s] [  1%] Built target ament_cmake_python_symlink_my_robot_interfaces
[0.820s] running egg_info
[0.828s] writing my_robot_interfaces.egg-info/PKG-INFO
[0.828s] writing dependency_links to my_robot_interfaces.egg-info/dependency_links.txt
[0.828s] writing top-level names to my_robot_interfaces.egg-info/top_level.txt
[0.842s] [  1%] Built target my_robot_interfaces__rosidl_generator_type_description
[0.848s] [  2%] [34m[1mGenerating C code for ROS interfaces[0m
[0.852s] [  3%] [34m[1mGenerating C++ code for ROS interfaces[0m
[0.852s] reading manifest file 'my_robot_interfaces.egg-info/SOURCES.txt'
[0.853s] writing manifest file 'my_robot_interfaces.egg-info/SOURCES.txt'
[0.869s] [  3%] Built target ament_cmake_python_build_my_robot_interfaces_egg
[1.140s] [  3%] Built target my_robot_interfaces__cpp
[1.192s] [  4%] [32mBuilding C object CMakeFiles/my_robot_interfaces__rosidl_generator_c.dir/rosidl_generator_c/my_robot_interfaces/msg/detail/hardware_status__description.c.o[0m
[1.192s] [  5%] [32mBuilding C object CMakeFiles/my_robot_interfaces__rosidl_generator_c.dir/rosidl_generator_c/my_robot_interfaces/msg/detail/hardware_status__functions.c.o[0m
[1.193s] [  7%] [32mBuilding C object CMakeFiles/my_robot_interfaces__rosidl_generator_c.dir/rosidl_generator_c/my_robot_interfaces/msg/detail/led_battery_state__description.c.o[0m
[1.193s] [  8%] [32mBuilding C object CMakeFiles/my_robot_interfaces__rosidl_generator_c.dir/rosidl_generator_c/my_robot_interfaces/msg/detail/hardware_status__type_support.c.o[0m
[1.258s] [  9%] [32mBuilding C object CMakeFiles/my_robot_interfaces__rosidl_generator_c.dir/rosidl_generator_c/my_robot_interfaces/msg/detail/led_battery_state__functions.c.o[0m
[1.279s] [ 11%] [32mBuilding C object CMakeFiles/my_robot_interfaces__rosidl_generator_c.dir/rosidl_generator_c/my_robot_interfaces/msg/detail/led_battery_state__type_support.c.o[0m
[1.279s] [ 11%] [32mBuilding C object CMakeFiles/my_robot_interfaces__rosidl_generator_c.dir/rosidl_generator_c/my_robot_interfaces/msg/detail/test_robot__description.c.o[0m
[1.295s] [ 13%] [32mBuilding C object CMakeFiles/my_robot_interfaces__rosidl_generator_c.dir/rosidl_generator_c/my_robot_interfaces/msg/detail/test_robot__functions.c.o[0m
[1.299s] [ 14%] [32mBuilding C object CMakeFiles/my_robot_interfaces__rosidl_generator_c.dir/rosidl_generator_c/my_robot_interfaces/msg/detail/test_robot__type_support.c.o[0m
[1.302s] [ 15%] [32mBuilding C object CMakeFiles/my_robot_interfaces__rosidl_generator_c.dir/rosidl_generator_c/my_robot_interfaces/msg/detail/alive_turtles__description.c.o[0m
[1.309s] [ 16%] [32mBuilding C object CMakeFiles/my_robot_interfaces__rosidl_generator_c.dir/rosidl_generator_c/my_robot_interfaces/msg/detail/alive_turtles__functions.c.o[0m
[1.323s] [ 17%] [32mBuilding C object CMakeFiles/my_robot_interfaces__rosidl_generator_c.dir/rosidl_generator_c/my_robot_interfaces/msg/detail/alive_turtles__type_support.c.o[0m
[1.324s] [ 19%] [32mBuilding C object CMakeFiles/my_robot_interfaces__rosidl_generator_c.dir/rosidl_generator_c/my_robot_interfaces/srv/detail/compute_rectangle_area__description.c.o[0m
[1.327s] [ 20%] [32mBuilding C object CMakeFiles/my_robot_interfaces__rosidl_generator_c.dir/rosidl_generator_c/my_robot_interfaces/srv/detail/compute_rectangle_area__functions.c.o[0m
[1.337s] [ 21%] [32mBuilding C object CMakeFiles/my_robot_interfaces__rosidl_generator_c.dir/rosidl_generator_c/my_robot_interfaces/srv/detail/compute_rectangle_area__type_support.c.o[0m
[1.341s] [ 22%] [32mBuilding C object CMakeFiles/my_robot_interfaces__rosidl_generator_c.dir/rosidl_generator_c/my_robot_interfaces/srv/detail/set_led__description.c.o[0m
[1.355s] [ 23%] [32mBuilding C object CMakeFiles/my_robot_interfaces__rosidl_generator_c.dir/rosidl_generator_c/my_robot_interfaces/srv/detail/set_led__functions.c.o[0m
[1.359s] [ 25%] [32mBuilding C object CMakeFiles/my_robot_interfaces__rosidl_generator_c.dir/rosidl_generator_c/my_robot_interfaces/srv/detail/set_led__type_support.c.o[0m
[1.390s] [ 26%] [32m[1mLinking C shared library libmy_robot_interfaces__rosidl_generator_c.so[0m
[1.415s] [ 26%] Built target my_robot_interfaces__rosidl_generator_c
[1.421s] [ 28%] [34m[1mGenerating C++ type support dispatch for ROS interfaces[0m
[1.421s] [ 28%] [34m[1mGenerating C type support for eProsima Fast-RTPS[0m
[1.421s] [ 29%] [34m[1mGenerating C introspection for ROS interfaces[0m
[1.428s] [ 30%] [34m[1mGenerating C type support dispatch for ROS interfaces[0m
[1.723s] [ 32%] [32mBuilding CXX object CMakeFiles/my_robot_interfaces__rosidl_typesupport_cpp.dir/rosidl_typesupport_cpp/my_robot_interfaces/msg/hardware_status__type_support.cpp.o[0m
[1.767s] [ 33%] [32mBuilding CXX object CMakeFiles/my_robot_interfaces__rosidl_typesupport_c.dir/rosidl_typesupport_c/my_robot_interfaces/msg/hardware_status__type_support.cpp.o[0m
[1.790s] [ 34%] [32mBuilding C object CMakeFiles/my_robot_interfaces__rosidl_typesupport_introspection_c.dir/rosidl_typesupport_introspection_c/my_robot_interfaces/msg/detail/hardware_status__type_support.c.o[0m
[1.825s] [ 35%] [32mBuilding C object CMakeFiles/my_robot_interfaces__rosidl_typesupport_introspection_c.dir/rosidl_typesupport_introspection_c/my_robot_interfaces/msg/detail/led_battery_state__type_support.c.o[0m
[1.834s] [ 36%] [32mBuilding CXX object CMakeFiles/my_robot_interfaces__rosidl_typesupport_fastrtps_c.dir/rosidl_typesupport_fastrtps_c/my_robot_interfaces/msg/detail/hardware_status__type_support_c.cpp.o[0m
[1.869s] [ 38%] [32mBuilding C object CMakeFiles/my_robot_interfaces__rosidl_typesupport_introspection_c.dir/rosidl_typesupport_introspection_c/my_robot_interfaces/msg/detail/test_robot__type_support.c.o[0m
[1.875s] [ 39%] [32mBuilding CXX object CMakeFiles/my_robot_interfaces__rosidl_typesupport_c.dir/rosidl_typesupport_c/my_robot_interfaces/msg/led_battery_state__type_support.cpp.o[0m
[1.921s] [ 40%] [32mBuilding CXX object CMakeFiles/my_robot_interfaces__rosidl_typesupport_c.dir/rosidl_typesupport_c/my_robot_interfaces/msg/test_robot__type_support.cpp.o[0m
[1.933s] [ 41%] [32mBuilding C object CMakeFiles/my_robot_interfaces__rosidl_typesupport_introspection_c.dir/rosidl_typesupport_introspection_c/my_robot_interfaces/msg/detail/alive_turtles__type_support.c.o[0m
[2.003s] [ 42%] [32mBuilding CXX object CMakeFiles/my_robot_interfaces__rosidl_typesupport_c.dir/rosidl_typesupport_c/my_robot_interfaces/msg/alive_turtles__type_support.cpp.o[0m
[2.006s] [ 44%] [32mBuilding C object CMakeFiles/my_robot_interfaces__rosidl_typesupport_introspection_c.dir/rosidl_typesupport_introspection_c/my_robot_interfaces/srv/detail/compute_rectangle_area__type_support.c.o[0m
[2.088s] [ 45%] [32mBuilding CXX object CMakeFiles/my_robot_interfaces__rosidl_typesupport_c.dir/rosidl_typesupport_c/my_robot_interfaces/srv/compute_rectangle_area__type_support.cpp.o[0m
[2.097s] [ 46%] [32mBuilding C object CMakeFiles/my_robot_interfaces__rosidl_typesupport_introspection_c.dir/rosidl_typesupport_introspection_c/my_robot_interfaces/srv/detail/set_led__type_support.c.o[0m
[2.192s] [ 47%] [32m[1mLinking C shared library libmy_robot_interfaces__rosidl_typesupport_introspection_c.so[0m
[2.192s] [ 48%] [32mBuilding CXX object CMakeFiles/my_robot_interfaces__rosidl_typesupport_c.dir/rosidl_typesupport_c/my_robot_interfaces/srv/set_led__type_support.cpp.o[0m
[2.230s] [ 48%] Built target my_robot_interfaces__rosidl_typesupport_introspection_c
[2.237s] [ 50%] [32mBuilding CXX object CMakeFiles/my_robot_interfaces__rosidl_typesupport_cpp.dir/rosidl_typesupport_cpp/my_robot_interfaces/msg/led_battery_state__type_support.cpp.o[0m
[2.247s] [ 51%] [32m[1mLinking CXX shared library libmy_robot_interfaces__rosidl_typesupport_c.so[0m
[2.293s] [ 52%] [32mBuilding CXX object CMakeFiles/my_robot_interfaces__rosidl_typesupport_cpp.dir/rosidl_typesupport_cpp/my_robot_interfaces/msg/test_robot__type_support.cpp.o[0m
[2.305s] [ 52%] Built target my_robot_interfaces__rosidl_typesupport_c
[2.312s] [ 53%] [32mBuilding CXX object CMakeFiles/my_robot_interfaces__rosidl_typesupport_cpp.dir/rosidl_typesupport_cpp/my_robot_interfaces/msg/alive_turtles__type_support.cpp.o[0m
[2.590s] [ 54%] [32mBuilding CXX object CMakeFiles/my_robot_interfaces__rosidl_typesupport_fastrtps_c.dir/rosidl_typesupport_fastrtps_c/my_robot_interfaces/msg/detail/led_battery_state__type_support_c.cpp.o[0m
[2.621s] [ 55%] [34m[1mGenerating C++ type support for eProsima Fast-RTPS[0m
[2.696s] [ 57%] [32mBuilding CXX object CMakeFiles/my_robot_interfaces__rosidl_typesupport_cpp.dir/rosidl_typesupport_cpp/my_robot_interfaces/srv/compute_rectangle_area__type_support.cpp.o[0m
[2.743s] [ 58%] [32mBuilding CXX object CMakeFiles/my_robot_interfaces__rosidl_typesupport_fastrtps_c.dir/rosidl_typesupport_fastrtps_c/my_robot_interfaces/msg/detail/test_robot__type_support_c.cpp.o[0m
[2.872s] [ 59%] [34m[1mGenerating C++ introspection for ROS interfaces[0m
[2.957s] [ 60%] [32mBuilding CXX object CMakeFiles/my_robot_interfaces__rosidl_typesupport_cpp.dir/rosidl_typesupport_cpp/my_robot_interfaces/srv/set_led__type_support.cpp.o[0m
[3.037s] [ 61%] [32mBuilding CXX object CMakeFiles/my_robot_interfaces__rosidl_typesupport_fastrtps_cpp.dir/rosidl_typesupport_fastrtps_cpp/my_robot_interfaces/msg/detail/dds_fastrtps/hardware_status__type_support.cpp.o[0m
[3.065s] [ 63%] [32mBuilding CXX object CMakeFiles/my_robot_interfaces__rosidl_typesupport_fastrtps_c.dir/rosidl_typesupport_fastrtps_c/my_robot_interfaces/msg/detail/alive_turtles__type_support_c.cpp.o[0m
[3.154s] [ 64%] [32mBuilding CXX object CMakeFiles/my_robot_interfaces__rosidl_typesupport_introspection_cpp.dir/rosidl_typesupport_introspection_cpp/my_robot_interfaces/msg/detail/hardware_status__type_support.cpp.o[0m
[3.171s] [ 65%] [32m[1mLinking CXX shared library libmy_robot_interfaces__rosidl_typesupport_cpp.so[0m
[3.221s] [ 65%] Built target my_robot_interfaces__rosidl_typesupport_cpp
[3.228s] [ 66%] [32mBuilding CXX object CMakeFiles/my_robot_interfaces__rosidl_typesupport_fastrtps_c.dir/rosidl_typesupport_fastrtps_c/my_robot_interfaces/srv/detail/compute_rectangle_area__type_support_c.cpp.o[0m
[3.332s] [ 67%] [32mBuilding CXX object CMakeFiles/my_robot_interfaces__rosidl_typesupport_fastrtps_cpp.dir/rosidl_typesupport_fastrtps_cpp/my_robot_interfaces/msg/detail/dds_fastrtps/led_battery_state__type_support.cpp.o[0m
[3.347s] [ 69%] [32mBuilding CXX object CMakeFiles/my_robot_interfaces__rosidl_typesupport_introspection_cpp.dir/rosidl_typesupport_introspection_cpp/my_robot_interfaces/msg/detail/led_battery_state__type_support.cpp.o[0m
[3.359s] [ 70%] [32mBuilding CXX object CMakeFiles/my_robot_interfaces__rosidl_typesupport_fastrtps_cpp.dir/rosidl_typesupport_fastrtps_cpp/my_robot_interfaces/msg/detail/dds_fastrtps/test_robot__type_support.cpp.o[0m
[3.557s] [ 71%] [32mBuilding CXX object CMakeFiles/my_robot_interfaces__rosidl_typesupport_introspection_cpp.dir/rosidl_typesupport_introspection_cpp/my_robot_interfaces/msg/detail/test_robot__type_support.cpp.o[0m
[3.557s] [ 72%] [32mBuilding CXX object CMakeFiles/my_robot_interfaces__rosidl_typesupport_fastrtps_c.dir/rosidl_typesupport_fastrtps_c/my_robot_interfaces/srv/detail/set_led__type_support_c.cpp.o[0m
[3.653s] [ 73%] [32mBuilding CXX object CMakeFiles/my_robot_interfaces__rosidl_typesupport_fastrtps_cpp.dir/rosidl_typesupport_fastrtps_cpp/my_robot_interfaces/msg/detail/dds_fastrtps/alive_turtles__type_support.cpp.o[0m
[3.669s] [ 75%] [32mBuilding CXX object CMakeFiles/my_robot_interfaces__rosidl_typesupport_fastrtps_cpp.dir/rosidl_typesupport_fastrtps_cpp/my_robot_interfaces/srv/detail/dds_fastrtps/compute_rectangle_area__type_support.cpp.o[0m
[3.724s] [ 76%] [32mBuilding CXX object CMakeFiles/my_robot_interfaces__rosidl_typesupport_introspection_cpp.dir/rosidl_typesupport_introspection_cpp/my_robot_interfaces/msg/detail/alive_turtles__type_support.cpp.o[0m
[3.820s] [ 77%] [32m[1mLinking CXX shared library libmy_robot_interfaces__rosidl_typesupport_fastrtps_c.so[0m
[3.859s] [ 77%] Built target my_robot_interfaces__rosidl_typesupport_fastrtps_c
[3.864s] [ 78%] [32mBuilding CXX object CMakeFiles/my_robot_interfaces__rosidl_typesupport_introspection_cpp.dir/rosidl_typesupport_introspection_cpp/my_robot_interfaces/srv/detail/compute_rectangle_area__type_support.cpp.o[0m
[3.899s] [ 80%] [32mBuilding CXX object CMakeFiles/my_robot_interfaces__rosidl_typesupport_fastrtps_cpp.dir/rosidl_typesupport_fastrtps_cpp/my_robot_interfaces/srv/detail/dds_fastrtps/set_led__type_support.cpp.o[0m
[3.899s] [ 80%] [32mBuilding CXX object CMakeFiles/my_robot_interfaces__rosidl_typesupport_introspection_cpp.dir/rosidl_typesupport_introspection_cpp/my_robot_interfaces/srv/detail/set_led__type_support.cpp.o[0m
[4.099s] [ 82%] [32m[1mLinking CXX shared library libmy_robot_interfaces__rosidl_typesupport_introspection_cpp.so[0m
[4.141s] [ 82%] Built target my_robot_interfaces__rosidl_typesupport_introspection_cpp
[4.190s] [ 83%] [32m[1mLinking CXX shared library libmy_robot_interfaces__rosidl_typesupport_fastrtps_cpp.so[0m
[4.226s] [ 83%] Built target my_robot_interfaces__rosidl_typesupport_fastrtps_cpp
[4.235s] [ 83%] Built target my_robot_interfaces
[4.244s] [ 84%] [34m[1mGenerating Python code for ROS interfaces[0m
[4.614s] [ 84%] Built target my_robot_interfaces__py
[4.627s] [ 88%] [32mBuilding C object CMakeFiles/my_robot_interfaces__rosidl_generator_py.dir/rosidl_generator_py/my_robot_interfaces/msg/_test_robot_s.c.o[0m
[4.628s] [ 88%] [32mBuilding C object CMakeFiles/my_robot_interfaces__rosidl_generator_py.dir/rosidl_generator_py/my_robot_interfaces/msg/_led_battery_state_s.c.o[0m
[4.628s] [ 88%] [32mBuilding C object CMakeFiles/my_robot_interfaces__rosidl_generator_py.dir/rosidl_generator_py/my_robot_interfaces/msg/_hardware_status_s.c.o[0m
[4.628s] [ 89%] [32mBuilding C object CMakeFiles/my_robot_interfaces__rosidl_generator_py.dir/rosidl_generator_py/my_robot_interfaces/msg/_alive_turtles_s.c.o[0m
[4.721s] [ 91%] [32mBuilding C object CMakeFiles/my_robot_interfaces__rosidl_generator_py.dir/rosidl_generator_py/my_robot_interfaces/srv/_compute_rectangle_area_s.c.o[0m
[4.721s] [ 91%] [32mBuilding C object CMakeFiles/my_robot_interfaces__rosidl_generator_py.dir/rosidl_generator_py/my_robot_interfaces/srv/_set_led_s.c.o[0m
[4.804s] [ 92%] [32m[1mLinking C shared library libmy_robot_interfaces__rosidl_generator_py.so[0m
[4.825s] [ 92%] Built target my_robot_interfaces__rosidl_generator_py
[4.840s] [ 94%] [32mBuilding C object CMakeFiles/my_robot_interfaces_s__rosidl_typesupport_introspection_c.dir/rosidl_generator_py/my_robot_interfaces/_my_robot_interfaces_s.ep.rosidl_typesupport_introspection_c.c.o[0m
[4.840s] [ 95%] [32mBuilding C object CMakeFiles/my_robot_interfaces_s__rosidl_typesupport_c.dir/rosidl_generator_py/my_robot_interfaces/_my_robot_interfaces_s.ep.rosidl_typesupport_c.c.o[0m
[4.840s] [ 96%] [32mBuilding C object CMakeFiles/my_robot_interfaces_s__rosidl_typesupport_fastrtps_c.dir/rosidl_generator_py/my_robot_interfaces/_my_robot_interfaces_s.ep.rosidl_typesupport_fastrtps_c.c.o[0m
[4.904s] [ 97%] [32m[1mLinking C shared module rosidl_generator_py/my_robot_interfaces/my_robot_interfaces_s__rosidl_typesupport_introspection_c.so[0m
[4.904s] [ 98%] [32m[1mLinking C shared module rosidl_generator_py/my_robot_interfaces/my_robot_interfaces_s__rosidl_typesupport_c.so[0m
[4.904s] [100%] [32m[1mLinking C shared module rosidl_generator_py/my_robot_interfaces/my_robot_interfaces_s__rosidl_typesupport_fastrtps_c.so[0m
[4.918s] [100%] Built target my_robot_interfaces_s__rosidl_typesupport_introspection_c
[4.918s] [100%] Built target my_robot_interfaces_s__rosidl_typesupport_fastrtps_c
[4.919s] [100%] Built target my_robot_interfaces_s__rosidl_typesupport_c
[4.930s] Invoked command in '/home/anand289/ros2_ws/build/my_robot_interfaces' returned '0': CMAKE_PREFIX_PATH=${CMAKE_PREFIX_PATH}:/home/anand289/ros2_ws/install/my_py_pkg:/opt/ros/jazzy DEBUGINFOD_URLS=https://debuginfod.ubuntu.com /usr/bin/cmake --build /home/anand289/ros2_ws/build/my_robot_interfaces -- -j4 -l4
[4.937s] Invoking command in '/home/anand289/ros2_ws/build/my_robot_interfaces': CMAKE_PREFIX_PATH=${CMAKE_PREFIX_PATH}:/home/anand289/ros2_ws/install/my_py_pkg:/opt/ros/jazzy DEBUGINFOD_URLS=https://debuginfod.ubuntu.com /usr/bin/cmake --install /home/anand289/ros2_ws/build/my_robot_interfaces
[4.941s] -- Install configuration: ""
[4.942s] -- Execute custom install script
[4.942s] -- Up-to-date symlink: /home/anand289/ros2_ws/install/my_robot_interfaces/share/ament_index/resource_index/rosidl_interfaces/my_robot_interfaces
[4.942s] -- Up-to-date symlink: /home/anand289/ros2_ws/install/my_robot_interfaces/share/my_robot_interfaces/msg/HardwareStatus.json
[4.942s] -- Up-to-date symlink: /home/anand289/ros2_ws/install/my_robot_interfaces/share/my_robot_interfaces/msg/LEDBatteryState.json
[4.942s] -- Up-to-date symlink: /home/anand289/ros2_ws/install/my_robot_interfaces/share/my_robot_interfaces/msg/TestRobot.json
[4.942s] -- Symlinking: /home/anand289/ros2_ws/install/my_robot_interfaces/share/my_robot_interfaces/msg/AliveTurtles.json
[4.946s] -- Up-to-date symlink: /home/anand289/ros2_ws/install/my_robot_interfaces/share/my_robot_interfaces/srv/ComputeRectangleArea.json
[4.946s] -- Up-to-date symlink: /home/anand289/ros2_ws/install/my_robot_interfaces/share/my_robot_interfaces/srv/SetLed.json
[4.947s] -- Symlinking: /home/anand289/ros2_ws/install/my_robot_interfaces/include/my_robot_interfaces/my_robot_interfaces/msg/alive_turtles.h
[4.950s] -- Symlinking: /home/anand289/ros2_ws/install/my_robot_interfaces/include/my_robot_interfaces/my_robot_interfaces/msg/detail/alive_turtles__functions.h
[4.954s] -- Symlinking: /home/anand289/ros2_ws/install/my_robot_interfaces/include/my_robot_interfaces/my_robot_interfaces/msg/detail/alive_turtles__struct.h
[4.958s] -- Symlinking: /home/anand289/ros2_ws/install/my_robot_interfaces/include/my_robot_interfaces/my_robot_interfaces/msg/detail/alive_turtles__type_support.h
[4.961s] -- Up-to-date symlink: /home/anand289/ros2_ws/install/my_robot_interfaces/include/my_robot_interfaces/my_robot_interfaces/msg/detail/hardware_status__functions.h
[4.961s] -- Up-to-date symlink: /home/anand289/ros2_ws/install/my_robot_interfaces/include/my_robot_interfaces/my_robot_interfaces/msg/detail/hardware_status__struct.h
[4.962s] -- Up-to-date symlink: /home/anand289/ros2_ws/install/my_robot_interfaces/include/my_robot_interfaces/my_robot_interfaces/msg/detail/hardware_status__type_support.h
[4.962s] -- Up-to-date symlink: /home/anand289/ros2_ws/install/my_robot_interfaces/include/my_robot_interfaces/my_robot_interfaces/msg/detail/led_battery_state__functions.h
[4.962s] -- Up-to-date symlink: /home/anand289/ros2_ws/install/my_robot_interfaces/include/my_robot_interfaces/my_robot_interfaces/msg/detail/led_battery_state__struct.h
[4.962s] -- Up-to-date symlink: /home/anand289/ros2_ws/install/my_robot_interfaces/include/my_robot_interfaces/my_robot_interfaces/msg/detail/led_battery_state__type_support.h
[4.962s] -- Up-to-date symlink: /home/anand289/ros2_ws/install/my_robot_interfaces/include/my_robot_interfaces/my_robot_interfaces/msg/detail/test_robot__functions.h
[4.962s] -- Up-to-date symlink: /home/anand289/ros2_ws/install/my_robot_interfaces/include/my_robot_interfaces/my_robot_interfaces/msg/detail/test_robot__struct.h
[4.962s] -- Up-to-date symlink: /home/anand289/ros2_ws/install/my_robot_interfaces/include/my_robot_interfaces/my_robot_interfaces/msg/detail/test_robot__type_support.h
[4.962s] -- Up-to-date symlink: /home/anand289/ros2_ws/install/my_robot_interfaces/include/my_robot_interfaces/my_robot_interfaces/msg/hardware_status.h
[4.962s] -- Up-to-date symlink: /home/anand289/ros2_ws/install/my_robot_interfaces/include/my_robot_interfaces/my_robot_interfaces/msg/led_battery_state.h
[4.962s] -- Up-to-date symlink: /home/anand289/ros2_ws/install/my_robot_interfaces/include/my_robot_interfaces/my_robot_interfaces/msg/rosidl_generator_c__visibility_control.h
[4.962s] -- Up-to-date symlink: /home/anand289/ros2_ws/install/my_robot_interfaces/include/my_robot_interfaces/my_robot_interfaces/msg/test_robot.h
[4.962s] -- Up-to-date symlink: /home/anand289/ros2_ws/install/my_robot_interfaces/include/my_robot_interfaces/my_robot_interfaces/srv/compute_rectangle_area.h
[4.962s] -- Up-to-date symlink: /home/anand289/ros2_ws/install/my_robot_interfaces/include/my_robot_interfaces/my_robot_interfaces/srv/detail/compute_rectangle_area__functions.h
[4.962s] -- Up-to-date symlink: /home/anand289/ros2_ws/install/my_robot_interfaces/include/my_robot_interfaces/my_robot_interfaces/srv/detail/compute_rectangle_area__struct.h
[4.962s] -- Up-to-date symlink: /home/anand289/ros2_ws/install/my_robot_interfaces/include/my_robot_interfaces/my_robot_interfaces/srv/detail/compute_rectangle_area__type_support.h
[4.963s] -- Up-to-date symlink: /home/anand289/ros2_ws/install/my_robot_interfaces/include/my_robot_interfaces/my_robot_interfaces/srv/detail/set_led__functions.h
[4.963s] -- Up-to-date symlink: /home/anand289/ros2_ws/install/my_robot_interfaces/include/my_robot_interfaces/my_robot_interfaces/srv/detail/set_led__struct.h
[4.963s] -- Up-to-date symlink: /home/anand289/ros2_ws/install/my_robot_interfaces/include/my_robot_interfaces/my_robot_interfaces/srv/detail/set_led__type_support.h
[4.963s] -- Up-to-date symlink: /home/anand289/ros2_ws/install/my_robot_interfaces/include/my_robot_interfaces/my_robot_interfaces/srv/set_led.h
[4.963s] -- Up-to-date symlink: /home/anand289/ros2_ws/install/my_robot_interfaces/share/my_robot_interfaces/environment/library_path.sh
[4.963s] -- Up-to-date symlink: /home/anand289/ros2_ws/install/my_robot_interfaces/share/my_robot_interfaces/environment/library_path.dsv
[4.964s] -- Symlinking: /home/anand289/ros2_ws/install/my_robot_interfaces/include/my_robot_interfaces/my_robot_interfaces/msg/detail/alive_turtles__rosidl_typesupport_fastrtps_c.h
[4.967s] -- Up-to-date symlink: /home/anand289/ros2_ws/install/my_robot_interfaces/include/my_robot_interfaces/my_robot_interfaces/msg/detail/hardware_status__rosidl_typesupport_fastrtps_c.h
[4.967s] -- Up-to-date symlink: /home/anand289/ros2_ws/install/my_robot_interfaces/include/my_robot_interfaces/my_robot_interfaces/msg/detail/led_battery_state__rosidl_typesupport_fastrtps_c.h
[4.967s] -- Up-to-date symlink: /home/anand289/ros2_ws/install/my_robot_interfaces/include/my_robot_interfaces/my_robot_interfaces/msg/detail/test_robot__rosidl_typesupport_fastrtps_c.h
[4.967s] -- Up-to-date symlink: /home/anand289/ros2_ws/install/my_robot_interfaces/include/my_robot_interfaces/my_robot_interfaces/msg/rosidl_typesupport_fastrtps_c__visibility_control.h
[4.967s] -- Up-to-date symlink: /home/anand289/ros2_ws/install/my_robot_interfaces/include/my_robot_interfaces/my_robot_interfaces/srv/detail/compute_rectangle_area__rosidl_typesupport_fastrtps_c.h
[4.967s] -- Up-to-date symlink: /home/anand289/ros2_ws/install/my_robot_interfaces/include/my_robot_interfaces/my_robot_interfaces/srv/detail/set_led__rosidl_typesupport_fastrtps_c.h
[4.968s] -- Symlinking: /home/anand289/ros2_ws/install/my_robot_interfaces/include/my_robot_interfaces/my_robot_interfaces/msg/detail/alive_turtles__rosidl_typesupport_introspection_c.h
[4.971s] -- Up-to-date symlink: /home/anand289/ros2_ws/install/my_robot_interfaces/include/my_robot_interfaces/my_robot_interfaces/msg/detail/hardware_status__rosidl_typesupport_introspection_c.h
[4.971s] -- Up-to-date symlink: /home/anand289/ros2_ws/install/my_robot_interfaces/include/my_robot_interfaces/my_robot_interfaces/msg/detail/led_battery_state__rosidl_typesupport_introspection_c.h
[4.971s] -- Up-to-date symlink: /home/anand289/ros2_ws/install/my_robot_interfaces/include/my_robot_interfaces/my_robot_interfaces/msg/detail/test_robot__rosidl_typesupport_introspection_c.h
[4.971s] -- Up-to-date symlink: /home/anand289/ros2_ws/install/my_robot_interfaces/include/my_robot_interfaces/my_robot_interfaces/msg/rosidl_typesupport_introspection_c__visibility_control.h
[4.971s] -- Up-to-date symlink: /home/anand289/ros2_ws/install/my_robot_interfaces/include/my_robot_interfaces/my_robot_interfaces/srv/detail/compute_rectangle_area__rosidl_typesupport_introspection_c.h
[4.971s] -- Up-to-date symlink: /home/anand289/ros2_ws/install/my_robot_interfaces/include/my_robot_interfaces/my_robot_interfaces/srv/detail/set_led__rosidl_typesupport_introspection_c.h
[4.972s] -- Symlinking: /home/anand289/ros2_ws/install/my_robot_interfaces/include/my_robot_interfaces/my_robot_interfaces/msg/alive_turtles.hpp
[4.975s] -- Symlinking: /home/anand289/ros2_ws/install/my_robot_interfaces/include/my_robot_interfaces/my_robot_interfaces/msg/detail/alive_turtles__builder.hpp
[4.978s] -- Symlinking: /home/anand289/ros2_ws/install/my_robot_interfaces/include/my_robot_interfaces/my_robot_interfaces/msg/detail/alive_turtles__struct.hpp
[4.982s] -- Symlinking: /home/anand289/ros2_ws/install/my_robot_interfaces/include/my_robot_interfaces/my_robot_interfaces/msg/detail/alive_turtles__traits.hpp
[4.985s] -- Symlinking: /home/anand289/ros2_ws/install/my_robot_interfaces/include/my_robot_interfaces/my_robot_interfaces/msg/detail/alive_turtles__type_support.hpp
[4.988s] -- Up-to-date symlink: /home/anand289/ros2_ws/install/my_robot_interfaces/include/my_robot_interfaces/my_robot_interfaces/msg/detail/hardware_status__builder.hpp
[4.988s] -- Up-to-date symlink: /home/anand289/ros2_ws/install/my_robot_interfaces/include/my_robot_interfaces/my_robot_interfaces/msg/detail/hardware_status__struct.hpp
[4.988s] -- Up-to-date symlink: /home/anand289/ros2_ws/install/my_robot_interfaces/include/my_robot_interfaces/my_robot_interfaces/msg/detail/hardware_status__traits.hpp
[4.989s] -- Up-to-date symlink: /home/anand289/ros2_ws/install/my_robot_interfaces/include/my_robot_interfaces/my_robot_interfaces/msg/detail/hardware_status__type_support.hpp
[4.989s] -- Up-to-date symlink: /home/anand289/ros2_ws/install/my_robot_interfaces/include/my_robot_interfaces/my_robot_interfaces/msg/detail/led_battery_state__builder.hpp
[4.989s] -- Up-to-date symlink: /home/anand289/ros2_ws/install/my_robot_interfaces/include/my_robot_interfaces/my_robot_interfaces/msg/detail/led_battery_state__struct.hpp
[4.989s] -- Up-to-date symlink: /home/anand289/ros2_ws/install/my_robot_interfaces/include/my_robot_interfaces/my_robot_interfaces/msg/detail/led_battery_state__traits.hpp
[4.989s] -- Up-to-date symlink: /home/anand289/ros2_ws/install/my_robot_interfaces/include/my_robot_interfaces/my_robot_interfaces/msg/detail/led_battery_state__type_support.hpp
[4.989s] -- Up-to-date symlink: /home/anand289/ros2_ws/install/my_robot_interfaces/include/my_robot_interfaces/my_robot_interfaces/msg/detail/test_robot__builder.hpp
[4.989s] -- Up-to-date symlink: /home/anand289/ros2_ws/install/my_robot_interfaces/include/my_robot_interfaces/my_robot_interfaces/msg/detail/test_robot__struct.hpp
[4.989s] -- Up-to-date symlink: /home/anand289/ros2_ws/install/my_robot_interfaces/include/my_robot_interfaces/my_robot_interfaces/msg/detail/test_robot__traits.hpp
[4.989s] -- Up-to-date symlink: /home/anand289/ros2_ws/install/my_robot_interfaces/include/my_robot_interfaces/my_robot_interfaces/msg/detail/test_robot__type_support.hpp
[4.989s] -- Up-to-date symlink: /home/anand289/ros2_ws/install/my_robot_interfaces/include/my_robot_interfaces/my_robot_interfaces/msg/hardware_status.hpp
[4.989s] -- Up-to-date symlink: /home/anand289/ros2_ws/install/my_robot_interfaces/include/my_robot_interfaces/my_robot_interfaces/msg/led_battery_state.hpp
[4.989s] -- Up-to-date symlink: /home/anand289/ros2_ws/install/my_robot_interfaces/include/my_robot_interfaces/my_robot_interfaces/msg/rosidl_generator_cpp__visibility_control.hpp
[4.989s] -- Up-to-date symlink: /home/anand289/ros2_ws/install/my_robot_interfaces/include/my_robot_interfaces/my_robot_interfaces/msg/test_robot.hpp
[4.989s] -- Up-to-date symlink: /home/anand289/ros2_ws/install/my_robot_interfaces/include/my_robot_interfaces/my_robot_interfaces/srv/compute_rectangle_area.hpp
[4.989s] -- Up-to-date symlink: /home/anand289/ros2_ws/install/my_robot_interfaces/include/my_robot_interfaces/my_robot_interfaces/srv/detail/compute_rectangle_area__builder.hpp
[4.990s] -- Up-to-date symlink: /home/anand289/ros2_ws/install/my_robot_interfaces/include/my_robot_interfaces/my_robot_interfaces/srv/detail/compute_rectangle_area__struct.hpp
[4.990s] -- Up-to-date symlink: /home/anand289/ros2_ws/install/my_robot_interfaces/include/my_robot_interfaces/my_robot_interfaces/srv/detail/compute_rectangle_area__traits.hpp
[4.990s] -- Up-to-date symlink: /home/anand289/ros2_ws/install/my_robot_interfaces/include/my_robot_interfaces/my_robot_interfaces/srv/detail/compute_rectangle_area__type_support.hpp
[4.990s] -- Up-to-date symlink: /home/anand289/ros2_ws/install/my_robot_interfaces/include/my_robot_interfaces/my_robot_interfaces/srv/detail/set_led__builder.hpp
[4.990s] -- Up-to-date symlink: /home/anand289/ros2_ws/install/my_robot_interfaces/include/my_robot_interfaces/my_robot_interfaces/srv/detail/set_led__struct.hpp
[4.990s] -- Up-to-date symlink: /home/anand289/ros2_ws/install/my_robot_interfaces/include/my_robot_interfaces/my_robot_interfaces/srv/detail/set_led__traits.hpp
[4.990s] -- Up-to-date symlink: /home/anand289/ros2_ws/install/my_robot_interfaces/include/my_robot_interfaces/my_robot_interfaces/srv/detail/set_led__type_support.hpp
[4.990s] -- Up-to-date symlink: /home/anand289/ros2_ws/install/my_robot_interfaces/include/my_robot_interfaces/my_robot_interfaces/srv/set_led.hpp
[4.990s] -- Symlinking: /home/anand289/ros2_ws/install/my_robot_interfaces/include/my_robot_interfaces/my_robot_interfaces/msg/detail/alive_turtles__rosidl_typesupport_fastrtps_cpp.hpp
[4.994s] -- Up-to-date symlink: /home/anand289/ros2_ws/install/my_robot_interfaces/include/my_robot_interfaces/my_robot_interfaces/msg/detail/hardware_status__rosidl_typesupport_fastrtps_cpp.hpp
[4.994s] -- Up-to-date symlink: /home/anand289/ros2_ws/install/my_robot_interfaces/include/my_robot_interfaces/my_robot_interfaces/msg/detail/led_battery_state__rosidl_typesupport_fastrtps_cpp.hpp
[4.994s] -- Up-to-date symlink: /home/anand289/ros2_ws/install/my_robot_interfaces/include/my_robot_interfaces/my_robot_interfaces/msg/detail/test_robot__rosidl_typesupport_fastrtps_cpp.hpp
[4.994s] -- Up-to-date symlink: /home/anand289/ros2_ws/install/my_robot_interfaces/include/my_robot_interfaces/my_robot_interfaces/msg/rosidl_typesupport_fastrtps_cpp__visibility_control.h
[4.994s] -- Up-to-date symlink: /home/anand289/ros2_ws/install/my_robot_interfaces/include/my_robot_interfaces/my_robot_interfaces/srv/detail/compute_rectangle_area__rosidl_typesupport_fastrtps_cpp.hpp
[4.994s] -- Up-to-date symlink: /home/anand289/ros2_ws/install/my_robot_interfaces/include/my_robot_interfaces/my_robot_interfaces/srv/detail/set_led__rosidl_typesupport_fastrtps_cpp.hpp
[4.994s] -- Symlinking: /home/anand289/ros2_ws/install/my_robot_interfaces/include/my_robot_interfaces/my_robot_interfaces/msg/detail/alive_turtles__rosidl_typesupport_introspection_cpp.hpp
[4.998s] -- Up-to-date symlink: /home/anand289/ros2_ws/install/my_robot_interfaces/include/my_robot_interfaces/my_robot_interfaces/msg/detail/hardware_status__rosidl_typesupport_introspection_cpp.hpp
[4.998s] -- Up-to-date symlink: /home/anand289/ros2_ws/install/my_robot_interfaces/include/my_robot_interfaces/my_robot_interfaces/msg/detail/led_battery_state__rosidl_typesupport_introspection_cpp.hpp
[4.998s] -- Up-to-date symlink: /home/anand289/ros2_ws/install/my_robot_interfaces/include/my_robot_interfaces/my_robot_interfaces/msg/detail/test_robot__rosidl_typesupport_introspection_cpp.hpp
[4.998s] -- Up-to-date symlink: /home/anand289/ros2_ws/install/my_robot_interfaces/include/my_robot_interfaces/my_robot_interfaces/srv/detail/compute_rectangle_area__rosidl_typesupport_introspection_cpp.hpp
[4.998s] -- Up-to-date symlink: /home/anand289/ros2_ws/install/my_robot_interfaces/include/my_robot_interfaces/my_robot_interfaces/srv/detail/set_led__rosidl_typesupport_introspection_cpp.hpp
[4.998s] -- Up-to-date symlink: /home/anand289/ros2_ws/install/my_robot_interfaces/share/my_robot_interfaces/environment/pythonpath.sh
[4.998s] -- Up-to-date symlink: /home/anand289/ros2_ws/install/my_robot_interfaces/share/my_robot_interfaces/environment/pythonpath.dsv
[4.998s] -- Up-to-date symlink: /home/anand289/ros2_ws/install/my_robot_interfaces/lib/python3.12/site-packages/my_robot_interfaces-0.0.0-py3.12.egg-info/PKG-INFO
[4.998s] -- Up-to-date symlink: /home/anand289/ros2_ws/install/my_robot_interfaces/lib/python3.12/site-packages/my_robot_interfaces-0.0.0-py3.12.egg-info/SOURCES.txt
[4.999s] -- Up-to-date symlink: /home/anand289/ros2_ws/install/my_robot_interfaces/lib/python3.12/site-packages/my_robot_interfaces-0.0.0-py3.12.egg-info/dependency_links.txt
[4.999s] -- Up-to-date symlink: /home/anand289/ros2_ws/install/my_robot_interfaces/lib/python3.12/site-packages/my_robot_interfaces-0.0.0-py3.12.egg-info/top_level.txt
[4.999s] -- Up-to-date symlink: /home/anand289/ros2_ws/install/my_robot_interfaces/lib/python3.12/site-packages/my_robot_interfaces/__init__.py
[4.999s] -- Up-to-date symlink: /home/anand289/ros2_ws/install/my_robot_interfaces/lib/python3.12/site-packages/my_robot_interfaces/_my_robot_interfaces_s.ep.rosidl_typesupport_c.c
[4.999s] -- Up-to-date symlink: /home/anand289/ros2_ws/install/my_robot_interfaces/lib/python3.12/site-packages/my_robot_interfaces/_my_robot_interfaces_s.ep.rosidl_typesupport_fastrtps_c.c
[4.999s] -- Up-to-date symlink: /home/anand289/ros2_ws/install/my_robot_interfaces/lib/python3.12/site-packages/my_robot_interfaces/_my_robot_interfaces_s.ep.rosidl_typesupport_introspection_c.c
[4.999s] -- Up-to-date symlink: /home/anand289/ros2_ws/install/my_robot_interfaces/lib/python3.12/site-packages/my_robot_interfaces/msg/__init__.py
[4.999s] -- Symlinking: /home/anand289/ros2_ws/install/my_robot_interfaces/lib/python3.12/site-packages/my_robot_interfaces/msg/_alive_turtles.py
[5.003s] -- Symlinking: /home/anand289/ros2_ws/install/my_robot_interfaces/lib/python3.12/site-packages/my_robot_interfaces/msg/_alive_turtles_s.c
[5.006s] -- Up-to-date symlink: /home/anand289/ros2_ws/install/my_robot_interfaces/lib/python3.12/site-packages/my_robot_interfaces/msg/_hardware_status.py
[5.006s] -- Up-to-date symlink: /home/anand289/ros2_ws/install/my_robot_interfaces/lib/python3.12/site-packages/my_robot_interfaces/msg/_hardware_status_s.c
[5.006s] -- Up-to-date symlink: /home/anand289/ros2_ws/install/my_robot_interfaces/lib/python3.12/site-packages/my_robot_interfaces/msg/_led_battery_state.py
[5.006s] -- Up-to-date symlink: /home/anand289/ros2_ws/install/my_robot_interfaces/lib/python3.12/site-packages/my_robot_interfaces/msg/_led_battery_state_s.c
[5.006s] -- Up-to-date symlink: /home/anand289/ros2_ws/install/my_robot_interfaces/lib/python3.12/site-packages/my_robot_interfaces/msg/_test_robot.py
[5.006s] -- Up-to-date symlink: /home/anand289/ros2_ws/install/my_robot_interfaces/lib/python3.12/site-packages/my_robot_interfaces/msg/_test_robot_s.c
[5.006s] -- Up-to-date symlink: /home/anand289/ros2_ws/install/my_robot_interfaces/lib/python3.12/site-packages/my_robot_interfaces/my_robot_interfaces_s__rosidl_typesupport_c.so
[5.006s] -- Up-to-date symlink: /home/anand289/ros2_ws/install/my_robot_interfaces/lib/python3.12/site-packages/my_robot_interfaces/my_robot_interfaces_s__rosidl_typesupport_fastrtps_c.so
[5.006s] -- Up-to-date symlink: /home/anand289/ros2_ws/install/my_robot_interfaces/lib/python3.12/site-packages/my_robot_interfaces/my_robot_interfaces_s__rosidl_typesupport_introspection_c.so
[5.007s] -- Up-to-date symlink: /home/anand289/ros2_ws/install/my_robot_interfaces/lib/python3.12/site-packages/my_robot_interfaces/srv/__init__.py
[5.007s] -- Up-to-date symlink: /home/anand289/ros2_ws/install/my_robot_interfaces/lib/python3.12/site-packages/my_robot_interfaces/srv/_compute_rectangle_area.py
[5.007s] -- Up-to-date symlink: /home/anand289/ros2_ws/install/my_robot_interfaces/lib/python3.12/site-packages/my_robot_interfaces/srv/_compute_rectangle_area_s.c
[5.007s] -- Up-to-date symlink: /home/anand289/ros2_ws/install/my_robot_interfaces/lib/python3.12/site-packages/my_robot_interfaces/srv/_set_led.py
[5.007s] -- Up-to-date symlink: /home/anand289/ros2_ws/install/my_robot_interfaces/lib/python3.12/site-packages/my_robot_interfaces/srv/_set_led_s.c
[5.007s] -- Up-to-date symlink: /home/anand289/ros2_ws/install/my_robot_interfaces/lib/python3.12/site-packages/my_robot_interfaces/my_robot_interfaces_s__rosidl_typesupport_fastrtps_c.so
[5.007s] -- Up-to-date symlink: /home/anand289/ros2_ws/install/my_robot_interfaces/lib/python3.12/site-packages/my_robot_interfaces/my_robot_interfaces_s__rosidl_typesupport_introspection_c.so
[5.008s] -- Up-to-date symlink: /home/anand289/ros2_ws/install/my_robot_interfaces/lib/python3.12/site-packages/my_robot_interfaces/my_robot_interfaces_s__rosidl_typesupport_c.so
[5.008s] -- Up-to-date symlink: /home/anand289/ros2_ws/install/my_robot_interfaces/share/my_robot_interfaces/msg/HardwareStatus.idl
[5.008s] -- Up-to-date symlink: /home/anand289/ros2_ws/install/my_robot_interfaces/share/my_robot_interfaces/msg/LEDBatteryState.idl
[5.008s] -- Up-to-date symlink: /home/anand289/ros2_ws/install/my_robot_interfaces/share/my_robot_interfaces/msg/TestRobot.idl
[5.008s] -- Symlinking: /home/anand289/ros2_ws/install/my_robot_interfaces/share/my_robot_interfaces/msg/AliveTurtles.idl
[5.012s] -- Up-to-date symlink: /home/anand289/ros2_ws/install/my_robot_interfaces/share/my_robot_interfaces/srv/ComputeRectangleArea.idl
[5.012s] -- Up-to-date symlink: /home/anand289/ros2_ws/install/my_robot_interfaces/share/my_robot_interfaces/srv/SetLed.idl
[5.012s] -- Up-to-date symlink: /home/anand289/ros2_ws/install/my_robot_interfaces/share/my_robot_interfaces/msg/HardwareStatus.msg
[5.012s] -- Up-to-date symlink: /home/anand289/ros2_ws/install/my_robot_interfaces/share/my_robot_interfaces/msg/LEDBatteryState.msg
[5.012s] -- Up-to-date symlink: /home/anand289/ros2_ws/install/my_robot_interfaces/share/my_robot_interfaces/msg/TestRobot.msg
[5.012s] -- Symlinking: /home/anand289/ros2_ws/install/my_robot_interfaces/share/my_robot_interfaces/msg/AliveTurtles.msg
[5.015s] -- Up-to-date symlink: /home/anand289/ros2_ws/install/my_robot_interfaces/share/my_robot_interfaces/srv/ComputeRectangleArea.srv
[5.015s] -- Up-to-date symlink: /home/anand289/ros2_ws/install/my_robot_interfaces/share/my_robot_interfaces/srv/SetLed.srv
[5.015s] -- Up-to-date symlink: /home/anand289/ros2_ws/install/my_robot_interfaces/share/ament_index/resource_index/package_run_dependencies/my_robot_interfaces
[5.015s] -- Up-to-date symlink: /home/anand289/ros2_ws/install/my_robot_interfaces/share/ament_index/resource_index/parent_prefix_path/my_robot_interfaces
[5.016s] -- Up-to-date symlink: /home/anand289/ros2_ws/install/my_robot_interfaces/share/my_robot_interfaces/environment/ament_prefix_path.sh
[5.016s] -- Up-to-date symlink: /home/anand289/ros2_ws/install/my_robot_interfaces/share/my_robot_interfaces/environment/ament_prefix_path.dsv
[5.016s] -- Up-to-date symlink: /home/anand289/ros2_ws/install/my_robot_interfaces/share/my_robot_interfaces/environment/path.sh
[5.016s] -- Up-to-date symlink: /home/anand289/ros2_ws/install/my_robot_interfaces/share/my_robot_interfaces/environment/path.dsv
[5.016s] -- Up-to-date symlink: /home/anand289/ros2_ws/install/my_robot_interfaces/share/my_robot_interfaces/local_setup.bash
[5.016s] -- Up-to-date symlink: /home/anand289/ros2_ws/install/my_robot_interfaces/share/my_robot_interfaces/local_setup.sh
[5.016s] -- Up-to-date symlink: /home/anand289/ros2_ws/install/my_robot_interfaces/share/my_robot_interfaces/local_setup.zsh
[5.016s] -- Up-to-date symlink: /home/anand289/ros2_ws/install/my_robot_interfaces/share/my_robot_interfaces/local_setup.dsv
[5.016s] -- Symlinking: /home/anand289/ros2_ws/install/my_robot_interfaces/share/my_robot_interfaces/package.dsv
[5.020s] -- Up-to-date symlink: /home/anand289/ros2_ws/install/my_robot_interfaces/share/ament_index/resource_index/packages/my_robot_interfaces
[5.020s] -- Up-to-date symlink: /home/anand289/ros2_ws/install/my_robot_interfaces/share/my_robot_interfaces/cmake/rosidl_cmake-extras.cmake
[5.020s] -- Up-to-date symlink: /home/anand289/ros2_ws/install/my_robot_interfaces/share/my_robot_interfaces/cmake/ament_cmake_export_dependencies-extras.cmake
[5.020s] -- Up-to-date symlink: /home/anand289/ros2_ws/install/my_robot_interfaces/share/my_robot_interfaces/cmake/ament_cmake_export_include_directories-extras.cmake
[5.020s] -- Up-to-date symlink: /home/anand289/ros2_ws/install/my_robot_interfaces/share/my_robot_interfaces/cmake/ament_cmake_export_libraries-extras.cmake
[5.020s] -- Up-to-date symlink: /home/anand289/ros2_ws/install/my_robot_interfaces/share/my_robot_interfaces/cmake/ament_cmake_export_targets-extras.cmake
[5.020s] -- Up-to-date symlink: /home/anand289/ros2_ws/install/my_robot_interfaces/share/my_robot_interfaces/cmake/rosidl_cmake_export_typesupport_targets-extras.cmake
[5.020s] -- Up-to-date symlink: /home/anand289/ros2_ws/install/my_robot_interfaces/share/my_robot_interfaces/cmake/rosidl_cmake_export_typesupport_libraries-extras.cmake
[5.020s] -- Up-to-date symlink: /home/anand289/ros2_ws/install/my_robot_interfaces/share/my_robot_interfaces/cmake/my_robot_interfacesConfig.cmake
[5.020s] -- Up-to-date symlink: /home/anand289/ros2_ws/install/my_robot_interfaces/share/my_robot_interfaces/cmake/my_robot_interfacesConfig-version.cmake
[5.020s] -- Up-to-date symlink: /home/anand289/ros2_ws/install/my_robot_interfaces/share/my_robot_interfaces/package.xml
[5.021s] -- Installing: /home/anand289/ros2_ws/install/my_robot_interfaces/lib/libmy_robot_interfaces__rosidl_generator_c.so
[5.021s] -- Set non-toolchain portion of runtime path of "/home/anand289/ros2_ws/install/my_robot_interfaces/lib/libmy_robot_interfaces__rosidl_generator_c.so" to ""
[5.021s] -- Installing: /home/anand289/ros2_ws/install/my_robot_interfaces/lib/libmy_robot_interfaces__rosidl_typesupport_fastrtps_c.so
[5.022s] -- Set non-toolchain portion of runtime path of "/home/anand289/ros2_ws/install/my_robot_interfaces/lib/libmy_robot_interfaces__rosidl_typesupport_fastrtps_c.so" to ""
[5.022s] -- Installing: /home/anand289/ros2_ws/install/my_robot_interfaces/lib/libmy_robot_interfaces__rosidl_typesupport_introspection_c.so
[5.022s] -- Set non-toolchain portion of runtime path of "/home/anand289/ros2_ws/install/my_robot_interfaces/lib/libmy_robot_interfaces__rosidl_typesupport_introspection_c.so" to ""
[5.022s] -- Installing: /home/anand289/ros2_ws/install/my_robot_interfaces/lib/libmy_robot_interfaces__rosidl_typesupport_c.so
[5.022s] -- Set non-toolchain portion of runtime path of "/home/anand289/ros2_ws/install/my_robot_interfaces/lib/libmy_robot_interfaces__rosidl_typesupport_c.so" to ""
[5.022s] -- Installing: /home/anand289/ros2_ws/install/my_robot_interfaces/lib/libmy_robot_interfaces__rosidl_typesupport_fastrtps_cpp.so
[5.023s] -- Set non-toolchain portion of runtime path of "/home/anand289/ros2_ws/install/my_robot_interfaces/lib/libmy_robot_interfaces__rosidl_typesupport_fastrtps_cpp.so" to ""
[5.023s] -- Installing: /home/anand289/ros2_ws/install/my_robot_interfaces/lib/libmy_robot_interfaces__rosidl_typesupport_introspection_cpp.so
[5.024s] -- Set non-toolchain portion of runtime path of "/home/anand289/ros2_ws/install/my_robot_interfaces/lib/libmy_robot_interfaces__rosidl_typesupport_introspection_cpp.so" to ""
[5.024s] -- Installing: /home/anand289/ros2_ws/install/my_robot_interfaces/lib/libmy_robot_interfaces__rosidl_typesupport_cpp.so
[5.024s] -- Set non-toolchain portion of runtime path of "/home/anand289/ros2_ws/install/my_robot_interfaces/lib/libmy_robot_interfaces__rosidl_typesupport_cpp.so" to ""
[5.050s] Listing '/home/anand289/ros2_ws/install/my_robot_interfaces/lib/python3.12/site-packages/my_robot_interfaces'...
[5.050s] Compiling '/home/anand289/ros2_ws/install/my_robot_interfaces/lib/python3.12/site-packages/my_robot_interfaces/__init__.py'...
[5.050s] Listing '/home/anand289/ros2_ws/install/my_robot_interfaces/lib/python3.12/site-packages/my_robot_interfaces/msg'...
[5.050s] Compiling '/home/anand289/ros2_ws/install/my_robot_interfaces/lib/python3.12/site-packages/my_robot_interfaces/msg/__init__.py'...
[5.050s] Compiling '/home/anand289/ros2_ws/install/my_robot_interfaces/lib/python3.12/site-packages/my_robot_interfaces/msg/_alive_turtles.py'...
[5.050s] Compiling '/home/anand289/ros2_ws/install/my_robot_interfaces/lib/python3.12/site-packages/my_robot_interfaces/msg/_hardware_status.py'...
[5.050s] Compiling '/home/anand289/ros2_ws/install/my_robot_interfaces/lib/python3.12/site-packages/my_robot_interfaces/msg/_led_battery_state.py'...
[5.050s] Compiling '/home/anand289/ros2_ws/install/my_robot_interfaces/lib/python3.12/site-packages/my_robot_interfaces/msg/_test_robot.py'...
[5.051s] Listing '/home/anand289/ros2_ws/install/my_robot_interfaces/lib/python3.12/site-packages/my_robot_interfaces/srv'...
[5.051s] Compiling '/home/anand289/ros2_ws/install/my_robot_interfaces/lib/python3.12/site-packages/my_robot_interfaces/srv/__init__.py'...
[5.051s] Compiling '/home/anand289/ros2_ws/install/my_robot_interfaces/lib/python3.12/site-packages/my_robot_interfaces/srv/_compute_rectangle_area.py'...
[5.051s] Compiling '/home/anand289/ros2_ws/install/my_robot_interfaces/lib/python3.12/site-packages/my_robot_interfaces/srv/_set_led.py'...
[5.054s] -- Installing: /home/anand289/ros2_ws/install/my_robot_interfaces/lib/libmy_robot_interfaces__rosidl_generator_py.so
[5.054s] -- Set non-toolchain portion of runtime path of "/home/anand289/ros2_ws/install/my_robot_interfaces/lib/libmy_robot_interfaces__rosidl_generator_py.so" to ""
[5.054s] -- Up-to-date: /home/anand289/ros2_ws/install/my_robot_interfaces/share/my_robot_interfaces/cmake/export_my_robot_interfaces__rosidl_generator_cExport.cmake
[5.054s] -- Up-to-date: /home/anand289/ros2_ws/install/my_robot_interfaces/share/my_robot_interfaces/cmake/export_my_robot_interfaces__rosidl_generator_cExport-noconfig.cmake
[5.055s] -- Up-to-date: /home/anand289/ros2_ws/install/my_robot_interfaces/share/my_robot_interfaces/cmake/export_my_robot_interfaces__rosidl_typesupport_fastrtps_cExport.cmake
[5.055s] -- Up-to-date: /home/anand289/ros2_ws/install/my_robot_interfaces/share/my_robot_interfaces/cmake/export_my_robot_interfaces__rosidl_typesupport_fastrtps_cExport-noconfig.cmake
[5.055s] -- Up-to-date: /home/anand289/ros2_ws/install/my_robot_interfaces/share/my_robot_interfaces/cmake/my_robot_interfaces__rosidl_typesupport_introspection_cExport.cmake
[5.055s] -- Up-to-date: /home/anand289/ros2_ws/install/my_robot_interfaces/share/my_robot_interfaces/cmake/my_robot_interfaces__rosidl_typesupport_introspection_cExport-noconfig.cmake
[5.055s] -- Up-to-date: /home/anand289/ros2_ws/install/my_robot_interfaces/share/my_robot_interfaces/cmake/my_robot_interfaces__rosidl_typesupport_cExport.cmake
[5.055s] -- Up-to-date: /home/anand289/ros2_ws/install/my_robot_interfaces/share/my_robot_interfaces/cmake/my_robot_interfaces__rosidl_typesupport_cExport-noconfig.cmake
[5.055s] -- Up-to-date: /home/anand289/ros2_ws/install/my_robot_interfaces/share/my_robot_interfaces/cmake/export_my_robot_interfaces__rosidl_generator_cppExport.cmake
[5.056s] -- Up-to-date: /home/anand289/ros2_ws/install/my_robot_interfaces/share/my_robot_interfaces/cmake/export_my_robot_interfaces__rosidl_typesupport_fastrtps_cppExport.cmake
[5.056s] -- Up-to-date: /home/anand289/ros2_ws/install/my_robot_interfaces/share/my_robot_interfaces/cmake/export_my_robot_interfaces__rosidl_typesupport_fastrtps_cppExport-noconfig.cmake
[5.056s] -- Up-to-date: /home/anand289/ros2_ws/install/my_robot_interfaces/share/my_robot_interfaces/cmake/my_robot_interfaces__rosidl_typesupport_introspection_cppExport.cmake
[5.056s] -- Up-to-date: /home/anand289/ros2_ws/install/my_robot_interfaces/share/my_robot_interfaces/cmake/my_robot_interfaces__rosidl_typesupport_introspection_cppExport-noconfig.cmake
[5.056s] -- Up-to-date: /home/anand289/ros2_ws/install/my_robot_interfaces/share/my_robot_interfaces/cmake/my_robot_interfaces__rosidl_typesupport_cppExport.cmake
[5.056s] -- Up-to-date: /home/anand289/ros2_ws/install/my_robot_interfaces/share/my_robot_interfaces/cmake/my_robot_interfaces__rosidl_typesupport_cppExport-noconfig.cmake
[5.056s] -- Up-to-date: /home/anand289/ros2_ws/install/my_robot_interfaces/share/my_robot_interfaces/cmake/export_my_robot_interfaces__rosidl_generator_pyExport.cmake
[5.056s] -- Up-to-date: /home/anand289/ros2_ws/install/my_robot_interfaces/share/my_robot_interfaces/cmake/export_my_robot_interfaces__rosidl_generator_pyExport-noconfig.cmake
[5.058s] Invoked command in '/home/anand289/ros2_ws/build/my_robot_interfaces' returned '0': CMAKE_PREFIX_PATH=${CMAKE_PREFIX_PATH}:/home/anand289/ros2_ws/install/my_py_pkg:/opt/ros/jazzy DEBUGINFOD_URLS=https://debuginfod.ubuntu.com /usr/bin/cmake --install /home/anand289/ros2_ws/build/my_robot_interfaces
