-- Found ament_cmake: 2.5.3 (/opt/ros/jazzy/share/ament_cmake/cmake)
-- Override CMake install command with custom implementation using symlinks instead of copying resources
-- Configuring done (0.2s)
-- Generating done (0.0s)
-- Build files have been written to: /home/anand289/ros2_ws/build/my_robot_bringup
-- Install configuration: ""
-- Execute custom install script
[33mCMake Warning (dev) at ament_cmake_symlink_install/ament_cmake_symlink_install.cmake:62 (file):
  Policy CMP0009 is not set: FILE GLOB_RECURSE calls should not follow
  symlinks by default.  Run "cmake --help-policy CMP0009" for policy details.
  Use the cmake_policy command to set the policy and suppress this warning.
Call Stack (most recent call first):
  ament_cmake_symlink_install/ament_cmake_symlink_install.cmake:314 (ament_cmake_symlink_install_directory)
  cmake_install.cmake:46 (include)
This warning is for project developers.  Use -Wno-dev to suppress it.
[0m
-- Symlinking: /home/anand289/ros2_ws/install/my_robot_bringup/share/my_robot_bringup/launch/build/.built_by
-- Symlinking: /home/anand289/ros2_ws/install/my_robot_bringup/share/my_robot_bringup/launch/build/COLCON_IGNORE
-- Symlinking: /home/anand289/ros2_ws/install/my_robot_bringup/share/my_robot_bringup/launch/install/.colcon_install_layout
-- Symlinking: /home/anand289/ros2_ws/install/my_robot_bringup/share/my_robot_bringup/launch/install/COLCON_IGNORE
-- Symlinking: /home/anand289/ros2_ws/install/my_robot_bringup/share/my_robot_bringup/launch/install/_local_setup_util_ps1.py
-- Symlinking: /home/anand289/ros2_ws/install/my_robot_bringup/share/my_robot_bringup/launch/install/_local_setup_util_sh.py
-- Symlinking: /home/anand289/ros2_ws/install/my_robot_bringup/share/my_robot_bringup/launch/install/local_setup.bash
-- Symlinking: /home/anand289/ros2_ws/install/my_robot_bringup/share/my_robot_bringup/launch/install/local_setup.ps1
-- Symlinking: /home/anand289/ros2_ws/install/my_robot_bringup/share/my_robot_bringup/launch/install/local_setup.sh
-- Symlinking: /home/anand289/ros2_ws/install/my_robot_bringup/share/my_robot_bringup/launch/install/local_setup.zsh
-- Symlinking: /home/anand289/ros2_ws/install/my_robot_bringup/share/my_robot_bringup/launch/install/setup.bash
-- Symlinking: /home/anand289/ros2_ws/install/my_robot_bringup/share/my_robot_bringup/launch/install/setup.ps1
-- Symlinking: /home/anand289/ros2_ws/install/my_robot_bringup/share/my_robot_bringup/launch/install/setup.sh
-- Symlinking: /home/anand289/ros2_ws/install/my_robot_bringup/share/my_robot_bringup/launch/install/setup.zsh
-- Symlinking: /home/anand289/ros2_ws/install/my_robot_bringup/share/my_robot_bringup/launch/log/COLCON_IGNORE
-- Symlinking: /home/anand289/ros2_ws/install/my_robot_bringup/share/my_robot_bringup/launch/log/build_2025-02-27_17-57-24/events.log
-- Symlinking: /home/anand289/ros2_ws/install/my_robot_bringup/share/my_robot_bringup/launch/log/build_2025-02-27_17-57-24/logger_all.log
-- Symlinking: /home/anand289/ros2_ws/install/my_robot_bringup/share/my_robot_bringup/launch/log/latest/events.log
-- Symlinking: /home/anand289/ros2_ws/install/my_robot_bringup/share/my_robot_bringup/launch/log/latest/logger_all.log
-- Symlinking: /home/anand289/ros2_ws/install/my_robot_bringup/share/my_robot_bringup/launch/log/latest_build/events.log
-- Symlinking: /home/anand289/ros2_ws/install/my_robot_bringup/share/my_robot_bringup/launch/log/latest_build/logger_all.log
-- Up-to-date symlink: /home/anand289/ros2_ws/install/my_robot_bringup/share/my_robot_bringup/launch/my_robot_gazebo.launch.xml
-- Up-to-date symlink: /home/anand289/ros2_ws/install/my_robot_bringup/share/my_robot_bringup/launch/number_app.launch.py
-- Up-to-date symlink: /home/anand289/ros2_ws/install/my_robot_bringup/share/my_robot_bringup/launch/radio.launch.py
-- Up-to-date symlink: /home/anand289/ros2_ws/install/my_robot_bringup/share/ament_index/resource_index/package_run_dependencies/my_robot_bringup
-- Up-to-date symlink: /home/anand289/ros2_ws/install/my_robot_bringup/share/ament_index/resource_index/parent_prefix_path/my_robot_bringup
-- Up-to-date symlink: /home/anand289/ros2_ws/install/my_robot_bringup/share/my_robot_bringup/environment/ament_prefix_path.sh
-- Up-to-date symlink: /home/anand289/ros2_ws/install/my_robot_bringup/share/my_robot_bringup/environment/ament_prefix_path.dsv
-- Up-to-date symlink: /home/anand289/ros2_ws/install/my_robot_bringup/share/my_robot_bringup/environment/path.sh
-- Up-to-date symlink: /home/anand289/ros2_ws/install/my_robot_bringup/share/my_robot_bringup/environment/path.dsv
-- Up-to-date symlink: /home/anand289/ros2_ws/install/my_robot_bringup/share/my_robot_bringup/local_setup.bash
-- Up-to-date symlink: /home/anand289/ros2_ws/install/my_robot_bringup/share/my_robot_bringup/local_setup.sh
-- Up-to-date symlink: /home/anand289/ros2_ws/install/my_robot_bringup/share/my_robot_bringup/local_setup.zsh
-- Up-to-date symlink: /home/anand289/ros2_ws/install/my_robot_bringup/share/my_robot_bringup/local_setup.dsv
-- Symlinking: /home/anand289/ros2_ws/install/my_robot_bringup/share/my_robot_bringup/package.dsv
-- Up-to-date symlink: /home/anand289/ros2_ws/install/my_robot_bringup/share/ament_index/resource_index/packages/my_robot_bringup
-- Up-to-date symlink: /home/anand289/ros2_ws/install/my_robot_bringup/share/my_robot_bringup/cmake/my_robot_bringupConfig.cmake
-- Up-to-date symlink: /home/anand289/ros2_ws/install/my_robot_bringup/share/my_robot_bringup/cmake/my_robot_bringupConfig-version.cmake
-- Up-to-date symlink: /home/anand289/ros2_ws/install/my_robot_bringup/share/my_robot_bringup/package.xml
