[0.011s] Invoking command in '/home/anand289/ros2_ws/build/my_robot_bringup': AMENT_PREFIX_PATH=/home/anand289/ros2_ws/install/my_py_pkg:/home/anand289/ros2_ws/install/my_robot_bringup:/home/anand289/ros2_ws/install/catching_turtles_pkg:/home/anand289/ros2_ws/install/my_robot_interfaces:/home/anand289/ros2_ws/install/my_robot_description:/home/anand289/install/my_robot_bringup:/home/anand289/install/my_py_pkg:/home/anand289/install/catching_turtles_pkg:/home/anand289/install/my_robot_interfaces:/home/anand289/install/my_robot_description:/opt/ros/jazzy CMAKE_PREFIX_PATH=/home/anand289/ros2_ws/install/my_robot_interfaces:/home/anand289/ros2_ws/install/my_robot_description:/home/anand289/ros2_ws/install/my_robot_bringup:/home/anand289/install/my_robot_bringup:/home/anand289/install/my_robot_interfaces:/home/anand289/install/my_robot_description:/opt/ros/jazzy/opt/gz_sim_vendor:/opt/ros/jazzy/opt/gz_sensors_vendor:/opt/ros/jazzy/opt/gz_physics_vendor:/opt/ros/jazzy/opt/sdformat_vendor:/opt/ros/jazzy/opt/gz_gui_vendor:/opt/ros/jazzy/opt/gz_transport_vendor:/opt/ros/jazzy/opt/gz_rendering_vendor:/opt/ros/jazzy/opt/gz_plugin_vendor:/opt/ros/jazzy/opt/gz_fuel_tools_vendor:/opt/ros/jazzy/opt/gz_msgs_vendor:/opt/ros/jazzy/opt/gz_common_vendor:/opt/ros/jazzy/opt/gz_math_vendor:/opt/ros/jazzy/opt/gz_utils_vendor:/opt/ros/jazzy/opt/gz_tools_vendor:/opt/ros/jazzy/opt/gz_ogre_next_vendor:/opt/ros/jazzy/opt/gz_dartsim_vendor:/opt/ros/jazzy/opt/gz_cmake_vendor:/home/anand289/ros2_ws/install/my_py_pkg:/home/anand289/ros2_ws/install/catching_turtles_pkg:/home/anand289/install/my_py_pkg:/home/anand289/install/catching_turtles_pkg:/opt/ros/jazzy DEBUGINFOD_URLS=https://debuginfod.ubuntu.com PYTHONPATH=/home/anand289/ros2_ws/build/my_py_pkg:/home/anand289/ros2_ws/install/my_py_pkg/lib/python3.12/site-packages:/home/anand289/ros2_ws/install/my_robot_interfaces/lib/python3.12/site-packages:/home/anand289/ros2_ws/build/catching_turtles_pkg:/home/anand289/ros2_ws/install/catching_turtles_pkg/lib/python3.12/site-packages:/home/anand289/build/my_py_pkg:/home/anand289/install/my_py_pkg/lib/python3.12/site-packages:/home/anand289/build/catching_turtles_pkg:/home/anand289/install/catching_turtles_pkg/lib/python3.12/site-packages:/home/anand289/install/my_robot_interfaces/lib/python3.12/site-packages:/opt/ros/jazzy/lib/python3.12/site-packages /usr/bin/cmake --build /home/anand289/ros2_ws/build/my_robot_bringup -- -j4 -l4
[0.034s] -- Found ament_cmake: 2.5.3 (/opt/ros/jazzy/share/ament_cmake/cmake)
[0.152s] -- Override CMake install command with custom implementation using symlinks instead of copying resources
[0.213s] -- Configuring done (0.2s)
[0.219s] -- Generating done (0.0s)
[0.220s] -- Build files have been written to: /home/anand289/ros2_ws/build/my_robot_bringup
[0.232s] Invoked command in '/home/anand289/ros2_ws/build/my_robot_bringup' returned '0': AMENT_PREFIX_PATH=/home/anand289/ros2_ws/install/my_py_pkg:/home/anand289/ros2_ws/install/my_robot_bringup:/home/anand289/ros2_ws/install/catching_turtles_pkg:/home/anand289/ros2_ws/install/my_robot_interfaces:/home/anand289/ros2_ws/install/my_robot_description:/home/anand289/install/my_robot_bringup:/home/anand289/install/my_py_pkg:/home/anand289/install/catching_turtles_pkg:/home/anand289/install/my_robot_interfaces:/home/anand289/install/my_robot_description:/opt/ros/jazzy CMAKE_PREFIX_PATH=/home/anand289/ros2_ws/install/my_robot_interfaces:/home/anand289/ros2_ws/install/my_robot_description:/home/anand289/ros2_ws/install/my_robot_bringup:/home/anand289/install/my_robot_bringup:/home/anand289/install/my_robot_interfaces:/home/anand289/install/my_robot_description:/opt/ros/jazzy/opt/gz_sim_vendor:/opt/ros/jazzy/opt/gz_sensors_vendor:/opt/ros/jazzy/opt/gz_physics_vendor:/opt/ros/jazzy/opt/sdformat_vendor:/opt/ros/jazzy/opt/gz_gui_vendor:/opt/ros/jazzy/opt/gz_transport_vendor:/opt/ros/jazzy/opt/gz_rendering_vendor:/opt/ros/jazzy/opt/gz_plugin_vendor:/opt/ros/jazzy/opt/gz_fuel_tools_vendor:/opt/ros/jazzy/opt/gz_msgs_vendor:/opt/ros/jazzy/opt/gz_common_vendor:/opt/ros/jazzy/opt/gz_math_vendor:/opt/ros/jazzy/opt/gz_utils_vendor:/opt/ros/jazzy/opt/gz_tools_vendor:/opt/ros/jazzy/opt/gz_ogre_next_vendor:/opt/ros/jazzy/opt/gz_dartsim_vendor:/opt/ros/jazzy/opt/gz_cmake_vendor:/home/anand289/ros2_ws/install/my_py_pkg:/home/anand289/ros2_ws/install/catching_turtles_pkg:/home/anand289/install/my_py_pkg:/home/anand289/install/catching_turtles_pkg:/opt/ros/jazzy DEBUGINFOD_URLS=https://debuginfod.ubuntu.com PYTHONPATH=/home/anand289/ros2_ws/build/my_py_pkg:/home/anand289/ros2_ws/install/my_py_pkg/lib/python3.12/site-packages:/home/anand289/ros2_ws/install/my_robot_interfaces/lib/python3.12/site-packages:/home/anand289/ros2_ws/build/catching_turtles_pkg:/home/anand289/ros2_ws/install/catching_turtles_pkg/lib/python3.12/site-packages:/home/anand289/build/my_py_pkg:/home/anand289/install/my_py_pkg/lib/python3.12/site-packages:/home/anand289/build/catching_turtles_pkg:/home/anand289/install/catching_turtles_pkg/lib/python3.12/site-packages:/home/anand289/install/my_robot_interfaces/lib/python3.12/site-packages:/opt/ros/jazzy/lib/python3.12/site-packages /usr/bin/cmake --build /home/anand289/ros2_ws/build/my_robot_bringup -- -j4 -l4
[0.232s] Invoking command in '/home/anand289/ros2_ws/build/my_robot_bringup': AMENT_PREFIX_PATH=/home/anand289/ros2_ws/install/my_py_pkg:/home/anand289/ros2_ws/install/my_robot_bringup:/home/anand289/ros2_ws/install/catching_turtles_pkg:/home/anand289/ros2_ws/install/my_robot_interfaces:/home/anand289/ros2_ws/install/my_robot_description:/home/anand289/install/my_robot_bringup:/home/anand289/install/my_py_pkg:/home/anand289/install/catching_turtles_pkg:/home/anand289/install/my_robot_interfaces:/home/anand289/install/my_robot_description:/opt/ros/jazzy CMAKE_PREFIX_PATH=/home/anand289/ros2_ws/install/my_robot_interfaces:/home/anand289/ros2_ws/install/my_robot_description:/home/anand289/ros2_ws/install/my_robot_bringup:/home/anand289/install/my_robot_bringup:/home/anand289/install/my_robot_interfaces:/home/anand289/install/my_robot_description:/opt/ros/jazzy/opt/gz_sim_vendor:/opt/ros/jazzy/opt/gz_sensors_vendor:/opt/ros/jazzy/opt/gz_physics_vendor:/opt/ros/jazzy/opt/sdformat_vendor:/opt/ros/jazzy/opt/gz_gui_vendor:/opt/ros/jazzy/opt/gz_transport_vendor:/opt/ros/jazzy/opt/gz_rendering_vendor:/opt/ros/jazzy/opt/gz_plugin_vendor:/opt/ros/jazzy/opt/gz_fuel_tools_vendor:/opt/ros/jazzy/opt/gz_msgs_vendor:/opt/ros/jazzy/opt/gz_common_vendor:/opt/ros/jazzy/opt/gz_math_vendor:/opt/ros/jazzy/opt/gz_utils_vendor:/opt/ros/jazzy/opt/gz_tools_vendor:/opt/ros/jazzy/opt/gz_ogre_next_vendor:/opt/ros/jazzy/opt/gz_dartsim_vendor:/opt/ros/jazzy/opt/gz_cmake_vendor:/home/anand289/ros2_ws/install/my_py_pkg:/home/anand289/ros2_ws/install/catching_turtles_pkg:/home/anand289/install/my_py_pkg:/home/anand289/install/catching_turtles_pkg:/opt/ros/jazzy DEBUGINFOD_URLS=https://debuginfod.ubuntu.com PYTHONPATH=/home/anand289/ros2_ws/build/my_py_pkg:/home/anand289/ros2_ws/install/my_py_pkg/lib/python3.12/site-packages:/home/anand289/ros2_ws/install/my_robot_interfaces/lib/python3.12/site-packages:/home/anand289/ros2_ws/build/catching_turtles_pkg:/home/anand289/ros2_ws/install/catching_turtles_pkg/lib/python3.12/site-packages:/home/anand289/build/my_py_pkg:/home/anand289/install/my_py_pkg/lib/python3.12/site-packages:/home/anand289/build/catching_turtles_pkg:/home/anand289/install/catching_turtles_pkg/lib/python3.12/site-packages:/home/anand289/install/my_robot_interfaces/lib/python3.12/site-packages:/opt/ros/jazzy/lib/python3.12/site-packages /usr/bin/cmake --install /home/anand289/ros2_ws/build/my_robot_bringup
[0.236s] -- Install configuration: ""
[0.236s] -- Execute custom install script
[0.236s] [33mCMake Warning (dev) at ament_cmake_symlink_install/ament_cmake_symlink_install.cmake:62 (file):
[0.236s]   Policy CMP0009 is not set: FILE GLOB_RECURSE calls should not follow
[0.236s]   symlinks by default.  Run "cmake --help-policy CMP0009" for policy details.
[0.236s]   Use the cmake_policy command to set the policy and suppress this warning.
[0.236s] Call Stack (most recent call first):
[0.236s]   ament_cmake_symlink_install/ament_cmake_symlink_install.cmake:314 (ament_cmake_symlink_install_directory)
[0.237s]   cmake_install.cmake:46 (include)
[0.237s] This warning is for project developers.  Use -Wno-dev to suppress it.
[0.237s] [0m
[0.237s] -- Symlinking: /home/anand289/ros2_ws/install/my_robot_bringup/share/my_robot_bringup/launch/build/.built_by
[0.241s] -- Symlinking: /home/anand289/ros2_ws/install/my_robot_bringup/share/my_robot_bringup/launch/build/COLCON_IGNORE
[0.245s] -- Symlinking: /home/anand289/ros2_ws/install/my_robot_bringup/share/my_robot_bringup/launch/install/.colcon_install_layout
[0.249s] -- Symlinking: /home/anand289/ros2_ws/install/my_robot_bringup/share/my_robot_bringup/launch/install/COLCON_IGNORE
[0.252s] -- Symlinking: /home/anand289/ros2_ws/install/my_robot_bringup/share/my_robot_bringup/launch/install/_local_setup_util_ps1.py
[0.256s] -- Symlinking: /home/anand289/ros2_ws/install/my_robot_bringup/share/my_robot_bringup/launch/install/_local_setup_util_sh.py
[0.263s] -- Symlinking: /home/anand289/ros2_ws/install/my_robot_bringup/share/my_robot_bringup/launch/install/local_setup.bash
[0.268s] -- Symlinking: /home/anand289/ros2_ws/install/my_robot_bringup/share/my_robot_bringup/launch/install/local_setup.ps1
[0.274s] -- Symlinking: /home/anand289/ros2_ws/install/my_robot_bringup/share/my_robot_bringup/launch/install/local_setup.sh
[0.281s] -- Symlinking: /home/anand289/ros2_ws/install/my_robot_bringup/share/my_robot_bringup/launch/install/local_setup.zsh
[0.284s] -- Symlinking: /home/anand289/ros2_ws/install/my_robot_bringup/share/my_robot_bringup/launch/install/setup.bash
[0.288s] -- Symlinking: /home/anand289/ros2_ws/install/my_robot_bringup/share/my_robot_bringup/launch/install/setup.ps1
[0.293s] -- Symlinking: /home/anand289/ros2_ws/install/my_robot_bringup/share/my_robot_bringup/launch/install/setup.sh
[0.298s] -- Symlinking: /home/anand289/ros2_ws/install/my_robot_bringup/share/my_robot_bringup/launch/install/setup.zsh
[0.304s] -- Symlinking: /home/anand289/ros2_ws/install/my_robot_bringup/share/my_robot_bringup/launch/log/COLCON_IGNORE
[0.309s] -- Symlinking: /home/anand289/ros2_ws/install/my_robot_bringup/share/my_robot_bringup/launch/log/build_2025-02-27_17-57-24/events.log
[0.313s] -- Symlinking: /home/anand289/ros2_ws/install/my_robot_bringup/share/my_robot_bringup/launch/log/build_2025-02-27_17-57-24/logger_all.log
[0.318s] -- Symlinking: /home/anand289/ros2_ws/install/my_robot_bringup/share/my_robot_bringup/launch/log/latest/events.log
[0.323s] -- Symlinking: /home/anand289/ros2_ws/install/my_robot_bringup/share/my_robot_bringup/launch/log/latest/logger_all.log
[0.328s] -- Symlinking: /home/anand289/ros2_ws/install/my_robot_bringup/share/my_robot_bringup/launch/log/latest_build/events.log
[0.332s] -- Symlinking: /home/anand289/ros2_ws/install/my_robot_bringup/share/my_robot_bringup/launch/log/latest_build/logger_all.log
[0.337s] -- Up-to-date symlink: /home/anand289/ros2_ws/install/my_robot_bringup/share/my_robot_bringup/launch/my_robot_gazebo.launch.xml
[0.337s] -- Up-to-date symlink: /home/anand289/ros2_ws/install/my_robot_bringup/share/my_robot_bringup/launch/number_app.launch.py
[0.337s] -- Up-to-date symlink: /home/anand289/ros2_ws/install/my_robot_bringup/share/my_robot_bringup/launch/radio.launch.py
[0.337s] -- Up-to-date symlink: /home/anand289/ros2_ws/install/my_robot_bringup/share/ament_index/resource_index/package_run_dependencies/my_robot_bringup
[0.338s] -- Up-to-date symlink: /home/anand289/ros2_ws/install/my_robot_bringup/share/ament_index/resource_index/parent_prefix_path/my_robot_bringup
[0.338s] -- Up-to-date symlink: /home/anand289/ros2_ws/install/my_robot_bringup/share/my_robot_bringup/environment/ament_prefix_path.sh
[0.338s] -- Up-to-date symlink: /home/anand289/ros2_ws/install/my_robot_bringup/share/my_robot_bringup/environment/ament_prefix_path.dsv
[0.338s] -- Up-to-date symlink: /home/anand289/ros2_ws/install/my_robot_bringup/share/my_robot_bringup/environment/path.sh
[0.338s] -- Up-to-date symlink: /home/anand289/ros2_ws/install/my_robot_bringup/share/my_robot_bringup/environment/path.dsv
[0.341s] -- Up-to-date symlink: /home/anand289/ros2_ws/install/my_robot_bringup/share/my_robot_bringup/local_setup.bash
[0.341s] -- Up-to-date symlink: /home/anand289/ros2_ws/install/my_robot_bringup/share/my_robot_bringup/local_setup.sh
[0.341s] -- Up-to-date symlink: /home/anand289/ros2_ws/install/my_robot_bringup/share/my_robot_bringup/local_setup.zsh
[0.341s] -- Up-to-date symlink: /home/anand289/ros2_ws/install/my_robot_bringup/share/my_robot_bringup/local_setup.dsv
[0.341s] -- Symlinking: /home/anand289/ros2_ws/install/my_robot_bringup/share/my_robot_bringup/package.dsv
[0.343s] -- Up-to-date symlink: /home/anand289/ros2_ws/install/my_robot_bringup/share/ament_index/resource_index/packages/my_robot_bringup
[0.343s] -- Up-to-date symlink: /home/anand289/ros2_ws/install/my_robot_bringup/share/my_robot_bringup/cmake/my_robot_bringupConfig.cmake
[0.343s] -- Up-to-date symlink: /home/anand289/ros2_ws/install/my_robot_bringup/share/my_robot_bringup/cmake/my_robot_bringupConfig-version.cmake
[0.343s] -- Up-to-date symlink: /home/anand289/ros2_ws/install/my_robot_bringup/share/my_robot_bringup/package.xml
[0.344s] Invoked command in '/home/anand289/ros2_ws/build/my_robot_bringup' returned '0': AMENT_PREFIX_PATH=/home/anand289/ros2_ws/install/my_py_pkg:/home/anand289/ros2_ws/install/my_robot_bringup:/home/anand289/ros2_ws/install/catching_turtles_pkg:/home/anand289/ros2_ws/install/my_robot_interfaces:/home/anand289/ros2_ws/install/my_robot_description:/home/anand289/install/my_robot_bringup:/home/anand289/install/my_py_pkg:/home/anand289/install/catching_turtles_pkg:/home/anand289/install/my_robot_interfaces:/home/anand289/install/my_robot_description:/opt/ros/jazzy CMAKE_PREFIX_PATH=/home/anand289/ros2_ws/install/my_robot_interfaces:/home/anand289/ros2_ws/install/my_robot_description:/home/anand289/ros2_ws/install/my_robot_bringup:/home/anand289/install/my_robot_bringup:/home/anand289/install/my_robot_interfaces:/home/anand289/install/my_robot_description:/opt/ros/jazzy/opt/gz_sim_vendor:/opt/ros/jazzy/opt/gz_sensors_vendor:/opt/ros/jazzy/opt/gz_physics_vendor:/opt/ros/jazzy/opt/sdformat_vendor:/opt/ros/jazzy/opt/gz_gui_vendor:/opt/ros/jazzy/opt/gz_transport_vendor:/opt/ros/jazzy/opt/gz_rendering_vendor:/opt/ros/jazzy/opt/gz_plugin_vendor:/opt/ros/jazzy/opt/gz_fuel_tools_vendor:/opt/ros/jazzy/opt/gz_msgs_vendor:/opt/ros/jazzy/opt/gz_common_vendor:/opt/ros/jazzy/opt/gz_math_vendor:/opt/ros/jazzy/opt/gz_utils_vendor:/opt/ros/jazzy/opt/gz_tools_vendor:/opt/ros/jazzy/opt/gz_ogre_next_vendor:/opt/ros/jazzy/opt/gz_dartsim_vendor:/opt/ros/jazzy/opt/gz_cmake_vendor:/home/anand289/ros2_ws/install/my_py_pkg:/home/anand289/ros2_ws/install/catching_turtles_pkg:/home/anand289/install/my_py_pkg:/home/anand289/install/catching_turtles_pkg:/opt/ros/jazzy DEBUGINFOD_URLS=https://debuginfod.ubuntu.com PYTHONPATH=/home/anand289/ros2_ws/build/my_py_pkg:/home/anand289/ros2_ws/install/my_py_pkg/lib/python3.12/site-packages:/home/anand289/ros2_ws/install/my_robot_interfaces/lib/python3.12/site-packages:/home/anand289/ros2_ws/build/catching_turtles_pkg:/home/anand289/ros2_ws/install/catching_turtles_pkg/lib/python3.12/site-packages:/home/anand289/build/my_py_pkg:/home/anand289/install/my_py_pkg/lib/python3.12/site-packages:/home/anand289/build/catching_turtles_pkg:/home/anand289/install/catching_turtles_pkg/lib/python3.12/site-packages:/home/anand289/install/my_robot_interfaces/lib/python3.12/site-packages:/opt/ros/jazzy/lib/python3.12/site-packages /usr/bin/cmake --install /home/anand289/ros2_ws/build/my_robot_bringup
