[0.007s] Invoking command in '/home/anand289/ros2_ws/build/my_robot_interfaces': CMAKE_PREFIX_PATH=${CMAKE_PREFIX_PATH}:/home/anand289/ros2_ws/install/my_py_pkg:/opt/ros/jazzy DEBUGINFOD_URLS=https://debuginfod.ubuntu.com /usr/bin/cmake /home/anand289/ros2_ws/src/my_robot_interfaces -DCMAKE_INSTALL_PREFIX=/home/anand289/ros2_ws/install/my_robot_interfaces
[0.014s] [33mCMake Warning (dev) at CMakeLists.txt:17:
[0.014s]   Syntax Warning in cmake code at column 27
[0.014s] 
[0.014s]   Argument not separated from preceding token by whitespace.
[0.014s] This warning is for project developers.  Use -Wno-dev to suppress it.
[0.014s] [0m
[0.014s] [33mCMake Warning (dev) at CMakeLists.txt:18:
[0.014s]   Syntax Warning in cmake code at column 21
[0.014s] 
[0.015s]   Argument not separated from preceding token by whitespace.
[0.015s] This warning is for project developers.  Use -Wno-dev to suppress it.
[0.015s] [0m
[0.018s] -- Found ament_cmake: 2.5.3 (/opt/ros/jazzy/share/ament_cmake/cmake)
[0.070s] -- Override CMake install command with custom implementation using symlinks instead of copying resources
[0.074s] -- Found rosidl_default_generators: 1.6.0 (/opt/ros/jazzy/share/rosidl_default_generators/cmake)
[0.075s] -- Using all available rosidl_typesupport_c: rosidl_typesupport_fastrtps_c;rosidl_typesupport_introspection_c
[0.095s] -- Using all available rosidl_typesupport_cpp: rosidl_typesupport_fastrtps_cpp;rosidl_typesupport_introspection_cpp
[0.112s] -- Found rosidl_adapter: 4.6.5 (/opt/ros/jazzy/share/rosidl_adapter/cmake)
[0.113s] [31mCMake Error at /opt/ros/jazzy/share/rosidl_cmake/cmake/rosidl_generate_interfaces.cmake:95 (message):
[0.113s]   rosidl_generate_interfaces() the passed file ',' doesn't exist relative to
[0.113s]   the CMAKE_CURRENT_SOURCE_DIR
[0.113s]   '/home/anand289/ros2_ws/src/my_robot_interfaces'
[0.113s] Call Stack (most recent call first):
[0.113s]   CMakeLists.txt:16 (rosidl_generate_interfaces)
[0.113s] 
[0.113s] [0m
[0.113s] -- Configuring incomplete, errors occurred!
[0.116s] Invoked command in '/home/anand289/ros2_ws/build/my_robot_interfaces' returned '1': CMAKE_PREFIX_PATH=${CMAKE_PREFIX_PATH}:/home/anand289/ros2_ws/install/my_py_pkg:/opt/ros/jazzy DEBUGINFOD_URLS=https://debuginfod.ubuntu.com /usr/bin/cmake /home/anand289/ros2_ws/src/my_robot_interfaces -DCMAKE_INSTALL_PREFIX=/home/anand289/ros2_ws/install/my_robot_interfaces
