[0.298s] Invoking command in '/home/anandsingh/ros2_ws/build/my_py_pkg': PYTHONPATH=/home/anandsingh/ros2_ws/build/my_py_pkg/prefix_override:/home/anandsingh/ros2_ws/install/my_py_pkg/lib/python3.10/site-packages:${PYTHONPATH} /usr/bin/python3 setup.py develop --uninstall --editable --build-directory /home/anandsingh/ros2_ws/build/my_py_pkg/build
[0.413s] running develop
[0.477s] Removing /home/anandsingh/ros2_ws/install/my_py_pkg/lib/python3.10/site-packages/my-py-pkg.egg-link (link to .)
[0.490s] Invoked command in '/home/anandsingh/ros2_ws/build/my_py_pkg' returned '0': PYTHONPATH=/home/anandsingh/ros2_ws/build/my_py_pkg/prefix_override:/home/anandsingh/ros2_ws/install/my_py_pkg/lib/python3.10/site-packages:${PYTHONPATH} /usr/bin/python3 setup.py develop --uninstall --editable --build-directory /home/anandsingh/ros2_ws/build/my_py_pkg/build
[0.491s] Invoking command in '/home/anandsingh/ros2_ws/src/my_py_pkg': PYTHONPATH=/home/anandsingh/ros2_ws/build/my_py_pkg/prefix_override:/home/anandsingh/ros2_ws/install/my_py_pkg/lib/python3.10/site-packages:${PYTHONPATH} /usr/bin/python3 setup.py egg_info --egg-base ../../build/my_py_pkg build --build-base /home/anandsingh/ros2_ws/build/my_py_pkg/build install --record /home/anandsingh/ros2_ws/build/my_py_pkg/install.log --single-version-externally-managed
[0.598s] running egg_info
[0.598s] writing ../../build/my_py_pkg/my_py_pkg.egg-info/PKG-INFO
[0.598s] writing dependency_links to ../../build/my_py_pkg/my_py_pkg.egg-info/dependency_links.txt
[0.599s] writing entry points to ../../build/my_py_pkg/my_py_pkg.egg-info/entry_points.txt
[0.599s] writing requirements to ../../build/my_py_pkg/my_py_pkg.egg-info/requires.txt
[0.599s] writing top-level names to ../../build/my_py_pkg/my_py_pkg.egg-info/top_level.txt
[0.600s] reading manifest file '../../build/my_py_pkg/my_py_pkg.egg-info/SOURCES.txt'
[0.600s] writing manifest file '../../build/my_py_pkg/my_py_pkg.egg-info/SOURCES.txt'
[0.600s] running build
[0.600s] running build_py
[0.601s] copying my_py_pkg/add_two_ints_server.py -> /home/anandsingh/ros2_ws/build/my_py_pkg/build/lib/my_py_pkg
[0.601s] copying my_py_pkg/__init__.py -> /home/anandsingh/ros2_ws/build/my_py_pkg/build/lib/my_py_pkg
[0.601s] copying my_py_pkg/smartphone.py -> /home/anandsingh/ros2_ws/build/my_py_pkg/build/lib/my_py_pkg
[0.601s] copying my_py_pkg/robot_news_station.py -> /home/anandsingh/ros2_ws/build/my_py_pkg/build/lib/my_py_pkg
[0.601s] copying my_py_pkg/my_first_node.py -> /home/anandsingh/ros2_ws/build/my_py_pkg/build/lib/my_py_pkg
[0.601s] copying my_py_pkg/template_python_node.py -> /home/anandsingh/ros2_ws/build/my_py_pkg/build/lib/my_py_pkg
[0.601s] running install
[0.601s] running install_lib
[0.601s] creating /home/anandsingh/ros2_ws/install/my_py_pkg/lib/python3.10/site-packages/my_py_pkg
[0.601s] copying /home/anandsingh/ros2_ws/build/my_py_pkg/build/lib/my_py_pkg/add_two_ints_server.py -> /home/anandsingh/ros2_ws/install/my_py_pkg/lib/python3.10/site-packages/my_py_pkg
[0.602s] copying /home/anandsingh/ros2_ws/build/my_py_pkg/build/lib/my_py_pkg/__init__.py -> /home/anandsingh/ros2_ws/install/my_py_pkg/lib/python3.10/site-packages/my_py_pkg
[0.602s] copying /home/anandsingh/ros2_ws/build/my_py_pkg/build/lib/my_py_pkg/smartphone.py -> /home/anandsingh/ros2_ws/install/my_py_pkg/lib/python3.10/site-packages/my_py_pkg
[0.602s] copying /home/anandsingh/ros2_ws/build/my_py_pkg/build/lib/my_py_pkg/robot_news_station.py -> /home/anandsingh/ros2_ws/install/my_py_pkg/lib/python3.10/site-packages/my_py_pkg
[0.602s] copying /home/anandsingh/ros2_ws/build/my_py_pkg/build/lib/my_py_pkg/my_first_node.py -> /home/anandsingh/ros2_ws/install/my_py_pkg/lib/python3.10/site-packages/my_py_pkg
[0.602s] copying /home/anandsingh/ros2_ws/build/my_py_pkg/build/lib/my_py_pkg/template_python_node.py -> /home/anandsingh/ros2_ws/install/my_py_pkg/lib/python3.10/site-packages/my_py_pkg
[0.602s] byte-compiling /home/anandsingh/ros2_ws/install/my_py_pkg/lib/python3.10/site-packages/my_py_pkg/add_two_ints_server.py to add_two_ints_server.cpython-310.pyc
[0.602s] byte-compiling /home/anandsingh/ros2_ws/install/my_py_pkg/lib/python3.10/site-packages/my_py_pkg/__init__.py to __init__.cpython-310.pyc
[0.602s] byte-compiling /home/anandsingh/ros2_ws/install/my_py_pkg/lib/python3.10/site-packages/my_py_pkg/smartphone.py to smartphone.cpython-310.pyc
[0.603s] byte-compiling /home/anandsingh/ros2_ws/install/my_py_pkg/lib/python3.10/site-packages/my_py_pkg/robot_news_station.py to robot_news_station.cpython-310.pyc
[0.603s] byte-compiling /home/anandsingh/ros2_ws/install/my_py_pkg/lib/python3.10/site-packages/my_py_pkg/my_first_node.py to my_first_node.cpython-310.pyc
[0.603s] byte-compiling /home/anandsingh/ros2_ws/install/my_py_pkg/lib/python3.10/site-packages/my_py_pkg/template_python_node.py to template_python_node.cpython-310.pyc
[0.603s] running install_data
[0.603s] running install_egg_info
[0.604s] Copying ../../build/my_py_pkg/my_py_pkg.egg-info to /home/anandsingh/ros2_ws/install/my_py_pkg/lib/python3.10/site-packages/my_py_pkg-0.0.0-py3.10.egg-info
[0.605s] running install_scripts
[0.614s] Installing add_two_ints_server script to /home/anandsingh/ros2_ws/install/my_py_pkg/lib/my_py_pkg
[0.614s] Installing py_node script to /home/anandsingh/ros2_ws/install/my_py_pkg/lib/my_py_pkg
[0.614s] Installing robot_news_station script to /home/anandsingh/ros2_ws/install/my_py_pkg/lib/my_py_pkg
[0.614s] Installing smartphone script to /home/anandsingh/ros2_ws/install/my_py_pkg/lib/my_py_pkg
[0.615s] writing list of installed files to '/home/anandsingh/ros2_ws/build/my_py_pkg/install.log'
[0.626s] Invoked command in '/home/anandsingh/ros2_ws/src/my_py_pkg' returned '0': PYTHONPATH=/home/anandsingh/ros2_ws/build/my_py_pkg/prefix_override:/home/anandsingh/ros2_ws/install/my_py_pkg/lib/python3.10/site-packages:${PYTHONPATH} /usr/bin/python3 setup.py egg_info --egg-base ../../build/my_py_pkg build --build-base /home/anandsingh/ros2_ws/build/my_py_pkg/build install --record /home/anandsingh/ros2_ws/build/my_py_pkg/install.log --single-version-externally-managed
