[0.009s] Invoking command in '/home/anand289/ros2_ws/build/my_robot_description': CMAKE_PREFIX_PATH=${CMAKE_PREFIX_PATH}:/home/anand289/ros2_ws/install/catching_turtles_pkg:/home/anand289/ros2_ws/install/catching_turtles:/home/anand289/ros2_ws/install/my_py_pkg:/opt/ros/jazzy DEBUGINFOD_URLS=https://debuginfod.ubuntu.com /usr/bin/cmake --build /home/anand289/ros2_ws/build/my_robot_description -- -j4 -l4
[0.036s] Invoked command in '/home/anand289/ros2_ws/build/my_robot_description' returned '0': CMAKE_PREFIX_PATH=${CMAKE_PREFIX_PATH}:/home/anand289/ros2_ws/install/catching_turtles_pkg:/home/anand289/ros2_ws/install/catching_turtles:/home/anand289/ros2_ws/install/my_py_pkg:/opt/ros/jazzy DEBUGINFOD_URLS=https://debuginfod.ubuntu.com /usr/bin/cmake --build /home/anand289/ros2_ws/build/my_robot_description -- -j4 -l4
[0.040s] Invoking command in '/home/anand289/ros2_ws/build/my_robot_description': CMAKE_PREFIX_PATH=${CMAKE_PREFIX_PATH}:/home/anand289/ros2_ws/install/catching_turtles_pkg:/home/anand289/ros2_ws/install/catching_turtles:/home/anand289/ros2_ws/install/my_py_pkg:/opt/ros/jazzy DEBUGINFOD_URLS=https://debuginfod.ubuntu.com /usr/bin/cmake --install /home/anand289/ros2_ws/build/my_robot_description
[0.044s] -- Install configuration: ""
[0.044s] -- Execute custom install script
[0.045s] -- Symlinking: /home/anand289/ros2_ws/install/my_robot_description/share/my_robot_description/urdf/common_properties.xacro
[0.049s] -- Symlinking: /home/anand289/ros2_ws/install/my_robot_description/share/my_robot_description/urdf/mobile_base.xacro
[0.054s] -- Up-to-date symlink: /home/anand289/ros2_ws/install/my_robot_description/share/my_robot_description/urdf/my_robot.urdf.xacro
[0.054s] -- Up-to-date symlink: /home/anand289/ros2_ws/install/my_robot_description/share/my_robot_description/launch/display.launch.py
[0.054s] -- Up-to-date symlink: /home/anand289/ros2_ws/install/my_robot_description/share/my_robot_description/launch/display.launch.xml
[0.054s] -- Up-to-date symlink: /home/anand289/ros2_ws/install/my_robot_description/share/my_robot_description/rviz/urdf_config.rviz
[0.054s] -- Up-to-date symlink: /home/anand289/ros2_ws/install/my_robot_description/share/ament_index/resource_index/package_run_dependencies/my_robot_description
[0.054s] -- Up-to-date symlink: /home/anand289/ros2_ws/install/my_robot_description/share/ament_index/resource_index/parent_prefix_path/my_robot_description
[0.054s] -- Up-to-date symlink: /home/anand289/ros2_ws/install/my_robot_description/share/my_robot_description/environment/ament_prefix_path.sh
[0.054s] -- Up-to-date symlink: /home/anand289/ros2_ws/install/my_robot_description/share/my_robot_description/environment/ament_prefix_path.dsv
[0.054s] -- Up-to-date symlink: /home/anand289/ros2_ws/install/my_robot_description/share/my_robot_description/environment/path.sh
[0.055s] -- Up-to-date symlink: /home/anand289/ros2_ws/install/my_robot_description/share/my_robot_description/environment/path.dsv
[0.055s] -- Up-to-date symlink: /home/anand289/ros2_ws/install/my_robot_description/share/my_robot_description/local_setup.bash
[0.055s] -- Up-to-date symlink: /home/anand289/ros2_ws/install/my_robot_description/share/my_robot_description/local_setup.sh
[0.057s] -- Up-to-date symlink: /home/anand289/ros2_ws/install/my_robot_description/share/my_robot_description/local_setup.zsh
[0.057s] -- Up-to-date symlink: /home/anand289/ros2_ws/install/my_robot_description/share/my_robot_description/local_setup.dsv
[0.057s] -- Symlinking: /home/anand289/ros2_ws/install/my_robot_description/share/my_robot_description/package.dsv
[0.059s] -- Up-to-date symlink: /home/anand289/ros2_ws/install/my_robot_description/share/ament_index/resource_index/packages/my_robot_description
[0.059s] -- Up-to-date symlink: /home/anand289/ros2_ws/install/my_robot_description/share/my_robot_description/cmake/my_robot_descriptionConfig.cmake
[0.059s] -- Up-to-date symlink: /home/anand289/ros2_ws/install/my_robot_description/share/my_robot_description/cmake/my_robot_descriptionConfig-version.cmake
[0.059s] -- Up-to-date symlink: /home/anand289/ros2_ws/install/my_robot_description/share/my_robot_description/package.xml
[0.061s] Invoked command in '/home/anand289/ros2_ws/build/my_robot_description' returned '0': CMAKE_PREFIX_PATH=${CMAKE_PREFIX_PATH}:/home/anand289/ros2_ws/install/catching_turtles_pkg:/home/anand289/ros2_ws/install/catching_turtles:/home/anand289/ros2_ws/install/my_py_pkg:/opt/ros/jazzy DEBUGINFOD_URLS=https://debuginfod.ubuntu.com /usr/bin/cmake --install /home/anand289/ros2_ws/build/my_robot_description
