[0.459s] Invoking command in '/home/anand289/ros2_ws/build/my_py_pkg': DEBUGINFOD_URLS=https://debuginfod.ubuntu.com PYTHONPATH=/home/anand289/ros2_ws/build/my_py_pkg/prefix_override:/usr/lib/python3/dist-packages/colcon_core/task/python/colcon_distutils_commands:/home/anand289/ros2_ws/install/my_py_pkg/lib/python3.12/site-packages:${PYTHONPATH} /usr/bin/python3 -W ignore:setup.py install is deprecated -W ignore:easy_install command is deprecated setup.py develop --editable --build-directory /home/anand289/ros2_ws/build/my_py_pkg/build --no-deps symlink_data
[0.590s] running develop
[0.665s] running egg_info
[0.672s] writing my_py_pkg.egg-info/PKG-INFO
[0.672s] writing dependency_links to my_py_pkg.egg-info/dependency_links.txt
[0.672s] writing entry points to my_py_pkg.egg-info/entry_points.txt
[0.673s] writing requirements to my_py_pkg.egg-info/requires.txt
[0.673s] writing top-level names to my_py_pkg.egg-info/top_level.txt
[0.688s] reading manifest file 'my_py_pkg.egg-info/SOURCES.txt'
[0.688s] writing manifest file 'my_py_pkg.egg-info/SOURCES.txt'
[0.695s] running build_ext
[0.695s] Creating /home/anand289/ros2_ws/install/my_py_pkg/lib/python3.12/site-packages/my-py-pkg.egg-link (link to .)
[0.696s] Installing add_two_ints_client script to /home/anand289/ros2_ws/install/my_py_pkg/lib/my_py_pkg
[0.696s] Installing add_two_ints_client_no_oop script to /home/anand289/ros2_ws/install/my_py_pkg/lib/my_py_pkg
[0.696s] Installing add_two_ints_server script to /home/anand289/ros2_ws/install/my_py_pkg/lib/my_py_pkg
[0.696s] Installing py_node script to /home/anand289/ros2_ws/install/my_py_pkg/lib/my_py_pkg
[0.696s] Installing robot_news_station script to /home/anand289/ros2_ws/install/my_py_pkg/lib/my_py_pkg
[0.696s] Installing smartphone script to /home/anand289/ros2_ws/install/my_py_pkg/lib/my_py_pkg
[0.697s] 
[0.697s] Installed /home/anand289/ros2_ws/build/my_py_pkg
[0.697s] running symlink_data
[0.713s] Invoked command in '/home/anand289/ros2_ws/build/my_py_pkg' returned '0': DEBUGINFOD_URLS=https://debuginfod.ubuntu.com PYTHONPATH=/home/anand289/ros2_ws/build/my_py_pkg/prefix_override:/usr/lib/python3/dist-packages/colcon_core/task/python/colcon_distutils_commands:/home/anand289/ros2_ws/install/my_py_pkg/lib/python3.12/site-packages:${PYTHONPATH} /usr/bin/python3 -W ignore:setup.py install is deprecated -W ignore:easy_install command is deprecated setup.py develop --editable --build-directory /home/anand289/ros2_ws/build/my_py_pkg/build --no-deps symlink_data
