[0.397s] Invoking command in '/home/anand289/ros2_ws/src/my_py_pkg': DEBUGINFOD_URLS=https://debuginfod.ubuntu.com PYTHONPATH=/home/anand289/ros2_ws/build/my_py_pkg/prefix_override:/usr/lib/python3/dist-packages/colcon_core/task/python/colcon_distutils_commands:/home/anand289/ros2_ws/install/my_py_pkg/lib/python3.12/site-packages:${PYTHONPATH} /usr/bin/python3 -W ignore:setup.py install is deprecated -W ignore:easy_install command is deprecated setup.py egg_info --egg-base ../../build/my_py_pkg build --build-base /home/anand289/ros2_ws/build/my_py_pkg/build install --record /home/anand289/ros2_ws/build/my_py_pkg/install.log --single-version-externally-managed install_data
[0.505s] running egg_info
[0.512s] writing ../../build/my_py_pkg/my_py_pkg.egg-info/PKG-INFO
[0.512s] writing dependency_links to ../../build/my_py_pkg/my_py_pkg.egg-info/dependency_links.txt
[0.512s] writing entry points to ../../build/my_py_pkg/my_py_pkg.egg-info/entry_points.txt
[0.512s] writing requirements to ../../build/my_py_pkg/my_py_pkg.egg-info/requires.txt
[0.512s] writing top-level names to ../../build/my_py_pkg/my_py_pkg.egg-info/top_level.txt
[0.527s] reading manifest file '../../build/my_py_pkg/my_py_pkg.egg-info/SOURCES.txt'
[0.527s] writing manifest file '../../build/my_py_pkg/my_py_pkg.egg-info/SOURCES.txt'
[0.527s] running build
[0.527s] running build_py
[0.527s] running install
[0.530s] running install_lib
[0.537s] running install_data
[0.538s] running install_egg_info
[0.545s] removing '/home/anand289/ros2_ws/install/my_py_pkg/lib/python3.12/site-packages/my_py_pkg-0.0.0-py3.12.egg-info' (and everything under it)
[0.545s] Copying ../../build/my_py_pkg/my_py_pkg.egg-info to /home/anand289/ros2_ws/install/my_py_pkg/lib/python3.12/site-packages/my_py_pkg-0.0.0-py3.12.egg-info
[0.546s] running install_scripts
[0.596s] Installing py_node script to /home/anand289/ros2_ws/install/my_py_pkg/lib/my_py_pkg
[0.597s] writing list of installed files to '/home/anand289/ros2_ws/build/my_py_pkg/install.log'
[0.611s] Invoked command in '/home/anand289/ros2_ws/src/my_py_pkg' returned '0': DEBUGINFOD_URLS=https://debuginfod.ubuntu.com PYTHONPATH=/home/anand289/ros2_ws/build/my_py_pkg/prefix_override:/usr/lib/python3/dist-packages/colcon_core/task/python/colcon_distutils_commands:/home/anand289/ros2_ws/install/my_py_pkg/lib/python3.12/site-packages:${PYTHONPATH} /usr/bin/python3 -W ignore:setup.py install is deprecated -W ignore:easy_install command is deprecated setup.py egg_info --egg-base ../../build/my_py_pkg build --build-base /home/anand289/ros2_ws/build/my_py_pkg/build install --record /home/anand289/ros2_ws/build/my_py_pkg/install.log --single-version-externally-managed install_data
