[0.372s] Invoking command in '/home/anand289/ros2_ws/build/my_py_pkg': DEBUGINFOD_URLS=https://debuginfod.ubuntu.com PYTHONPATH=/home/anand289/ros2_ws/build/my_py_pkg/prefix_override:/usr/lib/python3/dist-packages/colcon_core/task/python/colcon_distutils_commands:/home/anand289/ros2_ws/install/my_py_pkg/lib/python3.12/site-packages:${PYTHONPATH} /usr/bin/python3 -W ignore:setup.py install is deprecated -W ignore:easy_install command is deprecated setup.py develop --editable --build-directory /home/anand289/ros2_ws/build/my_py_pkg/build --no-deps symlink_data --force
[0.514s] running develop
[0.593s] running egg_info
[0.600s] writing my_py_pkg.egg-info/PKG-INFO
[0.600s] writing dependency_links to my_py_pkg.egg-info/dependency_links.txt
[0.600s] writing entry points to my_py_pkg.egg-info/entry_points.txt
[0.600s] writing requirements to my_py_pkg.egg-info/requires.txt
[0.600s] writing top-level names to my_py_pkg.egg-info/top_level.txt
[0.615s] reading manifest file 'my_py_pkg.egg-info/SOURCES.txt'
[0.615s] writing manifest file 'my_py_pkg.egg-info/SOURCES.txt'
[0.623s] running build_ext
[0.623s] Creating /home/anand289/ros2_ws/install/my_py_pkg/lib/python3.12/site-packages/my-py-pkg.egg-link (link to .)
[0.623s] Installing add_two_ints_server script to /home/anand289/ros2_ws/install/my_py_pkg/lib/my_py_pkg
[0.623s] Installing py_node script to /home/anand289/ros2_ws/install/my_py_pkg/lib/my_py_pkg
[0.624s] Installing robot_news_station script to /home/anand289/ros2_ws/install/my_py_pkg/lib/my_py_pkg
[0.624s] Installing smartphone script to /home/anand289/ros2_ws/install/my_py_pkg/lib/my_py_pkg
[0.624s] 
[0.624s] Installed /home/anand289/ros2_ws/build/my_py_pkg
[0.624s] running symlink_data
[0.624s] symbolically linking /home/anand289/ros2_ws/build/my_py_pkg/resource/my_py_pkg -> /home/anand289/ros2_ws/install/my_py_pkg/share/ament_index/resource_index/packages
[0.624s] symbolically linking /home/anand289/ros2_ws/build/my_py_pkg/package.xml -> /home/anand289/ros2_ws/install/my_py_pkg/share/my_py_pkg
[0.640s] Invoked command in '/home/anand289/ros2_ws/build/my_py_pkg' returned '0': DEBUGINFOD_URLS=https://debuginfod.ubuntu.com PYTHONPATH=/home/anand289/ros2_ws/build/my_py_pkg/prefix_override:/usr/lib/python3/dist-packages/colcon_core/task/python/colcon_distutils_commands:/home/anand289/ros2_ws/install/my_py_pkg/lib/python3.12/site-packages:${PYTHONPATH} /usr/bin/python3 -W ignore:setup.py install is deprecated -W ignore:easy_install command is deprecated setup.py develop --editable --build-directory /home/anand289/ros2_ws/build/my_py_pkg/build --no-deps symlink_data --force
