[0.286s] Invoking command in '/home/anandsingh/ros2_ws/build/my_py_pkg': PYTHONPATH=/home/anandsingh/ros2_ws/build/my_py_pkg/prefix_override:/home/anandsingh/ros2_ws/install/my_py_pkg/lib/python3.10/site-packages:${PYTHONPATH} /usr/bin/python3 setup.py develop --editable --build-directory /home/anandsingh/ros2_ws/build/my_py_pkg/build --no-deps install_data
[0.400s] running develop
[0.463s] running egg_info
[0.463s] writing my_py_pkg.egg-info/PKG-INFO
[0.463s] writing dependency_links to my_py_pkg.egg-info/dependency_links.txt
[0.463s] writing entry points to my_py_pkg.egg-info/entry_points.txt
[0.464s] writing requirements to my_py_pkg.egg-info/requires.txt
[0.464s] writing top-level names to my_py_pkg.egg-info/top_level.txt
[0.465s] reading manifest file 'my_py_pkg.egg-info/SOURCES.txt'
[0.465s] writing manifest file 'my_py_pkg.egg-info/SOURCES.txt'
[0.466s] running build_ext
[0.466s] Creating /home/anandsingh/ros2_ws/install/my_py_pkg/lib/python3.10/site-packages/my-py-pkg.egg-link (link to .)
[0.466s] Installing add_two_ints_client script to /home/anandsingh/ros2_ws/install/my_py_pkg/lib/my_py_pkg
[0.466s] Installing add_two_ints_client_no_oop script to /home/anandsingh/ros2_ws/install/my_py_pkg/lib/my_py_pkg
[0.466s] Installing add_two_ints_server script to /home/anandsingh/ros2_ws/install/my_py_pkg/lib/my_py_pkg
[0.466s] Installing py_node script to /home/anandsingh/ros2_ws/install/my_py_pkg/lib/my_py_pkg
[0.467s] Installing robot_news_station script to /home/anandsingh/ros2_ws/install/my_py_pkg/lib/my_py_pkg
[0.467s] Installing smartphone script to /home/anandsingh/ros2_ws/install/my_py_pkg/lib/my_py_pkg
[0.467s] 
[0.467s] Installed /home/anandsingh/ros2_ws/build/my_py_pkg
[0.467s] running install_data
[0.482s] Invoked command in '/home/anandsingh/ros2_ws/build/my_py_pkg' returned '0': PYTHONPATH=/home/anandsingh/ros2_ws/build/my_py_pkg/prefix_override:/home/anandsingh/ros2_ws/install/my_py_pkg/lib/python3.10/site-packages:${PYTHONPATH} /usr/bin/python3 setup.py develop --editable --build-directory /home/anandsingh/ros2_ws/build/my_py_pkg/build --no-deps install_data
