[0.006s] Invoking command in '/home/anand289/ros2_ws/build/my_robot_bringup': AMENT_PREFIX_PATH=/home/anand289/ros2_ws/install/my_py_pkg:/home/anand289/ros2_ws/install/my_robot_bringup:/home/anand289/ros2_ws/install/my_robot_interfaces:/opt/ros/jazzy CMAKE_PREFIX_PATH=/home/anand289/ros2_ws/install/my_robot_interfaces:/home/anand289/ros2_ws/install/my_robot_bringup:/opt/ros/jazzy/opt/gz_math_vendor:/opt/ros/jazzy/opt/gz_utils_vendor:/opt/ros/jazzy/opt/gz_cmake_vendor:/home/anand289/ros2_ws/install/my_py_pkg:/opt/ros/jazzy DEBUGINFOD_URLS=https://debuginfod.ubuntu.com /usr/bin/cmake /home/anand289/ros2_ws/src/my_robot_bringup -DAMENT_CMAKE_SYMLINK_INSTALL=1 -DCMAKE_INSTALL_PREFIX=/home/anand289/ros2_ws/install/my_robot_bringup
[0.014s] -- Found ament_cmake: 2.5.3 (/opt/ros/jazzy/share/ament_cmake/cmake)
[0.118s] -- Override CMake install command with custom implementation using symlinks instead of copying resources
[0.165s] -- Configuring done (0.2s)
[0.166s] -- Generating done (0.0s)
[0.167s] -- Build files have been written to: /home/anand289/ros2_ws/build/my_robot_bringup
[0.169s] Invoked command in '/home/anand289/ros2_ws/build/my_robot_bringup' returned '0': AMENT_PREFIX_PATH=/home/anand289/ros2_ws/install/my_py_pkg:/home/anand289/ros2_ws/install/my_robot_bringup:/home/anand289/ros2_ws/install/my_robot_interfaces:/opt/ros/jazzy CMAKE_PREFIX_PATH=/home/anand289/ros2_ws/install/my_robot_interfaces:/home/anand289/ros2_ws/install/my_robot_bringup:/opt/ros/jazzy/opt/gz_math_vendor:/opt/ros/jazzy/opt/gz_utils_vendor:/opt/ros/jazzy/opt/gz_cmake_vendor:/home/anand289/ros2_ws/install/my_py_pkg:/opt/ros/jazzy DEBUGINFOD_URLS=https://debuginfod.ubuntu.com /usr/bin/cmake /home/anand289/ros2_ws/src/my_robot_bringup -DAMENT_CMAKE_SYMLINK_INSTALL=1 -DCMAKE_INSTALL_PREFIX=/home/anand289/ros2_ws/install/my_robot_bringup
[0.169s] Invoking command in '/home/anand289/ros2_ws/build/my_robot_bringup': AMENT_PREFIX_PATH=/home/anand289/ros2_ws/install/my_py_pkg:/home/anand289/ros2_ws/install/my_robot_bringup:/home/anand289/ros2_ws/install/my_robot_interfaces:/opt/ros/jazzy CMAKE_PREFIX_PATH=/home/anand289/ros2_ws/install/my_robot_interfaces:/home/anand289/ros2_ws/install/my_robot_bringup:/opt/ros/jazzy/opt/gz_math_vendor:/opt/ros/jazzy/opt/gz_utils_vendor:/opt/ros/jazzy/opt/gz_cmake_vendor:/home/anand289/ros2_ws/install/my_py_pkg:/opt/ros/jazzy DEBUGINFOD_URLS=https://debuginfod.ubuntu.com /usr/bin/cmake --build /home/anand289/ros2_ws/build/my_robot_bringup -- -j4 -l4
[0.185s] Invoked command in '/home/anand289/ros2_ws/build/my_robot_bringup' returned '0': AMENT_PREFIX_PATH=/home/anand289/ros2_ws/install/my_py_pkg:/home/anand289/ros2_ws/install/my_robot_bringup:/home/anand289/ros2_ws/install/my_robot_interfaces:/opt/ros/jazzy CMAKE_PREFIX_PATH=/home/anand289/ros2_ws/install/my_robot_interfaces:/home/anand289/ros2_ws/install/my_robot_bringup:/opt/ros/jazzy/opt/gz_math_vendor:/opt/ros/jazzy/opt/gz_utils_vendor:/opt/ros/jazzy/opt/gz_cmake_vendor:/home/anand289/ros2_ws/install/my_py_pkg:/opt/ros/jazzy DEBUGINFOD_URLS=https://debuginfod.ubuntu.com /usr/bin/cmake --build /home/anand289/ros2_ws/build/my_robot_bringup -- -j4 -l4
[0.185s] Invoking command in '/home/anand289/ros2_ws/build/my_robot_bringup': AMENT_PREFIX_PATH=/home/anand289/ros2_ws/install/my_py_pkg:/home/anand289/ros2_ws/install/my_robot_bringup:/home/anand289/ros2_ws/install/my_robot_interfaces:/opt/ros/jazzy CMAKE_PREFIX_PATH=/home/anand289/ros2_ws/install/my_robot_interfaces:/home/anand289/ros2_ws/install/my_robot_bringup:/opt/ros/jazzy/opt/gz_math_vendor:/opt/ros/jazzy/opt/gz_utils_vendor:/opt/ros/jazzy/opt/gz_cmake_vendor:/home/anand289/ros2_ws/install/my_py_pkg:/opt/ros/jazzy DEBUGINFOD_URLS=https://debuginfod.ubuntu.com /usr/bin/cmake --install /home/anand289/ros2_ws/build/my_robot_bringup
[0.188s] -- Install configuration: ""
[0.189s] -- Execute custom install script
[0.189s] -- Up-to-date symlink: /home/anand289/ros2_ws/install/my_robot_bringup/share/my_robot_bringup/launch/number_app.launch.py
[0.189s] -- Up-to-date symlink: /home/anand289/ros2_ws/install/my_robot_bringup/share/ament_index/resource_index/package_run_dependencies/my_robot_bringup
[0.189s] -- Up-to-date symlink: /home/anand289/ros2_ws/install/my_robot_bringup/share/ament_index/resource_index/parent_prefix_path/my_robot_bringup
[0.189s] -- Up-to-date symlink: /home/anand289/ros2_ws/install/my_robot_bringup/share/my_robot_bringup/environment/ament_prefix_path.sh
[0.189s] -- Up-to-date symlink: /home/anand289/ros2_ws/install/my_robot_bringup/share/my_robot_bringup/environment/ament_prefix_path.dsv
[0.189s] -- Up-to-date symlink: /home/anand289/ros2_ws/install/my_robot_bringup/share/my_robot_bringup/environment/path.sh
[0.189s] -- Up-to-date symlink: /home/anand289/ros2_ws/install/my_robot_bringup/share/my_robot_bringup/environment/path.dsv
[0.189s] -- Up-to-date symlink: /home/anand289/ros2_ws/install/my_robot_bringup/share/my_robot_bringup/local_setup.bash
[0.190s] -- Up-to-date symlink: /home/anand289/ros2_ws/install/my_robot_bringup/share/my_robot_bringup/local_setup.sh
[0.190s] -- Up-to-date symlink: /home/anand289/ros2_ws/install/my_robot_bringup/share/my_robot_bringup/local_setup.zsh
[0.190s] -- Up-to-date symlink: /home/anand289/ros2_ws/install/my_robot_bringup/share/my_robot_bringup/local_setup.dsv
[0.190s] -- Symlinking: /home/anand289/ros2_ws/install/my_robot_bringup/share/my_robot_bringup/package.dsv
[0.193s] -- Up-to-date symlink: /home/anand289/ros2_ws/install/my_robot_bringup/share/ament_index/resource_index/packages/my_robot_bringup
[0.193s] -- Up-to-date symlink: /home/anand289/ros2_ws/install/my_robot_bringup/share/my_robot_bringup/cmake/my_robot_bringupConfig.cmake
[0.193s] -- Up-to-date symlink: /home/anand289/ros2_ws/install/my_robot_bringup/share/my_robot_bringup/cmake/my_robot_bringupConfig-version.cmake
[0.193s] -- Up-to-date symlink: /home/anand289/ros2_ws/install/my_robot_bringup/share/my_robot_bringup/package.xml
[0.194s] Invoked command in '/home/anand289/ros2_ws/build/my_robot_bringup' returned '0': AMENT_PREFIX_PATH=/home/anand289/ros2_ws/install/my_py_pkg:/home/anand289/ros2_ws/install/my_robot_bringup:/home/anand289/ros2_ws/install/my_robot_interfaces:/opt/ros/jazzy CMAKE_PREFIX_PATH=/home/anand289/ros2_ws/install/my_robot_interfaces:/home/anand289/ros2_ws/install/my_robot_bringup:/opt/ros/jazzy/opt/gz_math_vendor:/opt/ros/jazzy/opt/gz_utils_vendor:/opt/ros/jazzy/opt/gz_cmake_vendor:/home/anand289/ros2_ws/install/my_py_pkg:/opt/ros/jazzy DEBUGINFOD_URLS=https://debuginfod.ubuntu.com /usr/bin/cmake --install /home/anand289/ros2_ws/build/my_robot_bringup
