[0.472s] Invoking command in '/home/anand289/ros2_ws/build/my_py_pkg': AMENT_PREFIX_PATH=/home/anand289/ros2_ws/install/my_robot_interfaces:${AMENT_PREFIX_PATH} CMAKE_PREFIX_PATH=/home/anand289/ros2_ws/install/my_robot_interfaces:${CMAKE_PREFIX_PATH} DEBUGINFOD_URLS=https://debuginfod.ubuntu.com LD_LIBRARY_PATH=/home/anand289/ros2_ws/install/my_robot_interfaces/lib:${LD_LIBRARY_PATH} PYTHONPATH=/home/anand289/ros2_ws/build/my_py_pkg/prefix_override:/usr/lib/python3/dist-packages/colcon_core/task/python/colcon_distutils_commands:/home/anand289/ros2_ws/install/my_py_pkg/lib/python3.12/site-packages:/home/anand289/ros2_ws/install/my_robot_interfaces/lib/python3.12/site-packages:${PYTHONPATH} /usr/bin/python3 -W ignore:setup.py install is deprecated -W ignore:easy_install command is deprecated setup.py develop --editable --build-directory /home/anand289/ros2_ws/build/my_py_pkg/build --no-deps symlink_data
[0.609s] running develop
[0.683s] running egg_info
[0.690s] writing my_py_pkg.egg-info/PKG-INFO
[0.690s] writing dependency_links to my_py_pkg.egg-info/dependency_links.txt
[0.690s] writing entry points to my_py_pkg.egg-info/entry_points.txt
[0.690s] writing requirements to my_py_pkg.egg-info/requires.txt
[0.690s] writing top-level names to my_py_pkg.egg-info/top_level.txt
[0.704s] reading manifest file 'my_py_pkg.egg-info/SOURCES.txt'
[0.705s] writing manifest file 'my_py_pkg.egg-info/SOURCES.txt'
[0.712s] running build_ext
[0.712s] Creating /home/anand289/ros2_ws/install/my_py_pkg/lib/python3.12/site-packages/my-py-pkg.egg-link (link to .)
[0.713s] Installing add_two_ints_client script to /home/anand289/ros2_ws/install/my_py_pkg/lib/my_py_pkg
[0.713s] Installing add_two_ints_client_no_oop script to /home/anand289/ros2_ws/install/my_py_pkg/lib/my_py_pkg
[0.713s] Installing add_two_ints_server script to /home/anand289/ros2_ws/install/my_py_pkg/lib/my_py_pkg
[0.713s] Installing hw_status_publisher script to /home/anand289/ros2_ws/install/my_py_pkg/lib/my_py_pkg
[0.713s] Installing py_node script to /home/anand289/ros2_ws/install/my_py_pkg/lib/my_py_pkg
[0.713s] Installing robot_news_station script to /home/anand289/ros2_ws/install/my_py_pkg/lib/my_py_pkg
[0.713s] Installing smartphone script to /home/anand289/ros2_ws/install/my_py_pkg/lib/my_py_pkg
[0.713s] 
[0.713s] Installed /home/anand289/ros2_ws/build/my_py_pkg
[0.713s] running symlink_data
[0.729s] Invoked command in '/home/anand289/ros2_ws/build/my_py_pkg' returned '0': AMENT_PREFIX_PATH=/home/anand289/ros2_ws/install/my_robot_interfaces:${AMENT_PREFIX_PATH} CMAKE_PREFIX_PATH=/home/anand289/ros2_ws/install/my_robot_interfaces:${CMAKE_PREFIX_PATH} DEBUGINFOD_URLS=https://debuginfod.ubuntu.com LD_LIBRARY_PATH=/home/anand289/ros2_ws/install/my_robot_interfaces/lib:${LD_LIBRARY_PATH} PYTHONPATH=/home/anand289/ros2_ws/build/my_py_pkg/prefix_override:/usr/lib/python3/dist-packages/colcon_core/task/python/colcon_distutils_commands:/home/anand289/ros2_ws/install/my_py_pkg/lib/python3.12/site-packages:/home/anand289/ros2_ws/install/my_robot_interfaces/lib/python3.12/site-packages:${PYTHONPATH} /usr/bin/python3 -W ignore:setup.py install is deprecated -W ignore:easy_install command is deprecated setup.py develop --editable --build-directory /home/anand289/ros2_ws/build/my_py_pkg/build --no-deps symlink_data
