[0.397s] Invoking command in '/home/anand289/ros2_ws/src/my_py_pkg': DEBUGINFOD_URLS=https://debuginfod.ubuntu.com PYTHONPATH=/home/anand289/ros2_ws/build/my_py_pkg/prefix_override:/usr/lib/python3/dist-packages/colcon_core/task/python/colcon_distutils_commands:/home/anand289/ros2_ws/install/my_py_pkg/lib/python3.12/site-packages:${PYTHONPATH} /usr/bin/python3 -W ignore:setup.py install is deprecated -W ignore:easy_install command is deprecated setup.py egg_info --egg-base ../../build/my_py_pkg build --build-base /home/anand289/ros2_ws/build/my_py_pkg/build install --record /home/anand289/ros2_ws/build/my_py_pkg/install.log --single-version-externally-managed install_data
[0.506s] running egg_info
[0.513s] writing ../../build/my_py_pkg/my_py_pkg.egg-info/PKG-INFO
[0.513s] writing dependency_links to ../../build/my_py_pkg/my_py_pkg.egg-info/dependency_links.txt
[0.513s] writing entry points to ../../build/my_py_pkg/my_py_pkg.egg-info/entry_points.txt
[0.513s] writing requirements to ../../build/my_py_pkg/my_py_pkg.egg-info/requires.txt
[0.513s] writing top-level names to ../../build/my_py_pkg/my_py_pkg.egg-info/top_level.txt
[0.527s] reading manifest file '../../build/my_py_pkg/my_py_pkg.egg-info/SOURCES.txt'
[0.528s] writing manifest file '../../build/my_py_pkg/my_py_pkg.egg-info/SOURCES.txt'
[0.528s] running build
[0.528s] running build_py
[0.528s] copying my_py_pkg/my_first_node.py -> /home/anand289/ros2_ws/build/my_py_pkg/build/lib/my_py_pkg
[0.528s] running install
[0.531s] running install_lib
[0.538s] copying /home/anand289/ros2_ws/build/my_py_pkg/build/lib/my_py_pkg/my_first_node.py -> /home/anand289/ros2_ws/install/my_py_pkg/lib/python3.12/site-packages/my_py_pkg
[0.538s] byte-compiling /home/anand289/ros2_ws/install/my_py_pkg/lib/python3.12/site-packages/my_py_pkg/my_first_node.py to my_first_node.cpython-312.pyc
[0.539s] running install_data
[0.539s] running install_egg_info
[0.546s] removing '/home/anand289/ros2_ws/install/my_py_pkg/lib/python3.12/site-packages/my_py_pkg-0.0.0-py3.12.egg-info' (and everything under it)
[0.546s] Copying ../../build/my_py_pkg/my_py_pkg.egg-info to /home/anand289/ros2_ws/install/my_py_pkg/lib/python3.12/site-packages/my_py_pkg-0.0.0-py3.12.egg-info
[0.547s] running install_scripts
[0.598s] Installing py_node script to /home/anand289/ros2_ws/install/my_py_pkg/lib/my_py_pkg
[0.598s] writing list of installed files to '/home/anand289/ros2_ws/build/my_py_pkg/install.log'
[0.612s] Invoked command in '/home/anand289/ros2_ws/src/my_py_pkg' returned '0': DEBUGINFOD_URLS=https://debuginfod.ubuntu.com PYTHONPATH=/home/anand289/ros2_ws/build/my_py_pkg/prefix_override:/usr/lib/python3/dist-packages/colcon_core/task/python/colcon_distutils_commands:/home/anand289/ros2_ws/install/my_py_pkg/lib/python3.12/site-packages:${PYTHONPATH} /usr/bin/python3 -W ignore:setup.py install is deprecated -W ignore:easy_install command is deprecated setup.py egg_info --egg-base ../../build/my_py_pkg build --build-base /home/anand289/ros2_ws/build/my_py_pkg/build install --record /home/anand289/ros2_ws/build/my_py_pkg/install.log --single-version-externally-managed install_data
