[0.056s] DEBUG:colcon:Command line arguments: ['/usr/bin/colcon', 'build']
[0.056s] DEBUG:colcon:Parsed command line arguments: Namespace(log_base=None, log_level=None, verb_name='build', build_base='build', install_base='install', merge_install=False, symlink_install=False, test_result_base=None, continue_on_error=False, executor='parallel', parallel_workers=4, event_handlers=None, ignore_user_meta=False, metas=['./colcon.meta'], base_paths=['.'], packages_ignore=None, packages_ignore_regex=None, paths=None, packages_up_to=None, packages_up_to_regex=None, packages_above=None, packages_above_and_dependencies=None, packages_above_depth=None, packages_select_by_dep=None, packages_skip_by_dep=None, packages_skip_up_to=None, packages_select_build_failed=False, packages_skip_build_finished=False, packages_select_test_failures=False, packages_skip_test_passed=False, packages_select=None, packages_skip=None, packages_select_regex=None, packages_skip_regex=None, packages_start=None, packages_end=None, allow_overriding=[], cmake_args=None, cmake_target=None, cmake_target_skip_unavailable=False, cmake_clean_cache=False, cmake_clean_first=False, cmake_force_configure=False, ament_cmake_args=None, catkin_cmake_args=None, catkin_skip_building_tests=False, mixin_files=None, mixin=None, verb_parser=<colcon_mixin.mixin.mixin_argument.MixinArgumentDecorator object at 0xf1c819cd5100>, verb_extension=<colcon_core.verb.build.BuildVerb object at 0xf1c819cd49e0>, main=<bound method BuildVerb.main of <colcon_core.verb.build.BuildVerb object at 0xf1c819cd49e0>>, mixin_verb=('build',))
[0.075s] Level 1:colcon.colcon_core.package_discovery:discover_packages(colcon_meta) check parameters
[0.075s] Level 1:colcon.colcon_core.package_discovery:discover_packages(recursive) check parameters
[0.075s] Level 1:colcon.colcon_core.package_discovery:discover_packages(ignore) check parameters
[0.075s] Level 1:colcon.colcon_core.package_discovery:discover_packages(path) check parameters
[0.075s] Level 1:colcon.colcon_core.package_discovery:discover_packages(colcon_meta) discover
[0.075s] Level 1:colcon.colcon_core.package_discovery:discover_packages(recursive) discover
[0.075s] INFO:colcon.colcon_core.package_discovery:Crawling recursively for packages in '/home/anand289/ros2_ws'
[0.075s] Level 1:colcon.colcon_core.package_identification:_identify(.) by extensions ['ignore', 'ignore_ament_install']
[0.075s] Level 1:colcon.colcon_core.package_identification:_identify(.) by extension 'ignore'
[0.075s] Level 1:colcon.colcon_core.package_identification:_identify(.) by extension 'ignore_ament_install'
[0.075s] Level 1:colcon.colcon_core.package_identification:_identify(.) by extensions ['colcon_pkg']
[0.075s] Level 1:colcon.colcon_core.package_identification:_identify(.) by extension 'colcon_pkg'
[0.075s] Level 1:colcon.colcon_core.package_identification:_identify(.) by extensions ['colcon_meta']
[0.075s] Level 1:colcon.colcon_core.package_identification:_identify(.) by extension 'colcon_meta'
[0.075s] Level 1:colcon.colcon_core.package_identification:_identify(.) by extensions ['ros']
[0.075s] Level 1:colcon.colcon_core.package_identification:_identify(.) by extension 'ros'
[0.087s] Level 1:colcon.colcon_core.package_identification:_identify(.) by extensions ['cmake', 'python']
[0.087s] Level 1:colcon.colcon_core.package_identification:_identify(.) by extension 'cmake'
[0.087s] Level 1:colcon.colcon_core.package_identification:_identify(.) by extension 'python'
[0.087s] Level 1:colcon.colcon_core.package_identification:_identify(.) by extensions ['python_setup_py']
[0.087s] Level 1:colcon.colcon_core.package_identification:_identify(.) by extension 'python_setup_py'
[0.087s] Level 1:colcon.colcon_core.package_identification:_identify(build) by extensions ['ignore', 'ignore_ament_install']
[0.087s] Level 1:colcon.colcon_core.package_identification:_identify(build) by extension 'ignore'
[0.087s] Level 1:colcon.colcon_core.package_identification:_identify(build) ignored
[0.088s] Level 1:colcon.colcon_core.package_identification:_identify(install) by extensions ['ignore', 'ignore_ament_install']
[0.088s] Level 1:colcon.colcon_core.package_identification:_identify(install) by extension 'ignore'
[0.088s] Level 1:colcon.colcon_core.package_identification:_identify(install) ignored
[0.088s] Level 1:colcon.colcon_core.package_identification:_identify(log) by extensions ['ignore', 'ignore_ament_install']
[0.088s] Level 1:colcon.colcon_core.package_identification:_identify(log) by extension 'ignore'
[0.088s] Level 1:colcon.colcon_core.package_identification:_identify(log) ignored
[0.088s] Level 1:colcon.colcon_core.package_identification:_identify(src) by extensions ['ignore', 'ignore_ament_install']
[0.088s] Level 1:colcon.colcon_core.package_identification:_identify(src) by extension 'ignore'
[0.088s] Level 1:colcon.colcon_core.package_identification:_identify(src) by extension 'ignore_ament_install'
[0.088s] Level 1:colcon.colcon_core.package_identification:_identify(src) by extensions ['colcon_pkg']
[0.088s] Level 1:colcon.colcon_core.package_identification:_identify(src) by extension 'colcon_pkg'
[0.088s] Level 1:colcon.colcon_core.package_identification:_identify(src) by extensions ['colcon_meta']
[0.088s] Level 1:colcon.colcon_core.package_identification:_identify(src) by extension 'colcon_meta'
[0.088s] Level 1:colcon.colcon_core.package_identification:_identify(src) by extensions ['ros']
[0.088s] Level 1:colcon.colcon_core.package_identification:_identify(src) by extension 'ros'
[0.088s] Level 1:colcon.colcon_core.package_identification:_identify(src) by extensions ['cmake', 'python']
[0.088s] Level 1:colcon.colcon_core.package_identification:_identify(src) by extension 'cmake'
[0.088s] Level 1:colcon.colcon_core.package_identification:_identify(src) by extension 'python'
[0.088s] Level 1:colcon.colcon_core.package_identification:_identify(src) by extensions ['python_setup_py']
[0.088s] Level 1:colcon.colcon_core.package_identification:_identify(src) by extension 'python_setup_py'
[0.088s] Level 1:colcon.colcon_core.package_identification:_identify(src/my_py_pkg) by extensions ['ignore', 'ignore_ament_install']
[0.088s] Level 1:colcon.colcon_core.package_identification:_identify(src/my_py_pkg) by extension 'ignore'
[0.088s] Level 1:colcon.colcon_core.package_identification:_identify(src/my_py_pkg) by extension 'ignore_ament_install'
[0.088s] Level 1:colcon.colcon_core.package_identification:_identify(src/my_py_pkg) by extensions ['colcon_pkg']
[0.088s] Level 1:colcon.colcon_core.package_identification:_identify(src/my_py_pkg) by extension 'colcon_pkg'
[0.088s] Level 1:colcon.colcon_core.package_identification:_identify(src/my_py_pkg) by extensions ['colcon_meta']
[0.088s] Level 1:colcon.colcon_core.package_identification:_identify(src/my_py_pkg) by extension 'colcon_meta'
[0.088s] Level 1:colcon.colcon_core.package_identification:_identify(src/my_py_pkg) by extensions ['ros']
[0.088s] Level 1:colcon.colcon_core.package_identification:_identify(src/my_py_pkg) by extension 'ros'
[0.089s] DEBUG:colcon.colcon_core.package_identification:Package 'src/my_py_pkg' with type 'ros.ament_python' and name 'my_py_pkg'
[0.089s] Level 1:colcon.colcon_core.package_identification:_identify(src/my_robot_bringup) by extensions ['ignore', 'ignore_ament_install']
[0.089s] Level 1:colcon.colcon_core.package_identification:_identify(src/my_robot_bringup) by extension 'ignore'
[0.089s] Level 1:colcon.colcon_core.package_identification:_identify(src/my_robot_bringup) by extension 'ignore_ament_install'
[0.089s] Level 1:colcon.colcon_core.package_identification:_identify(src/my_robot_bringup) by extensions ['colcon_pkg']
[0.089s] Level 1:colcon.colcon_core.package_identification:_identify(src/my_robot_bringup) by extension 'colcon_pkg'
[0.089s] Level 1:colcon.colcon_core.package_identification:_identify(src/my_robot_bringup) by extensions ['colcon_meta']
[0.089s] Level 1:colcon.colcon_core.package_identification:_identify(src/my_robot_bringup) by extension 'colcon_meta'
[0.089s] Level 1:colcon.colcon_core.package_identification:_identify(src/my_robot_bringup) by extensions ['ros']
[0.089s] Level 1:colcon.colcon_core.package_identification:_identify(src/my_robot_bringup) by extension 'ros'
[0.090s] DEBUG:colcon.colcon_core.package_identification:Package 'src/my_robot_bringup' with type 'ros.ament_cmake' and name 'my_robot_bringup'
[0.090s] Level 1:colcon.colcon_core.package_identification:_identify(src/my_robot_interfaces) by extensions ['ignore', 'ignore_ament_install']
[0.090s] Level 1:colcon.colcon_core.package_identification:_identify(src/my_robot_interfaces) by extension 'ignore'
[0.090s] Level 1:colcon.colcon_core.package_identification:_identify(src/my_robot_interfaces) by extension 'ignore_ament_install'
[0.090s] Level 1:colcon.colcon_core.package_identification:_identify(src/my_robot_interfaces) by extensions ['colcon_pkg']
[0.090s] Level 1:colcon.colcon_core.package_identification:_identify(src/my_robot_interfaces) by extension 'colcon_pkg'
[0.090s] Level 1:colcon.colcon_core.package_identification:_identify(src/my_robot_interfaces) by extensions ['colcon_meta']
[0.090s] Level 1:colcon.colcon_core.package_identification:_identify(src/my_robot_interfaces) by extension 'colcon_meta'
[0.090s] Level 1:colcon.colcon_core.package_identification:_identify(src/my_robot_interfaces) by extensions ['ros']
[0.090s] Level 1:colcon.colcon_core.package_identification:_identify(src/my_robot_interfaces) by extension 'ros'
[0.090s] DEBUG:colcon.colcon_core.package_identification:Package 'src/my_robot_interfaces' with type 'ros.ament_cmake' and name 'my_robot_interfaces'
[0.090s] Level 1:colcon.colcon_core.package_discovery:discover_packages(recursive) using defaults
[0.090s] Level 1:colcon.colcon_core.package_discovery:discover_packages(ignore) discover
[0.090s] Level 1:colcon.colcon_core.package_discovery:discover_packages(ignore) using defaults
[0.090s] Level 1:colcon.colcon_core.package_discovery:discover_packages(path) discover
[0.090s] Level 1:colcon.colcon_core.package_discovery:discover_packages(path) using defaults
[0.098s] Level 1:colcon.colcon_core.package_discovery:discover_packages(prefix_path) check parameters
[0.098s] Level 1:colcon.colcon_core.package_discovery:discover_packages(prefix_path) discover
[0.099s] DEBUG:colcon.colcon_installed_package_information.package_discovery:Found 3 installed packages in /home/anand289/ros2_ws/install
[0.100s] DEBUG:colcon.colcon_installed_package_information.package_discovery:Found 286 installed packages in /opt/ros/jazzy
[0.100s] Level 1:colcon.colcon_core.package_discovery:discover_packages(prefix_path) using defaults
[0.120s] Level 5:colcon.colcon_core.verb:set package 'my_robot_interfaces' build argument 'cmake_args' from command line to 'None'
[0.120s] Level 5:colcon.colcon_core.verb:set package 'my_robot_interfaces' build argument 'cmake_target' from command line to 'None'
[0.120s] Level 5:colcon.colcon_core.verb:set package 'my_robot_interfaces' build argument 'cmake_target_skip_unavailable' from command line to 'False'
[0.120s] Level 5:colcon.colcon_core.verb:set package 'my_robot_interfaces' build argument 'cmake_clean_cache' from command line to 'False'
[0.120s] Level 5:colcon.colcon_core.verb:set package 'my_robot_interfaces' build argument 'cmake_clean_first' from command line to 'False'
[0.120s] Level 5:colcon.colcon_core.verb:set package 'my_robot_interfaces' build argument 'cmake_force_configure' from command line to 'False'
[0.120s] Level 5:colcon.colcon_core.verb:set package 'my_robot_interfaces' build argument 'ament_cmake_args' from command line to 'None'
[0.120s] Level 5:colcon.colcon_core.verb:set package 'my_robot_interfaces' build argument 'catkin_cmake_args' from command line to 'None'
[0.120s] Level 5:colcon.colcon_core.verb:set package 'my_robot_interfaces' build argument 'catkin_skip_building_tests' from command line to 'False'
[0.120s] DEBUG:colcon.colcon_core.verb:Building package 'my_robot_interfaces' with the following arguments: {'ament_cmake_args': None, 'build_base': '/home/anand289/ros2_ws/build/my_robot_interfaces', 'catkin_cmake_args': None, 'catkin_skip_building_tests': False, 'cmake_args': None, 'cmake_clean_cache': False, 'cmake_clean_first': False, 'cmake_force_configure': False, 'cmake_target': None, 'cmake_target_skip_unavailable': False, 'install_base': '/home/anand289/ros2_ws/install/my_robot_interfaces', 'merge_install': False, 'path': '/home/anand289/ros2_ws/src/my_robot_interfaces', 'symlink_install': False, 'test_result_base': None}
[0.120s] Level 5:colcon.colcon_core.verb:set package 'my_py_pkg' build argument 'cmake_args' from command line to 'None'
[0.120s] Level 5:colcon.colcon_core.verb:set package 'my_py_pkg' build argument 'cmake_target' from command line to 'None'
[0.120s] Level 5:colcon.colcon_core.verb:set package 'my_py_pkg' build argument 'cmake_target_skip_unavailable' from command line to 'False'
[0.120s] Level 5:colcon.colcon_core.verb:set package 'my_py_pkg' build argument 'cmake_clean_cache' from command line to 'False'
[0.120s] Level 5:colcon.colcon_core.verb:set package 'my_py_pkg' build argument 'cmake_clean_first' from command line to 'False'
[0.120s] Level 5:colcon.colcon_core.verb:set package 'my_py_pkg' build argument 'cmake_force_configure' from command line to 'False'
[0.120s] Level 5:colcon.colcon_core.verb:set package 'my_py_pkg' build argument 'ament_cmake_args' from command line to 'None'
[0.120s] Level 5:colcon.colcon_core.verb:set package 'my_py_pkg' build argument 'catkin_cmake_args' from command line to 'None'
[0.120s] Level 5:colcon.colcon_core.verb:set package 'my_py_pkg' build argument 'catkin_skip_building_tests' from command line to 'False'
[0.120s] DEBUG:colcon.colcon_core.verb:Building package 'my_py_pkg' with the following arguments: {'ament_cmake_args': None, 'build_base': '/home/anand289/ros2_ws/build/my_py_pkg', 'catkin_cmake_args': None, 'catkin_skip_building_tests': False, 'cmake_args': None, 'cmake_clean_cache': False, 'cmake_clean_first': False, 'cmake_force_configure': False, 'cmake_target': None, 'cmake_target_skip_unavailable': False, 'install_base': '/home/anand289/ros2_ws/install/my_py_pkg', 'merge_install': False, 'path': '/home/anand289/ros2_ws/src/my_py_pkg', 'symlink_install': False, 'test_result_base': None}
[0.120s] Level 5:colcon.colcon_core.verb:set package 'my_robot_bringup' build argument 'cmake_args' from command line to 'None'
[0.120s] Level 5:colcon.colcon_core.verb:set package 'my_robot_bringup' build argument 'cmake_target' from command line to 'None'
[0.120s] Level 5:colcon.colcon_core.verb:set package 'my_robot_bringup' build argument 'cmake_target_skip_unavailable' from command line to 'False'
[0.120s] Level 5:colcon.colcon_core.verb:set package 'my_robot_bringup' build argument 'cmake_clean_cache' from command line to 'False'
[0.120s] Level 5:colcon.colcon_core.verb:set package 'my_robot_bringup' build argument 'cmake_clean_first' from command line to 'False'
[0.120s] Level 5:colcon.colcon_core.verb:set package 'my_robot_bringup' build argument 'cmake_force_configure' from command line to 'False'
[0.120s] Level 5:colcon.colcon_core.verb:set package 'my_robot_bringup' build argument 'ament_cmake_args' from command line to 'None'
[0.120s] Level 5:colcon.colcon_core.verb:set package 'my_robot_bringup' build argument 'catkin_cmake_args' from command line to 'None'
[0.120s] Level 5:colcon.colcon_core.verb:set package 'my_robot_bringup' build argument 'catkin_skip_building_tests' from command line to 'False'
[0.120s] DEBUG:colcon.colcon_core.verb:Building package 'my_robot_bringup' with the following arguments: {'ament_cmake_args': None, 'build_base': '/home/anand289/ros2_ws/build/my_robot_bringup', 'catkin_cmake_args': None, 'catkin_skip_building_tests': False, 'cmake_args': None, 'cmake_clean_cache': False, 'cmake_clean_first': False, 'cmake_force_configure': False, 'cmake_target': None, 'cmake_target_skip_unavailable': False, 'install_base': '/home/anand289/ros2_ws/install/my_robot_bringup', 'merge_install': False, 'path': '/home/anand289/ros2_ws/src/my_robot_bringup', 'symlink_install': False, 'test_result_base': None}
[0.120s] INFO:colcon.colcon_core.executor:Executing jobs using 'parallel' executor
[0.121s] DEBUG:colcon.colcon_parallel_executor.executor.parallel:run_until_complete
[0.121s] INFO:colcon.colcon_ros.task.ament_cmake.build:Building ROS package in '/home/anand289/ros2_ws/src/my_robot_interfaces' with build type 'ament_cmake'
[0.121s] INFO:colcon.colcon_cmake.task.cmake.build:Building CMake package in '/home/anand289/ros2_ws/src/my_robot_interfaces'
[0.122s] INFO:colcon.colcon_core.plugin_system:Skipping extension 'colcon_core.shell.bat': Not used on non-Windows systems
[0.122s] INFO:colcon.colcon_core.shell:Skip shell extension 'powershell' for command environment: Not usable outside of PowerShell
[0.122s] DEBUG:colcon.colcon_core.shell:Skip shell extension 'dsv' for command environment
[0.127s] DEBUG:colcon.colcon_core.event_handler.log_command:Invoking command in '/home/anand289/ros2_ws/build/my_robot_interfaces': CMAKE_PREFIX_PATH=${CMAKE_PREFIX_PATH}:/home/anand289/ros2_ws/install/my_py_pkg:/opt/ros/jazzy DEBUGINFOD_URLS=https://debuginfod.ubuntu.com /usr/bin/cmake --build /home/anand289/ros2_ws/build/my_robot_interfaces -- -j4 -l4
[0.309s] DEBUG:colcon.colcon_core.event_handler.log_command:Invoked command in '/home/anand289/ros2_ws/build/my_robot_interfaces' returned '0': CMAKE_PREFIX_PATH=${CMAKE_PREFIX_PATH}:/home/anand289/ros2_ws/install/my_py_pkg:/opt/ros/jazzy DEBUGINFOD_URLS=https://debuginfod.ubuntu.com /usr/bin/cmake --build /home/anand289/ros2_ws/build/my_robot_interfaces -- -j4 -l4
[0.313s] DEBUG:colcon.colcon_core.event_handler.log_command:Invoking command in '/home/anand289/ros2_ws/build/my_robot_interfaces': CMAKE_PREFIX_PATH=${CMAKE_PREFIX_PATH}:/home/anand289/ros2_ws/install/my_py_pkg:/opt/ros/jazzy DEBUGINFOD_URLS=https://debuginfod.ubuntu.com /usr/bin/cmake --install /home/anand289/ros2_ws/build/my_robot_interfaces
[0.360s] Level 1:colcon.colcon_core.environment:create_environment_scripts_only(my_robot_interfaces)
[0.361s] DEBUG:colcon.colcon_core.event_handler.log_command:Invoked command in '/home/anand289/ros2_ws/build/my_robot_interfaces' returned '0': CMAKE_PREFIX_PATH=${CMAKE_PREFIX_PATH}:/home/anand289/ros2_ws/install/my_py_pkg:/opt/ros/jazzy DEBUGINFOD_URLS=https://debuginfod.ubuntu.com /usr/bin/cmake --install /home/anand289/ros2_ws/build/my_robot_interfaces
[0.363s] Level 1:colcon.colcon_core.environment:checking '/home/anand289/ros2_ws/install/my_robot_interfaces' for CMake module files
[0.363s] Level 1:colcon.colcon_core.environment:checking '/home/anand289/ros2_ws/install/my_robot_interfaces' for CMake config files
[0.363s] Level 1:colcon.colcon_core.shell:create_environment_hook('my_robot_interfaces', 'cmake_prefix_path')
[0.363s] INFO:colcon.colcon_core.shell:Creating environment hook '/home/anand289/ros2_ws/install/my_robot_interfaces/share/my_robot_interfaces/hook/cmake_prefix_path.ps1'
[0.364s] INFO:colcon.colcon_core.shell:Creating environment descriptor '/home/anand289/ros2_ws/install/my_robot_interfaces/share/my_robot_interfaces/hook/cmake_prefix_path.dsv'
[0.364s] INFO:colcon.colcon_core.shell:Creating environment hook '/home/anand289/ros2_ws/install/my_robot_interfaces/share/my_robot_interfaces/hook/cmake_prefix_path.sh'
[0.364s] Level 1:colcon.colcon_core.environment:checking '/home/anand289/ros2_ws/install/my_robot_interfaces/lib'
[0.364s] Level 1:colcon.colcon_core.shell:create_environment_hook('my_robot_interfaces', 'ld_library_path_lib')
[0.364s] INFO:colcon.colcon_core.shell:Creating environment hook '/home/anand289/ros2_ws/install/my_robot_interfaces/share/my_robot_interfaces/hook/ld_library_path_lib.ps1'
[0.364s] INFO:colcon.colcon_core.shell:Creating environment descriptor '/home/anand289/ros2_ws/install/my_robot_interfaces/share/my_robot_interfaces/hook/ld_library_path_lib.dsv'
[0.365s] INFO:colcon.colcon_core.shell:Creating environment hook '/home/anand289/ros2_ws/install/my_robot_interfaces/share/my_robot_interfaces/hook/ld_library_path_lib.sh'
[0.365s] Level 1:colcon.colcon_core.environment:checking '/home/anand289/ros2_ws/install/my_robot_interfaces/bin'
[0.365s] Level 1:colcon.colcon_core.environment:checking '/home/anand289/ros2_ws/install/my_robot_interfaces/lib/pkgconfig/my_robot_interfaces.pc'
[0.365s] Level 1:colcon.colcon_core.environment:checking '/home/anand289/ros2_ws/install/my_robot_interfaces/lib/python3.12/site-packages'
[0.365s] Level 1:colcon.colcon_core.shell:create_environment_hook('my_robot_interfaces', 'pythonpath')
[0.365s] INFO:colcon.colcon_core.shell:Creating environment hook '/home/anand289/ros2_ws/install/my_robot_interfaces/share/my_robot_interfaces/hook/pythonpath.ps1'
[0.365s] INFO:colcon.colcon_core.shell:Creating environment descriptor '/home/anand289/ros2_ws/install/my_robot_interfaces/share/my_robot_interfaces/hook/pythonpath.dsv'
[0.365s] INFO:colcon.colcon_core.shell:Creating environment hook '/home/anand289/ros2_ws/install/my_robot_interfaces/share/my_robot_interfaces/hook/pythonpath.sh'
[0.365s] Level 1:colcon.colcon_core.environment:checking '/home/anand289/ros2_ws/install/my_robot_interfaces/bin'
[0.365s] INFO:colcon.colcon_core.shell:Creating package script '/home/anand289/ros2_ws/install/my_robot_interfaces/share/my_robot_interfaces/package.ps1'
[0.366s] INFO:colcon.colcon_core.shell:Creating package descriptor '/home/anand289/ros2_ws/install/my_robot_interfaces/share/my_robot_interfaces/package.dsv'
[0.366s] INFO:colcon.colcon_core.shell:Creating package script '/home/anand289/ros2_ws/install/my_robot_interfaces/share/my_robot_interfaces/package.sh'
[0.366s] INFO:colcon.colcon_core.shell:Creating package script '/home/anand289/ros2_ws/install/my_robot_interfaces/share/my_robot_interfaces/package.bash'
[0.366s] INFO:colcon.colcon_core.shell:Creating package script '/home/anand289/ros2_ws/install/my_robot_interfaces/share/my_robot_interfaces/package.zsh'
[0.367s] Level 1:colcon.colcon_core.environment:create_file_with_runtime_dependencies(/home/anand289/ros2_ws/install/my_robot_interfaces/share/colcon-core/packages/my_robot_interfaces)
[0.367s] Level 1:colcon.colcon_core.environment:create_environment_scripts_only(my_robot_interfaces)
[0.367s] Level 1:colcon.colcon_core.environment:checking '/home/anand289/ros2_ws/install/my_robot_interfaces' for CMake module files
[0.367s] Level 1:colcon.colcon_core.environment:checking '/home/anand289/ros2_ws/install/my_robot_interfaces' for CMake config files
[0.367s] Level 1:colcon.colcon_core.shell:create_environment_hook('my_robot_interfaces', 'cmake_prefix_path')
[0.367s] INFO:colcon.colcon_core.shell:Creating environment hook '/home/anand289/ros2_ws/install/my_robot_interfaces/share/my_robot_interfaces/hook/cmake_prefix_path.ps1'
[0.368s] INFO:colcon.colcon_core.shell:Creating environment descriptor '/home/anand289/ros2_ws/install/my_robot_interfaces/share/my_robot_interfaces/hook/cmake_prefix_path.dsv'
[0.368s] INFO:colcon.colcon_core.shell:Creating environment hook '/home/anand289/ros2_ws/install/my_robot_interfaces/share/my_robot_interfaces/hook/cmake_prefix_path.sh'
[0.368s] Level 1:colcon.colcon_core.environment:checking '/home/anand289/ros2_ws/install/my_robot_interfaces/lib'
[0.368s] Level 1:colcon.colcon_core.shell:create_environment_hook('my_robot_interfaces', 'ld_library_path_lib')
[0.368s] INFO:colcon.colcon_core.shell:Creating environment hook '/home/anand289/ros2_ws/install/my_robot_interfaces/share/my_robot_interfaces/hook/ld_library_path_lib.ps1'
[0.368s] INFO:colcon.colcon_core.shell:Creating environment descriptor '/home/anand289/ros2_ws/install/my_robot_interfaces/share/my_robot_interfaces/hook/ld_library_path_lib.dsv'
[0.368s] INFO:colcon.colcon_core.shell:Creating environment hook '/home/anand289/ros2_ws/install/my_robot_interfaces/share/my_robot_interfaces/hook/ld_library_path_lib.sh'
[0.369s] Level 1:colcon.colcon_core.environment:checking '/home/anand289/ros2_ws/install/my_robot_interfaces/bin'
[0.369s] Level 1:colcon.colcon_core.environment:checking '/home/anand289/ros2_ws/install/my_robot_interfaces/lib/pkgconfig/my_robot_interfaces.pc'
[0.369s] Level 1:colcon.colcon_core.environment:checking '/home/anand289/ros2_ws/install/my_robot_interfaces/lib/python3.12/site-packages'
[0.369s] Level 1:colcon.colcon_core.shell:create_environment_hook('my_robot_interfaces', 'pythonpath')
[0.369s] INFO:colcon.colcon_core.shell:Creating environment hook '/home/anand289/ros2_ws/install/my_robot_interfaces/share/my_robot_interfaces/hook/pythonpath.ps1'
[0.369s] INFO:colcon.colcon_core.shell:Creating environment descriptor '/home/anand289/ros2_ws/install/my_robot_interfaces/share/my_robot_interfaces/hook/pythonpath.dsv'
[0.369s] INFO:colcon.colcon_core.shell:Creating environment hook '/home/anand289/ros2_ws/install/my_robot_interfaces/share/my_robot_interfaces/hook/pythonpath.sh'
[0.369s] Level 1:colcon.colcon_core.environment:checking '/home/anand289/ros2_ws/install/my_robot_interfaces/bin'
[0.369s] INFO:colcon.colcon_core.shell:Creating package script '/home/anand289/ros2_ws/install/my_robot_interfaces/share/my_robot_interfaces/package.ps1'
[0.369s] INFO:colcon.colcon_core.shell:Creating package descriptor '/home/anand289/ros2_ws/install/my_robot_interfaces/share/my_robot_interfaces/package.dsv'
[0.370s] INFO:colcon.colcon_core.shell:Creating package script '/home/anand289/ros2_ws/install/my_robot_interfaces/share/my_robot_interfaces/package.sh'
[0.370s] INFO:colcon.colcon_core.shell:Creating package script '/home/anand289/ros2_ws/install/my_robot_interfaces/share/my_robot_interfaces/package.bash'
[0.370s] INFO:colcon.colcon_core.shell:Creating package script '/home/anand289/ros2_ws/install/my_robot_interfaces/share/my_robot_interfaces/package.zsh'
[0.370s] Level 1:colcon.colcon_core.environment:create_file_with_runtime_dependencies(/home/anand289/ros2_ws/install/my_robot_interfaces/share/colcon-core/packages/my_robot_interfaces)
[0.370s] INFO:colcon.colcon_ros.task.ament_python.build:Building ROS package in '/home/anand289/ros2_ws/src/my_py_pkg' with build type 'ament_python'
[0.370s] Level 1:colcon.colcon_core.shell:create_environment_hook('my_py_pkg', 'ament_prefix_path')
[0.370s] INFO:colcon.colcon_core.shell:Creating environment hook '/home/anand289/ros2_ws/install/my_py_pkg/share/my_py_pkg/hook/ament_prefix_path.ps1'
[0.371s] INFO:colcon.colcon_core.shell:Creating environment descriptor '/home/anand289/ros2_ws/install/my_py_pkg/share/my_py_pkg/hook/ament_prefix_path.dsv'
[0.371s] INFO:colcon.colcon_core.shell:Creating environment hook '/home/anand289/ros2_ws/install/my_py_pkg/share/my_py_pkg/hook/ament_prefix_path.sh'
[0.371s] INFO:colcon.colcon_core.shell:Skip shell extension 'powershell' for command environment: Not usable outside of PowerShell
[0.371s] DEBUG:colcon.colcon_core.shell:Skip shell extension 'dsv' for command environment
[0.473s] INFO:colcon.colcon_core.task.python.build:Building Python package in '/home/anand289/ros2_ws/src/my_py_pkg'
[0.473s] INFO:colcon.colcon_core.shell:Skip shell extension 'powershell' for command environment: Not usable outside of PowerShell
[0.473s] DEBUG:colcon.colcon_core.shell:Skip shell extension 'dsv' for command environment
[0.734s] DEBUG:colcon.colcon_core.event_handler.log_command:Invoking command in '/home/anand289/ros2_ws/src/my_py_pkg': CMAKE_PREFIX_PATH=/home/anand289/ros2_ws/install/my_robot_interfaces:/home/anand289/ros2_ws/install/my_robot_bringup:/opt/ros/jazzy/opt/gz_math_vendor:/opt/ros/jazzy/opt/gz_utils_vendor:/opt/ros/jazzy/opt/gz_cmake_vendor DEBUGINFOD_URLS=https://debuginfod.ubuntu.com PYTHONPATH=/home/anand289/ros2_ws/build/my_py_pkg/prefix_override:/usr/lib/python3/dist-packages/colcon_core/task/python/colcon_distutils_commands:/home/anand289/ros2_ws/install/my_py_pkg/lib/python3.12/site-packages:/home/anand289/ros2_ws/install/my_robot_interfaces/lib/python3.12/site-packages:/home/anand289/ros2_ws/build/my_py_pkg:/home/anand289/ros2_ws/install/my_py_pkg/lib/python3.12/site-packages:/opt/ros/jazzy/lib/python3.12/site-packages /usr/bin/python3 -W ignore:setup.py install is deprecated -W ignore:easy_install command is deprecated setup.py egg_info --egg-base ../../build/my_py_pkg build --build-base /home/anand289/ros2_ws/build/my_py_pkg/build install --record /home/anand289/ros2_ws/build/my_py_pkg/install.log --single-version-externally-managed install_data
[0.949s] Level 1:colcon.colcon_core.environment:checking '/home/anand289/ros2_ws/install/my_py_pkg' for CMake module files
[0.949s] DEBUG:colcon.colcon_core.event_handler.log_command:Invoked command in '/home/anand289/ros2_ws/src/my_py_pkg' returned '0': CMAKE_PREFIX_PATH=/home/anand289/ros2_ws/install/my_robot_interfaces:/home/anand289/ros2_ws/install/my_robot_bringup:/opt/ros/jazzy/opt/gz_math_vendor:/opt/ros/jazzy/opt/gz_utils_vendor:/opt/ros/jazzy/opt/gz_cmake_vendor DEBUGINFOD_URLS=https://debuginfod.ubuntu.com PYTHONPATH=/home/anand289/ros2_ws/build/my_py_pkg/prefix_override:/usr/lib/python3/dist-packages/colcon_core/task/python/colcon_distutils_commands:/home/anand289/ros2_ws/install/my_py_pkg/lib/python3.12/site-packages:/home/anand289/ros2_ws/install/my_robot_interfaces/lib/python3.12/site-packages:/home/anand289/ros2_ws/build/my_py_pkg:/home/anand289/ros2_ws/install/my_py_pkg/lib/python3.12/site-packages:/opt/ros/jazzy/lib/python3.12/site-packages /usr/bin/python3 -W ignore:setup.py install is deprecated -W ignore:easy_install command is deprecated setup.py egg_info --egg-base ../../build/my_py_pkg build --build-base /home/anand289/ros2_ws/build/my_py_pkg/build install --record /home/anand289/ros2_ws/build/my_py_pkg/install.log --single-version-externally-managed install_data
[0.950s] Level 1:colcon.colcon_core.environment:checking '/home/anand289/ros2_ws/install/my_py_pkg' for CMake config files
[0.950s] Level 1:colcon.colcon_core.environment:checking '/home/anand289/ros2_ws/install/my_py_pkg/lib'
[0.950s] Level 1:colcon.colcon_core.environment:checking '/home/anand289/ros2_ws/install/my_py_pkg/bin'
[0.950s] Level 1:colcon.colcon_core.environment:checking '/home/anand289/ros2_ws/install/my_py_pkg/lib/pkgconfig/my_py_pkg.pc'
[0.950s] Level 1:colcon.colcon_core.environment:checking '/home/anand289/ros2_ws/install/my_py_pkg/lib/python3.12/site-packages'
[0.950s] Level 1:colcon.colcon_core.shell:create_environment_hook('my_py_pkg', 'pythonpath')
[0.950s] INFO:colcon.colcon_core.shell:Creating environment hook '/home/anand289/ros2_ws/install/my_py_pkg/share/my_py_pkg/hook/pythonpath.ps1'
[0.950s] INFO:colcon.colcon_core.shell:Creating environment descriptor '/home/anand289/ros2_ws/install/my_py_pkg/share/my_py_pkg/hook/pythonpath.dsv'
[0.951s] INFO:colcon.colcon_core.shell:Creating environment hook '/home/anand289/ros2_ws/install/my_py_pkg/share/my_py_pkg/hook/pythonpath.sh'
[0.951s] Level 1:colcon.colcon_core.environment:checking '/home/anand289/ros2_ws/install/my_py_pkg/bin'
[0.951s] Level 1:colcon.colcon_core.environment:create_environment_scripts_only(my_py_pkg)
[0.951s] INFO:colcon.colcon_core.shell:Creating package script '/home/anand289/ros2_ws/install/my_py_pkg/share/my_py_pkg/package.ps1'
[0.951s] INFO:colcon.colcon_core.shell:Creating package descriptor '/home/anand289/ros2_ws/install/my_py_pkg/share/my_py_pkg/package.dsv'
[0.952s] INFO:colcon.colcon_core.shell:Creating package script '/home/anand289/ros2_ws/install/my_py_pkg/share/my_py_pkg/package.sh'
[0.952s] INFO:colcon.colcon_core.shell:Creating package script '/home/anand289/ros2_ws/install/my_py_pkg/share/my_py_pkg/package.bash'
[0.952s] INFO:colcon.colcon_core.shell:Creating package script '/home/anand289/ros2_ws/install/my_py_pkg/share/my_py_pkg/package.zsh'
[0.952s] Level 1:colcon.colcon_core.environment:create_file_with_runtime_dependencies(/home/anand289/ros2_ws/install/my_py_pkg/share/colcon-core/packages/my_py_pkg)
[0.952s] INFO:colcon.colcon_ros.task.ament_cmake.build:Building ROS package in '/home/anand289/ros2_ws/src/my_robot_bringup' with build type 'ament_cmake'
[0.952s] INFO:colcon.colcon_cmake.task.cmake.build:Building CMake package in '/home/anand289/ros2_ws/src/my_robot_bringup'
[0.952s] INFO:colcon.colcon_core.shell:Skip shell extension 'powershell' for command environment: Not usable outside of PowerShell
[0.952s] DEBUG:colcon.colcon_core.shell:Skip shell extension 'dsv' for command environment
[0.959s] DEBUG:colcon.colcon_core.event_handler.log_command:Invoking command in '/home/anand289/ros2_ws/build/my_robot_bringup': AMENT_PREFIX_PATH=/home/anand289/ros2_ws/install/my_py_pkg:/home/anand289/ros2_ws/install/my_robot_bringup:/home/anand289/ros2_ws/install/my_robot_interfaces:/opt/ros/jazzy CMAKE_PREFIX_PATH=/home/anand289/ros2_ws/install/my_robot_interfaces:/home/anand289/ros2_ws/install/my_robot_bringup:/opt/ros/jazzy/opt/gz_math_vendor:/opt/ros/jazzy/opt/gz_utils_vendor:/opt/ros/jazzy/opt/gz_cmake_vendor:/home/anand289/ros2_ws/install/my_py_pkg:/opt/ros/jazzy DEBUGINFOD_URLS=https://debuginfod.ubuntu.com PYTHONPATH=/home/anand289/ros2_ws/install/my_py_pkg/lib/python3.12/site-packages:/home/anand289/ros2_ws/install/my_robot_interfaces/lib/python3.12/site-packages:/home/anand289/ros2_ws/build/my_py_pkg:/opt/ros/jazzy/lib/python3.12/site-packages /usr/bin/cmake --build /home/anand289/ros2_ws/build/my_robot_bringup -- -j4 -l4
[0.977s] DEBUG:colcon.colcon_core.event_handler.log_command:Invoked command in '/home/anand289/ros2_ws/build/my_robot_bringup' returned '0': AMENT_PREFIX_PATH=/home/anand289/ros2_ws/install/my_py_pkg:/home/anand289/ros2_ws/install/my_robot_bringup:/home/anand289/ros2_ws/install/my_robot_interfaces:/opt/ros/jazzy CMAKE_PREFIX_PATH=/home/anand289/ros2_ws/install/my_robot_interfaces:/home/anand289/ros2_ws/install/my_robot_bringup:/opt/ros/jazzy/opt/gz_math_vendor:/opt/ros/jazzy/opt/gz_utils_vendor:/opt/ros/jazzy/opt/gz_cmake_vendor:/home/anand289/ros2_ws/install/my_py_pkg:/opt/ros/jazzy DEBUGINFOD_URLS=https://debuginfod.ubuntu.com PYTHONPATH=/home/anand289/ros2_ws/install/my_py_pkg/lib/python3.12/site-packages:/home/anand289/ros2_ws/install/my_robot_interfaces/lib/python3.12/site-packages:/home/anand289/ros2_ws/build/my_py_pkg:/opt/ros/jazzy/lib/python3.12/site-packages /usr/bin/cmake --build /home/anand289/ros2_ws/build/my_robot_bringup -- -j4 -l4
[0.978s] DEBUG:colcon.colcon_core.event_handler.log_command:Invoking command in '/home/anand289/ros2_ws/build/my_robot_bringup': AMENT_PREFIX_PATH=/home/anand289/ros2_ws/install/my_py_pkg:/home/anand289/ros2_ws/install/my_robot_bringup:/home/anand289/ros2_ws/install/my_robot_interfaces:/opt/ros/jazzy CMAKE_PREFIX_PATH=/home/anand289/ros2_ws/install/my_robot_interfaces:/home/anand289/ros2_ws/install/my_robot_bringup:/opt/ros/jazzy/opt/gz_math_vendor:/opt/ros/jazzy/opt/gz_utils_vendor:/opt/ros/jazzy/opt/gz_cmake_vendor:/home/anand289/ros2_ws/install/my_py_pkg:/opt/ros/jazzy DEBUGINFOD_URLS=https://debuginfod.ubuntu.com PYTHONPATH=/home/anand289/ros2_ws/install/my_py_pkg/lib/python3.12/site-packages:/home/anand289/ros2_ws/install/my_robot_interfaces/lib/python3.12/site-packages:/home/anand289/ros2_ws/build/my_py_pkg:/opt/ros/jazzy/lib/python3.12/site-packages /usr/bin/cmake --install /home/anand289/ros2_ws/build/my_robot_bringup
[0.987s] Level 1:colcon.colcon_core.environment:create_environment_scripts_only(my_robot_bringup)
[0.987s] Level 1:colcon.colcon_core.environment:checking '/home/anand289/ros2_ws/install/my_robot_bringup' for CMake module files
[0.987s] DEBUG:colcon.colcon_core.event_handler.log_command:Invoked command in '/home/anand289/ros2_ws/build/my_robot_bringup' returned '0': AMENT_PREFIX_PATH=/home/anand289/ros2_ws/install/my_py_pkg:/home/anand289/ros2_ws/install/my_robot_bringup:/home/anand289/ros2_ws/install/my_robot_interfaces:/opt/ros/jazzy CMAKE_PREFIX_PATH=/home/anand289/ros2_ws/install/my_robot_interfaces:/home/anand289/ros2_ws/install/my_robot_bringup:/opt/ros/jazzy/opt/gz_math_vendor:/opt/ros/jazzy/opt/gz_utils_vendor:/opt/ros/jazzy/opt/gz_cmake_vendor:/home/anand289/ros2_ws/install/my_py_pkg:/opt/ros/jazzy DEBUGINFOD_URLS=https://debuginfod.ubuntu.com PYTHONPATH=/home/anand289/ros2_ws/install/my_py_pkg/lib/python3.12/site-packages:/home/anand289/ros2_ws/install/my_robot_interfaces/lib/python3.12/site-packages:/home/anand289/ros2_ws/build/my_py_pkg:/opt/ros/jazzy/lib/python3.12/site-packages /usr/bin/cmake --install /home/anand289/ros2_ws/build/my_robot_bringup
[0.988s] Level 1:colcon.colcon_core.environment:checking '/home/anand289/ros2_ws/install/my_robot_bringup' for CMake config files
[0.988s] Level 1:colcon.colcon_core.shell:create_environment_hook('my_robot_bringup', 'cmake_prefix_path')
[0.988s] INFO:colcon.colcon_core.shell:Creating environment hook '/home/anand289/ros2_ws/install/my_robot_bringup/share/my_robot_bringup/hook/cmake_prefix_path.ps1'
[0.988s] INFO:colcon.colcon_core.shell:Creating environment descriptor '/home/anand289/ros2_ws/install/my_robot_bringup/share/my_robot_bringup/hook/cmake_prefix_path.dsv'
[0.988s] INFO:colcon.colcon_core.shell:Creating environment hook '/home/anand289/ros2_ws/install/my_robot_bringup/share/my_robot_bringup/hook/cmake_prefix_path.sh'
[0.989s] Level 1:colcon.colcon_core.environment:checking '/home/anand289/ros2_ws/install/my_robot_bringup/bin'
[0.989s] Level 1:colcon.colcon_core.environment:checking '/home/anand289/ros2_ws/install/my_robot_bringup/lib/pkgconfig/my_robot_bringup.pc'
[0.989s] Level 1:colcon.colcon_core.environment:checking '/home/anand289/ros2_ws/install/my_robot_bringup/lib/python3.12/site-packages'
[0.989s] Level 1:colcon.colcon_core.environment:checking '/home/anand289/ros2_ws/install/my_robot_bringup/bin'
[0.989s] INFO:colcon.colcon_core.shell:Creating package script '/home/anand289/ros2_ws/install/my_robot_bringup/share/my_robot_bringup/package.ps1'
[0.989s] INFO:colcon.colcon_core.shell:Creating package descriptor '/home/anand289/ros2_ws/install/my_robot_bringup/share/my_robot_bringup/package.dsv'
[0.989s] INFO:colcon.colcon_core.shell:Creating package script '/home/anand289/ros2_ws/install/my_robot_bringup/share/my_robot_bringup/package.sh'
[0.989s] INFO:colcon.colcon_core.shell:Creating package script '/home/anand289/ros2_ws/install/my_robot_bringup/share/my_robot_bringup/package.bash'
[0.989s] INFO:colcon.colcon_core.shell:Creating package script '/home/anand289/ros2_ws/install/my_robot_bringup/share/my_robot_bringup/package.zsh'
[0.990s] Level 1:colcon.colcon_core.environment:create_file_with_runtime_dependencies(/home/anand289/ros2_ws/install/my_robot_bringup/share/colcon-core/packages/my_robot_bringup)
[0.990s] Level 1:colcon.colcon_core.environment:create_environment_scripts_only(my_robot_bringup)
[0.990s] Level 1:colcon.colcon_core.environment:checking '/home/anand289/ros2_ws/install/my_robot_bringup' for CMake module files
[0.990s] Level 1:colcon.colcon_core.environment:checking '/home/anand289/ros2_ws/install/my_robot_bringup' for CMake config files
[0.990s] Level 1:colcon.colcon_core.shell:create_environment_hook('my_robot_bringup', 'cmake_prefix_path')
[0.990s] INFO:colcon.colcon_core.shell:Creating environment hook '/home/anand289/ros2_ws/install/my_robot_bringup/share/my_robot_bringup/hook/cmake_prefix_path.ps1'
[0.990s] INFO:colcon.colcon_core.shell:Creating environment descriptor '/home/anand289/ros2_ws/install/my_robot_bringup/share/my_robot_bringup/hook/cmake_prefix_path.dsv'
[0.991s] INFO:colcon.colcon_core.shell:Creating environment hook '/home/anand289/ros2_ws/install/my_robot_bringup/share/my_robot_bringup/hook/cmake_prefix_path.sh'
[0.991s] Level 1:colcon.colcon_core.environment:checking '/home/anand289/ros2_ws/install/my_robot_bringup/bin'
[0.991s] Level 1:colcon.colcon_core.environment:checking '/home/anand289/ros2_ws/install/my_robot_bringup/lib/pkgconfig/my_robot_bringup.pc'
[0.991s] Level 1:colcon.colcon_core.environment:checking '/home/anand289/ros2_ws/install/my_robot_bringup/lib/python3.12/site-packages'
[0.991s] Level 1:colcon.colcon_core.environment:checking '/home/anand289/ros2_ws/install/my_robot_bringup/bin'
[0.991s] INFO:colcon.colcon_core.shell:Creating package script '/home/anand289/ros2_ws/install/my_robot_bringup/share/my_robot_bringup/package.ps1'
[0.991s] INFO:colcon.colcon_core.shell:Creating package descriptor '/home/anand289/ros2_ws/install/my_robot_bringup/share/my_robot_bringup/package.dsv'
[0.991s] INFO:colcon.colcon_core.shell:Creating package script '/home/anand289/ros2_ws/install/my_robot_bringup/share/my_robot_bringup/package.sh'
[0.991s] INFO:colcon.colcon_core.shell:Creating package script '/home/anand289/ros2_ws/install/my_robot_bringup/share/my_robot_bringup/package.bash'
[0.992s] INFO:colcon.colcon_core.shell:Creating package script '/home/anand289/ros2_ws/install/my_robot_bringup/share/my_robot_bringup/package.zsh'
[0.992s] Level 1:colcon.colcon_core.environment:create_file_with_runtime_dependencies(/home/anand289/ros2_ws/install/my_robot_bringup/share/colcon-core/packages/my_robot_bringup)
[0.992s] DEBUG:colcon.colcon_parallel_executor.executor.parallel:closing loop
[0.992s] DEBUG:colcon.colcon_parallel_executor.executor.parallel:loop closed
[0.992s] DEBUG:colcon.colcon_parallel_executor.executor.parallel:run_until_complete finished with '0'
[0.992s] DEBUG:colcon.colcon_core.event_reactor:joining thread
[0.995s] INFO:colcon.colcon_core.plugin_system:Skipping extension 'colcon_notification.desktop_notification.terminal_notifier': Not used on non-Darwin systems
[0.995s] INFO:colcon.colcon_core.plugin_system:Skipping extension 'colcon_notification.desktop_notification.win32': Not used on non-Windows systems
[0.995s] INFO:colcon.colcon_notification.desktop_notification:Sending desktop notification using 'notify2'
[1.008s] DEBUG:colcon.colcon_core.event_reactor:joined thread
[1.008s] INFO:colcon.colcon_core.shell:Creating prefix script '/home/anand289/ros2_ws/install/local_setup.ps1'
[1.009s] INFO:colcon.colcon_core.shell:Creating prefix util module '/home/anand289/ros2_ws/install/_local_setup_util_ps1.py'
[1.010s] INFO:colcon.colcon_core.shell:Creating prefix chain script '/home/anand289/ros2_ws/install/setup.ps1'
[1.010s] INFO:colcon.colcon_core.shell:Creating prefix script '/home/anand289/ros2_ws/install/local_setup.sh'
[1.011s] INFO:colcon.colcon_core.shell:Creating prefix util module '/home/anand289/ros2_ws/install/_local_setup_util_sh.py'
[1.011s] INFO:colcon.colcon_core.shell:Creating prefix chain script '/home/anand289/ros2_ws/install/setup.sh'
[1.012s] INFO:colcon.colcon_core.shell:Creating prefix script '/home/anand289/ros2_ws/install/local_setup.bash'
[1.012s] INFO:colcon.colcon_core.shell:Creating prefix chain script '/home/anand289/ros2_ws/install/setup.bash'
[1.012s] INFO:colcon.colcon_core.shell:Creating prefix script '/home/anand289/ros2_ws/install/local_setup.zsh'
[1.013s] INFO:colcon.colcon_core.shell:Creating prefix chain script '/home/anand289/ros2_ws/install/setup.zsh'
