[0.058s] DEBUG:colcon:Command line arguments: ['/usr/bin/colcon', 'build', '--symlink-install']
[0.058s] DEBUG:colcon:Parsed command line arguments: Namespace(log_base=None, log_level=None, verb_name='build', build_base='build', install_base='install', merge_install=False, symlink_install=True, test_result_base=None, continue_on_error=False, executor='parallel', parallel_workers=4, event_handlers=None, ignore_user_meta=False, metas=['./colcon.meta'], base_paths=['.'], packages_ignore=None, packages_ignore_regex=None, paths=None, packages_up_to=None, packages_up_to_regex=None, packages_above=None, packages_above_and_dependencies=None, packages_above_depth=None, packages_select_by_dep=None, packages_skip_by_dep=None, packages_skip_up_to=None, packages_select_build_failed=False, packages_skip_build_finished=False, packages_select_test_failures=False, packages_skip_test_passed=False, packages_select=None, packages_skip=None, packages_select_regex=None, packages_skip_regex=None, packages_start=None, packages_end=None, allow_overriding=[], cmake_args=None, cmake_target=None, cmake_target_skip_unavailable=False, cmake_clean_cache=False, cmake_clean_first=False, cmake_force_configure=False, ament_cmake_args=None, catkin_cmake_args=None, catkin_skip_building_tests=False, mixin_files=None, mixin=None, verb_parser=<colcon_mixin.mixin.mixin_argument.MixinArgumentDecorator object at 0xeeb87346dc10>, verb_extension=<colcon_core.verb.build.BuildVerb object at 0xeeb87346d490>, main=<bound method BuildVerb.main of <colcon_core.verb.build.BuildVerb object at 0xeeb87346d490>>, mixin_verb=('build',))
[0.078s] Level 1:colcon.colcon_core.package_discovery:discover_packages(colcon_meta) check parameters
[0.078s] Level 1:colcon.colcon_core.package_discovery:discover_packages(recursive) check parameters
[0.078s] Level 1:colcon.colcon_core.package_discovery:discover_packages(ignore) check parameters
[0.078s] Level 1:colcon.colcon_core.package_discovery:discover_packages(path) check parameters
[0.078s] Level 1:colcon.colcon_core.package_discovery:discover_packages(colcon_meta) discover
[0.078s] Level 1:colcon.colcon_core.package_discovery:discover_packages(recursive) discover
[0.078s] INFO:colcon.colcon_core.package_discovery:Crawling recursively for packages in '/home/anand289/ros2_ws'
[0.078s] Level 1:colcon.colcon_core.package_identification:_identify(.) by extensions ['ignore', 'ignore_ament_install']
[0.078s] Level 1:colcon.colcon_core.package_identification:_identify(.) by extension 'ignore'
[0.078s] Level 1:colcon.colcon_core.package_identification:_identify(.) by extension 'ignore_ament_install'
[0.078s] Level 1:colcon.colcon_core.package_identification:_identify(.) by extensions ['colcon_pkg']
[0.078s] Level 1:colcon.colcon_core.package_identification:_identify(.) by extension 'colcon_pkg'
[0.078s] Level 1:colcon.colcon_core.package_identification:_identify(.) by extensions ['colcon_meta']
[0.078s] Level 1:colcon.colcon_core.package_identification:_identify(.) by extension 'colcon_meta'
[0.078s] Level 1:colcon.colcon_core.package_identification:_identify(.) by extensions ['ros']
[0.078s] Level 1:colcon.colcon_core.package_identification:_identify(.) by extension 'ros'
[0.093s] Level 1:colcon.colcon_core.package_identification:_identify(.) by extensions ['cmake', 'python']
[0.093s] Level 1:colcon.colcon_core.package_identification:_identify(.) by extension 'cmake'
[0.093s] Level 1:colcon.colcon_core.package_identification:_identify(.) by extension 'python'
[0.093s] Level 1:colcon.colcon_core.package_identification:_identify(.) by extensions ['python_setup_py']
[0.093s] Level 1:colcon.colcon_core.package_identification:_identify(.) by extension 'python_setup_py'
[0.093s] Level 1:colcon.colcon_core.package_identification:_identify(build) by extensions ['ignore', 'ignore_ament_install']
[0.093s] Level 1:colcon.colcon_core.package_identification:_identify(build) by extension 'ignore'
[0.093s] Level 1:colcon.colcon_core.package_identification:_identify(build) ignored
[0.093s] Level 1:colcon.colcon_core.package_identification:_identify(install) by extensions ['ignore', 'ignore_ament_install']
[0.093s] Level 1:colcon.colcon_core.package_identification:_identify(install) by extension 'ignore'
[0.093s] Level 1:colcon.colcon_core.package_identification:_identify(install) ignored
[0.093s] Level 1:colcon.colcon_core.package_identification:_identify(log) by extensions ['ignore', 'ignore_ament_install']
[0.093s] Level 1:colcon.colcon_core.package_identification:_identify(log) by extension 'ignore'
[0.093s] Level 1:colcon.colcon_core.package_identification:_identify(log) ignored
[0.093s] Level 1:colcon.colcon_core.package_identification:_identify(src) by extensions ['ignore', 'ignore_ament_install']
[0.093s] Level 1:colcon.colcon_core.package_identification:_identify(src) by extension 'ignore'
[0.093s] Level 1:colcon.colcon_core.package_identification:_identify(src) by extension 'ignore_ament_install'
[0.093s] Level 1:colcon.colcon_core.package_identification:_identify(src) by extensions ['colcon_pkg']
[0.093s] Level 1:colcon.colcon_core.package_identification:_identify(src) by extension 'colcon_pkg'
[0.093s] Level 1:colcon.colcon_core.package_identification:_identify(src) by extensions ['colcon_meta']
[0.093s] Level 1:colcon.colcon_core.package_identification:_identify(src) by extension 'colcon_meta'
[0.093s] Level 1:colcon.colcon_core.package_identification:_identify(src) by extensions ['ros']
[0.093s] Level 1:colcon.colcon_core.package_identification:_identify(src) by extension 'ros'
[0.093s] Level 1:colcon.colcon_core.package_identification:_identify(src) by extensions ['cmake', 'python']
[0.093s] Level 1:colcon.colcon_core.package_identification:_identify(src) by extension 'cmake'
[0.093s] Level 1:colcon.colcon_core.package_identification:_identify(src) by extension 'python'
[0.093s] Level 1:colcon.colcon_core.package_identification:_identify(src) by extensions ['python_setup_py']
[0.093s] Level 1:colcon.colcon_core.package_identification:_identify(src) by extension 'python_setup_py'
[0.093s] Level 1:colcon.colcon_core.package_identification:_identify(src/catching_turtles_pkg) by extensions ['ignore', 'ignore_ament_install']
[0.093s] Level 1:colcon.colcon_core.package_identification:_identify(src/catching_turtles_pkg) by extension 'ignore'
[0.094s] Level 1:colcon.colcon_core.package_identification:_identify(src/catching_turtles_pkg) by extension 'ignore_ament_install'
[0.094s] Level 1:colcon.colcon_core.package_identification:_identify(src/catching_turtles_pkg) by extensions ['colcon_pkg']
[0.094s] Level 1:colcon.colcon_core.package_identification:_identify(src/catching_turtles_pkg) by extension 'colcon_pkg'
[0.094s] Level 1:colcon.colcon_core.package_identification:_identify(src/catching_turtles_pkg) by extensions ['colcon_meta']
[0.094s] Level 1:colcon.colcon_core.package_identification:_identify(src/catching_turtles_pkg) by extension 'colcon_meta'
[0.094s] Level 1:colcon.colcon_core.package_identification:_identify(src/catching_turtles_pkg) by extensions ['ros']
[0.094s] Level 1:colcon.colcon_core.package_identification:_identify(src/catching_turtles_pkg) by extension 'ros'
[0.095s] DEBUG:colcon.colcon_core.package_identification:Package 'src/catching_turtles_pkg' with type 'ros.ament_python' and name 'catching_turtles_pkg'
[0.095s] Level 1:colcon.colcon_core.package_identification:_identify(src/my_py_pkg) by extensions ['ignore', 'ignore_ament_install']
[0.095s] Level 1:colcon.colcon_core.package_identification:_identify(src/my_py_pkg) by extension 'ignore'
[0.095s] Level 1:colcon.colcon_core.package_identification:_identify(src/my_py_pkg) by extension 'ignore_ament_install'
[0.095s] Level 1:colcon.colcon_core.package_identification:_identify(src/my_py_pkg) by extensions ['colcon_pkg']
[0.095s] Level 1:colcon.colcon_core.package_identification:_identify(src/my_py_pkg) by extension 'colcon_pkg'
[0.095s] Level 1:colcon.colcon_core.package_identification:_identify(src/my_py_pkg) by extensions ['colcon_meta']
[0.095s] Level 1:colcon.colcon_core.package_identification:_identify(src/my_py_pkg) by extension 'colcon_meta'
[0.095s] Level 1:colcon.colcon_core.package_identification:_identify(src/my_py_pkg) by extensions ['ros']
[0.095s] Level 1:colcon.colcon_core.package_identification:_identify(src/my_py_pkg) by extension 'ros'
[0.095s] DEBUG:colcon.colcon_core.package_identification:Package 'src/my_py_pkg' with type 'ros.ament_python' and name 'my_py_pkg'
[0.095s] Level 1:colcon.colcon_core.package_identification:_identify(src/my_robot_bringup) by extensions ['ignore', 'ignore_ament_install']
[0.095s] Level 1:colcon.colcon_core.package_identification:_identify(src/my_robot_bringup) by extension 'ignore'
[0.095s] Level 1:colcon.colcon_core.package_identification:_identify(src/my_robot_bringup) by extension 'ignore_ament_install'
[0.095s] Level 1:colcon.colcon_core.package_identification:_identify(src/my_robot_bringup) by extensions ['colcon_pkg']
[0.096s] Level 1:colcon.colcon_core.package_identification:_identify(src/my_robot_bringup) by extension 'colcon_pkg'
[0.096s] Level 1:colcon.colcon_core.package_identification:_identify(src/my_robot_bringup) by extensions ['colcon_meta']
[0.096s] Level 1:colcon.colcon_core.package_identification:_identify(src/my_robot_bringup) by extension 'colcon_meta'
[0.096s] Level 1:colcon.colcon_core.package_identification:_identify(src/my_robot_bringup) by extensions ['ros']
[0.096s] Level 1:colcon.colcon_core.package_identification:_identify(src/my_robot_bringup) by extension 'ros'
[0.096s] DEBUG:colcon.colcon_core.package_identification:Package 'src/my_robot_bringup' with type 'ros.ament_cmake' and name 'my_robot_bringup'
[0.096s] Level 1:colcon.colcon_core.package_identification:_identify(src/my_robot_description) by extensions ['ignore', 'ignore_ament_install']
[0.096s] Level 1:colcon.colcon_core.package_identification:_identify(src/my_robot_description) by extension 'ignore'
[0.096s] Level 1:colcon.colcon_core.package_identification:_identify(src/my_robot_description) by extension 'ignore_ament_install'
[0.096s] Level 1:colcon.colcon_core.package_identification:_identify(src/my_robot_description) by extensions ['colcon_pkg']
[0.096s] Level 1:colcon.colcon_core.package_identification:_identify(src/my_robot_description) by extension 'colcon_pkg'
[0.096s] Level 1:colcon.colcon_core.package_identification:_identify(src/my_robot_description) by extensions ['colcon_meta']
[0.096s] Level 1:colcon.colcon_core.package_identification:_identify(src/my_robot_description) by extension 'colcon_meta'
[0.096s] Level 1:colcon.colcon_core.package_identification:_identify(src/my_robot_description) by extensions ['ros']
[0.096s] Level 1:colcon.colcon_core.package_identification:_identify(src/my_robot_description) by extension 'ros'
[0.096s] DEBUG:colcon.colcon_core.package_identification:Package 'src/my_robot_description' with type 'ros.ament_cmake' and name 'my_robot_description'
[0.096s] Level 1:colcon.colcon_core.package_identification:_identify(src/my_robot_interfaces) by extensions ['ignore', 'ignore_ament_install']
[0.096s] Level 1:colcon.colcon_core.package_identification:_identify(src/my_robot_interfaces) by extension 'ignore'
[0.096s] Level 1:colcon.colcon_core.package_identification:_identify(src/my_robot_interfaces) by extension 'ignore_ament_install'
[0.096s] Level 1:colcon.colcon_core.package_identification:_identify(src/my_robot_interfaces) by extensions ['colcon_pkg']
[0.096s] Level 1:colcon.colcon_core.package_identification:_identify(src/my_robot_interfaces) by extension 'colcon_pkg'
[0.096s] Level 1:colcon.colcon_core.package_identification:_identify(src/my_robot_interfaces) by extensions ['colcon_meta']
[0.096s] Level 1:colcon.colcon_core.package_identification:_identify(src/my_robot_interfaces) by extension 'colcon_meta'
[0.096s] Level 1:colcon.colcon_core.package_identification:_identify(src/my_robot_interfaces) by extensions ['ros']
[0.096s] Level 1:colcon.colcon_core.package_identification:_identify(src/my_robot_interfaces) by extension 'ros'
[0.096s] DEBUG:colcon.colcon_core.package_identification:Package 'src/my_robot_interfaces' with type 'ros.ament_cmake' and name 'my_robot_interfaces'
[0.097s] Level 1:colcon.colcon_core.package_discovery:discover_packages(recursive) using defaults
[0.097s] Level 1:colcon.colcon_core.package_discovery:discover_packages(ignore) discover
[0.097s] Level 1:colcon.colcon_core.package_discovery:discover_packages(ignore) using defaults
[0.097s] Level 1:colcon.colcon_core.package_discovery:discover_packages(path) discover
[0.097s] Level 1:colcon.colcon_core.package_discovery:discover_packages(path) using defaults
[0.107s] Level 1:colcon.colcon_core.package_discovery:discover_packages(prefix_path) check parameters
[0.107s] Level 1:colcon.colcon_core.package_discovery:discover_packages(prefix_path) discover
[0.108s] DEBUG:colcon.colcon_installed_package_information.package_discovery:Found 6 installed packages in /home/anand289/ros2_ws/install
[0.109s] DEBUG:colcon.colcon_installed_package_information.package_discovery:Found 291 installed packages in /opt/ros/jazzy
[0.110s] Level 1:colcon.colcon_core.package_discovery:discover_packages(prefix_path) using defaults
[0.131s] Level 5:colcon.colcon_core.verb:set package 'my_robot_description' build argument 'cmake_args' from command line to 'None'
[0.131s] Level 5:colcon.colcon_core.verb:set package 'my_robot_description' build argument 'cmake_target' from command line to 'None'
[0.131s] Level 5:colcon.colcon_core.verb:set package 'my_robot_description' build argument 'cmake_target_skip_unavailable' from command line to 'False'
[0.131s] Level 5:colcon.colcon_core.verb:set package 'my_robot_description' build argument 'cmake_clean_cache' from command line to 'False'
[0.131s] Level 5:colcon.colcon_core.verb:set package 'my_robot_description' build argument 'cmake_clean_first' from command line to 'False'
[0.131s] Level 5:colcon.colcon_core.verb:set package 'my_robot_description' build argument 'cmake_force_configure' from command line to 'False'
[0.131s] Level 5:colcon.colcon_core.verb:set package 'my_robot_description' build argument 'ament_cmake_args' from command line to 'None'
[0.131s] Level 5:colcon.colcon_core.verb:set package 'my_robot_description' build argument 'catkin_cmake_args' from command line to 'None'
[0.131s] Level 5:colcon.colcon_core.verb:set package 'my_robot_description' build argument 'catkin_skip_building_tests' from command line to 'False'
[0.131s] DEBUG:colcon.colcon_core.verb:Building package 'my_robot_description' with the following arguments: {'ament_cmake_args': None, 'build_base': '/home/anand289/ros2_ws/build/my_robot_description', 'catkin_cmake_args': None, 'catkin_skip_building_tests': False, 'cmake_args': None, 'cmake_clean_cache': False, 'cmake_clean_first': False, 'cmake_force_configure': False, 'cmake_target': None, 'cmake_target_skip_unavailable': False, 'install_base': '/home/anand289/ros2_ws/install/my_robot_description', 'merge_install': False, 'path': '/home/anand289/ros2_ws/src/my_robot_description', 'symlink_install': True, 'test_result_base': None}
[0.131s] Level 5:colcon.colcon_core.verb:set package 'my_robot_interfaces' build argument 'cmake_args' from command line to 'None'
[0.131s] Level 5:colcon.colcon_core.verb:set package 'my_robot_interfaces' build argument 'cmake_target' from command line to 'None'
[0.131s] Level 5:colcon.colcon_core.verb:set package 'my_robot_interfaces' build argument 'cmake_target_skip_unavailable' from command line to 'False'
[0.131s] Level 5:colcon.colcon_core.verb:set package 'my_robot_interfaces' build argument 'cmake_clean_cache' from command line to 'False'
[0.131s] Level 5:colcon.colcon_core.verb:set package 'my_robot_interfaces' build argument 'cmake_clean_first' from command line to 'False'
[0.131s] Level 5:colcon.colcon_core.verb:set package 'my_robot_interfaces' build argument 'cmake_force_configure' from command line to 'False'
[0.131s] Level 5:colcon.colcon_core.verb:set package 'my_robot_interfaces' build argument 'ament_cmake_args' from command line to 'None'
[0.131s] Level 5:colcon.colcon_core.verb:set package 'my_robot_interfaces' build argument 'catkin_cmake_args' from command line to 'None'
[0.131s] Level 5:colcon.colcon_core.verb:set package 'my_robot_interfaces' build argument 'catkin_skip_building_tests' from command line to 'False'
[0.131s] DEBUG:colcon.colcon_core.verb:Building package 'my_robot_interfaces' with the following arguments: {'ament_cmake_args': None, 'build_base': '/home/anand289/ros2_ws/build/my_robot_interfaces', 'catkin_cmake_args': None, 'catkin_skip_building_tests': False, 'cmake_args': None, 'cmake_clean_cache': False, 'cmake_clean_first': False, 'cmake_force_configure': False, 'cmake_target': None, 'cmake_target_skip_unavailable': False, 'install_base': '/home/anand289/ros2_ws/install/my_robot_interfaces', 'merge_install': False, 'path': '/home/anand289/ros2_ws/src/my_robot_interfaces', 'symlink_install': True, 'test_result_base': None}
[0.131s] Level 5:colcon.colcon_core.verb:set package 'catching_turtles_pkg' build argument 'cmake_args' from command line to 'None'
[0.131s] Level 5:colcon.colcon_core.verb:set package 'catching_turtles_pkg' build argument 'cmake_target' from command line to 'None'
[0.131s] Level 5:colcon.colcon_core.verb:set package 'catching_turtles_pkg' build argument 'cmake_target_skip_unavailable' from command line to 'False'
[0.131s] Level 5:colcon.colcon_core.verb:set package 'catching_turtles_pkg' build argument 'cmake_clean_cache' from command line to 'False'
[0.131s] Level 5:colcon.colcon_core.verb:set package 'catching_turtles_pkg' build argument 'cmake_clean_first' from command line to 'False'
[0.131s] Level 5:colcon.colcon_core.verb:set package 'catching_turtles_pkg' build argument 'cmake_force_configure' from command line to 'False'
[0.131s] Level 5:colcon.colcon_core.verb:set package 'catching_turtles_pkg' build argument 'ament_cmake_args' from command line to 'None'
[0.131s] Level 5:colcon.colcon_core.verb:set package 'catching_turtles_pkg' build argument 'catkin_cmake_args' from command line to 'None'
[0.131s] Level 5:colcon.colcon_core.verb:set package 'catching_turtles_pkg' build argument 'catkin_skip_building_tests' from command line to 'False'
[0.131s] DEBUG:colcon.colcon_core.verb:Building package 'catching_turtles_pkg' with the following arguments: {'ament_cmake_args': None, 'build_base': '/home/anand289/ros2_ws/build/catching_turtles_pkg', 'catkin_cmake_args': None, 'catkin_skip_building_tests': False, 'cmake_args': None, 'cmake_clean_cache': False, 'cmake_clean_first': False, 'cmake_force_configure': False, 'cmake_target': None, 'cmake_target_skip_unavailable': False, 'install_base': '/home/anand289/ros2_ws/install/catching_turtles_pkg', 'merge_install': False, 'path': '/home/anand289/ros2_ws/src/catching_turtles_pkg', 'symlink_install': True, 'test_result_base': None}
[0.131s] Level 5:colcon.colcon_core.verb:set package 'my_py_pkg' build argument 'cmake_args' from command line to 'None'
[0.131s] Level 5:colcon.colcon_core.verb:set package 'my_py_pkg' build argument 'cmake_target' from command line to 'None'
[0.131s] Level 5:colcon.colcon_core.verb:set package 'my_py_pkg' build argument 'cmake_target_skip_unavailable' from command line to 'False'
[0.131s] Level 5:colcon.colcon_core.verb:set package 'my_py_pkg' build argument 'cmake_clean_cache' from command line to 'False'
[0.131s] Level 5:colcon.colcon_core.verb:set package 'my_py_pkg' build argument 'cmake_clean_first' from command line to 'False'
[0.131s] Level 5:colcon.colcon_core.verb:set package 'my_py_pkg' build argument 'cmake_force_configure' from command line to 'False'
[0.131s] Level 5:colcon.colcon_core.verb:set package 'my_py_pkg' build argument 'ament_cmake_args' from command line to 'None'
[0.131s] Level 5:colcon.colcon_core.verb:set package 'my_py_pkg' build argument 'catkin_cmake_args' from command line to 'None'
[0.131s] Level 5:colcon.colcon_core.verb:set package 'my_py_pkg' build argument 'catkin_skip_building_tests' from command line to 'False'
[0.131s] DEBUG:colcon.colcon_core.verb:Building package 'my_py_pkg' with the following arguments: {'ament_cmake_args': None, 'build_base': '/home/anand289/ros2_ws/build/my_py_pkg', 'catkin_cmake_args': None, 'catkin_skip_building_tests': False, 'cmake_args': None, 'cmake_clean_cache': False, 'cmake_clean_first': False, 'cmake_force_configure': False, 'cmake_target': None, 'cmake_target_skip_unavailable': False, 'install_base': '/home/anand289/ros2_ws/install/my_py_pkg', 'merge_install': False, 'path': '/home/anand289/ros2_ws/src/my_py_pkg', 'symlink_install': True, 'test_result_base': None}
[0.132s] Level 5:colcon.colcon_core.verb:set package 'my_robot_bringup' build argument 'cmake_args' from command line to 'None'
[0.132s] Level 5:colcon.colcon_core.verb:set package 'my_robot_bringup' build argument 'cmake_target' from command line to 'None'
[0.132s] Level 5:colcon.colcon_core.verb:set package 'my_robot_bringup' build argument 'cmake_target_skip_unavailable' from command line to 'False'
[0.132s] Level 5:colcon.colcon_core.verb:set package 'my_robot_bringup' build argument 'cmake_clean_cache' from command line to 'False'
[0.132s] Level 5:colcon.colcon_core.verb:set package 'my_robot_bringup' build argument 'cmake_clean_first' from command line to 'False'
[0.132s] Level 5:colcon.colcon_core.verb:set package 'my_robot_bringup' build argument 'cmake_force_configure' from command line to 'False'
[0.132s] Level 5:colcon.colcon_core.verb:set package 'my_robot_bringup' build argument 'ament_cmake_args' from command line to 'None'
[0.132s] Level 5:colcon.colcon_core.verb:set package 'my_robot_bringup' build argument 'catkin_cmake_args' from command line to 'None'
[0.132s] Level 5:colcon.colcon_core.verb:set package 'my_robot_bringup' build argument 'catkin_skip_building_tests' from command line to 'False'
[0.132s] DEBUG:colcon.colcon_core.verb:Building package 'my_robot_bringup' with the following arguments: {'ament_cmake_args': None, 'build_base': '/home/anand289/ros2_ws/build/my_robot_bringup', 'catkin_cmake_args': None, 'catkin_skip_building_tests': False, 'cmake_args': None, 'cmake_clean_cache': False, 'cmake_clean_first': False, 'cmake_force_configure': False, 'cmake_target': None, 'cmake_target_skip_unavailable': False, 'install_base': '/home/anand289/ros2_ws/install/my_robot_bringup', 'merge_install': False, 'path': '/home/anand289/ros2_ws/src/my_robot_bringup', 'symlink_install': True, 'test_result_base': None}
[0.132s] INFO:colcon.colcon_core.executor:Executing jobs using 'parallel' executor
[0.132s] DEBUG:colcon.colcon_parallel_executor.executor.parallel:run_until_complete
[0.132s] INFO:colcon.colcon_ros.task.ament_cmake.build:Building ROS package in '/home/anand289/ros2_ws/src/my_robot_interfaces' with build type 'ament_cmake'
[0.132s] INFO:colcon.colcon_cmake.task.cmake.build:Building CMake package in '/home/anand289/ros2_ws/src/my_robot_interfaces'
[0.134s] INFO:colcon.colcon_core.plugin_system:Skipping extension 'colcon_core.shell.bat': Not used on non-Windows systems
[0.134s] INFO:colcon.colcon_core.shell:Skip shell extension 'powershell' for command environment: Not usable outside of PowerShell
[0.134s] DEBUG:colcon.colcon_core.shell:Skip shell extension 'dsv' for command environment
[0.137s] INFO:colcon.colcon_ros.task.ament_cmake.build:Building ROS package in '/home/anand289/ros2_ws/src/my_robot_description' with build type 'ament_cmake'
[0.137s] INFO:colcon.colcon_cmake.task.cmake.build:Building CMake package in '/home/anand289/ros2_ws/src/my_robot_description'
[0.138s] INFO:colcon.colcon_core.shell:Skip shell extension 'powershell' for command environment: Not usable outside of PowerShell
[0.138s] DEBUG:colcon.colcon_core.shell:Skip shell extension 'dsv' for command environment
[0.142s] DEBUG:colcon.colcon_core.event_handler.log_command:Invoking command in '/home/anand289/ros2_ws/build/my_robot_interfaces': CMAKE_PREFIX_PATH=${CMAKE_PREFIX_PATH}:/home/anand289/ros2_ws/install/catching_turtles_pkg:/home/anand289/ros2_ws/install/catching_turtles:/home/anand289/ros2_ws/install/my_py_pkg:/opt/ros/jazzy DEBUGINFOD_URLS=https://debuginfod.ubuntu.com /usr/bin/cmake --build /home/anand289/ros2_ws/build/my_robot_interfaces -- -j4 -l4
[0.146s] DEBUG:colcon.colcon_core.event_handler.log_command:Invoking command in '/home/anand289/ros2_ws/build/my_robot_description': CMAKE_PREFIX_PATH=${CMAKE_PREFIX_PATH}:/home/anand289/ros2_ws/install/catching_turtles_pkg:/home/anand289/ros2_ws/install/catching_turtles:/home/anand289/ros2_ws/install/my_py_pkg:/opt/ros/jazzy DEBUGINFOD_URLS=https://debuginfod.ubuntu.com /usr/bin/cmake --build /home/anand289/ros2_ws/build/my_robot_description -- -j4 -l4
[0.170s] DEBUG:colcon.colcon_core.event_handler.log_command:Invoked command in '/home/anand289/ros2_ws/build/my_robot_description' returned '0': CMAKE_PREFIX_PATH=${CMAKE_PREFIX_PATH}:/home/anand289/ros2_ws/install/catching_turtles_pkg:/home/anand289/ros2_ws/install/catching_turtles:/home/anand289/ros2_ws/install/my_py_pkg:/opt/ros/jazzy DEBUGINFOD_URLS=https://debuginfod.ubuntu.com /usr/bin/cmake --build /home/anand289/ros2_ws/build/my_robot_description -- -j4 -l4
[0.175s] DEBUG:colcon.colcon_core.event_handler.log_command:Invoking command in '/home/anand289/ros2_ws/build/my_robot_description': CMAKE_PREFIX_PATH=${CMAKE_PREFIX_PATH}:/home/anand289/ros2_ws/install/catching_turtles_pkg:/home/anand289/ros2_ws/install/catching_turtles:/home/anand289/ros2_ws/install/my_py_pkg:/opt/ros/jazzy DEBUGINFOD_URLS=https://debuginfod.ubuntu.com /usr/bin/cmake --install /home/anand289/ros2_ws/build/my_robot_description
[0.186s] Level 1:colcon.colcon_core.environment:create_environment_scripts_only(my_robot_description)
[0.186s] DEBUG:colcon.colcon_core.event_handler.log_command:Invoked command in '/home/anand289/ros2_ws/build/my_robot_description' returned '0': CMAKE_PREFIX_PATH=${CMAKE_PREFIX_PATH}:/home/anand289/ros2_ws/install/catching_turtles_pkg:/home/anand289/ros2_ws/install/catching_turtles:/home/anand289/ros2_ws/install/my_py_pkg:/opt/ros/jazzy DEBUGINFOD_URLS=https://debuginfod.ubuntu.com /usr/bin/cmake --install /home/anand289/ros2_ws/build/my_robot_description
[0.188s] Level 1:colcon.colcon_core.environment:checking '/home/anand289/ros2_ws/install/my_robot_description' for CMake module files
[0.188s] Level 1:colcon.colcon_core.environment:checking '/home/anand289/ros2_ws/install/my_robot_description' for CMake config files
[0.188s] Level 1:colcon.colcon_core.shell:create_environment_hook('my_robot_description', 'cmake_prefix_path')
[0.188s] INFO:colcon.colcon_core.shell:Creating environment hook '/home/anand289/ros2_ws/install/my_robot_description/share/my_robot_description/hook/cmake_prefix_path.ps1'
[0.189s] INFO:colcon.colcon_core.shell:Creating environment descriptor '/home/anand289/ros2_ws/install/my_robot_description/share/my_robot_description/hook/cmake_prefix_path.dsv'
[0.189s] INFO:colcon.colcon_core.shell:Creating environment hook '/home/anand289/ros2_ws/install/my_robot_description/share/my_robot_description/hook/cmake_prefix_path.sh'
[0.190s] Level 1:colcon.colcon_core.environment:checking '/home/anand289/ros2_ws/install/my_robot_description/bin'
[0.190s] Level 1:colcon.colcon_core.environment:checking '/home/anand289/ros2_ws/install/my_robot_description/lib/pkgconfig/my_robot_description.pc'
[0.190s] Level 1:colcon.colcon_core.environment:checking '/home/anand289/ros2_ws/install/my_robot_description/lib/python3.12/site-packages'
[0.190s] Level 1:colcon.colcon_core.environment:checking '/home/anand289/ros2_ws/install/my_robot_description/bin'
[0.190s] INFO:colcon.colcon_core.shell:Creating package script '/home/anand289/ros2_ws/install/my_robot_description/share/my_robot_description/package.ps1'
[0.190s] INFO:colcon.colcon_core.shell:Creating package descriptor '/home/anand289/ros2_ws/install/my_robot_description/share/my_robot_description/package.dsv'
[0.191s] INFO:colcon.colcon_core.shell:Creating package script '/home/anand289/ros2_ws/install/my_robot_description/share/my_robot_description/package.sh'
[0.191s] INFO:colcon.colcon_core.shell:Creating package script '/home/anand289/ros2_ws/install/my_robot_description/share/my_robot_description/package.bash'
[0.191s] INFO:colcon.colcon_core.shell:Creating package script '/home/anand289/ros2_ws/install/my_robot_description/share/my_robot_description/package.zsh'
[0.192s] Level 1:colcon.colcon_core.environment:create_file_with_runtime_dependencies(/home/anand289/ros2_ws/install/my_robot_description/share/colcon-core/packages/my_robot_description)
[0.192s] Level 1:colcon.colcon_core.environment:create_environment_scripts_only(my_robot_description)
[0.192s] Level 1:colcon.colcon_core.environment:checking '/home/anand289/ros2_ws/install/my_robot_description' for CMake module files
[0.192s] Level 1:colcon.colcon_core.environment:checking '/home/anand289/ros2_ws/install/my_robot_description' for CMake config files
[0.193s] Level 1:colcon.colcon_core.shell:create_environment_hook('my_robot_description', 'cmake_prefix_path')
[0.193s] INFO:colcon.colcon_core.shell:Creating environment hook '/home/anand289/ros2_ws/install/my_robot_description/share/my_robot_description/hook/cmake_prefix_path.ps1'
[0.193s] INFO:colcon.colcon_core.shell:Creating environment descriptor '/home/anand289/ros2_ws/install/my_robot_description/share/my_robot_description/hook/cmake_prefix_path.dsv'
[0.193s] INFO:colcon.colcon_core.shell:Creating environment hook '/home/anand289/ros2_ws/install/my_robot_description/share/my_robot_description/hook/cmake_prefix_path.sh'
[0.193s] Level 1:colcon.colcon_core.environment:checking '/home/anand289/ros2_ws/install/my_robot_description/bin'
[0.193s] Level 1:colcon.colcon_core.environment:checking '/home/anand289/ros2_ws/install/my_robot_description/lib/pkgconfig/my_robot_description.pc'
[0.193s] Level 1:colcon.colcon_core.environment:checking '/home/anand289/ros2_ws/install/my_robot_description/lib/python3.12/site-packages'
[0.193s] Level 1:colcon.colcon_core.environment:checking '/home/anand289/ros2_ws/install/my_robot_description/bin'
[0.194s] INFO:colcon.colcon_core.shell:Creating package script '/home/anand289/ros2_ws/install/my_robot_description/share/my_robot_description/package.ps1'
[0.194s] INFO:colcon.colcon_core.shell:Creating package descriptor '/home/anand289/ros2_ws/install/my_robot_description/share/my_robot_description/package.dsv'
[0.194s] INFO:colcon.colcon_core.shell:Creating package script '/home/anand289/ros2_ws/install/my_robot_description/share/my_robot_description/package.sh'
[0.194s] INFO:colcon.colcon_core.shell:Creating package script '/home/anand289/ros2_ws/install/my_robot_description/share/my_robot_description/package.bash'
[0.194s] INFO:colcon.colcon_core.shell:Creating package script '/home/anand289/ros2_ws/install/my_robot_description/share/my_robot_description/package.zsh'
[0.194s] Level 1:colcon.colcon_core.environment:create_file_with_runtime_dependencies(/home/anand289/ros2_ws/install/my_robot_description/share/colcon-core/packages/my_robot_description)
[0.347s] DEBUG:colcon.colcon_core.event_handler.log_command:Invoked command in '/home/anand289/ros2_ws/build/my_robot_interfaces' returned '0': CMAKE_PREFIX_PATH=${CMAKE_PREFIX_PATH}:/home/anand289/ros2_ws/install/catching_turtles_pkg:/home/anand289/ros2_ws/install/catching_turtles:/home/anand289/ros2_ws/install/my_py_pkg:/opt/ros/jazzy DEBUGINFOD_URLS=https://debuginfod.ubuntu.com /usr/bin/cmake --build /home/anand289/ros2_ws/build/my_robot_interfaces -- -j4 -l4
[0.348s] DEBUG:colcon.colcon_core.event_handler.log_command:Invoking command in '/home/anand289/ros2_ws/build/my_robot_interfaces': CMAKE_PREFIX_PATH=${CMAKE_PREFIX_PATH}:/home/anand289/ros2_ws/install/catching_turtles_pkg:/home/anand289/ros2_ws/install/catching_turtles:/home/anand289/ros2_ws/install/my_py_pkg:/opt/ros/jazzy DEBUGINFOD_URLS=https://debuginfod.ubuntu.com /usr/bin/cmake --install /home/anand289/ros2_ws/build/my_robot_interfaces
[0.396s] Level 1:colcon.colcon_core.environment:create_environment_scripts_only(my_robot_interfaces)
[0.396s] Level 1:colcon.colcon_core.environment:checking '/home/anand289/ros2_ws/install/my_robot_interfaces' for CMake module files
[0.397s] DEBUG:colcon.colcon_core.event_handler.log_command:Invoked command in '/home/anand289/ros2_ws/build/my_robot_interfaces' returned '0': CMAKE_PREFIX_PATH=${CMAKE_PREFIX_PATH}:/home/anand289/ros2_ws/install/catching_turtles_pkg:/home/anand289/ros2_ws/install/catching_turtles:/home/anand289/ros2_ws/install/my_py_pkg:/opt/ros/jazzy DEBUGINFOD_URLS=https://debuginfod.ubuntu.com /usr/bin/cmake --install /home/anand289/ros2_ws/build/my_robot_interfaces
[0.397s] Level 1:colcon.colcon_core.environment:checking '/home/anand289/ros2_ws/install/my_robot_interfaces' for CMake config files
[0.397s] Level 1:colcon.colcon_core.shell:create_environment_hook('my_robot_interfaces', 'cmake_prefix_path')
[0.397s] INFO:colcon.colcon_core.shell:Creating environment hook '/home/anand289/ros2_ws/install/my_robot_interfaces/share/my_robot_interfaces/hook/cmake_prefix_path.ps1'
[0.398s] INFO:colcon.colcon_core.shell:Creating environment descriptor '/home/anand289/ros2_ws/install/my_robot_interfaces/share/my_robot_interfaces/hook/cmake_prefix_path.dsv'
[0.398s] INFO:colcon.colcon_core.shell:Creating environment hook '/home/anand289/ros2_ws/install/my_robot_interfaces/share/my_robot_interfaces/hook/cmake_prefix_path.sh'
[0.398s] Level 1:colcon.colcon_core.environment:checking '/home/anand289/ros2_ws/install/my_robot_interfaces/lib'
[0.398s] Level 1:colcon.colcon_core.shell:create_environment_hook('my_robot_interfaces', 'ld_library_path_lib')
[0.398s] INFO:colcon.colcon_core.shell:Creating environment hook '/home/anand289/ros2_ws/install/my_robot_interfaces/share/my_robot_interfaces/hook/ld_library_path_lib.ps1'
[0.399s] INFO:colcon.colcon_core.shell:Creating environment descriptor '/home/anand289/ros2_ws/install/my_robot_interfaces/share/my_robot_interfaces/hook/ld_library_path_lib.dsv'
[0.399s] INFO:colcon.colcon_core.shell:Creating environment hook '/home/anand289/ros2_ws/install/my_robot_interfaces/share/my_robot_interfaces/hook/ld_library_path_lib.sh'
[0.399s] Level 1:colcon.colcon_core.environment:checking '/home/anand289/ros2_ws/install/my_robot_interfaces/bin'
[0.399s] Level 1:colcon.colcon_core.environment:checking '/home/anand289/ros2_ws/install/my_robot_interfaces/lib/pkgconfig/my_robot_interfaces.pc'
[0.399s] Level 1:colcon.colcon_core.environment:checking '/home/anand289/ros2_ws/install/my_robot_interfaces/lib/python3.12/site-packages'
[0.399s] Level 1:colcon.colcon_core.shell:create_environment_hook('my_robot_interfaces', 'pythonpath')
[0.399s] INFO:colcon.colcon_core.shell:Creating environment hook '/home/anand289/ros2_ws/install/my_robot_interfaces/share/my_robot_interfaces/hook/pythonpath.ps1'
[0.399s] INFO:colcon.colcon_core.shell:Creating environment descriptor '/home/anand289/ros2_ws/install/my_robot_interfaces/share/my_robot_interfaces/hook/pythonpath.dsv'
[0.399s] INFO:colcon.colcon_core.shell:Creating environment hook '/home/anand289/ros2_ws/install/my_robot_interfaces/share/my_robot_interfaces/hook/pythonpath.sh'
[0.400s] Level 1:colcon.colcon_core.environment:checking '/home/anand289/ros2_ws/install/my_robot_interfaces/bin'
[0.400s] INFO:colcon.colcon_core.shell:Creating package script '/home/anand289/ros2_ws/install/my_robot_interfaces/share/my_robot_interfaces/package.ps1'
[0.400s] INFO:colcon.colcon_core.shell:Creating package descriptor '/home/anand289/ros2_ws/install/my_robot_interfaces/share/my_robot_interfaces/package.dsv'
[0.400s] INFO:colcon.colcon_core.shell:Creating package script '/home/anand289/ros2_ws/install/my_robot_interfaces/share/my_robot_interfaces/package.sh'
[0.400s] INFO:colcon.colcon_core.shell:Creating package script '/home/anand289/ros2_ws/install/my_robot_interfaces/share/my_robot_interfaces/package.bash'
[0.401s] INFO:colcon.colcon_core.shell:Creating package script '/home/anand289/ros2_ws/install/my_robot_interfaces/share/my_robot_interfaces/package.zsh'
[0.401s] Level 1:colcon.colcon_core.environment:create_file_with_runtime_dependencies(/home/anand289/ros2_ws/install/my_robot_interfaces/share/colcon-core/packages/my_robot_interfaces)
[0.401s] Level 1:colcon.colcon_core.environment:create_environment_scripts_only(my_robot_interfaces)
[0.401s] Level 1:colcon.colcon_core.environment:checking '/home/anand289/ros2_ws/install/my_robot_interfaces' for CMake module files
[0.401s] Level 1:colcon.colcon_core.environment:checking '/home/anand289/ros2_ws/install/my_robot_interfaces' for CMake config files
[0.401s] Level 1:colcon.colcon_core.shell:create_environment_hook('my_robot_interfaces', 'cmake_prefix_path')
[0.402s] INFO:colcon.colcon_core.shell:Creating environment hook '/home/anand289/ros2_ws/install/my_robot_interfaces/share/my_robot_interfaces/hook/cmake_prefix_path.ps1'
[0.402s] INFO:colcon.colcon_core.shell:Creating environment descriptor '/home/anand289/ros2_ws/install/my_robot_interfaces/share/my_robot_interfaces/hook/cmake_prefix_path.dsv'
[0.402s] INFO:colcon.colcon_core.shell:Creating environment hook '/home/anand289/ros2_ws/install/my_robot_interfaces/share/my_robot_interfaces/hook/cmake_prefix_path.sh'
[0.402s] Level 1:colcon.colcon_core.environment:checking '/home/anand289/ros2_ws/install/my_robot_interfaces/lib'
[0.402s] Level 1:colcon.colcon_core.shell:create_environment_hook('my_robot_interfaces', 'ld_library_path_lib')
[0.402s] INFO:colcon.colcon_core.shell:Creating environment hook '/home/anand289/ros2_ws/install/my_robot_interfaces/share/my_robot_interfaces/hook/ld_library_path_lib.ps1'
[0.402s] INFO:colcon.colcon_core.shell:Creating environment descriptor '/home/anand289/ros2_ws/install/my_robot_interfaces/share/my_robot_interfaces/hook/ld_library_path_lib.dsv'
[0.402s] INFO:colcon.colcon_core.shell:Creating environment hook '/home/anand289/ros2_ws/install/my_robot_interfaces/share/my_robot_interfaces/hook/ld_library_path_lib.sh'
[0.402s] Level 1:colcon.colcon_core.environment:checking '/home/anand289/ros2_ws/install/my_robot_interfaces/bin'
[0.403s] Level 1:colcon.colcon_core.environment:checking '/home/anand289/ros2_ws/install/my_robot_interfaces/lib/pkgconfig/my_robot_interfaces.pc'
[0.403s] Level 1:colcon.colcon_core.environment:checking '/home/anand289/ros2_ws/install/my_robot_interfaces/lib/python3.12/site-packages'
[0.403s] Level 1:colcon.colcon_core.shell:create_environment_hook('my_robot_interfaces', 'pythonpath')
[0.403s] INFO:colcon.colcon_core.shell:Creating environment hook '/home/anand289/ros2_ws/install/my_robot_interfaces/share/my_robot_interfaces/hook/pythonpath.ps1'
[0.403s] INFO:colcon.colcon_core.shell:Creating environment descriptor '/home/anand289/ros2_ws/install/my_robot_interfaces/share/my_robot_interfaces/hook/pythonpath.dsv'
[0.403s] INFO:colcon.colcon_core.shell:Creating environment hook '/home/anand289/ros2_ws/install/my_robot_interfaces/share/my_robot_interfaces/hook/pythonpath.sh'
[0.403s] Level 1:colcon.colcon_core.environment:checking '/home/anand289/ros2_ws/install/my_robot_interfaces/bin'
[0.403s] INFO:colcon.colcon_core.shell:Creating package script '/home/anand289/ros2_ws/install/my_robot_interfaces/share/my_robot_interfaces/package.ps1'
[0.403s] INFO:colcon.colcon_core.shell:Creating package descriptor '/home/anand289/ros2_ws/install/my_robot_interfaces/share/my_robot_interfaces/package.dsv'
[0.404s] INFO:colcon.colcon_core.shell:Creating package script '/home/anand289/ros2_ws/install/my_robot_interfaces/share/my_robot_interfaces/package.sh'
[0.404s] INFO:colcon.colcon_core.shell:Creating package script '/home/anand289/ros2_ws/install/my_robot_interfaces/share/my_robot_interfaces/package.bash'
[0.404s] INFO:colcon.colcon_core.shell:Creating package script '/home/anand289/ros2_ws/install/my_robot_interfaces/share/my_robot_interfaces/package.zsh'
[0.404s] Level 1:colcon.colcon_core.environment:create_file_with_runtime_dependencies(/home/anand289/ros2_ws/install/my_robot_interfaces/share/colcon-core/packages/my_robot_interfaces)
[0.404s] INFO:colcon.colcon_ros.task.ament_python.build:Building ROS package in '/home/anand289/ros2_ws/src/my_py_pkg' with build type 'ament_python'
[0.405s] Level 1:colcon.colcon_core.shell:create_environment_hook('my_py_pkg', 'ament_prefix_path')
[0.405s] INFO:colcon.colcon_core.shell:Creating environment hook '/home/anand289/ros2_ws/install/my_py_pkg/share/my_py_pkg/hook/ament_prefix_path.ps1'
[0.405s] INFO:colcon.colcon_core.shell:Creating environment descriptor '/home/anand289/ros2_ws/install/my_py_pkg/share/my_py_pkg/hook/ament_prefix_path.dsv'
[0.405s] INFO:colcon.colcon_core.shell:Creating environment hook '/home/anand289/ros2_ws/install/my_py_pkg/share/my_py_pkg/hook/ament_prefix_path.sh'
[0.406s] INFO:colcon.colcon_core.shell:Skip shell extension 'powershell' for command environment: Not usable outside of PowerShell
[0.406s] DEBUG:colcon.colcon_core.shell:Skip shell extension 'dsv' for command environment
[0.408s] INFO:colcon.colcon_ros.task.ament_python.build:Building ROS package in '/home/anand289/ros2_ws/src/catching_turtles_pkg' with build type 'ament_python'
[0.408s] Level 1:colcon.colcon_core.shell:create_environment_hook('catching_turtles_pkg', 'ament_prefix_path')
[0.408s] INFO:colcon.colcon_core.shell:Creating environment hook '/home/anand289/ros2_ws/install/catching_turtles_pkg/share/catching_turtles_pkg/hook/ament_prefix_path.ps1'
[0.408s] INFO:colcon.colcon_core.shell:Creating environment descriptor '/home/anand289/ros2_ws/install/catching_turtles_pkg/share/catching_turtles_pkg/hook/ament_prefix_path.dsv'
[0.408s] INFO:colcon.colcon_core.shell:Creating environment hook '/home/anand289/ros2_ws/install/catching_turtles_pkg/share/catching_turtles_pkg/hook/ament_prefix_path.sh'
[0.409s] INFO:colcon.colcon_core.shell:Skip shell extension 'powershell' for command environment: Not usable outside of PowerShell
[0.409s] DEBUG:colcon.colcon_core.shell:Skip shell extension 'dsv' for command environment
[0.510s] INFO:colcon.colcon_core.task.python.build:Building Python package in '/home/anand289/ros2_ws/src/my_py_pkg'
[0.510s] INFO:colcon.colcon_core.shell:Skip shell extension 'powershell' for command environment: Not usable outside of PowerShell
[0.510s] DEBUG:colcon.colcon_core.shell:Skip shell extension 'dsv' for command environment
[0.609s] INFO:colcon.colcon_core.task.python.build:Building Python package in '/home/anand289/ros2_ws/src/catching_turtles_pkg'
[0.610s] INFO:colcon.colcon_core.shell:Skip shell extension 'powershell' for command environment: Not usable outside of PowerShell
[0.610s] DEBUG:colcon.colcon_core.shell:Skip shell extension 'dsv' for command environment
[0.887s] DEBUG:colcon.colcon_core.event_handler.log_command:Invoking command in '/home/anand289/ros2_ws/build/my_py_pkg': CMAKE_PREFIX_PATH=/home/anand289/ros2_ws/install/my_robot_interfaces:/home/anand289/ros2_ws/install/my_robot_description:/home/anand289/ros2_ws/install/my_robot_bringup:/opt/ros/jazzy/opt/gz_math_vendor:/opt/ros/jazzy/opt/gz_utils_vendor:/opt/ros/jazzy/opt/gz_cmake_vendor DEBUGINFOD_URLS=https://debuginfod.ubuntu.com PYTHONPATH=/home/anand289/ros2_ws/build/my_py_pkg/prefix_override:/usr/lib/python3/dist-packages/colcon_core/task/python/colcon_distutils_commands:/home/anand289/ros2_ws/install/my_py_pkg/lib/python3.12/site-packages:/home/anand289/ros2_ws/install/my_robot_interfaces/lib/python3.12/site-packages:/home/anand289/ros2_ws/build/catching_turtles_pkg:/home/anand289/ros2_ws/install/catching_turtles_pkg/lib/python3.12/site-packages:/home/anand289/ros2_ws/build/catching_turtles:/home/anand289/ros2_ws/install/catching_turtles/lib/python3.12/site-packages:/home/anand289/ros2_ws/build/my_py_pkg:/home/anand289/ros2_ws/install/my_py_pkg/lib/python3.12/site-packages:/opt/ros/jazzy/lib/python3.12/site-packages /usr/bin/python3 -W ignore:setup.py install is deprecated -W ignore:easy_install command is deprecated setup.py develop --editable --build-directory /home/anand289/ros2_ws/build/my_py_pkg/build --no-deps symlink_data
[0.887s] DEBUG:colcon.colcon_core.event_handler.log_command:Invoking command in '/home/anand289/ros2_ws/build/catching_turtles_pkg': CMAKE_PREFIX_PATH=/home/anand289/ros2_ws/install/my_robot_interfaces:/home/anand289/ros2_ws/install/my_robot_description:/home/anand289/ros2_ws/install/my_robot_bringup:/opt/ros/jazzy/opt/gz_math_vendor:/opt/ros/jazzy/opt/gz_utils_vendor:/opt/ros/jazzy/opt/gz_cmake_vendor DEBUGINFOD_URLS=https://debuginfod.ubuntu.com PYTHONPATH=/home/anand289/ros2_ws/build/catching_turtles_pkg/prefix_override:/usr/lib/python3/dist-packages/colcon_core/task/python/colcon_distutils_commands:/home/anand289/ros2_ws/install/catching_turtles_pkg/lib/python3.12/site-packages:/home/anand289/ros2_ws/install/my_robot_interfaces/lib/python3.12/site-packages:/home/anand289/ros2_ws/build/catching_turtles_pkg:/home/anand289/ros2_ws/install/catching_turtles_pkg/lib/python3.12/site-packages:/home/anand289/ros2_ws/build/catching_turtles:/home/anand289/ros2_ws/install/catching_turtles/lib/python3.12/site-packages:/home/anand289/ros2_ws/build/my_py_pkg:/home/anand289/ros2_ws/install/my_py_pkg/lib/python3.12/site-packages:/opt/ros/jazzy/lib/python3.12/site-packages /usr/bin/python3 -W ignore:setup.py install is deprecated -W ignore:easy_install command is deprecated setup.py develop --editable --build-directory /home/anand289/ros2_ws/build/catching_turtles_pkg/build --no-deps symlink_data
[1.162s] Level 1:colcon.colcon_core.shell:create_environment_hook('catching_turtles_pkg', 'pythonpath_develop')
[1.162s] DEBUG:colcon.colcon_core.event_handler.log_command:Invoked command in '/home/anand289/ros2_ws/build/catching_turtles_pkg' returned '0': CMAKE_PREFIX_PATH=/home/anand289/ros2_ws/install/my_robot_interfaces:/home/anand289/ros2_ws/install/my_robot_description:/home/anand289/ros2_ws/install/my_robot_bringup:/opt/ros/jazzy/opt/gz_math_vendor:/opt/ros/jazzy/opt/gz_utils_vendor:/opt/ros/jazzy/opt/gz_cmake_vendor DEBUGINFOD_URLS=https://debuginfod.ubuntu.com PYTHONPATH=/home/anand289/ros2_ws/build/catching_turtles_pkg/prefix_override:/usr/lib/python3/dist-packages/colcon_core/task/python/colcon_distutils_commands:/home/anand289/ros2_ws/install/catching_turtles_pkg/lib/python3.12/site-packages:/home/anand289/ros2_ws/install/my_robot_interfaces/lib/python3.12/site-packages:/home/anand289/ros2_ws/build/catching_turtles_pkg:/home/anand289/ros2_ws/install/catching_turtles_pkg/lib/python3.12/site-packages:/home/anand289/ros2_ws/build/catching_turtles:/home/anand289/ros2_ws/install/catching_turtles/lib/python3.12/site-packages:/home/anand289/ros2_ws/build/my_py_pkg:/home/anand289/ros2_ws/install/my_py_pkg/lib/python3.12/site-packages:/opt/ros/jazzy/lib/python3.12/site-packages /usr/bin/python3 -W ignore:setup.py install is deprecated -W ignore:easy_install command is deprecated setup.py develop --editable --build-directory /home/anand289/ros2_ws/build/catching_turtles_pkg/build --no-deps symlink_data
[1.162s] INFO:colcon.colcon_core.shell:Creating environment hook '/home/anand289/ros2_ws/build/catching_turtles_pkg/share/catching_turtles_pkg/hook/pythonpath_develop.ps1'
[1.163s] INFO:colcon.colcon_core.shell:Creating environment descriptor '/home/anand289/ros2_ws/build/catching_turtles_pkg/share/catching_turtles_pkg/hook/pythonpath_develop.dsv'
[1.163s] INFO:colcon.colcon_core.shell:Creating environment hook '/home/anand289/ros2_ws/build/catching_turtles_pkg/share/catching_turtles_pkg/hook/pythonpath_develop.sh'
[1.164s] Level 1:colcon.colcon_core.environment:checking '/home/anand289/ros2_ws/install/catching_turtles_pkg' for CMake module files
[1.164s] Level 1:colcon.colcon_core.environment:checking '/home/anand289/ros2_ws/install/catching_turtles_pkg' for CMake config files
[1.164s] Level 1:colcon.colcon_core.environment:checking '/home/anand289/ros2_ws/install/catching_turtles_pkg/lib'
[1.164s] Level 1:colcon.colcon_core.environment:checking '/home/anand289/ros2_ws/install/catching_turtles_pkg/bin'
[1.164s] Level 1:colcon.colcon_core.environment:checking '/home/anand289/ros2_ws/install/catching_turtles_pkg/lib/pkgconfig/catching_turtles_pkg.pc'
[1.164s] Level 1:colcon.colcon_core.environment:checking '/home/anand289/ros2_ws/install/catching_turtles_pkg/lib/python3.12/site-packages'
[1.164s] Level 1:colcon.colcon_core.shell:create_environment_hook('catching_turtles_pkg', 'pythonpath')
[1.165s] INFO:colcon.colcon_core.shell:Creating environment hook '/home/anand289/ros2_ws/install/catching_turtles_pkg/share/catching_turtles_pkg/hook/pythonpath.ps1'
[1.165s] INFO:colcon.colcon_core.shell:Creating environment descriptor '/home/anand289/ros2_ws/install/catching_turtles_pkg/share/catching_turtles_pkg/hook/pythonpath.dsv'
[1.165s] INFO:colcon.colcon_core.shell:Creating environment hook '/home/anand289/ros2_ws/install/catching_turtles_pkg/share/catching_turtles_pkg/hook/pythonpath.sh'
[1.165s] Level 1:colcon.colcon_core.environment:checking '/home/anand289/ros2_ws/install/catching_turtles_pkg/bin'
[1.165s] Level 1:colcon.colcon_core.environment:create_environment_scripts_only(catching_turtles_pkg)
[1.165s] INFO:colcon.colcon_core.shell:Creating package script '/home/anand289/ros2_ws/install/catching_turtles_pkg/share/catching_turtles_pkg/package.ps1'
[1.166s] INFO:colcon.colcon_core.shell:Creating package descriptor '/home/anand289/ros2_ws/install/catching_turtles_pkg/share/catching_turtles_pkg/package.dsv'
[1.166s] INFO:colcon.colcon_core.shell:Creating package script '/home/anand289/ros2_ws/install/catching_turtles_pkg/share/catching_turtles_pkg/package.sh'
[1.166s] INFO:colcon.colcon_core.shell:Creating package script '/home/anand289/ros2_ws/install/catching_turtles_pkg/share/catching_turtles_pkg/package.bash'
[1.166s] INFO:colcon.colcon_core.shell:Creating package script '/home/anand289/ros2_ws/install/catching_turtles_pkg/share/catching_turtles_pkg/package.zsh'
[1.166s] Level 1:colcon.colcon_core.environment:create_file_with_runtime_dependencies(/home/anand289/ros2_ws/install/catching_turtles_pkg/share/colcon-core/packages/catching_turtles_pkg)
[1.167s] Level 1:colcon.colcon_core.shell:create_environment_hook('my_py_pkg', 'pythonpath_develop')
[1.167s] INFO:colcon.colcon_core.shell:Creating environment hook '/home/anand289/ros2_ws/build/my_py_pkg/share/my_py_pkg/hook/pythonpath_develop.ps1'
[1.167s] DEBUG:colcon.colcon_core.event_handler.log_command:Invoked command in '/home/anand289/ros2_ws/build/my_py_pkg' returned '0': CMAKE_PREFIX_PATH=/home/anand289/ros2_ws/install/my_robot_interfaces:/home/anand289/ros2_ws/install/my_robot_description:/home/anand289/ros2_ws/install/my_robot_bringup:/opt/ros/jazzy/opt/gz_math_vendor:/opt/ros/jazzy/opt/gz_utils_vendor:/opt/ros/jazzy/opt/gz_cmake_vendor DEBUGINFOD_URLS=https://debuginfod.ubuntu.com PYTHONPATH=/home/anand289/ros2_ws/build/my_py_pkg/prefix_override:/usr/lib/python3/dist-packages/colcon_core/task/python/colcon_distutils_commands:/home/anand289/ros2_ws/install/my_py_pkg/lib/python3.12/site-packages:/home/anand289/ros2_ws/install/my_robot_interfaces/lib/python3.12/site-packages:/home/anand289/ros2_ws/build/catching_turtles_pkg:/home/anand289/ros2_ws/install/catching_turtles_pkg/lib/python3.12/site-packages:/home/anand289/ros2_ws/build/catching_turtles:/home/anand289/ros2_ws/install/catching_turtles/lib/python3.12/site-packages:/home/anand289/ros2_ws/build/my_py_pkg:/home/anand289/ros2_ws/install/my_py_pkg/lib/python3.12/site-packages:/opt/ros/jazzy/lib/python3.12/site-packages /usr/bin/python3 -W ignore:setup.py install is deprecated -W ignore:easy_install command is deprecated setup.py develop --editable --build-directory /home/anand289/ros2_ws/build/my_py_pkg/build --no-deps symlink_data
[1.167s] INFO:colcon.colcon_core.shell:Creating environment descriptor '/home/anand289/ros2_ws/build/my_py_pkg/share/my_py_pkg/hook/pythonpath_develop.dsv'
[1.167s] INFO:colcon.colcon_core.shell:Creating environment hook '/home/anand289/ros2_ws/build/my_py_pkg/share/my_py_pkg/hook/pythonpath_develop.sh'
[1.168s] Level 1:colcon.colcon_core.environment:checking '/home/anand289/ros2_ws/install/my_py_pkg' for CMake module files
[1.168s] Level 1:colcon.colcon_core.environment:checking '/home/anand289/ros2_ws/install/my_py_pkg' for CMake config files
[1.168s] Level 1:colcon.colcon_core.environment:checking '/home/anand289/ros2_ws/install/my_py_pkg/lib'
[1.168s] Level 1:colcon.colcon_core.environment:checking '/home/anand289/ros2_ws/install/my_py_pkg/bin'
[1.168s] Level 1:colcon.colcon_core.environment:checking '/home/anand289/ros2_ws/install/my_py_pkg/lib/pkgconfig/my_py_pkg.pc'
[1.168s] Level 1:colcon.colcon_core.environment:checking '/home/anand289/ros2_ws/install/my_py_pkg/lib/python3.12/site-packages'
[1.168s] Level 1:colcon.colcon_core.shell:create_environment_hook('my_py_pkg', 'pythonpath')
[1.168s] INFO:colcon.colcon_core.shell:Creating environment hook '/home/anand289/ros2_ws/install/my_py_pkg/share/my_py_pkg/hook/pythonpath.ps1'
[1.169s] INFO:colcon.colcon_core.shell:Creating environment descriptor '/home/anand289/ros2_ws/install/my_py_pkg/share/my_py_pkg/hook/pythonpath.dsv'
[1.169s] INFO:colcon.colcon_core.shell:Creating environment hook '/home/anand289/ros2_ws/install/my_py_pkg/share/my_py_pkg/hook/pythonpath.sh'
[1.169s] Level 1:colcon.colcon_core.environment:checking '/home/anand289/ros2_ws/install/my_py_pkg/bin'
[1.169s] Level 1:colcon.colcon_core.environment:create_environment_scripts_only(my_py_pkg)
[1.169s] INFO:colcon.colcon_core.shell:Creating package script '/home/anand289/ros2_ws/install/my_py_pkg/share/my_py_pkg/package.ps1'
[1.169s] INFO:colcon.colcon_core.shell:Creating package descriptor '/home/anand289/ros2_ws/install/my_py_pkg/share/my_py_pkg/package.dsv'
[1.170s] INFO:colcon.colcon_core.shell:Creating package script '/home/anand289/ros2_ws/install/my_py_pkg/share/my_py_pkg/package.sh'
[1.170s] INFO:colcon.colcon_core.shell:Creating package script '/home/anand289/ros2_ws/install/my_py_pkg/share/my_py_pkg/package.bash'
[1.170s] INFO:colcon.colcon_core.shell:Creating package script '/home/anand289/ros2_ws/install/my_py_pkg/share/my_py_pkg/package.zsh'
[1.170s] Level 1:colcon.colcon_core.environment:create_file_with_runtime_dependencies(/home/anand289/ros2_ws/install/my_py_pkg/share/colcon-core/packages/my_py_pkg)
[1.171s] INFO:colcon.colcon_ros.task.ament_cmake.build:Building ROS package in '/home/anand289/ros2_ws/src/my_robot_bringup' with build type 'ament_cmake'
[1.171s] INFO:colcon.colcon_cmake.task.cmake.build:Building CMake package in '/home/anand289/ros2_ws/src/my_robot_bringup'
[1.171s] INFO:colcon.colcon_core.shell:Skip shell extension 'powershell' for command environment: Not usable outside of PowerShell
[1.171s] DEBUG:colcon.colcon_core.shell:Skip shell extension 'dsv' for command environment
[1.176s] DEBUG:colcon.colcon_core.event_handler.log_command:Invoking command in '/home/anand289/ros2_ws/build/my_robot_bringup': AMENT_PREFIX_PATH=/home/anand289/ros2_ws/install/my_py_pkg:/home/anand289/ros2_ws/install/catching_turtles_pkg:/home/anand289/ros2_ws/install/my_robot_description:/home/anand289/ros2_ws/install/catching_turtles:/home/anand289/ros2_ws/install/my_robot_bringup:/home/anand289/ros2_ws/install/my_robot_interfaces:/opt/ros/jazzy CMAKE_PREFIX_PATH=/home/anand289/ros2_ws/install/my_robot_interfaces:/home/anand289/ros2_ws/install/my_robot_description:/home/anand289/ros2_ws/install/my_robot_bringup:/opt/ros/jazzy/opt/gz_math_vendor:/opt/ros/jazzy/opt/gz_utils_vendor:/opt/ros/jazzy/opt/gz_cmake_vendor:/home/anand289/ros2_ws/install/catching_turtles_pkg:/home/anand289/ros2_ws/install/catching_turtles:/home/anand289/ros2_ws/install/my_py_pkg:/opt/ros/jazzy DEBUGINFOD_URLS=https://debuginfod.ubuntu.com PYTHONPATH=/home/anand289/ros2_ws/build/my_py_pkg:/home/anand289/ros2_ws/install/my_py_pkg/lib/python3.12/site-packages:/home/anand289/ros2_ws/install/my_robot_interfaces/lib/python3.12/site-packages:/home/anand289/ros2_ws/build/catching_turtles_pkg:/home/anand289/ros2_ws/install/catching_turtles_pkg/lib/python3.12/site-packages:/home/anand289/ros2_ws/build/catching_turtles:/home/anand289/ros2_ws/install/catching_turtles/lib/python3.12/site-packages:/opt/ros/jazzy/lib/python3.12/site-packages /usr/bin/cmake --build /home/anand289/ros2_ws/build/my_robot_bringup -- -j4 -l4
[1.195s] DEBUG:colcon.colcon_core.event_handler.log_command:Invoked command in '/home/anand289/ros2_ws/build/my_robot_bringup' returned '0': AMENT_PREFIX_PATH=/home/anand289/ros2_ws/install/my_py_pkg:/home/anand289/ros2_ws/install/catching_turtles_pkg:/home/anand289/ros2_ws/install/my_robot_description:/home/anand289/ros2_ws/install/catching_turtles:/home/anand289/ros2_ws/install/my_robot_bringup:/home/anand289/ros2_ws/install/my_robot_interfaces:/opt/ros/jazzy CMAKE_PREFIX_PATH=/home/anand289/ros2_ws/install/my_robot_interfaces:/home/anand289/ros2_ws/install/my_robot_description:/home/anand289/ros2_ws/install/my_robot_bringup:/opt/ros/jazzy/opt/gz_math_vendor:/opt/ros/jazzy/opt/gz_utils_vendor:/opt/ros/jazzy/opt/gz_cmake_vendor:/home/anand289/ros2_ws/install/catching_turtles_pkg:/home/anand289/ros2_ws/install/catching_turtles:/home/anand289/ros2_ws/install/my_py_pkg:/opt/ros/jazzy DEBUGINFOD_URLS=https://debuginfod.ubuntu.com PYTHONPATH=/home/anand289/ros2_ws/build/my_py_pkg:/home/anand289/ros2_ws/install/my_py_pkg/lib/python3.12/site-packages:/home/anand289/ros2_ws/install/my_robot_interfaces/lib/python3.12/site-packages:/home/anand289/ros2_ws/build/catching_turtles_pkg:/home/anand289/ros2_ws/install/catching_turtles_pkg/lib/python3.12/site-packages:/home/anand289/ros2_ws/build/catching_turtles:/home/anand289/ros2_ws/install/catching_turtles/lib/python3.12/site-packages:/opt/ros/jazzy/lib/python3.12/site-packages /usr/bin/cmake --build /home/anand289/ros2_ws/build/my_robot_bringup -- -j4 -l4
[1.195s] DEBUG:colcon.colcon_core.event_handler.log_command:Invoking command in '/home/anand289/ros2_ws/build/my_robot_bringup': AMENT_PREFIX_PATH=/home/anand289/ros2_ws/install/my_py_pkg:/home/anand289/ros2_ws/install/catching_turtles_pkg:/home/anand289/ros2_ws/install/my_robot_description:/home/anand289/ros2_ws/install/catching_turtles:/home/anand289/ros2_ws/install/my_robot_bringup:/home/anand289/ros2_ws/install/my_robot_interfaces:/opt/ros/jazzy CMAKE_PREFIX_PATH=/home/anand289/ros2_ws/install/my_robot_interfaces:/home/anand289/ros2_ws/install/my_robot_description:/home/anand289/ros2_ws/install/my_robot_bringup:/opt/ros/jazzy/opt/gz_math_vendor:/opt/ros/jazzy/opt/gz_utils_vendor:/opt/ros/jazzy/opt/gz_cmake_vendor:/home/anand289/ros2_ws/install/catching_turtles_pkg:/home/anand289/ros2_ws/install/catching_turtles:/home/anand289/ros2_ws/install/my_py_pkg:/opt/ros/jazzy DEBUGINFOD_URLS=https://debuginfod.ubuntu.com PYTHONPATH=/home/anand289/ros2_ws/build/my_py_pkg:/home/anand289/ros2_ws/install/my_py_pkg/lib/python3.12/site-packages:/home/anand289/ros2_ws/install/my_robot_interfaces/lib/python3.12/site-packages:/home/anand289/ros2_ws/build/catching_turtles_pkg:/home/anand289/ros2_ws/install/catching_turtles_pkg/lib/python3.12/site-packages:/home/anand289/ros2_ws/build/catching_turtles:/home/anand289/ros2_ws/install/catching_turtles/lib/python3.12/site-packages:/opt/ros/jazzy/lib/python3.12/site-packages /usr/bin/cmake --install /home/anand289/ros2_ws/build/my_robot_bringup
[1.205s] Level 1:colcon.colcon_core.environment:create_environment_scripts_only(my_robot_bringup)
[1.205s] Level 1:colcon.colcon_core.environment:checking '/home/anand289/ros2_ws/install/my_robot_bringup' for CMake module files
[1.205s] DEBUG:colcon.colcon_core.event_handler.log_command:Invoked command in '/home/anand289/ros2_ws/build/my_robot_bringup' returned '0': AMENT_PREFIX_PATH=/home/anand289/ros2_ws/install/my_py_pkg:/home/anand289/ros2_ws/install/catching_turtles_pkg:/home/anand289/ros2_ws/install/my_robot_description:/home/anand289/ros2_ws/install/catching_turtles:/home/anand289/ros2_ws/install/my_robot_bringup:/home/anand289/ros2_ws/install/my_robot_interfaces:/opt/ros/jazzy CMAKE_PREFIX_PATH=/home/anand289/ros2_ws/install/my_robot_interfaces:/home/anand289/ros2_ws/install/my_robot_description:/home/anand289/ros2_ws/install/my_robot_bringup:/opt/ros/jazzy/opt/gz_math_vendor:/opt/ros/jazzy/opt/gz_utils_vendor:/opt/ros/jazzy/opt/gz_cmake_vendor:/home/anand289/ros2_ws/install/catching_turtles_pkg:/home/anand289/ros2_ws/install/catching_turtles:/home/anand289/ros2_ws/install/my_py_pkg:/opt/ros/jazzy DEBUGINFOD_URLS=https://debuginfod.ubuntu.com PYTHONPATH=/home/anand289/ros2_ws/build/my_py_pkg:/home/anand289/ros2_ws/install/my_py_pkg/lib/python3.12/site-packages:/home/anand289/ros2_ws/install/my_robot_interfaces/lib/python3.12/site-packages:/home/anand289/ros2_ws/build/catching_turtles_pkg:/home/anand289/ros2_ws/install/catching_turtles_pkg/lib/python3.12/site-packages:/home/anand289/ros2_ws/build/catching_turtles:/home/anand289/ros2_ws/install/catching_turtles/lib/python3.12/site-packages:/opt/ros/jazzy/lib/python3.12/site-packages /usr/bin/cmake --install /home/anand289/ros2_ws/build/my_robot_bringup
[1.206s] Level 1:colcon.colcon_core.environment:checking '/home/anand289/ros2_ws/install/my_robot_bringup' for CMake config files
[1.206s] Level 1:colcon.colcon_core.shell:create_environment_hook('my_robot_bringup', 'cmake_prefix_path')
[1.206s] INFO:colcon.colcon_core.shell:Creating environment hook '/home/anand289/ros2_ws/install/my_robot_bringup/share/my_robot_bringup/hook/cmake_prefix_path.ps1'
[1.206s] INFO:colcon.colcon_core.shell:Creating environment descriptor '/home/anand289/ros2_ws/install/my_robot_bringup/share/my_robot_bringup/hook/cmake_prefix_path.dsv'
[1.206s] INFO:colcon.colcon_core.shell:Creating environment hook '/home/anand289/ros2_ws/install/my_robot_bringup/share/my_robot_bringup/hook/cmake_prefix_path.sh'
[1.207s] Level 1:colcon.colcon_core.environment:checking '/home/anand289/ros2_ws/install/my_robot_bringup/bin'
[1.207s] Level 1:colcon.colcon_core.environment:checking '/home/anand289/ros2_ws/install/my_robot_bringup/lib/pkgconfig/my_robot_bringup.pc'
[1.207s] Level 1:colcon.colcon_core.environment:checking '/home/anand289/ros2_ws/install/my_robot_bringup/lib/python3.12/site-packages'
[1.207s] Level 1:colcon.colcon_core.environment:checking '/home/anand289/ros2_ws/install/my_robot_bringup/bin'
[1.207s] INFO:colcon.colcon_core.shell:Creating package script '/home/anand289/ros2_ws/install/my_robot_bringup/share/my_robot_bringup/package.ps1'
[1.207s] INFO:colcon.colcon_core.shell:Creating package descriptor '/home/anand289/ros2_ws/install/my_robot_bringup/share/my_robot_bringup/package.dsv'
[1.207s] INFO:colcon.colcon_core.shell:Creating package script '/home/anand289/ros2_ws/install/my_robot_bringup/share/my_robot_bringup/package.sh'
[1.207s] INFO:colcon.colcon_core.shell:Creating package script '/home/anand289/ros2_ws/install/my_robot_bringup/share/my_robot_bringup/package.bash'
[1.208s] INFO:colcon.colcon_core.shell:Creating package script '/home/anand289/ros2_ws/install/my_robot_bringup/share/my_robot_bringup/package.zsh'
[1.208s] Level 1:colcon.colcon_core.environment:create_file_with_runtime_dependencies(/home/anand289/ros2_ws/install/my_robot_bringup/share/colcon-core/packages/my_robot_bringup)
[1.208s] Level 1:colcon.colcon_core.environment:create_environment_scripts_only(my_robot_bringup)
[1.208s] Level 1:colcon.colcon_core.environment:checking '/home/anand289/ros2_ws/install/my_robot_bringup' for CMake module files
[1.208s] Level 1:colcon.colcon_core.environment:checking '/home/anand289/ros2_ws/install/my_robot_bringup' for CMake config files
[1.208s] Level 1:colcon.colcon_core.shell:create_environment_hook('my_robot_bringup', 'cmake_prefix_path')
[1.209s] INFO:colcon.colcon_core.shell:Creating environment hook '/home/anand289/ros2_ws/install/my_robot_bringup/share/my_robot_bringup/hook/cmake_prefix_path.ps1'
[1.209s] INFO:colcon.colcon_core.shell:Creating environment descriptor '/home/anand289/ros2_ws/install/my_robot_bringup/share/my_robot_bringup/hook/cmake_prefix_path.dsv'
[1.209s] INFO:colcon.colcon_core.shell:Creating environment hook '/home/anand289/ros2_ws/install/my_robot_bringup/share/my_robot_bringup/hook/cmake_prefix_path.sh'
[1.209s] Level 1:colcon.colcon_core.environment:checking '/home/anand289/ros2_ws/install/my_robot_bringup/bin'
[1.209s] Level 1:colcon.colcon_core.environment:checking '/home/anand289/ros2_ws/install/my_robot_bringup/lib/pkgconfig/my_robot_bringup.pc'
[1.209s] Level 1:colcon.colcon_core.environment:checking '/home/anand289/ros2_ws/install/my_robot_bringup/lib/python3.12/site-packages'
[1.209s] Level 1:colcon.colcon_core.environment:checking '/home/anand289/ros2_ws/install/my_robot_bringup/bin'
[1.209s] INFO:colcon.colcon_core.shell:Creating package script '/home/anand289/ros2_ws/install/my_robot_bringup/share/my_robot_bringup/package.ps1'
[1.209s] INFO:colcon.colcon_core.shell:Creating package descriptor '/home/anand289/ros2_ws/install/my_robot_bringup/share/my_robot_bringup/package.dsv'
[1.210s] INFO:colcon.colcon_core.shell:Creating package script '/home/anand289/ros2_ws/install/my_robot_bringup/share/my_robot_bringup/package.sh'
[1.210s] INFO:colcon.colcon_core.shell:Creating package script '/home/anand289/ros2_ws/install/my_robot_bringup/share/my_robot_bringup/package.bash'
[1.210s] INFO:colcon.colcon_core.shell:Creating package script '/home/anand289/ros2_ws/install/my_robot_bringup/share/my_robot_bringup/package.zsh'
[1.210s] Level 1:colcon.colcon_core.environment:create_file_with_runtime_dependencies(/home/anand289/ros2_ws/install/my_robot_bringup/share/colcon-core/packages/my_robot_bringup)
[1.210s] DEBUG:colcon.colcon_parallel_executor.executor.parallel:closing loop
[1.210s] DEBUG:colcon.colcon_parallel_executor.executor.parallel:loop closed
[1.211s] DEBUG:colcon.colcon_parallel_executor.executor.parallel:run_until_complete finished with '0'
[1.211s] DEBUG:colcon.colcon_core.event_reactor:joining thread
[1.214s] INFO:colcon.colcon_core.plugin_system:Skipping extension 'colcon_notification.desktop_notification.terminal_notifier': Not used on non-Darwin systems
[1.214s] INFO:colcon.colcon_core.plugin_system:Skipping extension 'colcon_notification.desktop_notification.win32': Not used on non-Windows systems
[1.214s] INFO:colcon.colcon_notification.desktop_notification:Sending desktop notification using 'notify2'
[1.228s] DEBUG:colcon.colcon_core.event_reactor:joined thread
[1.228s] INFO:colcon.colcon_core.shell:Creating prefix script '/home/anand289/ros2_ws/install/local_setup.ps1'
[1.229s] INFO:colcon.colcon_core.shell:Creating prefix util module '/home/anand289/ros2_ws/install/_local_setup_util_ps1.py'
[1.229s] INFO:colcon.colcon_core.shell:Creating prefix chain script '/home/anand289/ros2_ws/install/setup.ps1'
[1.230s] INFO:colcon.colcon_core.shell:Creating prefix script '/home/anand289/ros2_ws/install/local_setup.sh'
[1.230s] INFO:colcon.colcon_core.shell:Creating prefix util module '/home/anand289/ros2_ws/install/_local_setup_util_sh.py'
[1.230s] INFO:colcon.colcon_core.shell:Creating prefix chain script '/home/anand289/ros2_ws/install/setup.sh'
[1.231s] INFO:colcon.colcon_core.shell:Creating prefix script '/home/anand289/ros2_ws/install/local_setup.bash'
[1.231s] INFO:colcon.colcon_core.shell:Creating prefix chain script '/home/anand289/ros2_ws/install/setup.bash'
[1.232s] INFO:colcon.colcon_core.shell:Creating prefix script '/home/anand289/ros2_ws/install/local_setup.zsh'
[1.232s] INFO:colcon.colcon_core.shell:Creating prefix chain script '/home/anand289/ros2_ws/install/setup.zsh'
